2023-10-21 17:24:52:446 +0000 [Backup Log Timer Task] INFO  - ------------------------- LOG_KEEP_DAYS = null, use default service name
2023-10-21 17:24:52:446 +0000 [Backup Log Timer Task] INFO  - ------------------------- LOG_PATH = log
2023-10-21 17:25:18:072 +0000 [ApiNotifyThread] INFO  - ApiNotifyThread thread
2023-10-21 17:25:18:072 +0000 [AppHubThread] INFO  - AppHubThread thread
2023-10-21 17:25:43:554 +0000 [TimerThread] INFO  - TimerThread: active...
2023-10-21 17:25:43:554 +0000 [TimerThread] INFO  - expiredDate : Sat Oct 21 17:24:43 UTC 2023
2023-10-21 17:25:43:555 +0000 [TimerThread] INFO  - TimerThread: markExpiredDevLoraCfg()
2023-10-21 17:26:18:077 +0000 [ApiNotifyThread] INFO  - ApiNotifyThread thread
2023-10-21 17:26:18:077 +0000 [AppHubThread] INFO  - AppHubThread thread
2023-10-21 17:26:43:559 +0000 [TimerThread] INFO  - TimerThread: active...
2023-10-21 17:26:43:560 +0000 [TimerThread] INFO  - TimerThread: finish check device buffer expiry
2023-10-21 17:26:43:560 +0000 [TimerThread] INFO  - expiredDate : Sat Oct 21 17:25:43 UTC 2023
2023-10-21 17:26:43:560 +0000 [TimerThread] INFO  - TimerThread: markExpiredDevLoraCfg()
2023-10-21 17:27:18:081 +0000 [ApiNotifyThread] INFO  - ApiNotifyThread thread
2023-10-21 17:27:18:081 +0000 [AppHubThread] INFO  - AppHubThread thread
2023-10-21 17:27:43:565 +0000 [TimerThread] INFO  - TimerThread: active...
2023-10-21 17:27:43:565 +0000 [TimerThread] INFO  - expiredDate : Sat Oct 21 17:26:43 UTC 2023
2023-10-21 17:27:43:565 +0000 [TimerThread] INFO  - TimerThread: markExpiredDevLoraCfg()
2023-10-21 17:28:18:086 +0000 [ApiNotifyThread] INFO  - ApiNotifyThread thread
2023-10-21 17:28:18:086 +0000 [AppHubThread] INFO  - AppHubThread thread
2023-10-21 17:28:43:570 +0000 [TimerThread] INFO  - TimerThread: active...
2023-10-21 17:28:43:570 +0000 [TimerThread] INFO  - expiredDate : Sat Oct 21 17:27:43 UTC 2023
2023-10-21 17:28:43:571 +0000 [TimerThread] INFO  - TimerThread: markExpiredDevLoraCfg()
2023-10-21 17:29:18:091 +0000 [AppHubThread] INFO  - AppHubThread thread
2023-10-21 17:29:18:091 +0000 [ApiNotifyThread] INFO  - ApiNotifyThread thread
2023-10-21 17:29:43:576 +0000 [TimerThread] INFO  - TimerThread: active...
2023-10-21 17:29:43:576 +0000 [TimerThread] INFO  - expiredDate : Sat Oct 21 17:28:43 UTC 2023
2023-10-21 17:29:43:576 +0000 [TimerThread] INFO  - TimerThread: markExpiredDevLoraCfg()
2023-10-21 17:30:18:095 +0000 [AppHubThread] INFO  - AppHubThread thread
2023-10-21 17:30:18:095 +0000 [ApiNotifyThread] INFO  - ApiNotifyThread thread
2023-10-21 17:30:43:581 +0000 [TimerThread] INFO  - TimerThread: active...
2023-10-21 17:30:43:581 +0000 [TimerThread] INFO  - expiredDate : Sat Oct 21 17:29:43 UTC 2023
2023-10-21 17:30:43:581 +0000 [TimerThread] INFO  - TimerThread: markExpiredDevLoraCfg()
2023-10-21 17:31:18:100 +0000 [AppHubThread] INFO  - AppHubThread thread
2023-10-21 17:31:18:100 +0000 [ApiNotifyThread] INFO  - ApiNotifyThread thread
2023-10-21 17:31:43:586 +0000 [TimerThread] INFO  - TimerThread: active...
2023-10-21 17:31:43:587 +0000 [TimerThread] INFO  - TimerThread: finish check device buffer expiry
2023-10-21 17:31:43:587 +0000 [TimerThread] INFO  - expiredDate : Sat Oct 21 17:30:43 UTC 2023
2023-10-21 17:31:43:587 +0000 [TimerThread] INFO  - TimerThread: markExpiredDevLoraCfg()
2023-10-21 17:32:18:105 +0000 [ApiNotifyThread] INFO  - ApiNotifyThread thread
2023-10-21 17:32:18:105 +0000 [AppHubThread] INFO  - AppHubThread thread
2023-10-21 17:32:43:592 +0000 [TimerThread] INFO  - TimerThread: active...
2023-10-21 17:32:43:592 +0000 [TimerThread] INFO  - expiredDate : Sat Oct 21 17:31:43 UTC 2023
2023-10-21 17:32:43:592 +0000 [TimerThread] INFO  - TimerThread: markExpiredDevLoraCfg()
2023-10-21 17:33:18:109 +0000 [ApiNotifyThread] INFO  - ApiNotifyThread thread
2023-10-21 17:33:18:109 +0000 [AppHubThread] INFO  - AppHubThread thread
2023-10-21 17:33:43:597 +0000 [TimerThread] INFO  - TimerThread: active...
2023-10-21 17:33:43:597 +0000 [TimerThread] INFO  - expiredDate : Sat Oct 21 17:32:43 UTC 2023
2023-10-21 17:33:43:598 +0000 [TimerThread] INFO  - TimerThread: markExpiredDevLoraCfg()
2023-10-21 17:34:18:114 +0000 [ApiNotifyThread] INFO  - ApiNotifyThread thread
2023-10-21 17:34:18:114 +0000 [AppHubThread] INFO  - AppHubThread thread
2023-10-21 17:34:43:603 +0000 [TimerThread] INFO  - TimerThread: active...
2023-10-21 17:34:43:603 +0000 [TimerThread] INFO  - expiredDate : Sat Oct 21 17:33:43 UTC 2023
2023-10-21 17:34:43:603 +0000 [TimerThread] INFO  - TimerThread: markExpiredDevLoraCfg()
2023-10-21 17:35:18:119 +0000 [ApiNotifyThread] INFO  - ApiNotifyThread thread
2023-10-21 17:35:18:122 +0000 [AppHubThread] INFO  - AppHubThread thread
2023-10-21 17:35:43:609 +0000 [TimerThread] INFO  - TimerThread: active...
2023-10-21 17:35:43:609 +0000 [TimerThread] INFO  - expiredDate : Sat Oct 21 17:34:43 UTC 2023
2023-10-21 17:35:43:609 +0000 [TimerThread] INFO  - TimerThread: markExpiredDevLoraCfg()
2023-10-21 17:36:18:124 +0000 [ApiNotifyThread] INFO  - ApiNotifyThread thread
2023-10-21 17:36:18:126 +0000 [AppHubThread] INFO  - AppHubThread thread
2023-10-21 17:36:43:614 +0000 [TimerThread] INFO  - TimerThread: active...
2023-10-21 17:36:43:615 +0000 [TimerThread] INFO  - TimerThread: finish check device buffer expiry
2023-10-21 17:36:43:615 +0000 [TimerThread] INFO  - expiredDate : Sat Oct 21 17:35:43 UTC 2023
2023-10-21 17:36:43:615 +0000 [TimerThread] INFO  - TimerThread: markExpiredDevLoraCfg()
2023-10-21 17:37:18:129 +0000 [ApiNotifyThread] INFO  - ApiNotifyThread thread
2023-10-21 17:37:18:131 +0000 [AppHubThread] INFO  - AppHubThread thread
2023-10-21 17:37:43:620 +0000 [TimerThread] INFO  - TimerThread: active...
2023-10-21 17:37:43:620 +0000 [TimerThread] INFO  - expiredDate : Sat Oct 21 17:36:43 UTC 2023
2023-10-21 17:37:43:620 +0000 [TimerThread] INFO  - TimerThread: markExpiredDevLoraCfg()
2023-10-21 17:38:18:133 +0000 [ApiNotifyThread] INFO  - ApiNotifyThread thread
2023-10-21 17:38:18:135 +0000 [AppHubThread] INFO  - AppHubThread thread
2023-10-21 17:38:43:625 +0000 [TimerThread] INFO  - TimerThread: active...
2023-10-21 17:38:43:625 +0000 [TimerThread] INFO  - expiredDate : Sat Oct 21 17:37:43 UTC 2023
2023-10-21 17:38:43:626 +0000 [TimerThread] INFO  - TimerThread: markExpiredDevLoraCfg()
2023-10-21 17:39:18:138 +0000 [ApiNotifyThread] INFO  - ApiNotifyThread thread
2023-10-21 17:39:18:140 +0000 [AppHubThread] INFO  - AppHubThread thread
2023-10-21 17:39:43:631 +0000 [TimerThread] INFO  - TimerThread: active...
2023-10-21 17:39:43:631 +0000 [TimerThread] INFO  - expiredDate : Sat Oct 21 17:38:43 UTC 2023
2023-10-21 17:39:43:631 +0000 [TimerThread] INFO  - TimerThread: markExpiredDevLoraCfg()
2023-10-21 17:40:18:143 +0000 [ApiNotifyThread] INFO  - ApiNotifyThread thread
2023-10-21 17:40:18:144 +0000 [AppHubThread] INFO  - AppHubThread thread
2023-10-21 17:40:43:636 +0000 [TimerThread] INFO  - TimerThread: active...
2023-10-21 17:40:43:636 +0000 [TimerThread] INFO  - expiredDate : Sat Oct 21 17:39:43 UTC 2023
2023-10-21 17:40:43:636 +0000 [TimerThread] INFO  - TimerThread: markExpiredDevLoraCfg()
2023-10-21 17:41:18:148 +0000 [ApiNotifyThread] INFO  - ApiNotifyThread thread
2023-10-21 17:41:18:149 +0000 [AppHubThread] INFO  - AppHubThread thread
2023-10-21 17:41:43:641 +0000 [TimerThread] INFO  - TimerThread: active...
2023-10-21 17:41:43:642 +0000 [TimerThread] INFO  - TimerThread: finish check device buffer expiry
2023-10-21 17:41:43:642 +0000 [TimerThread] INFO  - expiredDate : Sat Oct 21 17:40:43 UTC 2023
2023-10-21 17:41:43:642 +0000 [TimerThread] INFO  - TimerThread: markExpiredDevLoraCfg()
2023-10-21 17:42:18:153 +0000 [ApiNotifyThread] INFO  - ApiNotifyThread thread
2023-10-21 17:42:18:153 +0000 [AppHubThread] INFO  - AppHubThread thread
2023-10-21 17:42:43:647 +0000 [TimerThread] INFO  - TimerThread: active...
2023-10-21 17:42:43:647 +0000 [TimerThread] INFO  - expiredDate : Sat Oct 21 17:41:43 UTC 2023
2023-10-21 17:42:43:647 +0000 [TimerThread] INFO  - TimerThread: markExpiredDevLoraCfg()
2023-10-21 17:43:18:158 +0000 [AppHubThread] INFO  - AppHubThread thread
2023-10-21 17:43:18:158 +0000 [ApiNotifyThread] INFO  - ApiNotifyThread thread
2023-10-21 17:43:43:652 +0000 [TimerThread] INFO  - TimerThread: active...
2023-10-21 17:43:43:652 +0000 [TimerThread] INFO  - expiredDate : Sat Oct 21 17:42:43 UTC 2023
2023-10-21 17:43:43:652 +0000 [TimerThread] INFO  - TimerThread: markExpiredDevLoraCfg()
2023-10-21 17:44:18:162 +0000 [AppHubThread] INFO  - AppHubThread thread
2023-10-21 17:44:18:162 +0000 [ApiNotifyThread] INFO  - ApiNotifyThread thread
2023-10-21 17:44:43:657 +0000 [TimerThread] INFO  - TimerThread: active...
2023-10-21 17:44:43:657 +0000 [TimerThread] INFO  - expiredDate : Sat Oct 21 17:43:43 UTC 2023
2023-10-21 17:44:43:657 +0000 [TimerThread] INFO  - TimerThread: markExpiredDevLoraCfg()
2023-10-21 17:45:18:167 +0000 [ApiNotifyThread] INFO  - ApiNotifyThread thread
2023-10-21 17:45:18:167 +0000 [AppHubThread] INFO  - AppHubThread thread
2023-10-21 17:45:43:662 +0000 [TimerThread] INFO  - TimerThread: active...
2023-10-21 17:45:43:662 +0000 [TimerThread] INFO  - expiredDate : Sat Oct 21 17:44:43 UTC 2023
2023-10-21 17:45:43:663 +0000 [TimerThread] INFO  - TimerThread: markExpiredDevLoraCfg()
2023-10-21 17:46:18:172 +0000 [ApiNotifyThread] INFO  - ApiNotifyThread thread
2023-10-21 17:46:18:172 +0000 [AppHubThread] INFO  - AppHubThread thread
2023-10-21 17:46:43:668 +0000 [TimerThread] INFO  - TimerThread: active...
2023-10-21 17:46:43:668 +0000 [TimerThread] INFO  - TimerThread: finish check device buffer expiry
2023-10-21 17:46:43:668 +0000 [TimerThread] INFO  - expiredDate : Sat Oct 21 17:45:43 UTC 2023
2023-10-21 17:46:43:668 +0000 [TimerThread] INFO  - TimerThread: markExpiredDevLoraCfg()
2023-10-21 17:47:18:176 +0000 [AppHubThread] INFO  - AppHubThread thread
2023-10-21 17:47:18:176 +0000 [ApiNotifyThread] INFO  - ApiNotifyThread thread
2023-10-21 17:47:43:673 +0000 [TimerThread] INFO  - TimerThread: active...
2023-10-21 17:47:43:673 +0000 [TimerThread] INFO  - expiredDate : Sat Oct 21 17:46:43 UTC 2023
2023-10-21 17:47:43:673 +0000 [TimerThread] INFO  - TimerThread: markExpiredDevLoraCfg()
2023-10-21 17:48:18:181 +0000 [ApiNotifyThread] INFO  - ApiNotifyThread thread
2023-10-21 17:48:18:181 +0000 [AppHubThread] INFO  - AppHubThread thread
2023-10-21 17:48:43:678 +0000 [TimerThread] INFO  - TimerThread: active...
2023-10-21 17:48:43:678 +0000 [TimerThread] INFO  - expiredDate : Sat Oct 21 17:47:43 UTC 2023
2023-10-21 17:48:43:679 +0000 [TimerThread] INFO  - TimerThread: markExpiredDevLoraCfg()
2023-10-21 17:49:18:186 +0000 [ApiNotifyThread] INFO  - ApiNotifyThread thread
2023-10-21 17:49:18:186 +0000 [AppHubThread] INFO  - AppHubThread thread
2023-10-21 17:49:43:684 +0000 [TimerThread] INFO  - TimerThread: active...
2023-10-21 17:49:43:684 +0000 [TimerThread] INFO  - expiredDate : Sat Oct 21 17:48:43 UTC 2023
2023-10-21 17:49:43:684 +0000 [TimerThread] INFO  - TimerThread: markExpiredDevLoraCfg()
2023-10-21 17:50:18:191 +0000 [AppHubThread] INFO  - AppHubThread thread
2023-10-21 17:50:18:191 +0000 [ApiNotifyThread] INFO  - ApiNotifyThread thread
2023-10-21 17:50:43:689 +0000 [TimerThread] INFO  - TimerThread: active...
2023-10-21 17:50:43:689 +0000 [TimerThread] INFO  - expiredDate : Sat Oct 21 17:49:43 UTC 2023
2023-10-21 17:50:43:689 +0000 [TimerThread] INFO  - TimerThread: markExpiredDevLoraCfg()
2023-10-21 17:51:18:195 +0000 [AppHubThread] INFO  - AppHubThread thread
2023-10-21 17:51:18:195 +0000 [ApiNotifyThread] INFO  - ApiNotifyThread thread
2023-10-21 17:51:43:694 +0000 [TimerThread] INFO  - TimerThread: active...
2023-10-21 17:51:43:695 +0000 [TimerThread] INFO  - TimerThread: finish check device buffer expiry
2023-10-21 17:51:43:695 +0000 [TimerThread] INFO  - expiredDate : Sat Oct 21 17:50:43 UTC 2023
2023-10-21 17:51:43:695 +0000 [TimerThread] INFO  - TimerThread: markExpiredDevLoraCfg()
2023-10-21 17:52:18:200 +0000 [ApiNotifyThread] INFO  - ApiNotifyThread thread
2023-10-21 17:52:18:200 +0000 [AppHubThread] INFO  - AppHubThread thread
2023-10-21 17:52:43:700 +0000 [TimerThread] INFO  - TimerThread: active...
2023-10-21 17:52:43:700 +0000 [TimerThread] INFO  - expiredDate : Sat Oct 21 17:51:43 UTC 2023
2023-10-21 17:52:43:700 +0000 [TimerThread] INFO  - TimerThread: markExpiredDevLoraCfg()
2023-10-21 17:53:18:205 +0000 [AppHubThread] INFO  - AppHubThread thread
2023-10-21 17:53:18:205 +0000 [ApiNotifyThread] INFO  - ApiNotifyThread thread
2023-10-21 17:53:43:706 +0000 [TimerThread] INFO  - TimerThread: active...
2023-10-21 17:53:43:706 +0000 [TimerThread] INFO  - expiredDate : Sat Oct 21 17:52:43 UTC 2023
2023-10-21 17:53:43:706 +0000 [TimerThread] INFO  - TimerThread: markExpiredDevLoraCfg()
2023-10-21 17:54:18:210 +0000 [ApiNotifyThread] INFO  - ApiNotifyThread thread
2023-10-21 17:54:18:210 +0000 [AppHubThread] INFO  - AppHubThread thread
2023-10-21 17:54:43:711 +0000 [TimerThread] INFO  - TimerThread: active...
2023-10-21 17:54:43:711 +0000 [TimerThread] INFO  - expiredDate : Sat Oct 21 17:53:43 UTC 2023
2023-10-21 17:54:43:711 +0000 [TimerThread] INFO  - TimerThread: markExpiredDevLoraCfg()
2023-10-21 17:55:18:215 +0000 [AppHubThread] INFO  - AppHubThread thread
2023-10-21 17:55:18:215 +0000 [ApiNotifyThread] INFO  - ApiNotifyThread thread
2023-10-21 17:55:43:716 +0000 [TimerThread] INFO  - TimerThread: active...
2023-10-21 17:55:43:716 +0000 [TimerThread] INFO  - expiredDate : Sat Oct 21 17:54:43 UTC 2023
2023-10-21 17:55:43:716 +0000 [TimerThread] INFO  - TimerThread: markExpiredDevLoraCfg()
2023-10-21 17:56:18:220 +0000 [AppHubThread] INFO  - AppHubThread thread
2023-10-21 17:56:18:220 +0000 [ApiNotifyThread] INFO  - ApiNotifyThread thread
2023-10-21 17:56:43:721 +0000 [TimerThread] INFO  - TimerThread: active...
2023-10-21 17:56:43:721 +0000 [TimerThread] INFO  - TimerThread: finish check device buffer expiry
2023-10-21 17:56:43:721 +0000 [TimerThread] INFO  - expiredDate : Sat Oct 21 17:55:43 UTC 2023
2023-10-21 17:56:43:722 +0000 [TimerThread] INFO  - TimerThread: markExpiredDevLoraCfg()
2023-10-21 17:57:18:225 +0000 [AppHubThread] INFO  - AppHubThread thread
2023-10-21 17:57:18:225 +0000 [ApiNotifyThread] INFO  - ApiNotifyThread thread
2023-10-21 17:57:43:727 +0000 [TimerThread] INFO  - TimerThread: active...
2023-10-21 17:57:43:727 +0000 [TimerThread] INFO  - expiredDate : Sat Oct 21 17:56:43 UTC 2023
2023-10-21 17:57:43:727 +0000 [TimerThread] INFO  - TimerThread: markExpiredDevLoraCfg()
2023-10-21 17:58:18:230 +0000 [ApiNotifyThread] INFO  - ApiNotifyThread thread
2023-10-21 17:58:18:230 +0000 [AppHubThread] INFO  - AppHubThread thread
2023-10-21 17:58:43:733 +0000 [TimerThread] INFO  - TimerThread: active...
2023-10-21 17:58:43:733 +0000 [TimerThread] INFO  - expiredDate : Sat Oct 21 17:57:43 UTC 2023
2023-10-21 17:58:43:733 +0000 [TimerThread] INFO  - TimerThread: markExpiredDevLoraCfg()
2023-10-21 17:59:18:234 +0000 [AppHubThread] INFO  - AppHubThread thread
2023-10-21 17:59:18:234 +0000 [ApiNotifyThread] INFO  - ApiNotifyThread thread
2023-10-21 17:59:43:738 +0000 [TimerThread] INFO  - TimerThread: active...
2023-10-21 17:59:43:738 +0000 [TimerThread] INFO  - expiredDate : Sat Oct 21 17:58:43 UTC 2023
2023-10-21 17:59:43:738 +0000 [TimerThread] INFO  - TimerThread: markExpiredDevLoraCfg()
2023-10-21 18:00:18:239 +0000 [AppHubThread] INFO  - AppHubThread thread
2023-10-21 18:00:18:239 +0000 [ApiNotifyThread] INFO  - ApiNotifyThread thread
2023-10-21 18:00:43:744 +0000 [TimerThread] INFO  - TimerThread: active...
2023-10-21 18:00:43:744 +0000 [TimerThread] INFO  - expiredDate : Sat Oct 21 17:59:43 UTC 2023
2023-10-21 18:00:43:744 +0000 [TimerThread] INFO  - TimerThread: markExpiredDevLoraCfg()
2023-10-21 18:01:18:244 +0000 [ApiNotifyThread] INFO  - ApiNotifyThread thread
2023-10-21 18:01:18:244 +0000 [AppHubThread] INFO  - AppHubThread thread
2023-10-21 18:01:43:750 +0000 [TimerThread] INFO  - TimerThread: active...
2023-10-21 18:01:43:750 +0000 [TimerThread] INFO  - TimerThread: finish check device buffer expiry
2023-10-21 18:01:43:750 +0000 [TimerThread] INFO  - expiredDate : Sat Oct 21 18:00:43 UTC 2023
2023-10-21 18:01:43:750 +0000 [TimerThread] INFO  - TimerThread: markExpiredDevLoraCfg()
2023-10-21 18:02:18:249 +0000 [AppHubThread] INFO  - AppHubThread thread
2023-10-21 18:02:18:249 +0000 [ApiNotifyThread] INFO  - ApiNotifyThread thread
2023-10-21 18:02:43:755 +0000 [TimerThread] INFO  - TimerThread: active...
2023-10-21 18:02:43:755 +0000 [TimerThread] INFO  - expiredDate : Sat Oct 21 18:01:43 UTC 2023
2023-10-21 18:02:43:755 +0000 [TimerThread] INFO  - TimerThread: markExpiredDevLoraCfg()
2023-10-21 18:03:18:254 +0000 [AppHubThread] INFO  - AppHubThread thread
2023-10-21 18:03:18:254 +0000 [ApiNotifyThread] INFO  - ApiNotifyThread thread
2023-10-21 18:03:43:761 +0000 [TimerThread] INFO  - TimerThread: active...
2023-10-21 18:03:43:761 +0000 [TimerThread] INFO  - expiredDate : Sat Oct 21 18:02:43 UTC 2023
2023-10-21 18:03:43:761 +0000 [TimerThread] INFO  - TimerThread: markExpiredDevLoraCfg()
2023-10-21 18:04:18:258 +0000 [AppHubThread] INFO  - AppHubThread thread
2023-10-21 18:04:18:258 +0000 [ApiNotifyThread] INFO  - ApiNotifyThread thread
2023-10-21 18:04:43:766 +0000 [TimerThread] INFO  - TimerThread: active...
2023-10-21 18:04:43:766 +0000 [TimerThread] INFO  - expiredDate : Sat Oct 21 18:03:43 UTC 2023
2023-10-21 18:04:43:766 +0000 [TimerThread] INFO  - TimerThread: markExpiredDevLoraCfg()
2023-10-21 18:05:18:263 +0000 [ApiNotifyThread] INFO  - ApiNotifyThread thread
2023-10-21 18:05:18:263 +0000 [AppHubThread] INFO  - AppHubThread thread
2023-10-21 18:05:43:772 +0000 [TimerThread] INFO  - TimerThread: active...
2023-10-21 18:05:43:772 +0000 [TimerThread] INFO  - expiredDate : Sat Oct 21 18:04:43 UTC 2023
2023-10-21 18:05:43:772 +0000 [TimerThread] INFO  - TimerThread: markExpiredDevLoraCfg()
2023-10-21 18:06:18:268 +0000 [ApiNotifyThread] INFO  - ApiNotifyThread thread
2023-10-21 18:06:18:268 +0000 [AppHubThread] INFO  - AppHubThread thread
2023-10-21 18:06:43:777 +0000 [TimerThread] INFO  - TimerThread: active...
2023-10-21 18:06:43:777 +0000 [TimerThread] INFO  - TimerThread: finish check device buffer expiry
2023-10-21 18:06:43:777 +0000 [TimerThread] INFO  - expiredDate : Sat Oct 21 18:05:43 UTC 2023
2023-10-21 18:06:43:777 +0000 [TimerThread] INFO  - TimerThread: markExpiredDevLoraCfg()
2023-10-21 18:07:18:273 +0000 [AppHubThread] INFO  - AppHubThread thread
2023-10-21 18:07:18:273 +0000 [ApiNotifyThread] INFO  - ApiNotifyThread thread
2023-10-21 18:07:43:783 +0000 [TimerThread] INFO  - TimerThread: active...
2023-10-21 18:07:43:783 +0000 [TimerThread] INFO  - expiredDate : Sat Oct 21 18:06:43 UTC 2023
2023-10-21 18:07:43:783 +0000 [TimerThread] INFO  - TimerThread: markExpiredDevLoraCfg()
2023-10-21 18:08:18:278 +0000 [AppHubThread] INFO  - AppHubThread thread
2023-10-21 18:08:18:278 +0000 [ApiNotifyThread] INFO  - ApiNotifyThread thread
2023-10-21 18:08:43:788 +0000 [TimerThread] INFO  - TimerThread: active...
2023-10-21 18:08:43:788 +0000 [TimerThread] INFO  - expiredDate : Sat Oct 21 18:07:43 UTC 2023
2023-10-21 18:08:43:788 +0000 [TimerThread] INFO  - TimerThread: markExpiredDevLoraCfg()
2023-10-21 18:09:18:283 +0000 [AppHubThread] INFO  - AppHubThread thread
2023-10-21 18:09:18:283 +0000 [ApiNotifyThread] INFO  - ApiNotifyThread thread
2023-10-21 18:09:43:794 +0000 [TimerThread] INFO  - TimerThread: active...
2023-10-21 18:09:43:794 +0000 [TimerThread] INFO  - expiredDate : Sat Oct 21 18:08:43 UTC 2023
2023-10-21 18:09:43:794 +0000 [TimerThread] INFO  - TimerThread: markExpiredDevLoraCfg()
2023-10-21 18:10:18:288 +0000 [AppHubThread] INFO  - AppHubThread thread
2023-10-21 18:10:18:288 +0000 [ApiNotifyThread] INFO  - ApiNotifyThread thread
2023-10-21 18:10:43:799 +0000 [TimerThread] INFO  - TimerThread: active...
2023-10-21 18:10:43:799 +0000 [TimerThread] INFO  - expiredDate : Sat Oct 21 18:09:43 UTC 2023
2023-10-21 18:10:43:799 +0000 [TimerThread] INFO  - TimerThread: markExpiredDevLoraCfg()
2023-10-21 18:11:18:293 +0000 [ApiNotifyThread] INFO  - ApiNotifyThread thread
2023-10-21 18:11:18:293 +0000 [AppHubThread] INFO  - AppHubThread thread
2023-10-21 18:11:43:804 +0000 [TimerThread] INFO  - TimerThread: active...
2023-10-21 18:11:43:804 +0000 [TimerThread] INFO  - TimerThread: finish check device buffer expiry
2023-10-21 18:11:43:804 +0000 [TimerThread] INFO  - expiredDate : Sat Oct 21 18:10:43 UTC 2023
2023-10-21 18:11:43:805 +0000 [TimerThread] INFO  - TimerThread: markExpiredDevLoraCfg()
2023-10-21 18:12:18:298 +0000 [ApiNotifyThread] INFO  - ApiNotifyThread thread
2023-10-21 18:12:18:298 +0000 [AppHubThread] INFO  - AppHubThread thread
2023-10-21 18:12:43:810 +0000 [TimerThread] INFO  - TimerThread: active...
2023-10-21 18:12:43:810 +0000 [TimerThread] INFO  - expiredDate : Sat Oct 21 18:11:43 UTC 2023
2023-10-21 18:12:43:810 +0000 [TimerThread] INFO  - TimerThread: markExpiredDevLoraCfg()
2023-10-21 18:13:18:303 +0000 [AppHubThread] INFO  - AppHubThread thread
2023-10-21 18:13:18:304 +0000 [ApiNotifyThread] INFO  - ApiNotifyThread thread
2023-10-21 18:13:43:815 +0000 [TimerThread] INFO  - TimerThread: active...
2023-10-21 18:13:43:815 +0000 [TimerThread] INFO  - expiredDate : Sat Oct 21 18:12:43 UTC 2023
2023-10-21 18:13:43:816 +0000 [TimerThread] INFO  - TimerThread: markExpiredDevLoraCfg()
2023-10-21 18:14:18:308 +0000 [AppHubThread] INFO  - AppHubThread thread
2023-10-21 18:14:18:309 +0000 [ApiNotifyThread] INFO  - ApiNotifyThread thread
2023-10-21 18:14:43:821 +0000 [TimerThread] INFO  - TimerThread: active...
2023-10-21 18:14:43:821 +0000 [TimerThread] INFO  - expiredDate : Sat Oct 21 18:13:43 UTC 2023
2023-10-21 18:14:43:821 +0000 [TimerThread] INFO  - TimerThread: markExpiredDevLoraCfg()
2023-10-21 18:15:18:314 +0000 [ApiNotifyThread] INFO  - ApiNotifyThread thread
2023-10-21 18:15:18:314 +0000 [AppHubThread] INFO  - AppHubThread thread
2023-10-21 18:15:43:827 +0000 [TimerThread] INFO  - TimerThread: active...
2023-10-21 18:15:43:827 +0000 [TimerThread] INFO  - expiredDate : Sat Oct 21 18:14:43 UTC 2023
2023-10-21 18:15:43:827 +0000 [TimerThread] INFO  - TimerThread: markExpiredDevLoraCfg()
2023-10-21 18:16:18:318 +0000 [AppHubThread] INFO  - AppHubThread thread
2023-10-21 18:16:18:318 +0000 [ApiNotifyThread] INFO  - ApiNotifyThread thread
2023-10-21 18:16:43:832 +0000 [TimerThread] INFO  - TimerThread: active...
2023-10-21 18:16:43:832 +0000 [TimerThread] INFO  - TimerThread: finish check device buffer expiry
2023-10-21 18:16:43:832 +0000 [TimerThread] INFO  - expiredDate : Sat Oct 21 18:15:43 UTC 2023
2023-10-21 18:16:43:832 +0000 [TimerThread] INFO  - TimerThread: markExpiredDevLoraCfg()
2023-10-21 18:17:18:324 +0000 [ApiNotifyThread] INFO  - ApiNotifyThread thread
2023-10-21 18:17:18:324 +0000 [AppHubThread] INFO  - AppHubThread thread
2023-10-21 18:17:43:837 +0000 [TimerThread] INFO  - TimerThread: active...
2023-10-21 18:17:43:837 +0000 [TimerThread] INFO  - expiredDate : Sat Oct 21 18:16:43 UTC 2023
2023-10-21 18:17:43:837 +0000 [TimerThread] INFO  - TimerThread: markExpiredDevLoraCfg()
2023-10-21 18:18:18:329 +0000 [ApiNotifyThread] INFO  - ApiNotifyThread thread
2023-10-21 18:18:18:329 +0000 [AppHubThread] INFO  - AppHubThread thread
2023-10-21 18:18:43:843 +0000 [TimerThread] INFO  - TimerThread: active...
2023-10-21 18:18:43:843 +0000 [TimerThread] INFO  - expiredDate : Sat Oct 21 18:17:43 UTC 2023
2023-10-21 18:18:43:843 +0000 [TimerThread] INFO  - TimerThread: markExpiredDevLoraCfg()
2023-10-21 18:19:18:334 +0000 [AppHubThread] INFO  - AppHubThread thread
2023-10-21 18:19:18:334 +0000 [ApiNotifyThread] INFO  - ApiNotifyThread thread
2023-10-21 18:19:43:848 +0000 [TimerThread] INFO  - TimerThread: active...
2023-10-21 18:19:43:849 +0000 [TimerThread] INFO  - expiredDate : Sat Oct 21 18:18:43 UTC 2023
2023-10-21 18:19:43:849 +0000 [TimerThread] INFO  - TimerThread: markExpiredDevLoraCfg()
2023-10-21 18:20:18:339 +0000 [ApiNotifyThread] INFO  - ApiNotifyThread thread
2023-10-21 18:20:18:339 +0000 [AppHubThread] INFO  - AppHubThread thread
2023-10-21 18:20:43:854 +0000 [TimerThread] INFO  - TimerThread: active...
2023-10-21 18:20:43:854 +0000 [TimerThread] INFO  - expiredDate : Sat Oct 21 18:19:43 UTC 2023
2023-10-21 18:20:43:854 +0000 [TimerThread] INFO  - TimerThread: markExpiredDevLoraCfg()
2023-10-21 18:21:18:344 +0000 [AppHubThread] INFO  - AppHubThread thread
2023-10-21 18:21:18:344 +0000 [ApiNotifyThread] INFO  - ApiNotifyThread thread
2023-10-21 18:21:43:860 +0000 [TimerThread] INFO  - TimerThread: active...
2023-10-21 18:21:43:860 +0000 [TimerThread] INFO  - TimerThread: finish check device buffer expiry
2023-10-21 18:21:43:860 +0000 [TimerThread] INFO  - expiredDate : Sat Oct 21 18:20:43 UTC 2023
2023-10-21 18:21:43:860 +0000 [TimerThread] INFO  - TimerThread: markExpiredDevLoraCfg()
2023-10-21 18:22:18:349 +0000 [ApiNotifyThread] INFO  - ApiNotifyThread thread
2023-10-21 18:22:18:349 +0000 [AppHubThread] INFO  - AppHubThread thread
2023-10-21 18:22:43:865 +0000 [TimerThread] INFO  - TimerThread: active...
2023-10-21 18:22:43:865 +0000 [TimerThread] INFO  - expiredDate : Sat Oct 21 18:21:43 UTC 2023
2023-10-21 18:22:43:866 +0000 [TimerThread] INFO  - TimerThread: markExpiredDevLoraCfg()
2023-10-21 18:23:18:354 +0000 [ApiNotifyThread] INFO  - ApiNotifyThread thread
2023-10-21 18:23:18:354 +0000 [AppHubThread] INFO  - AppHubThread thread
2023-10-21 18:23:43:871 +0000 [TimerThread] INFO  - TimerThread: active...
2023-10-21 18:23:43:871 +0000 [TimerThread] INFO  - expiredDate : Sat Oct 21 18:22:43 UTC 2023
2023-10-21 18:23:43:871 +0000 [TimerThread] INFO  - TimerThread: markExpiredDevLoraCfg()
2023-10-21 18:24:18:359 +0000 [AppHubThread] INFO  - AppHubThread thread
2023-10-21 18:24:18:360 +0000 [ApiNotifyThread] INFO  - ApiNotifyThread thread
2023-10-21 18:24:43:876 +0000 [TimerThread] INFO  - TimerThread: active...
2023-10-21 18:24:43:876 +0000 [TimerThread] INFO  - expiredDate : Sat Oct 21 18:23:43 UTC 2023
2023-10-21 18:24:43:876 +0000 [TimerThread] INFO  - TimerThread: markExpiredDevLoraCfg()
2023-10-21 18:25:18:364 +0000 [AppHubThread] INFO  - AppHubThread thread
2023-10-21 18:25:18:364 +0000 [ApiNotifyThread] INFO  - ApiNotifyThread thread
2023-10-21 18:25:43:881 +0000 [TimerThread] INFO  - TimerThread: active...
2023-10-21 18:25:43:881 +0000 [TimerThread] INFO  - expiredDate : Sat Oct 21 18:24:43 UTC 2023
2023-10-21 18:25:43:881 +0000 [TimerThread] INFO  - TimerThread: markExpiredDevLoraCfg()
2023-10-21 18:26:18:369 +0000 [AppHubThread] INFO  - AppHubThread thread
2023-10-21 18:26:18:369 +0000 [ApiNotifyThread] INFO  - ApiNotifyThread thread
2023-10-21 18:26:43:886 +0000 [TimerThread] INFO  - TimerThread: active...
2023-10-21 18:26:43:886 +0000 [TimerThread] INFO  - TimerThread: finish check device buffer expiry
2023-10-21 18:26:43:886 +0000 [TimerThread] INFO  - expiredDate : Sat Oct 21 18:25:43 UTC 2023
2023-10-21 18:26:43:886 +0000 [TimerThread] INFO  - TimerThread: markExpiredDevLoraCfg()
2023-10-21 18:27:18:374 +0000 [AppHubThread] INFO  - AppHubThread thread
2023-10-21 18:27:18:374 +0000 [ApiNotifyThread] INFO  - ApiNotifyThread thread
2023-10-21 18:27:43:892 +0000 [TimerThread] INFO  - TimerThread: active...
2023-10-21 18:27:43:892 +0000 [TimerThread] INFO  - expiredDate : Sat Oct 21 18:26:43 UTC 2023
2023-10-21 18:27:43:892 +0000 [TimerThread] INFO  - TimerThread: markExpiredDevLoraCfg()
2023-10-21 18:28:18:379 +0000 [AppHubThread] INFO  - AppHubThread thread
2023-10-21 18:28:18:379 +0000 [ApiNotifyThread] INFO  - ApiNotifyThread thread
2023-10-21 18:28:43:897 +0000 [TimerThread] INFO  - TimerThread: active...
2023-10-21 18:28:43:897 +0000 [TimerThread] INFO  - expiredDate : Sat Oct 21 18:27:43 UTC 2023
2023-10-21 18:28:43:897 +0000 [TimerThread] INFO  - TimerThread: markExpiredDevLoraCfg()
2023-10-21 18:29:18:384 +0000 [AppHubThread] INFO  - AppHubThread thread
2023-10-21 18:29:18:384 +0000 [ApiNotifyThread] INFO  - ApiNotifyThread thread
2023-10-21 18:29:43:902 +0000 [TimerThread] INFO  - TimerThread: active...
2023-10-21 18:29:43:902 +0000 [TimerThread] INFO  - expiredDate : Sat Oct 21 18:28:43 UTC 2023
2023-10-21 18:29:43:902 +0000 [TimerThread] INFO  - TimerThread: markExpiredDevLoraCfg()
2023-10-21 18:30:18:389 +0000 [AppHubThread] INFO  - AppHubThread thread
2023-10-21 18:30:18:389 +0000 [ApiNotifyThread] INFO  - ApiNotifyThread thread
2023-10-21 18:30:43:908 +0000 [TimerThread] INFO  - TimerThread: active...
2023-10-21 18:30:43:908 +0000 [TimerThread] INFO  - expiredDate : Sat Oct 21 18:29:43 UTC 2023
2023-10-21 18:30:43:908 +0000 [TimerThread] INFO  - TimerThread: markExpiredDevLoraCfg()
2023-10-21 18:31:18:394 +0000 [AppHubThread] INFO  - AppHubThread thread
2023-10-21 18:31:18:394 +0000 [ApiNotifyThread] INFO  - ApiNotifyThread thread
2023-10-21 18:31:43:914 +0000 [TimerThread] INFO  - TimerThread: active...
2023-10-21 18:31:43:914 +0000 [TimerThread] INFO  - TimerThread: finish check device buffer expiry
2023-10-21 18:31:43:914 +0000 [TimerThread] INFO  - expiredDate : Sat Oct 21 18:30:43 UTC 2023
2023-10-21 18:31:43:914 +0000 [TimerThread] INFO  - TimerThread: markExpiredDevLoraCfg()
2023-10-21 18:32:18:399 +0000 [ApiNotifyThread] INFO  - ApiNotifyThread thread
2023-10-21 18:32:18:399 +0000 [AppHubThread] INFO  - AppHubThread thread
2023-10-21 18:32:43:919 +0000 [TimerThread] INFO  - TimerThread: active...
2023-10-21 18:32:43:919 +0000 [TimerThread] INFO  - expiredDate : Sat Oct 21 18:31:43 UTC 2023
2023-10-21 18:32:43:919 +0000 [TimerThread] INFO  - TimerThread: markExpiredDevLoraCfg()
2023-10-21 18:33:18:405 +0000 [AppHubThread] INFO  - AppHubThread thread
2023-10-21 18:33:18:405 +0000 [ApiNotifyThread] INFO  - ApiNotifyThread thread
2023-10-21 18:33:43:925 +0000 [TimerThread] INFO  - TimerThread: active...
2023-10-21 18:33:43:925 +0000 [TimerThread] INFO  - expiredDate : Sat Oct 21 18:32:43 UTC 2023
2023-10-21 18:33:43:925 +0000 [TimerThread] INFO  - TimerThread: markExpiredDevLoraCfg()
2023-10-21 18:34:18:410 +0000 [ApiNotifyThread] INFO  - ApiNotifyThread thread
2023-10-21 18:34:18:410 +0000 [AppHubThread] INFO  - AppHubThread thread
2023-10-21 18:34:43:930 +0000 [TimerThread] INFO  - TimerThread: active...
2023-10-21 18:34:43:930 +0000 [TimerThread] INFO  - expiredDate : Sat Oct 21 18:33:43 UTC 2023
2023-10-21 18:34:43:930 +0000 [TimerThread] INFO  - TimerThread: markExpiredDevLoraCfg()
2023-10-21 18:35:18:415 +0000 [AppHubThread] INFO  - AppHubThread thread
2023-10-21 18:35:18:415 +0000 [ApiNotifyThread] INFO  - ApiNotifyThread thread
2023-10-21 18:35:43:935 +0000 [TimerThread] INFO  - TimerThread: active...
2023-10-21 18:35:43:935 +0000 [TimerThread] INFO  - expiredDate : Sat Oct 21 18:34:43 UTC 2023
2023-10-21 18:35:43:936 +0000 [TimerThread] INFO  - TimerThread: markExpiredDevLoraCfg()
2023-10-21 18:36:18:420 +0000 [ApiNotifyThread] INFO  - ApiNotifyThread thread
2023-10-21 18:36:18:420 +0000 [AppHubThread] INFO  - AppHubThread thread
2023-10-21 18:36:43:941 +0000 [TimerThread] INFO  - TimerThread: active...
2023-10-21 18:36:43:941 +0000 [TimerThread] INFO  - TimerThread: finish check device buffer expiry
2023-10-21 18:36:43:941 +0000 [TimerThread] INFO  - expiredDate : Sat Oct 21 18:35:43 UTC 2023
2023-10-21 18:36:43:941 +0000 [TimerThread] INFO  - TimerThread: markExpiredDevLoraCfg()
2023-10-21 18:37:18:425 +0000 [AppHubThread] INFO  - AppHubThread thread
2023-10-21 18:37:18:425 +0000 [ApiNotifyThread] INFO  - ApiNotifyThread thread
2023-10-21 18:37:43:946 +0000 [TimerThread] INFO  - TimerThread: active...
2023-10-21 18:37:43:946 +0000 [TimerThread] INFO  - expiredDate : Sat Oct 21 18:36:43 UTC 2023
2023-10-21 18:37:43:947 +0000 [TimerThread] INFO  - TimerThread: markExpiredDevLoraCfg()
2023-10-21 18:38:18:431 +0000 [ApiNotifyThread] INFO  - ApiNotifyThread thread
2023-10-21 18:38:18:431 +0000 [AppHubThread] INFO  - AppHubThread thread
2023-10-21 18:38:43:952 +0000 [TimerThread] INFO  - TimerThread: active...
2023-10-21 18:38:43:952 +0000 [TimerThread] INFO  - expiredDate : Sat Oct 21 18:37:43 UTC 2023
2023-10-21 18:38:43:952 +0000 [TimerThread] INFO  - TimerThread: markExpiredDevLoraCfg()
2023-10-21 18:39:18:436 +0000 [ApiNotifyThread] INFO  - ApiNotifyThread thread
2023-10-21 18:39:18:436 +0000 [AppHubThread] INFO  - AppHubThread thread
2023-10-21 18:39:43:957 +0000 [TimerThread] INFO  - TimerThread: active...
2023-10-21 18:39:43:957 +0000 [TimerThread] INFO  - expiredDate : Sat Oct 21 18:38:43 UTC 2023
2023-10-21 18:39:43:957 +0000 [TimerThread] INFO  - TimerThread: markExpiredDevLoraCfg()
2023-10-21 18:40:18:441 +0000 [ApiNotifyThread] INFO  - ApiNotifyThread thread
2023-10-21 18:40:18:441 +0000 [AppHubThread] INFO  - AppHubThread thread
2023-10-21 18:40:43:962 +0000 [TimerThread] INFO  - TimerThread: active...
2023-10-21 18:40:43:962 +0000 [TimerThread] INFO  - expiredDate : Sat Oct 21 18:39:43 UTC 2023
2023-10-21 18:40:43:963 +0000 [TimerThread] INFO  - TimerThread: markExpiredDevLoraCfg()
2023-10-21 18:41:18:447 +0000 [ApiNotifyThread] INFO  - ApiNotifyThread thread
2023-10-21 18:41:18:447 +0000 [AppHubThread] INFO  - AppHubThread thread
2023-10-21 18:41:43:968 +0000 [TimerThread] INFO  - TimerThread: active...
2023-10-21 18:41:43:968 +0000 [TimerThread] INFO  - TimerThread: finish check device buffer expiry
2023-10-21 18:41:43:968 +0000 [TimerThread] INFO  - expiredDate : Sat Oct 21 18:40:43 UTC 2023
2023-10-21 18:41:43:968 +0000 [TimerThread] INFO  - TimerThread: markExpiredDevLoraCfg()
2023-10-21 18:42:18:452 +0000 [AppHubThread] INFO  - AppHubThread thread
2023-10-21 18:42:18:452 +0000 [ApiNotifyThread] INFO  - ApiNotifyThread thread
2023-10-21 18:42:43:973 +0000 [TimerThread] INFO  - TimerThread: active...
2023-10-21 18:42:43:973 +0000 [TimerThread] INFO  - expiredDate : Sat Oct 21 18:41:43 UTC 2023
2023-10-21 18:42:43:974 +0000 [TimerThread] INFO  - TimerThread: markExpiredDevLoraCfg()
2023-10-21 18:43:18:457 +0000 [AppHubThread] INFO  - AppHubThread thread
2023-10-21 18:43:18:457 +0000 [ApiNotifyThread] INFO  - ApiNotifyThread thread
2023-10-21 18:43:43:979 +0000 [TimerThread] INFO  - TimerThread: active...
2023-10-21 18:43:43:979 +0000 [TimerThread] INFO  - expiredDate : Sat Oct 21 18:42:43 UTC 2023
2023-10-21 18:43:43:979 +0000 [TimerThread] INFO  - TimerThread: markExpiredDevLoraCfg()
2023-10-21 18:44:18:461 +0000 [AppHubThread] INFO  - AppHubThread thread
2023-10-21 18:44:18:461 +0000 [ApiNotifyThread] INFO  - ApiNotifyThread thread
2023-10-21 18:44:43:984 +0000 [TimerThread] INFO  - TimerThread: active...
2023-10-21 18:44:43:984 +0000 [TimerThread] INFO  - expiredDate : Sat Oct 21 18:43:43 UTC 2023
2023-10-21 18:44:43:984 +0000 [TimerThread] INFO  - TimerThread: markExpiredDevLoraCfg()
2023-10-21 18:45:18:466 +0000 [ApiNotifyThread] INFO  - ApiNotifyThread thread
2023-10-21 18:45:18:466 +0000 [AppHubThread] INFO  - AppHubThread thread
2023-10-21 18:45:43:990 +0000 [TimerThread] INFO  - TimerThread: active...
2023-10-21 18:45:43:990 +0000 [TimerThread] INFO  - expiredDate : Sat Oct 21 18:44:43 UTC 2023
2023-10-21 18:45:43:990 +0000 [TimerThread] INFO  - TimerThread: markExpiredDevLoraCfg()
2023-10-21 18:46:18:471 +0000 [ApiNotifyThread] INFO  - ApiNotifyThread thread
2023-10-21 18:46:18:475 +0000 [AppHubThread] INFO  - AppHubThread thread
2023-10-21 18:46:43:995 +0000 [TimerThread] INFO  - TimerThread: active...
2023-10-21 18:46:43:995 +0000 [TimerThread] INFO  - TimerThread: finish check device buffer expiry
2023-10-21 18:46:43:995 +0000 [TimerThread] INFO  - expiredDate : Sat Oct 21 18:45:43 UTC 2023
2023-10-21 18:46:43:995 +0000 [TimerThread] INFO  - TimerThread: markExpiredDevLoraCfg()
2023-10-21 18:47:18:477 +0000 [ApiNotifyThread] INFO  - ApiNotifyThread thread
2023-10-21 18:47:18:480 +0000 [AppHubThread] INFO  - AppHubThread thread
2023-10-21 18:47:44:000 +0000 [TimerThread] INFO  - TimerThread: active...
2023-10-21 18:47:44:000 +0000 [TimerThread] INFO  - expiredDate : Sat Oct 21 18:46:44 UTC 2023
2023-10-21 18:47:44:000 +0000 [TimerThread] INFO  - TimerThread: markExpiredDevLoraCfg()
2023-10-21 18:48:18:482 +0000 [ApiNotifyThread] INFO  - ApiNotifyThread thread
2023-10-21 18:48:18:485 +0000 [AppHubThread] INFO  - AppHubThread thread
2023-10-21 18:48:44:005 +0000 [TimerThread] INFO  - TimerThread: active...
2023-10-21 18:48:44:005 +0000 [TimerThread] INFO  - expiredDate : Sat Oct 21 18:47:44 UTC 2023
2023-10-21 18:48:44:005 +0000 [TimerThread] INFO  - TimerThread: markExpiredDevLoraCfg()
2023-10-21 18:49:18:487 +0000 [ApiNotifyThread] INFO  - ApiNotifyThread thread
2023-10-21 18:49:18:490 +0000 [AppHubThread] INFO  - AppHubThread thread
2023-10-21 18:49:44:010 +0000 [TimerThread] INFO  - TimerThread: active...
2023-10-21 18:49:44:010 +0000 [TimerThread] INFO  - expiredDate : Sat Oct 21 18:48:44 UTC 2023
2023-10-21 18:49:44:011 +0000 [TimerThread] INFO  - TimerThread: markExpiredDevLoraCfg()
2023-10-21 18:50:18:492 +0000 [ApiNotifyThread] INFO  - ApiNotifyThread thread
2023-10-21 18:50:18:496 +0000 [AppHubThread] INFO  - AppHubThread thread
2023-10-21 18:50:44:015 +0000 [TimerThread] INFO  - TimerThread: active...
2023-10-21 18:50:44:015 +0000 [TimerThread] INFO  - expiredDate : Sat Oct 21 18:49:44 UTC 2023
2023-10-21 18:50:44:016 +0000 [TimerThread] INFO  - TimerThread: markExpiredDevLoraCfg()
2023-10-21 18:51:18:497 +0000 [ApiNotifyThread] INFO  - ApiNotifyThread thread
2023-10-21 18:51:18:501 +0000 [AppHubThread] INFO  - AppHubThread thread
2023-10-21 18:51:44:021 +0000 [TimerThread] INFO  - TimerThread: active...
2023-10-21 18:51:44:021 +0000 [TimerThread] INFO  - TimerThread: finish check device buffer expiry
2023-10-21 18:51:44:021 +0000 [TimerThread] INFO  - expiredDate : Sat Oct 21 18:50:44 UTC 2023
2023-10-21 18:51:44:021 +0000 [TimerThread] INFO  - TimerThread: markExpiredDevLoraCfg()
2023-10-21 18:52:18:502 +0000 [ApiNotifyThread] INFO  - ApiNotifyThread thread
2023-10-21 18:52:18:506 +0000 [AppHubThread] INFO  - AppHubThread thread
2023-10-21 18:52:44:026 +0000 [TimerThread] INFO  - TimerThread: active...
2023-10-21 18:52:44:026 +0000 [TimerThread] INFO  - expiredDate : Sat Oct 21 18:51:44 UTC 2023
2023-10-21 18:52:44:026 +0000 [TimerThread] INFO  - TimerThread: markExpiredDevLoraCfg()
2023-10-21 18:53:18:508 +0000 [ApiNotifyThread] INFO  - ApiNotifyThread thread
2023-10-21 18:53:18:511 +0000 [AppHubThread] INFO  - AppHubThread thread
2023-10-21 18:53:44:031 +0000 [TimerThread] INFO  - TimerThread: active...
2023-10-21 18:53:44:031 +0000 [TimerThread] INFO  - expiredDate : Sat Oct 21 18:52:44 UTC 2023
2023-10-21 18:53:44:031 +0000 [TimerThread] INFO  - TimerThread: markExpiredDevLoraCfg()
2023-10-21 18:54:18:513 +0000 [ApiNotifyThread] INFO  - ApiNotifyThread thread
2023-10-21 18:54:18:516 +0000 [AppHubThread] INFO  - AppHubThread thread
2023-10-21 18:54:44:036 +0000 [TimerThread] INFO  - TimerThread: active...
2023-10-21 18:54:44:036 +0000 [TimerThread] INFO  - expiredDate : Sat Oct 21 18:53:44 UTC 2023
2023-10-21 18:54:44:036 +0000 [TimerThread] INFO  - TimerThread: markExpiredDevLoraCfg()
2023-10-21 18:55:18:518 +0000 [ApiNotifyThread] INFO  - ApiNotifyThread thread
2023-10-21 18:55:18:521 +0000 [AppHubThread] INFO  - AppHubThread thread
2023-10-21 18:55:44:044 +0000 [TimerThread] INFO  - TimerThread: active...
2023-10-21 18:55:44:044 +0000 [TimerThread] INFO  - expiredDate : Sat Oct 21 18:54:44 UTC 2023
2023-10-21 18:55:44:045 +0000 [TimerThread] INFO  - TimerThread: markExpiredDevLoraCfg()
2023-10-21 18:56:18:524 +0000 [ApiNotifyThread] INFO  - ApiNotifyThread thread
2023-10-21 18:56:18:535 +0000 [AppHubThread] INFO  - AppHubThread thread
2023-10-21 18:56:44:049 +0000 [TimerThread] INFO  - TimerThread: active...
2023-10-21 18:56:44:049 +0000 [TimerThread] INFO  - TimerThread: finish check device buffer expiry
2023-10-21 18:56:44:049 +0000 [TimerThread] INFO  - expiredDate : Sat Oct 21 18:55:44 UTC 2023
2023-10-21 18:56:44:049 +0000 [TimerThread] INFO  - TimerThread: markExpiredDevLoraCfg()
2023-10-21 18:57:18:529 +0000 [ApiNotifyThread] INFO  - ApiNotifyThread thread
2023-10-21 18:57:18:540 +0000 [AppHubThread] INFO  - AppHubThread thread
2023-10-21 18:57:44:054 +0000 [TimerThread] INFO  - TimerThread: active...
2023-10-21 18:57:44:054 +0000 [TimerThread] INFO  - expiredDate : Sat Oct 21 18:56:44 UTC 2023
2023-10-21 18:57:44:054 +0000 [TimerThread] INFO  - TimerThread: markExpiredDevLoraCfg()
2023-10-21 18:58:18:534 +0000 [ApiNotifyThread] INFO  - ApiNotifyThread thread
2023-10-21 18:58:18:545 +0000 [AppHubThread] INFO  - AppHubThread thread
2023-10-21 18:58:44:059 +0000 [TimerThread] INFO  - TimerThread: active...
2023-10-21 18:58:44:059 +0000 [TimerThread] INFO  - expiredDate : Sat Oct 21 18:57:44 UTC 2023
2023-10-21 18:58:44:059 +0000 [TimerThread] INFO  - TimerThread: markExpiredDevLoraCfg()
2023-10-21 18:59:18:539 +0000 [ApiNotifyThread] INFO  - ApiNotifyThread thread
2023-10-21 18:59:18:550 +0000 [AppHubThread] INFO  - AppHubThread thread
2023-10-21 18:59:44:064 +0000 [TimerThread] INFO  - TimerThread: active...
2023-10-21 18:59:44:064 +0000 [TimerThread] INFO  - expiredDate : Sat Oct 21 18:58:44 UTC 2023
2023-10-21 18:59:44:064 +0000 [TimerThread] INFO  - TimerThread: markExpiredDevLoraCfg()
2023-10-21 19:00:18:545 +0000 [ApiNotifyThread] INFO  - ApiNotifyThread thread
2023-10-21 19:00:18:555 +0000 [AppHubThread] INFO  - AppHubThread thread
2023-10-21 19:00:44:069 +0000 [TimerThread] INFO  - TimerThread: active...
2023-10-21 19:00:44:069 +0000 [TimerThread] INFO  - expiredDate : Sat Oct 21 18:59:44 UTC 2023
2023-10-21 19:00:44:069 +0000 [TimerThread] INFO  - TimerThread: markExpiredDevLoraCfg()
2023-10-21 19:01:18:550 +0000 [ApiNotifyThread] INFO  - ApiNotifyThread thread
2023-10-21 19:01:18:560 +0000 [AppHubThread] INFO  - AppHubThread thread
2023-10-21 19:01:44:074 +0000 [TimerThread] INFO  - TimerThread: active...
2023-10-21 19:01:44:074 +0000 [TimerThread] INFO  - TimerThread: finish check device buffer expiry
2023-10-21 19:01:44:074 +0000 [TimerThread] INFO  - expiredDate : Sat Oct 21 19:00:44 UTC 2023
2023-10-21 19:01:44:074 +0000 [TimerThread] INFO  - TimerThread: markExpiredDevLoraCfg()
2023-10-21 19:02:18:555 +0000 [ApiNotifyThread] INFO  - ApiNotifyThread thread
2023-10-21 19:02:18:566 +0000 [AppHubThread] INFO  - AppHubThread thread
2023-10-21 19:02:44:084 +0000 [TimerThread] INFO  - TimerThread: active...
2023-10-21 19:02:44:085 +0000 [TimerThread] INFO  - expiredDate : Sat Oct 21 19:01:44 UTC 2023
2023-10-21 19:02:44:085 +0000 [TimerThread] INFO  - TimerThread: markExpiredDevLoraCfg()
2023-10-21 19:03:18:560 +0000 [ApiNotifyThread] INFO  - ApiNotifyThread thread
2023-10-21 19:03:18:571 +0000 [AppHubThread] INFO  - AppHubThread thread
2023-10-21 19:03:44:090 +0000 [TimerThread] INFO  - TimerThread: active...
2023-10-21 19:03:44:090 +0000 [TimerThread] INFO  - expiredDate : Sat Oct 21 19:02:44 UTC 2023
2023-10-21 19:03:44:090 +0000 [TimerThread] INFO  - TimerThread: markExpiredDevLoraCfg()
2023-10-21 19:04:18:566 +0000 [ApiNotifyThread] INFO  - ApiNotifyThread thread
2023-10-21 19:04:18:576 +0000 [AppHubThread] INFO  - AppHubThread thread
2023-10-21 19:04:44:094 +0000 [TimerThread] INFO  - TimerThread: active...
2023-10-21 19:04:44:094 +0000 [TimerThread] INFO  - expiredDate : Sat Oct 21 19:03:44 UTC 2023
2023-10-21 19:04:44:095 +0000 [TimerThread] INFO  - TimerThread: markExpiredDevLoraCfg()
2023-10-21 19:05:18:571 +0000 [ApiNotifyThread] INFO  - ApiNotifyThread thread
2023-10-21 19:05:18:580 +0000 [AppHubThread] INFO  - AppHubThread thread
2023-10-21 19:05:44:099 +0000 [TimerThread] INFO  - TimerThread: active...
2023-10-21 19:05:44:099 +0000 [TimerThread] INFO  - expiredDate : Sat Oct 21 19:04:44 UTC 2023
2023-10-21 19:05:44:100 +0000 [TimerThread] INFO  - TimerThread: markExpiredDevLoraCfg()
2023-10-21 19:06:18:576 +0000 [ApiNotifyThread] INFO  - ApiNotifyThread thread
2023-10-21 19:06:18:585 +0000 [AppHubThread] INFO  - AppHubThread thread
2023-10-21 19:06:44:105 +0000 [TimerThread] INFO  - TimerThread: active...
2023-10-21 19:06:44:105 +0000 [TimerThread] INFO  - TimerThread: finish check device buffer expiry
2023-10-21 19:06:44:105 +0000 [TimerThread] INFO  - expiredDate : Sat Oct 21 19:05:44 UTC 2023
2023-10-21 19:06:44:105 +0000 [TimerThread] INFO  - TimerThread: markExpiredDevLoraCfg()
2023-10-21 19:07:18:581 +0000 [ApiNotifyThread] INFO  - ApiNotifyThread thread
2023-10-21 19:07:18:590 +0000 [AppHubThread] INFO  - AppHubThread thread
2023-10-21 19:07:44:110 +0000 [TimerThread] INFO  - TimerThread: active...
2023-10-21 19:07:44:110 +0000 [TimerThread] INFO  - expiredDate : Sat Oct 21 19:06:44 UTC 2023
2023-10-21 19:07:44:110 +0000 [TimerThread] INFO  - TimerThread: markExpiredDevLoraCfg()
2023-10-21 19:08:18:587 +0000 [ApiNotifyThread] INFO  - ApiNotifyThread thread
2023-10-21 19:08:18:595 +0000 [AppHubThread] INFO  - AppHubThread thread
2023-10-21 19:08:44:115 +0000 [TimerThread] INFO  - TimerThread: active...
2023-10-21 19:08:44:115 +0000 [TimerThread] INFO  - expiredDate : Sat Oct 21 19:07:44 UTC 2023
2023-10-21 19:08:44:115 +0000 [TimerThread] INFO  - TimerThread: markExpiredDevLoraCfg()
2023-10-21 19:09:18:592 +0000 [ApiNotifyThread] INFO  - ApiNotifyThread thread
2023-10-21 19:09:18:600 +0000 [AppHubThread] INFO  - AppHubThread thread
2023-10-21 19:09:44:120 +0000 [TimerThread] INFO  - TimerThread: active...
2023-10-21 19:09:44:120 +0000 [TimerThread] INFO  - expiredDate : Sat Oct 21 19:08:44 UTC 2023
2023-10-21 19:09:44:120 +0000 [TimerThread] INFO  - TimerThread: markExpiredDevLoraCfg()
2023-10-21 19:10:18:598 +0000 [ApiNotifyThread] INFO  - ApiNotifyThread thread
2023-10-21 19:10:18:605 +0000 [AppHubThread] INFO  - AppHubThread thread
2023-10-21 19:10:44:125 +0000 [TimerThread] INFO  - TimerThread: active...
2023-10-21 19:10:44:125 +0000 [TimerThread] INFO  - expiredDate : Sat Oct 21 19:09:44 UTC 2023
2023-10-21 19:10:44:125 +0000 [TimerThread] INFO  - TimerThread: markExpiredDevLoraCfg()
2023-10-21 19:11:18:603 +0000 [ApiNotifyThread] INFO  - ApiNotifyThread thread
2023-10-21 19:11:18:609 +0000 [AppHubThread] INFO  - AppHubThread thread
2023-10-21 19:11:44:129 +0000 [TimerThread] INFO  - TimerThread: active...
2023-10-21 19:11:44:130 +0000 [TimerThread] INFO  - TimerThread: finish check device buffer expiry
2023-10-21 19:11:44:130 +0000 [TimerThread] INFO  - expiredDate : Sat Oct 21 19:10:44 UTC 2023
2023-10-21 19:11:44:130 +0000 [TimerThread] INFO  - TimerThread: markExpiredDevLoraCfg()
2023-10-21 19:12:18:608 +0000 [ApiNotifyThread] INFO  - ApiNotifyThread thread
2023-10-21 19:12:18:614 +0000 [AppHubThread] INFO  - AppHubThread thread
2023-10-21 19:12:44:135 +0000 [TimerThread] INFO  - TimerThread: active...
2023-10-21 19:12:44:135 +0000 [TimerThread] INFO  - expiredDate : Sat Oct 21 19:11:44 UTC 2023
2023-10-21 19:12:44:136 +0000 [TimerThread] INFO  - TimerThread: markExpiredDevLoraCfg()
2023-10-21 19:13:18:614 +0000 [ApiNotifyThread] INFO  - ApiNotifyThread thread
2023-10-21 19:13:18:619 +0000 [AppHubThread] INFO  - AppHubThread thread
2023-10-21 19:13:44:140 +0000 [TimerThread] INFO  - TimerThread: active...
2023-10-21 19:13:44:140 +0000 [TimerThread] INFO  - expiredDate : Sat Oct 21 19:12:44 UTC 2023
2023-10-21 19:13:44:141 +0000 [TimerThread] INFO  - TimerThread: markExpiredDevLoraCfg()
2023-10-21 19:14:18:619 +0000 [ApiNotifyThread] INFO  - ApiNotifyThread thread
2023-10-21 19:14:18:624 +0000 [AppHubThread] INFO  - AppHubThread thread
2023-10-21 19:14:44:145 +0000 [TimerThread] INFO  - TimerThread: active...
2023-10-21 19:14:44:145 +0000 [TimerThread] INFO  - expiredDate : Sat Oct 21 19:13:44 UTC 2023
2023-10-21 19:14:44:146 +0000 [TimerThread] INFO  - TimerThread: markExpiredDevLoraCfg()
2023-10-21 19:15:18:624 +0000 [ApiNotifyThread] INFO  - ApiNotifyThread thread
2023-10-21 19:15:18:629 +0000 [AppHubThread] INFO  - AppHubThread thread
2023-10-21 19:15:44:150 +0000 [TimerThread] INFO  - TimerThread: active...
2023-10-21 19:15:44:150 +0000 [TimerThread] INFO  - expiredDate : Sat Oct 21 19:14:44 UTC 2023
2023-10-21 19:15:44:151 +0000 [TimerThread] INFO  - TimerThread: markExpiredDevLoraCfg()
2023-10-21 19:16:18:629 +0000 [ApiNotifyThread] INFO  - ApiNotifyThread thread
2023-10-21 19:16:18:634 +0000 [AppHubThread] INFO  - AppHubThread thread
2023-10-21 19:16:44:155 +0000 [TimerThread] INFO  - TimerThread: active...
2023-10-21 19:16:44:155 +0000 [TimerThread] INFO  - TimerThread: finish check device buffer expiry
2023-10-21 19:16:44:155 +0000 [TimerThread] INFO  - expiredDate : Sat Oct 21 19:15:44 UTC 2023
2023-10-21 19:16:44:156 +0000 [TimerThread] INFO  - TimerThread: markExpiredDevLoraCfg()
2023-10-21 19:17:18:634 +0000 [ApiNotifyThread] INFO  - ApiNotifyThread thread
2023-10-21 19:17:18:639 +0000 [AppHubThread] INFO  - AppHubThread thread
2023-10-21 19:17:44:160 +0000 [TimerThread] INFO  - TimerThread: active...
2023-10-21 19:17:44:160 +0000 [TimerThread] INFO  - expiredDate : Sat Oct 21 19:16:44 UTC 2023
2023-10-21 19:17:44:160 +0000 [TimerThread] INFO  - TimerThread: markExpiredDevLoraCfg()
2023-10-21 19:18:18:639 +0000 [ApiNotifyThread] INFO  - ApiNotifyThread thread
2023-10-21 19:18:18:644 +0000 [AppHubThread] INFO  - AppHubThread thread
2023-10-21 19:18:44:165 +0000 [TimerThread] INFO  - TimerThread: active...
2023-10-21 19:18:44:165 +0000 [TimerThread] INFO  - expiredDate : Sat Oct 21 19:17:44 UTC 2023
2023-10-21 19:18:44:165 +0000 [TimerThread] INFO  - TimerThread: markExpiredDevLoraCfg()
2023-10-21 19:19:18:645 +0000 [ApiNotifyThread] INFO  - ApiNotifyThread thread
2023-10-21 19:19:18:649 +0000 [AppHubThread] INFO  - AppHubThread thread
2023-10-21 19:19:44:170 +0000 [TimerThread] INFO  - TimerThread: active...
2023-10-21 19:19:44:170 +0000 [TimerThread] INFO  - expiredDate : Sat Oct 21 19:18:44 UTC 2023
2023-10-21 19:19:44:170 +0000 [TimerThread] INFO  - TimerThread: markExpiredDevLoraCfg()
2023-10-21 19:20:18:650 +0000 [ApiNotifyThread] INFO  - ApiNotifyThread thread
2023-10-21 19:20:18:654 +0000 [AppHubThread] INFO  - AppHubThread thread
2023-10-21 19:20:44:174 +0000 [TimerThread] INFO  - TimerThread: active...
2023-10-21 19:20:44:174 +0000 [TimerThread] INFO  - expiredDate : Sat Oct 21 19:19:44 UTC 2023
2023-10-21 19:20:44:174 +0000 [TimerThread] INFO  - TimerThread: markExpiredDevLoraCfg()
2023-10-21 19:21:18:655 +0000 [ApiNotifyThread] INFO  - ApiNotifyThread thread
2023-10-21 19:21:18:659 +0000 [AppHubThread] INFO  - AppHubThread thread
2023-10-21 19:21:44:179 +0000 [TimerThread] INFO  - TimerThread: active...
2023-10-21 19:21:44:179 +0000 [TimerThread] INFO  - TimerThread: finish check device buffer expiry
2023-10-21 19:21:44:179 +0000 [TimerThread] INFO  - expiredDate : Sat Oct 21 19:20:44 UTC 2023
2023-10-21 19:21:44:180 +0000 [TimerThread] INFO  - TimerThread: markExpiredDevLoraCfg()
2023-10-21 19:22:18:660 +0000 [ApiNotifyThread] INFO  - ApiNotifyThread thread
2023-10-21 19:22:18:663 +0000 [AppHubThread] INFO  - AppHubThread thread
2023-10-21 19:22:44:184 +0000 [TimerThread] INFO  - TimerThread: active...
2023-10-21 19:22:44:184 +0000 [TimerThread] INFO  - expiredDate : Sat Oct 21 19:21:44 UTC 2023
2023-10-21 19:22:44:184 +0000 [TimerThread] INFO  - TimerThread: markExpiredDevLoraCfg()
2023-10-21 19:23:18:665 +0000 [ApiNotifyThread] INFO  - ApiNotifyThread thread
2023-10-21 19:23:18:668 +0000 [AppHubThread] INFO  - AppHubThread thread
2023-10-21 19:23:44:189 +0000 [TimerThread] INFO  - TimerThread: active...
2023-10-21 19:23:44:189 +0000 [TimerThread] INFO  - expiredDate : Sat Oct 21 19:22:44 UTC 2023
2023-10-21 19:23:44:189 +0000 [TimerThread] INFO  - TimerThread: markExpiredDevLoraCfg()
2023-10-21 19:24:18:670 +0000 [ApiNotifyThread] INFO  - ApiNotifyThread thread
2023-10-21 19:24:18:673 +0000 [AppHubThread] INFO  - AppHubThread thread
2023-10-21 19:24:44:194 +0000 [TimerThread] INFO  - TimerThread: active...
2023-10-21 19:24:44:194 +0000 [TimerThread] INFO  - expiredDate : Sat Oct 21 19:23:44 UTC 2023
2023-10-21 19:24:44:194 +0000 [TimerThread] INFO  - TimerThread: markExpiredDevLoraCfg()
2023-10-21 19:25:18:674 +0000 [ApiNotifyThread] INFO  - ApiNotifyThread thread
2023-10-21 19:25:18:677 +0000 [AppHubThread] INFO  - AppHubThread thread
2023-10-21 19:25:44:198 +0000 [TimerThread] INFO  - TimerThread: active...
2023-10-21 19:25:44:198 +0000 [TimerThread] INFO  - expiredDate : Sat Oct 21 19:24:44 UTC 2023
2023-10-21 19:25:44:199 +0000 [TimerThread] INFO  - TimerThread: markExpiredDevLoraCfg()
2023-10-21 19:26:18:680 +0000 [ApiNotifyThread] INFO  - ApiNotifyThread thread
2023-10-21 19:26:18:682 +0000 [AppHubThread] INFO  - AppHubThread thread
2023-10-21 19:26:44:204 +0000 [TimerThread] INFO  - TimerThread: active...
2023-10-21 19:26:44:204 +0000 [TimerThread] INFO  - TimerThread: finish check device buffer expiry
2023-10-21 19:26:44:204 +0000 [TimerThread] INFO  - expiredDate : Sat Oct 21 19:25:44 UTC 2023
2023-10-21 19:26:44:204 +0000 [TimerThread] INFO  - TimerThread: markExpiredDevLoraCfg()
2023-10-21 19:27:18:685 +0000 [ApiNotifyThread] INFO  - ApiNotifyThread thread
2023-10-21 19:27:18:687 +0000 [AppHubThread] INFO  - AppHubThread thread
2023-10-21 19:27:44:209 +0000 [TimerThread] INFO  - TimerThread: active...
2023-10-21 19:27:44:210 +0000 [TimerThread] INFO  - expiredDate : Sat Oct 21 19:26:44 UTC 2023
2023-10-21 19:27:44:210 +0000 [TimerThread] INFO  - TimerThread: markExpiredDevLoraCfg()
2023-10-21 19:28:18:690 +0000 [ApiNotifyThread] INFO  - ApiNotifyThread thread
2023-10-21 19:28:18:692 +0000 [AppHubThread] INFO  - AppHubThread thread
2023-10-21 19:28:44:215 +0000 [TimerThread] INFO  - TimerThread: active...
2023-10-21 19:28:44:215 +0000 [TimerThread] INFO  - expiredDate : Sat Oct 21 19:27:44 UTC 2023
2023-10-21 19:28:44:215 +0000 [TimerThread] INFO  - TimerThread: markExpiredDevLoraCfg()
2023-10-21 19:29:18:695 +0000 [ApiNotifyThread] INFO  - ApiNotifyThread thread
2023-10-21 19:29:18:697 +0000 [AppHubThread] INFO  - AppHubThread thread
2023-10-21 19:29:44:220 +0000 [TimerThread] INFO  - TimerThread: active...
2023-10-21 19:29:44:220 +0000 [TimerThread] INFO  - expiredDate : Sat Oct 21 19:28:44 UTC 2023
2023-10-21 19:29:44:220 +0000 [TimerThread] INFO  - TimerThread: markExpiredDevLoraCfg()
2023-10-21 19:30:18:700 +0000 [ApiNotifyThread] INFO  - ApiNotifyThread thread
2023-10-21 19:30:18:701 +0000 [AppHubThread] INFO  - AppHubThread thread
2023-10-21 19:30:44:226 +0000 [TimerThread] INFO  - TimerThread: active...
2023-10-21 19:30:44:226 +0000 [TimerThread] INFO  - expiredDate : Sat Oct 21 19:29:44 UTC 2023
2023-10-21 19:30:44:226 +0000 [TimerThread] INFO  - TimerThread: markExpiredDevLoraCfg()
2023-10-21 19:31:18:705 +0000 [ApiNotifyThread] INFO  - ApiNotifyThread thread
2023-10-21 19:31:18:706 +0000 [AppHubThread] INFO  - AppHubThread thread
2023-10-21 19:31:44:231 +0000 [TimerThread] INFO  - TimerThread: active...
2023-10-21 19:31:44:231 +0000 [TimerThread] INFO  - TimerThread: finish check device buffer expiry
2023-10-21 19:31:44:231 +0000 [TimerThread] INFO  - expiredDate : Sat Oct 21 19:30:44 UTC 2023
2023-10-21 19:31:44:231 +0000 [TimerThread] INFO  - TimerThread: markExpiredDevLoraCfg()
2023-10-21 19:32:18:711 +0000 [ApiNotifyThread] INFO  - ApiNotifyThread thread
2023-10-21 19:32:18:711 +0000 [AppHubThread] INFO  - AppHubThread thread
2023-10-21 19:32:44:236 +0000 [TimerThread] INFO  - TimerThread: active...
2023-10-21 19:32:44:236 +0000 [TimerThread] INFO  - expiredDate : Sat Oct 21 19:31:44 UTC 2023
2023-10-21 19:32:44:236 +0000 [TimerThread] INFO  - TimerThread: markExpiredDevLoraCfg()
2023-10-21 19:33:18:716 +0000 [AppHubThread] INFO  - AppHubThread thread
2023-10-21 19:33:18:716 +0000 [ApiNotifyThread] INFO  - ApiNotifyThread thread
2023-10-21 19:33:44:242 +0000 [TimerThread] INFO  - TimerThread: active...
2023-10-21 19:33:44:242 +0000 [TimerThread] INFO  - expiredDate : Sat Oct 21 19:32:44 UTC 2023
2023-10-21 19:33:44:242 +0000 [TimerThread] INFO  - TimerThread: markExpiredDevLoraCfg()
2023-10-21 19:34:18:721 +0000 [ApiNotifyThread] INFO  - ApiNotifyThread thread
2023-10-21 19:34:18:721 +0000 [AppHubThread] INFO  - AppHubThread thread
2023-10-21 19:34:44:247 +0000 [TimerThread] INFO  - TimerThread: active...
2023-10-21 19:34:44:247 +0000 [TimerThread] INFO  - expiredDate : Sat Oct 21 19:33:44 UTC 2023
2023-10-21 19:34:44:248 +0000 [TimerThread] INFO  - TimerThread: markExpiredDevLoraCfg()
2023-10-21 19:35:18:726 +0000 [ApiNotifyThread] INFO  - ApiNotifyThread thread
2023-10-21 19:35:18:727 +0000 [AppHubThread] INFO  - AppHubThread thread
2023-10-21 19:35:44:253 +0000 [TimerThread] INFO  - TimerThread: active...
2023-10-21 19:35:44:253 +0000 [TimerThread] INFO  - expiredDate : Sat Oct 21 19:34:44 UTC 2023
2023-10-21 19:35:44:253 +0000 [TimerThread] INFO  - TimerThread: markExpiredDevLoraCfg()
2023-10-21 19:36:18:732 +0000 [ApiNotifyThread] INFO  - ApiNotifyThread thread
2023-10-21 19:36:18:732 +0000 [AppHubThread] INFO  - AppHubThread thread
2023-10-21 19:36:44:258 +0000 [TimerThread] INFO  - TimerThread: active...
2023-10-21 19:36:44:258 +0000 [TimerThread] INFO  - TimerThread: finish check device buffer expiry
2023-10-21 19:36:44:258 +0000 [TimerThread] INFO  - expiredDate : Sat Oct 21 19:35:44 UTC 2023
2023-10-21 19:36:44:258 +0000 [TimerThread] INFO  - TimerThread: markExpiredDevLoraCfg()
2023-10-21 19:37:18:737 +0000 [AppHubThread] INFO  - AppHubThread thread
2023-10-21 19:37:18:737 +0000 [ApiNotifyThread] INFO  - ApiNotifyThread thread
2023-10-21 19:37:44:263 +0000 [TimerThread] INFO  - TimerThread: active...
2023-10-21 19:37:44:263 +0000 [TimerThread] INFO  - expiredDate : Sat Oct 21 19:36:44 UTC 2023
2023-10-21 19:37:44:263 +0000 [TimerThread] INFO  - TimerThread: markExpiredDevLoraCfg()
2023-10-21 19:38:18:742 +0000 [AppHubThread] INFO  - AppHubThread thread
2023-10-21 19:38:18:742 +0000 [ApiNotifyThread] INFO  - ApiNotifyThread thread
2023-10-21 19:38:44:268 +0000 [TimerThread] INFO  - TimerThread: active...
2023-10-21 19:38:44:269 +0000 [TimerThread] INFO  - expiredDate : Sat Oct 21 19:37:44 UTC 2023
2023-10-21 19:38:44:269 +0000 [TimerThread] INFO  - TimerThread: markExpiredDevLoraCfg()
2023-10-21 19:39:18:747 +0000 [ApiNotifyThread] INFO  - ApiNotifyThread thread
2023-10-21 19:39:18:747 +0000 [AppHubThread] INFO  - AppHubThread thread
2023-10-21 19:39:44:274 +0000 [TimerThread] INFO  - TimerThread: active...
2023-10-21 19:39:44:274 +0000 [TimerThread] INFO  - expiredDate : Sat Oct 21 19:38:44 UTC 2023
2023-10-21 19:39:44:274 +0000 [TimerThread] INFO  - TimerThread: markExpiredDevLoraCfg()
2023-10-21 19:40:18:752 +0000 [ApiNotifyThread] INFO  - ApiNotifyThread thread
2023-10-21 19:40:18:752 +0000 [AppHubThread] INFO  - AppHubThread thread
2023-10-21 19:40:44:279 +0000 [TimerThread] INFO  - TimerThread: active...
2023-10-21 19:40:44:280 +0000 [TimerThread] INFO  - expiredDate : Sat Oct 21 19:39:44 UTC 2023
2023-10-21 19:40:44:280 +0000 [TimerThread] INFO  - TimerThread: markExpiredDevLoraCfg()
2023-10-21 19:41:18:757 +0000 [ApiNotifyThread] INFO  - ApiNotifyThread thread
2023-10-21 19:41:18:757 +0000 [AppHubThread] INFO  - AppHubThread thread
2023-10-21 19:41:44:285 +0000 [TimerThread] INFO  - TimerThread: active...
2023-10-21 19:41:44:285 +0000 [TimerThread] INFO  - TimerThread: finish check device buffer expiry
2023-10-21 19:41:44:285 +0000 [TimerThread] INFO  - expiredDate : Sat Oct 21 19:40:44 UTC 2023
2023-10-21 19:41:44:285 +0000 [TimerThread] INFO  - TimerThread: markExpiredDevLoraCfg()
2023-10-21 19:42:18:762 +0000 [ApiNotifyThread] INFO  - ApiNotifyThread thread
2023-10-21 19:42:18:763 +0000 [AppHubThread] INFO  - AppHubThread thread
2023-10-21 19:42:44:290 +0000 [TimerThread] INFO  - TimerThread: active...
2023-10-21 19:42:44:290 +0000 [TimerThread] INFO  - expiredDate : Sat Oct 21 19:41:44 UTC 2023
2023-10-21 19:42:44:290 +0000 [TimerThread] INFO  - TimerThread: markExpiredDevLoraCfg()
2023-10-21 19:43:18:767 +0000 [ApiNotifyThread] INFO  - ApiNotifyThread thread
2023-10-21 19:43:18:767 +0000 [AppHubThread] INFO  - AppHubThread thread
2023-10-21 19:43:44:296 +0000 [TimerThread] INFO  - TimerThread: active...
2023-10-21 19:43:44:296 +0000 [TimerThread] INFO  - expiredDate : Sat Oct 21 19:42:44 UTC 2023
2023-10-21 19:43:44:296 +0000 [TimerThread] INFO  - TimerThread: markExpiredDevLoraCfg()
2023-10-21 19:44:18:772 +0000 [ApiNotifyThread] INFO  - ApiNotifyThread thread
2023-10-21 19:44:18:773 +0000 [AppHubThread] INFO  - AppHubThread thread
2023-10-21 19:44:44:301 +0000 [TimerThread] INFO  - TimerThread: active...
2023-10-21 19:44:44:301 +0000 [TimerThread] INFO  - expiredDate : Sat Oct 21 19:43:44 UTC 2023
2023-10-21 19:44:44:301 +0000 [TimerThread] INFO  - TimerThread: markExpiredDevLoraCfg()
2023-10-21 19:45:18:777 +0000 [ApiNotifyThread] INFO  - ApiNotifyThread thread
2023-10-21 19:45:18:778 +0000 [AppHubThread] INFO  - AppHubThread thread
2023-10-21 19:45:44:306 +0000 [TimerThread] INFO  - TimerThread: active...
2023-10-21 19:45:44:306 +0000 [TimerThread] INFO  - expiredDate : Sat Oct 21 19:44:44 UTC 2023
2023-10-21 19:45:44:307 +0000 [TimerThread] INFO  - TimerThread: markExpiredDevLoraCfg()
2023-10-21 19:46:18:783 +0000 [ApiNotifyThread] INFO  - ApiNotifyThread thread
2023-10-21 19:46:18:783 +0000 [AppHubThread] INFO  - AppHubThread thread
2023-10-21 19:46:44:312 +0000 [TimerThread] INFO  - TimerThread: active...
2023-10-21 19:46:44:312 +0000 [TimerThread] INFO  - TimerThread: finish check device buffer expiry
2023-10-21 19:46:44:312 +0000 [TimerThread] INFO  - expiredDate : Sat Oct 21 19:45:44 UTC 2023
2023-10-21 19:46:44:312 +0000 [TimerThread] INFO  - TimerThread: markExpiredDevLoraCfg()
2023-10-21 19:47:18:788 +0000 [ApiNotifyThread] INFO  - ApiNotifyThread thread
2023-10-21 19:47:18:788 +0000 [AppHubThread] INFO  - AppHubThread thread
2023-10-21 19:47:44:317 +0000 [TimerThread] INFO  - TimerThread: active...
2023-10-21 19:47:44:317 +0000 [TimerThread] INFO  - expiredDate : Sat Oct 21 19:46:44 UTC 2023
2023-10-21 19:47:44:318 +0000 [TimerThread] INFO  - TimerThread: markExpiredDevLoraCfg()
2023-10-21 19:48:18:794 +0000 [AppHubThread] INFO  - AppHubThread thread
2023-10-21 19:48:18:794 +0000 [ApiNotifyThread] INFO  - ApiNotifyThread thread
2023-10-21 19:48:44:323 +0000 [TimerThread] INFO  - TimerThread: active...
2023-10-21 19:48:44:323 +0000 [TimerThread] INFO  - expiredDate : Sat Oct 21 19:47:44 UTC 2023
2023-10-21 19:48:44:323 +0000 [TimerThread] INFO  - TimerThread: markExpiredDevLoraCfg()
2023-10-21 19:49:18:799 +0000 [AppHubThread] INFO  - AppHubThread thread
2023-10-21 19:49:18:799 +0000 [ApiNotifyThread] INFO  - ApiNotifyThread thread
2023-10-21 19:49:44:328 +0000 [TimerThread] INFO  - TimerThread: active...
2023-10-21 19:49:44:328 +0000 [TimerThread] INFO  - expiredDate : Sat Oct 21 19:48:44 UTC 2023
2023-10-21 19:49:44:329 +0000 [TimerThread] INFO  - TimerThread: markExpiredDevLoraCfg()
2023-10-21 19:50:18:804 +0000 [ApiNotifyThread] INFO  - ApiNotifyThread thread
2023-10-21 19:50:18:804 +0000 [AppHubThread] INFO  - AppHubThread thread
2023-10-21 19:50:44:334 +0000 [TimerThread] INFO  - TimerThread: active...
2023-10-21 19:50:44:334 +0000 [TimerThread] INFO  - expiredDate : Sat Oct 21 19:49:44 UTC 2023
2023-10-21 19:50:44:334 +0000 [TimerThread] INFO  - TimerThread: markExpiredDevLoraCfg()
2023-10-21 19:51:18:809 +0000 [AppHubThread] INFO  - AppHubThread thread
2023-10-21 19:51:18:810 +0000 [ApiNotifyThread] INFO  - ApiNotifyThread thread
2023-10-21 19:51:44:340 +0000 [TimerThread] INFO  - TimerThread: active...
2023-10-21 19:51:44:340 +0000 [TimerThread] INFO  - TimerThread: finish check device buffer expiry
2023-10-21 19:51:44:340 +0000 [TimerThread] INFO  - expiredDate : Sat Oct 21 19:50:44 UTC 2023
2023-10-21 19:51:44:340 +0000 [TimerThread] INFO  - TimerThread: markExpiredDevLoraCfg()
2023-10-21 19:52:18:815 +0000 [AppHubThread] INFO  - AppHubThread thread
2023-10-21 19:52:18:815 +0000 [ApiNotifyThread] INFO  - ApiNotifyThread thread
2023-10-21 19:52:44:345 +0000 [TimerThread] INFO  - TimerThread: active...
2023-10-21 19:52:44:345 +0000 [TimerThread] INFO  - expiredDate : Sat Oct 21 19:51:44 UTC 2023
2023-10-21 19:52:44:346 +0000 [TimerThread] INFO  - TimerThread: markExpiredDevLoraCfg()
2023-10-21 19:53:18:820 +0000 [AppHubThread] INFO  - AppHubThread thread
2023-10-21 19:53:18:820 +0000 [ApiNotifyThread] INFO  - ApiNotifyThread thread
2023-10-21 19:53:44:351 +0000 [TimerThread] INFO  - TimerThread: active...
2023-10-21 19:53:44:351 +0000 [TimerThread] INFO  - expiredDate : Sat Oct 21 19:52:44 UTC 2023
2023-10-21 19:53:44:351 +0000 [TimerThread] INFO  - TimerThread: markExpiredDevLoraCfg()
2023-10-21 19:54:18:825 +0000 [AppHubThread] INFO  - AppHubThread thread
2023-10-21 19:54:18:825 +0000 [ApiNotifyThread] INFO  - ApiNotifyThread thread
2023-10-21 19:54:44:356 +0000 [TimerThread] INFO  - TimerThread: active...
2023-10-21 19:54:44:356 +0000 [TimerThread] INFO  - expiredDate : Sat Oct 21 19:53:44 UTC 2023
2023-10-21 19:54:44:357 +0000 [TimerThread] INFO  - TimerThread: markExpiredDevLoraCfg()
2023-10-21 19:55:18:831 +0000 [AppHubThread] INFO  - AppHubThread thread
2023-10-21 19:55:18:831 +0000 [ApiNotifyThread] INFO  - ApiNotifyThread thread
2023-10-21 19:55:44:362 +0000 [TimerThread] INFO  - TimerThread: active...
2023-10-21 19:55:44:362 +0000 [TimerThread] INFO  - expiredDate : Sat Oct 21 19:54:44 UTC 2023
2023-10-21 19:55:44:362 +0000 [TimerThread] INFO  - TimerThread: markExpiredDevLoraCfg()
2023-10-21 19:56:18:836 +0000 [ApiNotifyThread] INFO  - ApiNotifyThread thread
2023-10-21 19:56:18:836 +0000 [AppHubThread] INFO  - AppHubThread thread
2023-10-21 19:56:44:367 +0000 [TimerThread] INFO  - TimerThread: active...
2023-10-21 19:56:44:367 +0000 [TimerThread] INFO  - TimerThread: finish check device buffer expiry
2023-10-21 19:56:44:367 +0000 [TimerThread] INFO  - expiredDate : Sat Oct 21 19:55:44 UTC 2023
2023-10-21 19:56:44:368 +0000 [TimerThread] INFO  - TimerThread: markExpiredDevLoraCfg()
2023-10-21 19:57:18:841 +0000 [AppHubThread] INFO  - AppHubThread thread
2023-10-21 19:57:18:841 +0000 [ApiNotifyThread] INFO  - ApiNotifyThread thread
2023-10-21 19:57:44:373 +0000 [TimerThread] INFO  - TimerThread: active...
2023-10-21 19:57:44:373 +0000 [TimerThread] INFO  - expiredDate : Sat Oct 21 19:56:44 UTC 2023
2023-10-21 19:57:44:373 +0000 [TimerThread] INFO  - TimerThread: markExpiredDevLoraCfg()
2023-10-21 19:58:18:847 +0000 [AppHubThread] INFO  - AppHubThread thread
2023-10-21 19:58:18:847 +0000 [ApiNotifyThread] INFO  - ApiNotifyThread thread
2023-10-21 19:58:44:378 +0000 [TimerThread] INFO  - TimerThread: active...
2023-10-21 19:58:44:378 +0000 [TimerThread] INFO  - expiredDate : Sat Oct 21 19:57:44 UTC 2023
2023-10-21 19:58:44:378 +0000 [TimerThread] INFO  - TimerThread: markExpiredDevLoraCfg()
2023-10-21 19:59:18:852 +0000 [AppHubThread] INFO  - AppHubThread thread
2023-10-21 19:59:18:852 +0000 [ApiNotifyThread] INFO  - ApiNotifyThread thread
2023-10-21 19:59:44:384 +0000 [TimerThread] INFO  - TimerThread: active...
2023-10-21 19:59:44:384 +0000 [TimerThread] INFO  - expiredDate : Sat Oct 21 19:58:44 UTC 2023
2023-10-21 19:59:44:384 +0000 [TimerThread] INFO  - TimerThread: markExpiredDevLoraCfg()
2023-10-21 20:00:18:857 +0000 [AppHubThread] INFO  - AppHubThread thread
2023-10-21 20:00:18:857 +0000 [ApiNotifyThread] INFO  - ApiNotifyThread thread
2023-10-21 20:00:44:389 +0000 [TimerThread] INFO  - TimerThread: active...
2023-10-21 20:00:44:389 +0000 [TimerThread] INFO  - expiredDate : Sat Oct 21 19:59:44 UTC 2023
2023-10-21 20:00:44:389 +0000 [TimerThread] INFO  - TimerThread: markExpiredDevLoraCfg()
2023-10-21 20:01:18:863 +0000 [AppHubThread] INFO  - AppHubThread thread
2023-10-21 20:01:18:863 +0000 [ApiNotifyThread] INFO  - ApiNotifyThread thread
2023-10-21 20:01:44:394 +0000 [TimerThread] INFO  - TimerThread: active...
2023-10-21 20:01:44:395 +0000 [TimerThread] INFO  - TimerThread: finish check device buffer expiry
2023-10-21 20:01:44:395 +0000 [TimerThread] INFO  - expiredDate : Sat Oct 21 20:00:44 UTC 2023
2023-10-21 20:01:44:395 +0000 [TimerThread] INFO  - TimerThread: markExpiredDevLoraCfg()
2023-10-21 20:02:18:868 +0000 [ApiNotifyThread] INFO  - ApiNotifyThread thread
2023-10-21 20:02:18:868 +0000 [AppHubThread] INFO  - AppHubThread thread
2023-10-21 20:02:44:400 +0000 [TimerThread] INFO  - TimerThread: active...
2023-10-21 20:02:44:400 +0000 [TimerThread] INFO  - expiredDate : Sat Oct 21 20:01:44 UTC 2023
2023-10-21 20:02:44:400 +0000 [TimerThread] INFO  - TimerThread: markExpiredDevLoraCfg()
2023-10-21 20:03:18:873 +0000 [ApiNotifyThread] INFO  - ApiNotifyThread thread
2023-10-21 20:03:18:873 +0000 [AppHubThread] INFO  - AppHubThread thread
2023-10-21 20:03:44:405 +0000 [TimerThread] INFO  - TimerThread: active...
2023-10-21 20:03:44:406 +0000 [TimerThread] INFO  - expiredDate : Sat Oct 21 20:02:44 UTC 2023
2023-10-21 20:03:44:406 +0000 [TimerThread] INFO  - TimerThread: markExpiredDevLoraCfg()
2023-10-21 20:04:18:878 +0000 [ApiNotifyThread] INFO  - ApiNotifyThread thread
2023-10-21 20:04:18:878 +0000 [AppHubThread] INFO  - AppHubThread thread
2023-10-21 20:04:44:411 +0000 [TimerThread] INFO  - TimerThread: active...
2023-10-21 20:04:44:411 +0000 [TimerThread] INFO  - expiredDate : Sat Oct 21 20:03:44 UTC 2023
2023-10-21 20:04:44:411 +0000 [TimerThread] INFO  - TimerThread: markExpiredDevLoraCfg()
2023-10-21 20:05:18:883 +0000 [ApiNotifyThread] INFO  - ApiNotifyThread thread
2023-10-21 20:05:18:885 +0000 [AppHubThread] INFO  - AppHubThread thread
2023-10-21 20:05:44:417 +0000 [TimerThread] INFO  - TimerThread: active...
2023-10-21 20:05:44:417 +0000 [TimerThread] INFO  - expiredDate : Sat Oct 21 20:04:44 UTC 2023
2023-10-21 20:05:44:417 +0000 [TimerThread] INFO  - TimerThread: markExpiredDevLoraCfg()
2023-10-21 20:06:18:888 +0000 [ApiNotifyThread] INFO  - ApiNotifyThread thread
2023-10-21 20:06:18:890 +0000 [AppHubThread] INFO  - AppHubThread thread
2023-10-21 20:06:44:422 +0000 [TimerThread] INFO  - TimerThread: active...
2023-10-21 20:06:44:422 +0000 [TimerThread] INFO  - TimerThread: finish check device buffer expiry
2023-10-21 20:06:44:422 +0000 [TimerThread] INFO  - expiredDate : Sat Oct 21 20:05:44 UTC 2023
2023-10-21 20:06:44:422 +0000 [TimerThread] INFO  - TimerThread: markExpiredDevLoraCfg()
2023-10-21 20:07:18:894 +0000 [ApiNotifyThread] INFO  - ApiNotifyThread thread
2023-10-21 20:07:18:895 +0000 [AppHubThread] INFO  - AppHubThread thread
2023-10-21 20:07:44:430 +0000 [TimerThread] INFO  - TimerThread: active...
2023-10-21 20:07:44:430 +0000 [TimerThread] INFO  - expiredDate : Sat Oct 21 20:06:44 UTC 2023
2023-10-21 20:07:44:430 +0000 [TimerThread] INFO  - TimerThread: markExpiredDevLoraCfg()
2023-10-21 20:08:18:899 +0000 [ApiNotifyThread] INFO  - ApiNotifyThread thread
2023-10-21 20:08:18:900 +0000 [AppHubThread] INFO  - AppHubThread thread
2023-10-21 20:08:44:435 +0000 [TimerThread] INFO  - TimerThread: active...
2023-10-21 20:08:44:435 +0000 [TimerThread] INFO  - expiredDate : Sat Oct 21 20:07:44 UTC 2023
2023-10-21 20:08:44:435 +0000 [TimerThread] INFO  - TimerThread: markExpiredDevLoraCfg()
2023-10-21 20:09:18:906 +0000 [AppHubThread] INFO  - AppHubThread thread
2023-10-21 20:09:18:907 +0000 [ApiNotifyThread] INFO  - ApiNotifyThread thread
2023-10-21 20:09:44:441 +0000 [TimerThread] INFO  - TimerThread: active...
2023-10-21 20:09:44:441 +0000 [TimerThread] INFO  - expiredDate : Sat Oct 21 20:08:44 UTC 2023
2023-10-21 20:09:44:441 +0000 [TimerThread] INFO  - TimerThread: markExpiredDevLoraCfg()
2023-10-21 20:10:18:911 +0000 [AppHubThread] INFO  - AppHubThread thread
2023-10-21 20:10:18:912 +0000 [ApiNotifyThread] INFO  - ApiNotifyThread thread
2023-10-21 20:10:44:446 +0000 [TimerThread] INFO  - TimerThread: active...
2023-10-21 20:10:44:446 +0000 [TimerThread] INFO  - expiredDate : Sat Oct 21 20:09:44 UTC 2023
2023-10-21 20:10:44:446 +0000 [TimerThread] INFO  - TimerThread: markExpiredDevLoraCfg()
2023-10-21 20:11:18:916 +0000 [AppHubThread] INFO  - AppHubThread thread
2023-10-21 20:11:18:917 +0000 [ApiNotifyThread] INFO  - ApiNotifyThread thread
2023-10-21 20:11:44:451 +0000 [TimerThread] INFO  - TimerThread: active...
2023-10-21 20:11:44:451 +0000 [TimerThread] INFO  - TimerThread: finish check device buffer expiry
2023-10-21 20:11:44:451 +0000 [TimerThread] INFO  - expiredDate : Sat Oct 21 20:10:44 UTC 2023
2023-10-21 20:11:44:451 +0000 [TimerThread] INFO  - TimerThread: markExpiredDevLoraCfg()
2023-10-21 20:12:18:922 +0000 [AppHubThread] INFO  - AppHubThread thread
2023-10-21 20:12:18:922 +0000 [ApiNotifyThread] INFO  - ApiNotifyThread thread
2023-10-21 20:12:44:456 +0000 [TimerThread] INFO  - TimerThread: active...
2023-10-21 20:12:44:456 +0000 [TimerThread] INFO  - expiredDate : Sat Oct 21 20:11:44 UTC 2023
2023-10-21 20:12:44:457 +0000 [TimerThread] INFO  - TimerThread: markExpiredDevLoraCfg()
2023-10-21 20:13:18:927 +0000 [AppHubThread] INFO  - AppHubThread thread
2023-10-21 20:13:18:927 +0000 [ApiNotifyThread] INFO  - ApiNotifyThread thread
2023-10-21 20:13:44:462 +0000 [TimerThread] INFO  - TimerThread: active...
2023-10-21 20:13:44:462 +0000 [TimerThread] INFO  - expiredDate : Sat Oct 21 20:12:44 UTC 2023
2023-10-21 20:13:44:462 +0000 [TimerThread] INFO  - TimerThread: markExpiredDevLoraCfg()
2023-10-21 20:14:18:932 +0000 [ApiNotifyThread] INFO  - ApiNotifyThread thread
2023-10-21 20:14:18:932 +0000 [AppHubThread] INFO  - AppHubThread thread
2023-10-21 20:14:44:467 +0000 [TimerThread] INFO  - TimerThread: active...
2023-10-21 20:14:44:467 +0000 [TimerThread] INFO  - expiredDate : Sat Oct 21 20:13:44 UTC 2023
2023-10-21 20:14:44:467 +0000 [TimerThread] INFO  - TimerThread: markExpiredDevLoraCfg()
2023-10-21 20:15:18:937 +0000 [AppHubThread] INFO  - AppHubThread thread
2023-10-21 20:15:18:938 +0000 [ApiNotifyThread] INFO  - ApiNotifyThread thread
2023-10-21 20:15:44:472 +0000 [TimerThread] INFO  - TimerThread: active...
2023-10-21 20:15:44:472 +0000 [TimerThread] INFO  - expiredDate : Sat Oct 21 20:14:44 UTC 2023
2023-10-21 20:15:44:473 +0000 [TimerThread] INFO  - TimerThread: markExpiredDevLoraCfg()
2023-10-21 20:16:18:943 +0000 [ApiNotifyThread] INFO  - ApiNotifyThread thread
2023-10-21 20:16:18:943 +0000 [AppHubThread] INFO  - AppHubThread thread
2023-10-21 20:16:44:478 +0000 [TimerThread] INFO  - TimerThread: active...
2023-10-21 20:16:44:478 +0000 [TimerThread] INFO  - TimerThread: finish check device buffer expiry
2023-10-21 20:16:44:478 +0000 [TimerThread] INFO  - expiredDate : Sat Oct 21 20:15:44 UTC 2023
2023-10-21 20:16:44:478 +0000 [TimerThread] INFO  - TimerThread: markExpiredDevLoraCfg()
2023-10-21 20:17:18:948 +0000 [AppHubThread] INFO  - AppHubThread thread
2023-10-21 20:17:18:948 +0000 [ApiNotifyThread] INFO  - ApiNotifyThread thread
2023-10-21 20:17:44:483 +0000 [TimerThread] INFO  - TimerThread: active...
2023-10-21 20:17:44:483 +0000 [TimerThread] INFO  - expiredDate : Sat Oct 21 20:16:44 UTC 2023
2023-10-21 20:17:44:483 +0000 [TimerThread] INFO  - TimerThread: markExpiredDevLoraCfg()
2023-10-21 20:18:18:954 +0000 [ApiNotifyThread] INFO  - ApiNotifyThread thread
2023-10-21 20:18:18:954 +0000 [AppHubThread] INFO  - AppHubThread thread
2023-10-21 20:18:44:489 +0000 [TimerThread] INFO  - TimerThread: active...
2023-10-21 20:18:44:489 +0000 [TimerThread] INFO  - expiredDate : Sat Oct 21 20:17:44 UTC 2023
2023-10-21 20:18:44:489 +0000 [TimerThread] INFO  - TimerThread: markExpiredDevLoraCfg()
2023-10-21 20:19:18:960 +0000 [AppHubThread] INFO  - AppHubThread thread
2023-10-21 20:19:18:960 +0000 [ApiNotifyThread] INFO  - ApiNotifyThread thread
2023-10-21 20:19:44:495 +0000 [TimerThread] INFO  - TimerThread: active...
2023-10-21 20:19:44:495 +0000 [TimerThread] INFO  - expiredDate : Sat Oct 21 20:18:44 UTC 2023
2023-10-21 20:19:44:495 +0000 [TimerThread] INFO  - TimerThread: markExpiredDevLoraCfg()
2023-10-21 20:20:18:965 +0000 [ApiNotifyThread] INFO  - ApiNotifyThread thread
2023-10-21 20:20:18:965 +0000 [AppHubThread] INFO  - AppHubThread thread
2023-10-21 20:20:44:500 +0000 [TimerThread] INFO  - TimerThread: active...
2023-10-21 20:20:44:500 +0000 [TimerThread] INFO  - expiredDate : Sat Oct 21 20:19:44 UTC 2023
2023-10-21 20:20:44:500 +0000 [TimerThread] INFO  - TimerThread: markExpiredDevLoraCfg()
2023-10-21 20:21:18:970 +0000 [AppHubThread] INFO  - AppHubThread thread
2023-10-21 20:21:18:970 +0000 [ApiNotifyThread] INFO  - ApiNotifyThread thread
2023-10-21 20:21:44:506 +0000 [TimerThread] INFO  - TimerThread: active...
2023-10-21 20:21:44:506 +0000 [TimerThread] INFO  - TimerThread: finish check device buffer expiry
2023-10-21 20:21:44:506 +0000 [TimerThread] INFO  - expiredDate : Sat Oct 21 20:20:44 UTC 2023
2023-10-21 20:21:44:506 +0000 [TimerThread] INFO  - TimerThread: markExpiredDevLoraCfg()
2023-10-21 20:22:18:976 +0000 [ApiNotifyThread] INFO  - ApiNotifyThread thread
2023-10-21 20:22:18:976 +0000 [AppHubThread] INFO  - AppHubThread thread
2023-10-21 20:22:44:511 +0000 [TimerThread] INFO  - TimerThread: active...
2023-10-21 20:22:44:511 +0000 [TimerThread] INFO  - expiredDate : Sat Oct 21 20:21:44 UTC 2023
2023-10-21 20:22:44:512 +0000 [TimerThread] INFO  - TimerThread: markExpiredDevLoraCfg()
2023-10-21 20:23:18:981 +0000 [ApiNotifyThread] INFO  - ApiNotifyThread thread
2023-10-21 20:23:18:982 +0000 [AppHubThread] INFO  - AppHubThread thread
2023-10-21 20:23:44:517 +0000 [TimerThread] INFO  - TimerThread: active...
2023-10-21 20:23:44:517 +0000 [TimerThread] INFO  - expiredDate : Sat Oct 21 20:22:44 UTC 2023
2023-10-21 20:23:44:517 +0000 [TimerThread] INFO  - TimerThread: markExpiredDevLoraCfg()
2023-10-21 20:24:18:987 +0000 [ApiNotifyThread] INFO  - ApiNotifyThread thread
2023-10-21 20:24:18:987 +0000 [AppHubThread] INFO  - AppHubThread thread
2023-10-21 20:24:44:522 +0000 [TimerThread] INFO  - TimerThread: active...
2023-10-21 20:24:44:523 +0000 [TimerThread] INFO  - expiredDate : Sat Oct 21 20:23:44 UTC 2023
2023-10-21 20:24:44:523 +0000 [TimerThread] INFO  - TimerThread: markExpiredDevLoraCfg()
2023-10-21 20:24:52:444 +0000 [Backup Log Timer Task] INFO  - Timer Task: Backup Log file
2023-10-21 20:24:52:444 +0000 [Backup Log Timer Task] INFO  - ------------------------- LOG_PATH = log
