2023-10-21 14:24:52:445 +0000 [Backup Log Timer Task] INFO  - ------------------------- LOG_KEEP_DAYS = null, use default service name
2023-10-21 14:24:52:445 +0000 [Backup Log Timer Task] INFO  - ------------------------- LOG_PATH = log
2023-10-21 14:25:17:156 +0000 [AppHubThread] INFO  - AppHubThread thread
2023-10-21 14:25:17:163 +0000 [ApiNotifyThread] INFO  - ApiNotifyThread thread
2023-10-21 14:25:42:605 +0000 [TimerThread] INFO  - TimerThread: active...
2023-10-21 14:25:42:605 +0000 [TimerThread] INFO  - expiredDate : Sat Oct 21 14:24:42 UTC 2023
2023-10-21 14:25:42:605 +0000 [TimerThread] INFO  - TimerThread: markExpiredDevLoraCfg()
2023-10-21 14:26:17:160 +0000 [AppHubThread] INFO  - AppHubThread thread
2023-10-21 14:26:17:167 +0000 [ApiNotifyThread] INFO  - ApiNotifyThread thread
2023-10-21 14:26:42:610 +0000 [TimerThread] INFO  - TimerThread: active...
2023-10-21 14:26:42:610 +0000 [TimerThread] INFO  - TimerThread: finish check device buffer expiry
2023-10-21 14:26:42:610 +0000 [TimerThread] INFO  - expiredDate : Sat Oct 21 14:25:42 UTC 2023
2023-10-21 14:26:42:610 +0000 [TimerThread] INFO  - TimerThread: markExpiredDevLoraCfg()
2023-10-21 14:27:17:165 +0000 [AppHubThread] INFO  - AppHubThread thread
2023-10-21 14:27:17:172 +0000 [ApiNotifyThread] INFO  - ApiNotifyThread thread
2023-10-21 14:27:42:616 +0000 [TimerThread] INFO  - TimerThread: active...
2023-10-21 14:27:42:616 +0000 [TimerThread] INFO  - expiredDate : Sat Oct 21 14:26:42 UTC 2023
2023-10-21 14:27:42:616 +0000 [TimerThread] INFO  - TimerThread: markExpiredDevLoraCfg()
2023-10-21 14:28:17:170 +0000 [AppHubThread] INFO  - AppHubThread thread
2023-10-21 14:28:17:176 +0000 [ApiNotifyThread] INFO  - ApiNotifyThread thread
2023-10-21 14:28:42:621 +0000 [TimerThread] INFO  - TimerThread: active...
2023-10-21 14:28:42:621 +0000 [TimerThread] INFO  - expiredDate : Sat Oct 21 14:27:42 UTC 2023
2023-10-21 14:28:42:621 +0000 [TimerThread] INFO  - TimerThread: markExpiredDevLoraCfg()
2023-10-21 14:29:17:175 +0000 [AppHubThread] INFO  - AppHubThread thread
2023-10-21 14:29:17:181 +0000 [ApiNotifyThread] INFO  - ApiNotifyThread thread
2023-10-21 14:29:42:626 +0000 [TimerThread] INFO  - TimerThread: active...
2023-10-21 14:29:42:626 +0000 [TimerThread] INFO  - expiredDate : Sat Oct 21 14:28:42 UTC 2023
2023-10-21 14:29:42:626 +0000 [TimerThread] INFO  - TimerThread: markExpiredDevLoraCfg()
2023-10-21 14:30:17:180 +0000 [AppHubThread] INFO  - AppHubThread thread
2023-10-21 14:30:17:186 +0000 [ApiNotifyThread] INFO  - ApiNotifyThread thread
2023-10-21 14:30:42:631 +0000 [TimerThread] INFO  - TimerThread: active...
2023-10-21 14:30:42:631 +0000 [TimerThread] INFO  - expiredDate : Sat Oct 21 14:29:42 UTC 2023
2023-10-21 14:30:42:632 +0000 [TimerThread] INFO  - TimerThread: markExpiredDevLoraCfg()
2023-10-21 14:31:17:185 +0000 [AppHubThread] INFO  - AppHubThread thread
2023-10-21 14:31:17:190 +0000 [ApiNotifyThread] INFO  - ApiNotifyThread thread
2023-10-21 14:31:42:636 +0000 [TimerThread] INFO  - TimerThread: active...
2023-10-21 14:31:42:637 +0000 [TimerThread] INFO  - TimerThread: finish check device buffer expiry
2023-10-21 14:31:42:637 +0000 [TimerThread] INFO  - expiredDate : Sat Oct 21 14:30:42 UTC 2023
2023-10-21 14:31:42:637 +0000 [TimerThread] INFO  - TimerThread: markExpiredDevLoraCfg()
2023-10-21 14:32:17:190 +0000 [AppHubThread] INFO  - AppHubThread thread
2023-10-21 14:32:17:195 +0000 [ApiNotifyThread] INFO  - ApiNotifyThread thread
2023-10-21 14:32:42:642 +0000 [TimerThread] INFO  - TimerThread: active...
2023-10-21 14:32:42:642 +0000 [TimerThread] INFO  - expiredDate : Sat Oct 21 14:31:42 UTC 2023
2023-10-21 14:32:42:642 +0000 [TimerThread] INFO  - TimerThread: markExpiredDevLoraCfg()
2023-10-21 14:33:17:195 +0000 [AppHubThread] INFO  - AppHubThread thread
2023-10-21 14:33:17:200 +0000 [ApiNotifyThread] INFO  - ApiNotifyThread thread
2023-10-21 14:33:42:647 +0000 [TimerThread] INFO  - TimerThread: active...
2023-10-21 14:33:42:647 +0000 [TimerThread] INFO  - expiredDate : Sat Oct 21 14:32:42 UTC 2023
2023-10-21 14:33:42:647 +0000 [TimerThread] INFO  - TimerThread: markExpiredDevLoraCfg()
2023-10-21 14:34:17:200 +0000 [AppHubThread] INFO  - AppHubThread thread
2023-10-21 14:34:17:204 +0000 [ApiNotifyThread] INFO  - ApiNotifyThread thread
2023-10-21 14:34:42:652 +0000 [TimerThread] INFO  - TimerThread: active...
2023-10-21 14:34:42:652 +0000 [TimerThread] INFO  - expiredDate : Sat Oct 21 14:33:42 UTC 2023
2023-10-21 14:34:42:652 +0000 [TimerThread] INFO  - TimerThread: markExpiredDevLoraCfg()
2023-10-21 14:35:17:205 +0000 [AppHubThread] INFO  - AppHubThread thread
2023-10-21 14:35:17:209 +0000 [ApiNotifyThread] INFO  - ApiNotifyThread thread
2023-10-21 14:35:42:657 +0000 [TimerThread] INFO  - TimerThread: active...
2023-10-21 14:35:42:657 +0000 [TimerThread] INFO  - expiredDate : Sat Oct 21 14:34:42 UTC 2023
2023-10-21 14:35:42:658 +0000 [TimerThread] INFO  - TimerThread: markExpiredDevLoraCfg()
2023-10-21 14:36:17:209 +0000 [AppHubThread] INFO  - AppHubThread thread
2023-10-21 14:36:17:214 +0000 [ApiNotifyThread] INFO  - ApiNotifyThread thread
2023-10-21 14:36:42:663 +0000 [TimerThread] INFO  - TimerThread: active...
2023-10-21 14:36:42:663 +0000 [TimerThread] INFO  - TimerThread: finish check device buffer expiry
2023-10-21 14:36:42:663 +0000 [TimerThread] INFO  - expiredDate : Sat Oct 21 14:35:42 UTC 2023
2023-10-21 14:36:42:663 +0000 [TimerThread] INFO  - TimerThread: markExpiredDevLoraCfg()
2023-10-21 14:37:17:214 +0000 [AppHubThread] INFO  - AppHubThread thread
2023-10-21 14:37:17:218 +0000 [ApiNotifyThread] INFO  - ApiNotifyThread thread
2023-10-21 14:37:42:668 +0000 [TimerThread] INFO  - TimerThread: active...
2023-10-21 14:37:42:668 +0000 [TimerThread] INFO  - expiredDate : Sat Oct 21 14:36:42 UTC 2023
2023-10-21 14:37:42:668 +0000 [TimerThread] INFO  - TimerThread: markExpiredDevLoraCfg()
2023-10-21 14:38:17:219 +0000 [AppHubThread] INFO  - AppHubThread thread
2023-10-21 14:38:17:223 +0000 [ApiNotifyThread] INFO  - ApiNotifyThread thread
2023-10-21 14:38:42:673 +0000 [TimerThread] INFO  - TimerThread: active...
2023-10-21 14:38:42:673 +0000 [TimerThread] INFO  - expiredDate : Sat Oct 21 14:37:42 UTC 2023
2023-10-21 14:38:42:674 +0000 [TimerThread] INFO  - TimerThread: markExpiredDevLoraCfg()
2023-10-21 14:39:17:224 +0000 [AppHubThread] INFO  - AppHubThread thread
2023-10-21 14:39:17:228 +0000 [ApiNotifyThread] INFO  - ApiNotifyThread thread
2023-10-21 14:39:42:679 +0000 [TimerThread] INFO  - TimerThread: active...
2023-10-21 14:39:42:679 +0000 [TimerThread] INFO  - expiredDate : Sat Oct 21 14:38:42 UTC 2023
2023-10-21 14:39:42:679 +0000 [TimerThread] INFO  - TimerThread: markExpiredDevLoraCfg()
2023-10-21 14:40:17:229 +0000 [AppHubThread] INFO  - AppHubThread thread
2023-10-21 14:40:17:232 +0000 [ApiNotifyThread] INFO  - ApiNotifyThread thread
2023-10-21 14:40:42:684 +0000 [TimerThread] INFO  - TimerThread: active...
2023-10-21 14:40:42:684 +0000 [TimerThread] INFO  - expiredDate : Sat Oct 21 14:39:42 UTC 2023
2023-10-21 14:40:42:684 +0000 [TimerThread] INFO  - TimerThread: markExpiredDevLoraCfg()
2023-10-21 14:41:17:234 +0000 [AppHubThread] INFO  - AppHubThread thread
2023-10-21 14:41:17:237 +0000 [ApiNotifyThread] INFO  - ApiNotifyThread thread
2023-10-21 14:41:42:689 +0000 [TimerThread] INFO  - TimerThread: active...
2023-10-21 14:41:42:690 +0000 [TimerThread] INFO  - TimerThread: finish check device buffer expiry
2023-10-21 14:41:42:690 +0000 [TimerThread] INFO  - expiredDate : Sat Oct 21 14:40:42 UTC 2023
2023-10-21 14:41:42:690 +0000 [TimerThread] INFO  - TimerThread: markExpiredDevLoraCfg()
2023-10-21 14:42:17:239 +0000 [AppHubThread] INFO  - AppHubThread thread
2023-10-21 14:42:17:242 +0000 [ApiNotifyThread] INFO  - ApiNotifyThread thread
2023-10-21 14:42:42:695 +0000 [TimerThread] INFO  - TimerThread: active...
2023-10-21 14:42:42:695 +0000 [TimerThread] INFO  - expiredDate : Sat Oct 21 14:41:42 UTC 2023
2023-10-21 14:42:42:695 +0000 [TimerThread] INFO  - TimerThread: markExpiredDevLoraCfg()
2023-10-21 14:43:17:243 +0000 [AppHubThread] INFO  - AppHubThread thread
2023-10-21 14:43:17:247 +0000 [ApiNotifyThread] INFO  - ApiNotifyThread thread
2023-10-21 14:43:42:700 +0000 [TimerThread] INFO  - TimerThread: active...
2023-10-21 14:43:42:700 +0000 [TimerThread] INFO  - expiredDate : Sat Oct 21 14:42:42 UTC 2023
2023-10-21 14:43:42:701 +0000 [TimerThread] INFO  - TimerThread: markExpiredDevLoraCfg()
2023-10-21 14:44:17:248 +0000 [AppHubThread] INFO  - AppHubThread thread
2023-10-21 14:44:17:251 +0000 [ApiNotifyThread] INFO  - ApiNotifyThread thread
2023-10-21 14:44:42:706 +0000 [TimerThread] INFO  - TimerThread: active...
2023-10-21 14:44:42:706 +0000 [TimerThread] INFO  - expiredDate : Sat Oct 21 14:43:42 UTC 2023
2023-10-21 14:44:42:706 +0000 [TimerThread] INFO  - TimerThread: markExpiredDevLoraCfg()
2023-10-21 14:45:17:254 +0000 [AppHubThread] INFO  - AppHubThread thread
2023-10-21 14:45:17:256 +0000 [ApiNotifyThread] INFO  - ApiNotifyThread thread
2023-10-21 14:45:42:711 +0000 [TimerThread] INFO  - TimerThread: active...
2023-10-21 14:45:42:711 +0000 [TimerThread] INFO  - expiredDate : Sat Oct 21 14:44:42 UTC 2023
2023-10-21 14:45:42:711 +0000 [TimerThread] INFO  - TimerThread: markExpiredDevLoraCfg()
2023-10-21 14:46:17:258 +0000 [AppHubThread] INFO  - AppHubThread thread
2023-10-21 14:46:17:261 +0000 [ApiNotifyThread] INFO  - ApiNotifyThread thread
2023-10-21 14:46:42:716 +0000 [TimerThread] INFO  - TimerThread: active...
2023-10-21 14:46:42:717 +0000 [TimerThread] INFO  - TimerThread: finish check device buffer expiry
2023-10-21 14:46:42:717 +0000 [TimerThread] INFO  - expiredDate : Sat Oct 21 14:45:42 UTC 2023
2023-10-21 14:46:42:717 +0000 [TimerThread] INFO  - TimerThread: markExpiredDevLoraCfg()
2023-10-21 14:47:17:264 +0000 [AppHubThread] INFO  - AppHubThread thread
2023-10-21 14:47:17:265 +0000 [ApiNotifyThread] INFO  - ApiNotifyThread thread
2023-10-21 14:47:42:722 +0000 [TimerThread] INFO  - TimerThread: active...
2023-10-21 14:47:42:722 +0000 [TimerThread] INFO  - expiredDate : Sat Oct 21 14:46:42 UTC 2023
2023-10-21 14:47:42:722 +0000 [TimerThread] INFO  - TimerThread: markExpiredDevLoraCfg()
2023-10-21 14:48:17:269 +0000 [AppHubThread] INFO  - AppHubThread thread
2023-10-21 14:48:17:270 +0000 [ApiNotifyThread] INFO  - ApiNotifyThread thread
2023-10-21 14:48:42:727 +0000 [TimerThread] INFO  - TimerThread: active...
2023-10-21 14:48:42:727 +0000 [TimerThread] INFO  - expiredDate : Sat Oct 21 14:47:42 UTC 2023
2023-10-21 14:48:42:728 +0000 [TimerThread] INFO  - TimerThread: markExpiredDevLoraCfg()
2023-10-21 14:49:17:273 +0000 [AppHubThread] INFO  - AppHubThread thread
2023-10-21 14:49:17:275 +0000 [ApiNotifyThread] INFO  - ApiNotifyThread thread
2023-10-21 14:49:42:733 +0000 [TimerThread] INFO  - TimerThread: active...
2023-10-21 14:49:42:733 +0000 [TimerThread] INFO  - expiredDate : Sat Oct 21 14:48:42 UTC 2023
2023-10-21 14:49:42:733 +0000 [TimerThread] INFO  - TimerThread: markExpiredDevLoraCfg()
2023-10-21 14:50:17:279 +0000 [AppHubThread] INFO  - AppHubThread thread
2023-10-21 14:50:17:281 +0000 [ApiNotifyThread] INFO  - ApiNotifyThread thread
2023-10-21 14:50:42:738 +0000 [TimerThread] INFO  - TimerThread: active...
2023-10-21 14:50:42:738 +0000 [TimerThread] INFO  - expiredDate : Sat Oct 21 14:49:42 UTC 2023
2023-10-21 14:50:42:739 +0000 [TimerThread] INFO  - TimerThread: markExpiredDevLoraCfg()
2023-10-21 14:51:17:283 +0000 [AppHubThread] INFO  - AppHubThread thread
2023-10-21 14:51:17:286 +0000 [ApiNotifyThread] INFO  - ApiNotifyThread thread
2023-10-21 14:51:42:744 +0000 [TimerThread] INFO  - TimerThread: active...
2023-10-21 14:51:42:744 +0000 [TimerThread] INFO  - TimerThread: finish check device buffer expiry
2023-10-21 14:51:42:744 +0000 [TimerThread] INFO  - expiredDate : Sat Oct 21 14:50:42 UTC 2023
2023-10-21 14:51:42:744 +0000 [TimerThread] INFO  - TimerThread: markExpiredDevLoraCfg()
2023-10-21 14:52:17:289 +0000 [AppHubThread] INFO  - AppHubThread thread
2023-10-21 14:52:17:290 +0000 [ApiNotifyThread] INFO  - ApiNotifyThread thread
2023-10-21 14:52:42:749 +0000 [TimerThread] INFO  - TimerThread: active...
2023-10-21 14:52:42:749 +0000 [TimerThread] INFO  - expiredDate : Sat Oct 21 14:51:42 UTC 2023
2023-10-21 14:52:42:750 +0000 [TimerThread] INFO  - TimerThread: markExpiredDevLoraCfg()
2023-10-21 14:53:17:294 +0000 [AppHubThread] INFO  - AppHubThread thread
2023-10-21 14:53:17:295 +0000 [ApiNotifyThread] INFO  - ApiNotifyThread thread
2023-10-21 14:53:42:755 +0000 [TimerThread] INFO  - TimerThread: active...
2023-10-21 14:53:42:755 +0000 [TimerThread] INFO  - expiredDate : Sat Oct 21 14:52:42 UTC 2023
2023-10-21 14:53:42:755 +0000 [TimerThread] INFO  - TimerThread: markExpiredDevLoraCfg()
2023-10-21 14:54:17:299 +0000 [AppHubThread] INFO  - AppHubThread thread
2023-10-21 14:54:17:300 +0000 [ApiNotifyThread] INFO  - ApiNotifyThread thread
2023-10-21 14:54:42:760 +0000 [TimerThread] INFO  - TimerThread: active...
2023-10-21 14:54:42:760 +0000 [TimerThread] INFO  - expiredDate : Sat Oct 21 14:53:42 UTC 2023
2023-10-21 14:54:42:760 +0000 [TimerThread] INFO  - TimerThread: markExpiredDevLoraCfg()
2023-10-21 14:55:17:304 +0000 [AppHubThread] INFO  - AppHubThread thread
2023-10-21 14:55:17:305 +0000 [ApiNotifyThread] INFO  - ApiNotifyThread thread
2023-10-21 14:55:42:766 +0000 [TimerThread] INFO  - TimerThread: active...
2023-10-21 14:55:42:766 +0000 [TimerThread] INFO  - expiredDate : Sat Oct 21 14:54:42 UTC 2023
2023-10-21 14:55:42:766 +0000 [TimerThread] INFO  - TimerThread: markExpiredDevLoraCfg()
2023-10-21 14:56:17:309 +0000 [AppHubThread] INFO  - AppHubThread thread
2023-10-21 14:56:17:310 +0000 [ApiNotifyThread] INFO  - ApiNotifyThread thread
2023-10-21 14:56:42:771 +0000 [TimerThread] INFO  - TimerThread: active...
2023-10-21 14:56:42:771 +0000 [TimerThread] INFO  - TimerThread: finish check device buffer expiry
2023-10-21 14:56:42:771 +0000 [TimerThread] INFO  - expiredDate : Sat Oct 21 14:55:42 UTC 2023
2023-10-21 14:56:42:771 +0000 [TimerThread] INFO  - TimerThread: markExpiredDevLoraCfg()
2023-10-21 14:57:17:314 +0000 [AppHubThread] INFO  - AppHubThread thread
2023-10-21 14:57:17:314 +0000 [ApiNotifyThread] INFO  - ApiNotifyThread thread
2023-10-21 14:57:42:777 +0000 [TimerThread] INFO  - TimerThread: active...
2023-10-21 14:57:42:777 +0000 [TimerThread] INFO  - expiredDate : Sat Oct 21 14:56:42 UTC 2023
2023-10-21 14:57:42:777 +0000 [TimerThread] INFO  - TimerThread: markExpiredDevLoraCfg()
2023-10-21 14:58:17:319 +0000 [ApiNotifyThread] INFO  - ApiNotifyThread thread
2023-10-21 14:58:17:319 +0000 [AppHubThread] INFO  - AppHubThread thread
2023-10-21 14:58:42:782 +0000 [TimerThread] INFO  - TimerThread: active...
2023-10-21 14:58:42:782 +0000 [TimerThread] INFO  - expiredDate : Sat Oct 21 14:57:42 UTC 2023
2023-10-21 14:58:42:782 +0000 [TimerThread] INFO  - TimerThread: markExpiredDevLoraCfg()
2023-10-21 14:59:17:325 +0000 [AppHubThread] INFO  - AppHubThread thread
2023-10-21 14:59:17:325 +0000 [ApiNotifyThread] INFO  - ApiNotifyThread thread
2023-10-21 14:59:42:787 +0000 [TimerThread] INFO  - TimerThread: active...
2023-10-21 14:59:42:787 +0000 [TimerThread] INFO  - expiredDate : Sat Oct 21 14:58:42 UTC 2023
2023-10-21 14:59:42:788 +0000 [TimerThread] INFO  - TimerThread: markExpiredDevLoraCfg()
2023-10-21 15:00:17:330 +0000 [ApiNotifyThread] INFO  - ApiNotifyThread thread
2023-10-21 15:00:17:330 +0000 [AppHubThread] INFO  - AppHubThread thread
2023-10-21 15:00:42:793 +0000 [TimerThread] INFO  - TimerThread: active...
2023-10-21 15:00:42:793 +0000 [TimerThread] INFO  - expiredDate : Sat Oct 21 14:59:42 UTC 2023
2023-10-21 15:00:42:793 +0000 [TimerThread] INFO  - TimerThread: markExpiredDevLoraCfg()
2023-10-21 15:01:17:335 +0000 [AppHubThread] INFO  - AppHubThread thread
2023-10-21 15:01:17:335 +0000 [ApiNotifyThread] INFO  - ApiNotifyThread thread
2023-10-21 15:01:42:798 +0000 [TimerThread] INFO  - TimerThread: active...
2023-10-21 15:01:42:799 +0000 [TimerThread] INFO  - TimerThread: finish check device buffer expiry
2023-10-21 15:01:42:799 +0000 [TimerThread] INFO  - expiredDate : Sat Oct 21 15:00:42 UTC 2023
2023-10-21 15:01:42:799 +0000 [TimerThread] INFO  - TimerThread: markExpiredDevLoraCfg()
2023-10-21 15:02:17:340 +0000 [AppHubThread] INFO  - AppHubThread thread
2023-10-21 15:02:17:340 +0000 [ApiNotifyThread] INFO  - ApiNotifyThread thread
2023-10-21 15:02:42:804 +0000 [TimerThread] INFO  - TimerThread: active...
2023-10-21 15:02:42:804 +0000 [TimerThread] INFO  - expiredDate : Sat Oct 21 15:01:42 UTC 2023
2023-10-21 15:02:42:804 +0000 [TimerThread] INFO  - TimerThread: markExpiredDevLoraCfg()
2023-10-21 15:03:17:345 +0000 [AppHubThread] INFO  - AppHubThread thread
2023-10-21 15:03:17:345 +0000 [ApiNotifyThread] INFO  - ApiNotifyThread thread
2023-10-21 15:03:42:810 +0000 [TimerThread] INFO  - TimerThread: active...
2023-10-21 15:03:42:810 +0000 [TimerThread] INFO  - expiredDate : Sat Oct 21 15:02:42 UTC 2023
2023-10-21 15:03:42:810 +0000 [TimerThread] INFO  - TimerThread: markExpiredDevLoraCfg()
2023-10-21 15:04:17:350 +0000 [AppHubThread] INFO  - AppHubThread thread
2023-10-21 15:04:17:350 +0000 [ApiNotifyThread] INFO  - ApiNotifyThread thread
2023-10-21 15:04:42:815 +0000 [TimerThread] INFO  - TimerThread: active...
2023-10-21 15:04:42:815 +0000 [TimerThread] INFO  - expiredDate : Sat Oct 21 15:03:42 UTC 2023
2023-10-21 15:04:42:816 +0000 [TimerThread] INFO  - TimerThread: markExpiredDevLoraCfg()
2023-10-21 15:05:17:355 +0000 [AppHubThread] INFO  - AppHubThread thread
2023-10-21 15:05:17:355 +0000 [ApiNotifyThread] INFO  - ApiNotifyThread thread
2023-10-21 15:05:42:821 +0000 [TimerThread] INFO  - TimerThread: active...
2023-10-21 15:05:42:821 +0000 [TimerThread] INFO  - expiredDate : Sat Oct 21 15:04:42 UTC 2023
2023-10-21 15:05:42:821 +0000 [TimerThread] INFO  - TimerThread: markExpiredDevLoraCfg()
2023-10-21 15:06:17:360 +0000 [ApiNotifyThread] INFO  - ApiNotifyThread thread
2023-10-21 15:06:17:360 +0000 [AppHubThread] INFO  - AppHubThread thread
2023-10-21 15:06:42:826 +0000 [TimerThread] INFO  - TimerThread: active...
2023-10-21 15:06:42:827 +0000 [TimerThread] INFO  - TimerThread: finish check device buffer expiry
2023-10-21 15:06:42:827 +0000 [TimerThread] INFO  - expiredDate : Sat Oct 21 15:05:42 UTC 2023
2023-10-21 15:06:42:827 +0000 [TimerThread] INFO  - TimerThread: markExpiredDevLoraCfg()
2023-10-21 15:07:17:365 +0000 [AppHubThread] INFO  - AppHubThread thread
2023-10-21 15:07:17:365 +0000 [ApiNotifyThread] INFO  - ApiNotifyThread thread
2023-10-21 15:07:42:832 +0000 [TimerThread] INFO  - TimerThread: active...
2023-10-21 15:07:42:832 +0000 [TimerThread] INFO  - expiredDate : Sat Oct 21 15:06:42 UTC 2023
2023-10-21 15:07:42:832 +0000 [TimerThread] INFO  - TimerThread: markExpiredDevLoraCfg()
2023-10-21 15:08:17:370 +0000 [AppHubThread] INFO  - AppHubThread thread
2023-10-21 15:08:17:370 +0000 [ApiNotifyThread] INFO  - ApiNotifyThread thread
2023-10-21 15:08:42:837 +0000 [TimerThread] INFO  - TimerThread: active...
2023-10-21 15:08:42:837 +0000 [TimerThread] INFO  - expiredDate : Sat Oct 21 15:07:42 UTC 2023
2023-10-21 15:08:42:838 +0000 [TimerThread] INFO  - TimerThread: markExpiredDevLoraCfg()
2023-10-21 15:09:17:375 +0000 [AppHubThread] INFO  - AppHubThread thread
2023-10-21 15:09:17:375 +0000 [ApiNotifyThread] INFO  - ApiNotifyThread thread
2023-10-21 15:09:42:843 +0000 [TimerThread] INFO  - TimerThread: active...
2023-10-21 15:09:42:843 +0000 [TimerThread] INFO  - expiredDate : Sat Oct 21 15:08:42 UTC 2023
2023-10-21 15:09:42:843 +0000 [TimerThread] INFO  - TimerThread: markExpiredDevLoraCfg()
2023-10-21 15:10:17:380 +0000 [AppHubThread] INFO  - AppHubThread thread
2023-10-21 15:10:17:380 +0000 [ApiNotifyThread] INFO  - ApiNotifyThread thread
2023-10-21 15:10:42:848 +0000 [TimerThread] INFO  - TimerThread: active...
2023-10-21 15:10:42:848 +0000 [TimerThread] INFO  - expiredDate : Sat Oct 21 15:09:42 UTC 2023
2023-10-21 15:10:42:849 +0000 [TimerThread] INFO  - TimerThread: markExpiredDevLoraCfg()
2023-10-21 15:11:17:385 +0000 [AppHubThread] INFO  - AppHubThread thread
2023-10-21 15:11:17:385 +0000 [ApiNotifyThread] INFO  - ApiNotifyThread thread
2023-10-21 15:11:42:854 +0000 [TimerThread] INFO  - TimerThread: active...
2023-10-21 15:11:42:854 +0000 [TimerThread] INFO  - TimerThread: finish check device buffer expiry
2023-10-21 15:11:42:854 +0000 [TimerThread] INFO  - expiredDate : Sat Oct 21 15:10:42 UTC 2023
2023-10-21 15:11:42:854 +0000 [TimerThread] INFO  - TimerThread: markExpiredDevLoraCfg()
2023-10-21 15:12:17:390 +0000 [AppHubThread] INFO  - AppHubThread thread
2023-10-21 15:12:17:390 +0000 [ApiNotifyThread] INFO  - ApiNotifyThread thread
2023-10-21 15:12:42:860 +0000 [TimerThread] INFO  - TimerThread: active...
2023-10-21 15:12:42:860 +0000 [TimerThread] INFO  - expiredDate : Sat Oct 21 15:11:42 UTC 2023
2023-10-21 15:12:42:860 +0000 [TimerThread] INFO  - TimerThread: markExpiredDevLoraCfg()
2023-10-21 15:13:17:395 +0000 [AppHubThread] INFO  - AppHubThread thread
2023-10-21 15:13:17:395 +0000 [ApiNotifyThread] INFO  - ApiNotifyThread thread
2023-10-21 15:13:42:865 +0000 [TimerThread] INFO  - TimerThread: active...
2023-10-21 15:13:42:865 +0000 [TimerThread] INFO  - expiredDate : Sat Oct 21 15:12:42 UTC 2023
2023-10-21 15:13:42:866 +0000 [TimerThread] INFO  - TimerThread: markExpiredDevLoraCfg()
2023-10-21 15:14:17:401 +0000 [AppHubThread] INFO  - AppHubThread thread
2023-10-21 15:14:17:401 +0000 [ApiNotifyThread] INFO  - ApiNotifyThread thread
2023-10-21 15:14:42:871 +0000 [TimerThread] INFO  - TimerThread: active...
2023-10-21 15:14:42:871 +0000 [TimerThread] INFO  - expiredDate : Sat Oct 21 15:13:42 UTC 2023
2023-10-21 15:14:42:871 +0000 [TimerThread] INFO  - TimerThread: markExpiredDevLoraCfg()
2023-10-21 15:15:17:406 +0000 [AppHubThread] INFO  - AppHubThread thread
2023-10-21 15:15:17:406 +0000 [ApiNotifyThread] INFO  - ApiNotifyThread thread
2023-10-21 15:15:42:876 +0000 [TimerThread] INFO  - TimerThread: active...
2023-10-21 15:15:42:876 +0000 [TimerThread] INFO  - expiredDate : Sat Oct 21 15:14:42 UTC 2023
2023-10-21 15:15:42:877 +0000 [TimerThread] INFO  - TimerThread: markExpiredDevLoraCfg()
2023-10-21 15:16:17:411 +0000 [ApiNotifyThread] INFO  - ApiNotifyThread thread
2023-10-21 15:16:17:411 +0000 [AppHubThread] INFO  - AppHubThread thread
2023-10-21 15:16:42:882 +0000 [TimerThread] INFO  - TimerThread: active...
2023-10-21 15:16:42:882 +0000 [TimerThread] INFO  - TimerThread: finish check device buffer expiry
2023-10-21 15:16:42:882 +0000 [TimerThread] INFO  - expiredDate : Sat Oct 21 15:15:42 UTC 2023
2023-10-21 15:16:42:882 +0000 [TimerThread] INFO  - TimerThread: markExpiredDevLoraCfg()
2023-10-21 15:17:17:417 +0000 [ApiNotifyThread] INFO  - ApiNotifyThread thread
2023-10-21 15:17:17:417 +0000 [AppHubThread] INFO  - AppHubThread thread
2023-10-21 15:17:42:887 +0000 [TimerThread] INFO  - TimerThread: active...
2023-10-21 15:17:42:887 +0000 [TimerThread] INFO  - expiredDate : Sat Oct 21 15:16:42 UTC 2023
2023-10-21 15:17:42:888 +0000 [TimerThread] INFO  - TimerThread: markExpiredDevLoraCfg()
2023-10-21 15:18:17:422 +0000 [AppHubThread] INFO  - AppHubThread thread
2023-10-21 15:18:17:422 +0000 [ApiNotifyThread] INFO  - ApiNotifyThread thread
2023-10-21 15:18:42:893 +0000 [TimerThread] INFO  - TimerThread: active...
2023-10-21 15:18:42:893 +0000 [TimerThread] INFO  - expiredDate : Sat Oct 21 15:17:42 UTC 2023
2023-10-21 15:18:42:893 +0000 [TimerThread] INFO  - TimerThread: markExpiredDevLoraCfg()
2023-10-21 15:19:17:427 +0000 [ApiNotifyThread] INFO  - ApiNotifyThread thread
2023-10-21 15:19:17:427 +0000 [AppHubThread] INFO  - AppHubThread thread
2023-10-21 15:19:42:898 +0000 [TimerThread] INFO  - TimerThread: active...
2023-10-21 15:19:42:898 +0000 [TimerThread] INFO  - expiredDate : Sat Oct 21 15:18:42 UTC 2023
2023-10-21 15:19:42:899 +0000 [TimerThread] INFO  - TimerThread: markExpiredDevLoraCfg()
2023-10-21 15:20:17:432 +0000 [AppHubThread] INFO  - AppHubThread thread
2023-10-21 15:20:17:432 +0000 [ApiNotifyThread] INFO  - ApiNotifyThread thread
2023-10-21 15:20:42:904 +0000 [TimerThread] INFO  - TimerThread: active...
2023-10-21 15:20:42:904 +0000 [TimerThread] INFO  - expiredDate : Sat Oct 21 15:19:42 UTC 2023
2023-10-21 15:20:42:904 +0000 [TimerThread] INFO  - TimerThread: markExpiredDevLoraCfg()
2023-10-21 15:21:17:437 +0000 [ApiNotifyThread] INFO  - ApiNotifyThread thread
2023-10-21 15:21:17:437 +0000 [AppHubThread] INFO  - AppHubThread thread
2023-10-21 15:21:42:910 +0000 [TimerThread] INFO  - TimerThread: active...
2023-10-21 15:21:42:910 +0000 [TimerThread] INFO  - TimerThread: finish check device buffer expiry
2023-10-21 15:21:42:910 +0000 [TimerThread] INFO  - expiredDate : Sat Oct 21 15:20:42 UTC 2023
2023-10-21 15:21:42:910 +0000 [TimerThread] INFO  - TimerThread: markExpiredDevLoraCfg()
2023-10-21 15:22:17:442 +0000 [AppHubThread] INFO  - AppHubThread thread
2023-10-21 15:22:17:442 +0000 [ApiNotifyThread] INFO  - ApiNotifyThread thread
2023-10-21 15:22:42:915 +0000 [TimerThread] INFO  - TimerThread: active...
2023-10-21 15:22:42:915 +0000 [TimerThread] INFO  - expiredDate : Sat Oct 21 15:21:42 UTC 2023
2023-10-21 15:22:42:915 +0000 [TimerThread] INFO  - TimerThread: markExpiredDevLoraCfg()
2023-10-21 15:23:17:447 +0000 [AppHubThread] INFO  - AppHubThread thread
2023-10-21 15:23:17:447 +0000 [ApiNotifyThread] INFO  - ApiNotifyThread thread
2023-10-21 15:23:42:921 +0000 [TimerThread] INFO  - TimerThread: active...
2023-10-21 15:23:42:921 +0000 [TimerThread] INFO  - expiredDate : Sat Oct 21 15:22:42 UTC 2023
2023-10-21 15:23:42:921 +0000 [TimerThread] INFO  - TimerThread: markExpiredDevLoraCfg()
2023-10-21 15:24:17:453 +0000 [AppHubThread] INFO  - AppHubThread thread
2023-10-21 15:24:17:453 +0000 [ApiNotifyThread] INFO  - ApiNotifyThread thread
2023-10-21 15:24:42:926 +0000 [TimerThread] INFO  - TimerThread: active...
2023-10-21 15:24:42:926 +0000 [TimerThread] INFO  - expiredDate : Sat Oct 21 15:23:42 UTC 2023
2023-10-21 15:24:42:926 +0000 [TimerThread] INFO  - TimerThread: markExpiredDevLoraCfg()
2023-10-21 15:25:17:457 +0000 [ApiNotifyThread] INFO  - ApiNotifyThread thread
2023-10-21 15:25:17:457 +0000 [AppHubThread] INFO  - AppHubThread thread
2023-10-21 15:25:42:931 +0000 [TimerThread] INFO  - TimerThread: active...
2023-10-21 15:25:42:931 +0000 [TimerThread] INFO  - expiredDate : Sat Oct 21 15:24:42 UTC 2023
2023-10-21 15:25:42:931 +0000 [TimerThread] INFO  - TimerThread: markExpiredDevLoraCfg()
2023-10-21 15:26:17:462 +0000 [AppHubThread] INFO  - AppHubThread thread
2023-10-21 15:26:17:462 +0000 [ApiNotifyThread] INFO  - ApiNotifyThread thread
2023-10-21 15:26:42:936 +0000 [TimerThread] INFO  - TimerThread: active...
2023-10-21 15:26:42:937 +0000 [TimerThread] INFO  - TimerThread: finish check device buffer expiry
2023-10-21 15:26:42:937 +0000 [TimerThread] INFO  - expiredDate : Sat Oct 21 15:25:42 UTC 2023
2023-10-21 15:26:42:937 +0000 [TimerThread] INFO  - TimerThread: markExpiredDevLoraCfg()
2023-10-21 15:27:17:467 +0000 [ApiNotifyThread] INFO  - ApiNotifyThread thread
2023-10-21 15:27:17:467 +0000 [AppHubThread] INFO  - AppHubThread thread
2023-10-21 15:27:42:942 +0000 [TimerThread] INFO  - TimerThread: active...
2023-10-21 15:27:42:942 +0000 [TimerThread] INFO  - expiredDate : Sat Oct 21 15:26:42 UTC 2023
2023-10-21 15:27:42:942 +0000 [TimerThread] INFO  - TimerThread: markExpiredDevLoraCfg()
2023-10-21 15:28:17:472 +0000 [AppHubThread] INFO  - AppHubThread thread
2023-10-21 15:28:17:472 +0000 [ApiNotifyThread] INFO  - ApiNotifyThread thread
2023-10-21 15:28:42:947 +0000 [TimerThread] INFO  - TimerThread: active...
2023-10-21 15:28:42:947 +0000 [TimerThread] INFO  - expiredDate : Sat Oct 21 15:27:42 UTC 2023
2023-10-21 15:28:42:947 +0000 [TimerThread] INFO  - TimerThread: markExpiredDevLoraCfg()
2023-10-21 15:29:17:478 +0000 [ApiNotifyThread] INFO  - ApiNotifyThread thread
2023-10-21 15:29:17:478 +0000 [AppHubThread] INFO  - AppHubThread thread
2023-10-21 15:29:42:952 +0000 [TimerThread] INFO  - TimerThread: active...
2023-10-21 15:29:42:953 +0000 [TimerThread] INFO  - expiredDate : Sat Oct 21 15:28:42 UTC 2023
2023-10-21 15:29:42:953 +0000 [TimerThread] INFO  - TimerThread: markExpiredDevLoraCfg()
2023-10-21 15:30:17:483 +0000 [ApiNotifyThread] INFO  - ApiNotifyThread thread
2023-10-21 15:30:17:483 +0000 [AppHubThread] INFO  - AppHubThread thread
2023-10-21 15:30:42:958 +0000 [TimerThread] INFO  - TimerThread: active...
2023-10-21 15:30:42:958 +0000 [TimerThread] INFO  - expiredDate : Sat Oct 21 15:29:42 UTC 2023
2023-10-21 15:30:42:958 +0000 [TimerThread] INFO  - TimerThread: markExpiredDevLoraCfg()
2023-10-21 15:31:17:488 +0000 [ApiNotifyThread] INFO  - ApiNotifyThread thread
2023-10-21 15:31:17:488 +0000 [AppHubThread] INFO  - AppHubThread thread
2023-10-21 15:31:42:963 +0000 [TimerThread] INFO  - TimerThread: active...
2023-10-21 15:31:42:963 +0000 [TimerThread] INFO  - TimerThread: finish check device buffer expiry
2023-10-21 15:31:42:964 +0000 [TimerThread] INFO  - expiredDate : Sat Oct 21 15:30:42 UTC 2023
2023-10-21 15:31:42:964 +0000 [TimerThread] INFO  - TimerThread: markExpiredDevLoraCfg()
2023-10-21 15:32:17:493 +0000 [ApiNotifyThread] INFO  - ApiNotifyThread thread
2023-10-21 15:32:17:496 +0000 [AppHubThread] INFO  - AppHubThread thread
2023-10-21 15:32:42:969 +0000 [TimerThread] INFO  - TimerThread: active...
2023-10-21 15:32:42:969 +0000 [TimerThread] INFO  - expiredDate : Sat Oct 21 15:31:42 UTC 2023
2023-10-21 15:32:42:969 +0000 [TimerThread] INFO  - TimerThread: markExpiredDevLoraCfg()
2023-10-21 15:33:17:499 +0000 [ApiNotifyThread] INFO  - ApiNotifyThread thread
2023-10-21 15:33:17:501 +0000 [AppHubThread] INFO  - AppHubThread thread
2023-10-21 15:33:42:974 +0000 [TimerThread] INFO  - TimerThread: active...
2023-10-21 15:33:42:974 +0000 [TimerThread] INFO  - expiredDate : Sat Oct 21 15:32:42 UTC 2023
2023-10-21 15:33:42:974 +0000 [TimerThread] INFO  - TimerThread: markExpiredDevLoraCfg()
2023-10-21 15:34:17:504 +0000 [ApiNotifyThread] INFO  - ApiNotifyThread thread
2023-10-21 15:34:17:506 +0000 [AppHubThread] INFO  - AppHubThread thread
2023-10-21 15:34:42:979 +0000 [TimerThread] INFO  - TimerThread: active...
2023-10-21 15:34:42:979 +0000 [TimerThread] INFO  - expiredDate : Sat Oct 21 15:33:42 UTC 2023
2023-10-21 15:34:42:979 +0000 [TimerThread] INFO  - TimerThread: markExpiredDevLoraCfg()
2023-10-21 15:35:17:509 +0000 [ApiNotifyThread] INFO  - ApiNotifyThread thread
2023-10-21 15:35:17:511 +0000 [AppHubThread] INFO  - AppHubThread thread
2023-10-21 15:35:42:984 +0000 [TimerThread] INFO  - TimerThread: active...
2023-10-21 15:35:42:984 +0000 [TimerThread] INFO  - expiredDate : Sat Oct 21 15:34:42 UTC 2023
2023-10-21 15:35:42:985 +0000 [TimerThread] INFO  - TimerThread: markExpiredDevLoraCfg()
2023-10-21 15:36:17:515 +0000 [ApiNotifyThread] INFO  - ApiNotifyThread thread
2023-10-21 15:36:17:516 +0000 [AppHubThread] INFO  - AppHubThread thread
2023-10-21 15:36:42:990 +0000 [TimerThread] INFO  - TimerThread: active...
2023-10-21 15:36:42:990 +0000 [TimerThread] INFO  - TimerThread: finish check device buffer expiry
2023-10-21 15:36:42:990 +0000 [TimerThread] INFO  - expiredDate : Sat Oct 21 15:35:42 UTC 2023
2023-10-21 15:36:42:990 +0000 [TimerThread] INFO  - TimerThread: markExpiredDevLoraCfg()
2023-10-21 15:37:17:520 +0000 [ApiNotifyThread] INFO  - ApiNotifyThread thread
2023-10-21 15:37:17:521 +0000 [AppHubThread] INFO  - AppHubThread thread
2023-10-21 15:37:42:995 +0000 [TimerThread] INFO  - TimerThread: active...
2023-10-21 15:37:42:995 +0000 [TimerThread] INFO  - expiredDate : Sat Oct 21 15:36:42 UTC 2023
2023-10-21 15:37:42:995 +0000 [TimerThread] INFO  - TimerThread: markExpiredDevLoraCfg()
2023-10-21 15:38:17:526 +0000 [ApiNotifyThread] INFO  - ApiNotifyThread thread
2023-10-21 15:38:17:526 +0000 [AppHubThread] INFO  - AppHubThread thread
2023-10-21 15:38:43:000 +0000 [TimerThread] INFO  - TimerThread: active...
2023-10-21 15:38:43:000 +0000 [TimerThread] INFO  - expiredDate : Sat Oct 21 15:37:43 UTC 2023
2023-10-21 15:38:43:000 +0000 [TimerThread] INFO  - TimerThread: markExpiredDevLoraCfg()
2023-10-21 15:39:17:531 +0000 [ApiNotifyThread] INFO  - ApiNotifyThread thread
2023-10-21 15:39:17:531 +0000 [AppHubThread] INFO  - AppHubThread thread
2023-10-21 15:39:43:005 +0000 [TimerThread] INFO  - TimerThread: active...
2023-10-21 15:39:43:005 +0000 [TimerThread] INFO  - expiredDate : Sat Oct 21 15:38:43 UTC 2023
2023-10-21 15:39:43:005 +0000 [TimerThread] INFO  - TimerThread: markExpiredDevLoraCfg()
2023-10-21 15:40:17:536 +0000 [ApiNotifyThread] INFO  - ApiNotifyThread thread
2023-10-21 15:40:17:537 +0000 [AppHubThread] INFO  - AppHubThread thread
2023-10-21 15:40:43:010 +0000 [TimerThread] INFO  - TimerThread: active...
2023-10-21 15:40:43:010 +0000 [TimerThread] INFO  - expiredDate : Sat Oct 21 15:39:43 UTC 2023
2023-10-21 15:40:43:010 +0000 [TimerThread] INFO  - TimerThread: markExpiredDevLoraCfg()
2023-10-21 15:41:17:541 +0000 [ApiNotifyThread] INFO  - ApiNotifyThread thread
2023-10-21 15:41:17:542 +0000 [AppHubThread] INFO  - AppHubThread thread
2023-10-21 15:41:43:014 +0000 [TimerThread] INFO  - TimerThread: active...
2023-10-21 15:41:43:015 +0000 [TimerThread] INFO  - TimerThread: finish check device buffer expiry
2023-10-21 15:41:43:015 +0000 [TimerThread] INFO  - expiredDate : Sat Oct 21 15:40:43 UTC 2023
2023-10-21 15:41:43:015 +0000 [TimerThread] INFO  - TimerThread: markExpiredDevLoraCfg()
2023-10-21 15:42:17:547 +0000 [ApiNotifyThread] INFO  - ApiNotifyThread thread
2023-10-21 15:42:17:547 +0000 [AppHubThread] INFO  - AppHubThread thread
2023-10-21 15:42:43:019 +0000 [TimerThread] INFO  - TimerThread: active...
2023-10-21 15:42:43:019 +0000 [TimerThread] INFO  - expiredDate : Sat Oct 21 15:41:43 UTC 2023
2023-10-21 15:42:43:020 +0000 [TimerThread] INFO  - TimerThread: markExpiredDevLoraCfg()
2023-10-21 15:43:17:552 +0000 [ApiNotifyThread] INFO  - ApiNotifyThread thread
2023-10-21 15:43:17:552 +0000 [AppHubThread] INFO  - AppHubThread thread
2023-10-21 15:43:43:024 +0000 [TimerThread] INFO  - TimerThread: active...
2023-10-21 15:43:43:024 +0000 [TimerThread] INFO  - expiredDate : Sat Oct 21 15:42:43 UTC 2023
2023-10-21 15:43:43:024 +0000 [TimerThread] INFO  - TimerThread: markExpiredDevLoraCfg()
2023-10-21 15:44:17:557 +0000 [AppHubThread] INFO  - AppHubThread thread
2023-10-21 15:44:17:557 +0000 [ApiNotifyThread] INFO  - ApiNotifyThread thread
2023-10-21 15:44:43:029 +0000 [TimerThread] INFO  - TimerThread: active...
2023-10-21 15:44:43:029 +0000 [TimerThread] INFO  - expiredDate : Sat Oct 21 15:43:43 UTC 2023
2023-10-21 15:44:43:029 +0000 [TimerThread] INFO  - TimerThread: markExpiredDevLoraCfg()
2023-10-21 15:45:17:562 +0000 [ApiNotifyThread] INFO  - ApiNotifyThread thread
2023-10-21 15:45:17:562 +0000 [AppHubThread] INFO  - AppHubThread thread
2023-10-21 15:45:43:034 +0000 [TimerThread] INFO  - TimerThread: active...
2023-10-21 15:45:43:034 +0000 [TimerThread] INFO  - expiredDate : Sat Oct 21 15:44:43 UTC 2023
2023-10-21 15:45:43:034 +0000 [TimerThread] INFO  - TimerThread: markExpiredDevLoraCfg()
2023-10-21 15:46:17:567 +0000 [AppHubThread] INFO  - AppHubThread thread
2023-10-21 15:46:17:567 +0000 [ApiNotifyThread] INFO  - ApiNotifyThread thread
2023-10-21 15:46:43:038 +0000 [TimerThread] INFO  - TimerThread: active...
2023-10-21 15:46:43:039 +0000 [TimerThread] INFO  - TimerThread: finish check device buffer expiry
2023-10-21 15:46:43:039 +0000 [TimerThread] INFO  - expiredDate : Sat Oct 21 15:45:43 UTC 2023
2023-10-21 15:46:43:039 +0000 [TimerThread] INFO  - TimerThread: markExpiredDevLoraCfg()
2023-10-21 15:47:17:572 +0000 [AppHubThread] INFO  - AppHubThread thread
2023-10-21 15:47:17:572 +0000 [ApiNotifyThread] INFO  - ApiNotifyThread thread
2023-10-21 15:47:43:043 +0000 [TimerThread] INFO  - TimerThread: active...
2023-10-21 15:47:43:043 +0000 [TimerThread] INFO  - expiredDate : Sat Oct 21 15:46:43 UTC 2023
2023-10-21 15:47:43:044 +0000 [TimerThread] INFO  - TimerThread: markExpiredDevLoraCfg()
2023-10-21 15:48:17:578 +0000 [AppHubThread] INFO  - AppHubThread thread
2023-10-21 15:48:17:578 +0000 [ApiNotifyThread] INFO  - ApiNotifyThread thread
2023-10-21 15:48:43:048 +0000 [TimerThread] INFO  - TimerThread: active...
2023-10-21 15:48:43:048 +0000 [TimerThread] INFO  - expiredDate : Sat Oct 21 15:47:43 UTC 2023
2023-10-21 15:48:43:049 +0000 [TimerThread] INFO  - TimerThread: markExpiredDevLoraCfg()
2023-10-21 15:49:17:583 +0000 [ApiNotifyThread] INFO  - ApiNotifyThread thread
2023-10-21 15:49:17:583 +0000 [AppHubThread] INFO  - AppHubThread thread
2023-10-21 15:49:43:053 +0000 [TimerThread] INFO  - TimerThread: active...
2023-10-21 15:49:43:053 +0000 [TimerThread] INFO  - expiredDate : Sat Oct 21 15:48:43 UTC 2023
2023-10-21 15:49:43:053 +0000 [TimerThread] INFO  - TimerThread: markExpiredDevLoraCfg()
2023-10-21 15:50:17:588 +0000 [AppHubThread] INFO  - AppHubThread thread
2023-10-21 15:50:17:588 +0000 [ApiNotifyThread] INFO  - ApiNotifyThread thread
2023-10-21 15:50:43:058 +0000 [TimerThread] INFO  - TimerThread: active...
2023-10-21 15:50:43:058 +0000 [TimerThread] INFO  - expiredDate : Sat Oct 21 15:49:43 UTC 2023
2023-10-21 15:50:43:058 +0000 [TimerThread] INFO  - TimerThread: markExpiredDevLoraCfg()
2023-10-21 15:51:17:593 +0000 [AppHubThread] INFO  - AppHubThread thread
2023-10-21 15:51:17:593 +0000 [ApiNotifyThread] INFO  - ApiNotifyThread thread
2023-10-21 15:51:43:063 +0000 [TimerThread] INFO  - TimerThread: active...
2023-10-21 15:51:43:063 +0000 [TimerThread] INFO  - TimerThread: finish check device buffer expiry
2023-10-21 15:51:43:063 +0000 [TimerThread] INFO  - expiredDate : Sat Oct 21 15:50:43 UTC 2023
2023-10-21 15:51:43:064 +0000 [TimerThread] INFO  - TimerThread: markExpiredDevLoraCfg()
2023-10-21 15:52:17:598 +0000 [AppHubThread] INFO  - AppHubThread thread
2023-10-21 15:52:17:599 +0000 [ApiNotifyThread] INFO  - ApiNotifyThread thread
2023-10-21 15:52:43:068 +0000 [TimerThread] INFO  - TimerThread: active...
2023-10-21 15:52:43:068 +0000 [TimerThread] INFO  - expiredDate : Sat Oct 21 15:51:43 UTC 2023
2023-10-21 15:52:43:068 +0000 [TimerThread] INFO  - TimerThread: markExpiredDevLoraCfg()
2023-10-21 15:53:17:604 +0000 [ApiNotifyThread] INFO  - ApiNotifyThread thread
2023-10-21 15:53:17:604 +0000 [AppHubThread] INFO  - AppHubThread thread
2023-10-21 15:53:43:073 +0000 [TimerThread] INFO  - TimerThread: active...
2023-10-21 15:53:43:073 +0000 [TimerThread] INFO  - expiredDate : Sat Oct 21 15:52:43 UTC 2023
2023-10-21 15:53:43:073 +0000 [TimerThread] INFO  - TimerThread: markExpiredDevLoraCfg()
2023-10-21 15:54:17:609 +0000 [AppHubThread] INFO  - AppHubThread thread
2023-10-21 15:54:17:609 +0000 [ApiNotifyThread] INFO  - ApiNotifyThread thread
2023-10-21 15:54:43:078 +0000 [TimerThread] INFO  - TimerThread: active...
2023-10-21 15:54:43:078 +0000 [TimerThread] INFO  - expiredDate : Sat Oct 21 15:53:43 UTC 2023
2023-10-21 15:54:43:078 +0000 [TimerThread] INFO  - TimerThread: markExpiredDevLoraCfg()
2023-10-21 15:55:17:614 +0000 [ApiNotifyThread] INFO  - ApiNotifyThread thread
2023-10-21 15:55:17:614 +0000 [AppHubThread] INFO  - AppHubThread thread
2023-10-21 15:55:43:082 +0000 [TimerThread] INFO  - TimerThread: active...
2023-10-21 15:55:43:083 +0000 [TimerThread] INFO  - expiredDate : Sat Oct 21 15:54:43 UTC 2023
2023-10-21 15:55:43:083 +0000 [TimerThread] INFO  - TimerThread: markExpiredDevLoraCfg()
2023-10-21 15:56:17:619 +0000 [AppHubThread] INFO  - AppHubThread thread
2023-10-21 15:56:17:619 +0000 [ApiNotifyThread] INFO  - ApiNotifyThread thread
2023-10-21 15:56:43:087 +0000 [TimerThread] INFO  - TimerThread: active...
2023-10-21 15:56:43:088 +0000 [TimerThread] INFO  - TimerThread: finish check device buffer expiry
2023-10-21 15:56:43:088 +0000 [TimerThread] INFO  - expiredDate : Sat Oct 21 15:55:43 UTC 2023
2023-10-21 15:56:43:088 +0000 [TimerThread] INFO  - TimerThread: markExpiredDevLoraCfg()
2023-10-21 15:57:17:624 +0000 [ApiNotifyThread] INFO  - ApiNotifyThread thread
2023-10-21 15:57:17:624 +0000 [AppHubThread] INFO  - AppHubThread thread
2023-10-21 15:57:43:092 +0000 [TimerThread] INFO  - TimerThread: active...
2023-10-21 15:57:43:092 +0000 [TimerThread] INFO  - expiredDate : Sat Oct 21 15:56:43 UTC 2023
2023-10-21 15:57:43:093 +0000 [TimerThread] INFO  - TimerThread: markExpiredDevLoraCfg()
2023-10-21 15:58:17:630 +0000 [AppHubThread] INFO  - AppHubThread thread
2023-10-21 15:58:17:630 +0000 [ApiNotifyThread] INFO  - ApiNotifyThread thread
2023-10-21 15:58:43:097 +0000 [TimerThread] INFO  - TimerThread: active...
2023-10-21 15:58:43:097 +0000 [TimerThread] INFO  - expiredDate : Sat Oct 21 15:57:43 UTC 2023
2023-10-21 15:58:43:097 +0000 [TimerThread] INFO  - TimerThread: markExpiredDevLoraCfg()
2023-10-21 15:59:17:635 +0000 [ApiNotifyThread] INFO  - ApiNotifyThread thread
2023-10-21 15:59:17:635 +0000 [AppHubThread] INFO  - AppHubThread thread
2023-10-21 15:59:43:102 +0000 [TimerThread] INFO  - TimerThread: active...
2023-10-21 15:59:43:102 +0000 [TimerThread] INFO  - expiredDate : Sat Oct 21 15:58:43 UTC 2023
2023-10-21 15:59:43:102 +0000 [TimerThread] INFO  - TimerThread: markExpiredDevLoraCfg()
2023-10-21 16:00:17:640 +0000 [ApiNotifyThread] INFO  - ApiNotifyThread thread
2023-10-21 16:00:17:640 +0000 [AppHubThread] INFO  - AppHubThread thread
2023-10-21 16:00:43:107 +0000 [TimerThread] INFO  - TimerThread: active...
2023-10-21 16:00:43:107 +0000 [TimerThread] INFO  - expiredDate : Sat Oct 21 15:59:43 UTC 2023
2023-10-21 16:00:43:107 +0000 [TimerThread] INFO  - TimerThread: markExpiredDevLoraCfg()
2023-10-21 16:01:17:645 +0000 [ApiNotifyThread] INFO  - ApiNotifyThread thread
2023-10-21 16:01:17:645 +0000 [AppHubThread] INFO  - AppHubThread thread
2023-10-21 16:01:43:112 +0000 [TimerThread] INFO  - TimerThread: active...
2023-10-21 16:01:43:112 +0000 [TimerThread] INFO  - TimerThread: finish check device buffer expiry
2023-10-21 16:01:43:112 +0000 [TimerThread] INFO  - expiredDate : Sat Oct 21 16:00:43 UTC 2023
2023-10-21 16:01:43:113 +0000 [TimerThread] INFO  - TimerThread: markExpiredDevLoraCfg()
2023-10-21 16:02:17:650 +0000 [AppHubThread] INFO  - AppHubThread thread
2023-10-21 16:02:17:650 +0000 [ApiNotifyThread] INFO  - ApiNotifyThread thread
2023-10-21 16:02:43:117 +0000 [TimerThread] INFO  - TimerThread: active...
2023-10-21 16:02:43:117 +0000 [TimerThread] INFO  - expiredDate : Sat Oct 21 16:01:43 UTC 2023
2023-10-21 16:02:43:118 +0000 [TimerThread] INFO  - TimerThread: markExpiredDevLoraCfg()
2023-10-21 16:03:17:655 +0000 [ApiNotifyThread] INFO  - ApiNotifyThread thread
2023-10-21 16:03:17:655 +0000 [AppHubThread] INFO  - AppHubThread thread
2023-10-21 16:03:43:123 +0000 [TimerThread] INFO  - TimerThread: active...
2023-10-21 16:03:43:123 +0000 [TimerThread] INFO  - expiredDate : Sat Oct 21 16:02:43 UTC 2023
2023-10-21 16:03:43:123 +0000 [TimerThread] INFO  - TimerThread: markExpiredDevLoraCfg()
2023-10-21 16:04:17:660 +0000 [ApiNotifyThread] INFO  - ApiNotifyThread thread
2023-10-21 16:04:17:660 +0000 [AppHubThread] INFO  - AppHubThread thread
2023-10-21 16:04:43:128 +0000 [TimerThread] INFO  - TimerThread: active...
2023-10-21 16:04:43:128 +0000 [TimerThread] INFO  - expiredDate : Sat Oct 21 16:03:43 UTC 2023
2023-10-21 16:04:43:128 +0000 [TimerThread] INFO  - TimerThread: markExpiredDevLoraCfg()
2023-10-21 16:05:17:665 +0000 [AppHubThread] INFO  - AppHubThread thread
2023-10-21 16:05:17:665 +0000 [ApiNotifyThread] INFO  - ApiNotifyThread thread
2023-10-21 16:05:43:133 +0000 [TimerThread] INFO  - TimerThread: active...
2023-10-21 16:05:43:133 +0000 [TimerThread] INFO  - expiredDate : Sat Oct 21 16:04:43 UTC 2023
2023-10-21 16:05:43:133 +0000 [TimerThread] INFO  - TimerThread: markExpiredDevLoraCfg()
2023-10-21 16:06:17:670 +0000 [AppHubThread] INFO  - AppHubThread thread
2023-10-21 16:06:17:670 +0000 [ApiNotifyThread] INFO  - ApiNotifyThread thread
2023-10-21 16:06:43:138 +0000 [TimerThread] INFO  - TimerThread: active...
2023-10-21 16:06:43:138 +0000 [TimerThread] INFO  - TimerThread: finish check device buffer expiry
2023-10-21 16:06:43:138 +0000 [TimerThread] INFO  - expiredDate : Sat Oct 21 16:05:43 UTC 2023
2023-10-21 16:06:43:138 +0000 [TimerThread] INFO  - TimerThread: markExpiredDevLoraCfg()
2023-10-21 16:07:17:674 +0000 [AppHubThread] INFO  - AppHubThread thread
2023-10-21 16:07:17:675 +0000 [ApiNotifyThread] INFO  - ApiNotifyThread thread
2023-10-21 16:07:43:143 +0000 [TimerThread] INFO  - TimerThread: active...
2023-10-21 16:07:43:143 +0000 [TimerThread] INFO  - expiredDate : Sat Oct 21 16:06:43 UTC 2023
2023-10-21 16:07:43:143 +0000 [TimerThread] INFO  - TimerThread: markExpiredDevLoraCfg()
2023-10-21 16:08:17:679 +0000 [AppHubThread] INFO  - AppHubThread thread
2023-10-21 16:08:17:680 +0000 [ApiNotifyThread] INFO  - ApiNotifyThread thread
2023-10-21 16:08:43:148 +0000 [TimerThread] INFO  - TimerThread: active...
2023-10-21 16:08:43:148 +0000 [TimerThread] INFO  - expiredDate : Sat Oct 21 16:07:43 UTC 2023
2023-10-21 16:08:43:148 +0000 [TimerThread] INFO  - TimerThread: markExpiredDevLoraCfg()
2023-10-21 16:09:17:685 +0000 [AppHubThread] INFO  - AppHubThread thread
2023-10-21 16:09:17:685 +0000 [ApiNotifyThread] INFO  - ApiNotifyThread thread
2023-10-21 16:09:43:153 +0000 [TimerThread] INFO  - TimerThread: active...
2023-10-21 16:09:43:153 +0000 [TimerThread] INFO  - expiredDate : Sat Oct 21 16:08:43 UTC 2023
2023-10-21 16:09:43:153 +0000 [TimerThread] INFO  - TimerThread: markExpiredDevLoraCfg()
2023-10-21 16:10:17:690 +0000 [ApiNotifyThread] INFO  - ApiNotifyThread thread
2023-10-21 16:10:17:690 +0000 [AppHubThread] INFO  - AppHubThread thread
2023-10-21 16:10:43:158 +0000 [TimerThread] INFO  - TimerThread: active...
2023-10-21 16:10:43:158 +0000 [TimerThread] INFO  - expiredDate : Sat Oct 21 16:09:43 UTC 2023
2023-10-21 16:10:43:159 +0000 [TimerThread] INFO  - TimerThread: markExpiredDevLoraCfg()
2023-10-21 16:11:17:695 +0000 [ApiNotifyThread] INFO  - ApiNotifyThread thread
2023-10-21 16:11:17:695 +0000 [AppHubThread] INFO  - AppHubThread thread
2023-10-21 16:11:43:163 +0000 [TimerThread] INFO  - TimerThread: active...
2023-10-21 16:11:43:164 +0000 [TimerThread] INFO  - TimerThread: finish check device buffer expiry
2023-10-21 16:11:43:164 +0000 [TimerThread] INFO  - expiredDate : Sat Oct 21 16:10:43 UTC 2023
2023-10-21 16:11:43:164 +0000 [TimerThread] INFO  - TimerThread: markExpiredDevLoraCfg()
2023-10-21 16:12:17:700 +0000 [AppHubThread] INFO  - AppHubThread thread
2023-10-21 16:12:17:700 +0000 [ApiNotifyThread] INFO  - ApiNotifyThread thread
2023-10-21 16:12:43:169 +0000 [TimerThread] INFO  - TimerThread: active...
2023-10-21 16:12:43:169 +0000 [TimerThread] INFO  - expiredDate : Sat Oct 21 16:11:43 UTC 2023
2023-10-21 16:12:43:169 +0000 [TimerThread] INFO  - TimerThread: markExpiredDevLoraCfg()
2023-10-21 16:13:17:705 +0000 [ApiNotifyThread] INFO  - ApiNotifyThread thread
2023-10-21 16:13:17:705 +0000 [AppHubThread] INFO  - AppHubThread thread
2023-10-21 16:13:43:173 +0000 [TimerThread] INFO  - TimerThread: active...
2023-10-21 16:13:43:174 +0000 [TimerThread] INFO  - expiredDate : Sat Oct 21 16:12:43 UTC 2023
2023-10-21 16:13:43:174 +0000 [TimerThread] INFO  - TimerThread: markExpiredDevLoraCfg()
2023-10-21 16:14:17:710 +0000 [AppHubThread] INFO  - AppHubThread thread
2023-10-21 16:14:17:710 +0000 [ApiNotifyThread] INFO  - ApiNotifyThread thread
2023-10-21 16:14:43:178 +0000 [TimerThread] INFO  - TimerThread: active...
2023-10-21 16:14:43:178 +0000 [TimerThread] INFO  - expiredDate : Sat Oct 21 16:13:43 UTC 2023
2023-10-21 16:14:43:179 +0000 [TimerThread] INFO  - TimerThread: markExpiredDevLoraCfg()
2023-10-21 16:15:17:715 +0000 [ApiNotifyThread] INFO  - ApiNotifyThread thread
2023-10-21 16:15:17:715 +0000 [AppHubThread] INFO  - AppHubThread thread
2023-10-21 16:15:43:183 +0000 [TimerThread] INFO  - TimerThread: active...
2023-10-21 16:15:43:183 +0000 [TimerThread] INFO  - expiredDate : Sat Oct 21 16:14:43 UTC 2023
2023-10-21 16:15:43:184 +0000 [TimerThread] INFO  - TimerThread: markExpiredDevLoraCfg()
2023-10-21 16:16:17:720 +0000 [AppHubThread] INFO  - AppHubThread thread
2023-10-21 16:16:17:720 +0000 [ApiNotifyThread] INFO  - ApiNotifyThread thread
2023-10-21 16:16:43:188 +0000 [TimerThread] INFO  - TimerThread: active...
2023-10-21 16:16:43:188 +0000 [TimerThread] INFO  - TimerThread: finish check device buffer expiry
2023-10-21 16:16:43:188 +0000 [TimerThread] INFO  - expiredDate : Sat Oct 21 16:15:43 UTC 2023
2023-10-21 16:16:43:188 +0000 [TimerThread] INFO  - TimerThread: markExpiredDevLoraCfg()
2023-10-21 16:17:17:726 +0000 [ApiNotifyThread] INFO  - ApiNotifyThread thread
2023-10-21 16:17:17:726 +0000 [AppHubThread] INFO  - AppHubThread thread
2023-10-21 16:17:43:193 +0000 [TimerThread] INFO  - TimerThread: active...
2023-10-21 16:17:43:194 +0000 [TimerThread] INFO  - expiredDate : Sat Oct 21 16:16:43 UTC 2023
2023-10-21 16:17:43:194 +0000 [TimerThread] INFO  - TimerThread: markExpiredDevLoraCfg()
2023-10-21 16:18:17:731 +0000 [ApiNotifyThread] INFO  - ApiNotifyThread thread
2023-10-21 16:18:17:731 +0000 [AppHubThread] INFO  - AppHubThread thread
2023-10-21 16:18:43:198 +0000 [TimerThread] INFO  - TimerThread: active...
2023-10-21 16:18:43:199 +0000 [TimerThread] INFO  - expiredDate : Sat Oct 21 16:17:43 UTC 2023
2023-10-21 16:18:43:199 +0000 [TimerThread] INFO  - TimerThread: markExpiredDevLoraCfg()
2023-10-21 16:19:17:736 +0000 [ApiNotifyThread] INFO  - ApiNotifyThread thread
2023-10-21 16:19:17:736 +0000 [AppHubThread] INFO  - AppHubThread thread
2023-10-21 16:19:43:204 +0000 [TimerThread] INFO  - TimerThread: active...
2023-10-21 16:19:43:204 +0000 [TimerThread] INFO  - expiredDate : Sat Oct 21 16:18:43 UTC 2023
2023-10-21 16:19:43:204 +0000 [TimerThread] INFO  - TimerThread: markExpiredDevLoraCfg()
2023-10-21 16:20:17:741 +0000 [AppHubThread] INFO  - AppHubThread thread
2023-10-21 16:20:17:741 +0000 [ApiNotifyThread] INFO  - ApiNotifyThread thread
2023-10-21 16:20:43:209 +0000 [TimerThread] INFO  - TimerThread: active...
2023-10-21 16:20:43:209 +0000 [TimerThread] INFO  - expiredDate : Sat Oct 21 16:19:43 UTC 2023
2023-10-21 16:20:43:209 +0000 [TimerThread] INFO  - TimerThread: markExpiredDevLoraCfg()
2023-10-21 16:21:17:747 +0000 [ApiNotifyThread] INFO  - ApiNotifyThread thread
2023-10-21 16:21:17:747 +0000 [AppHubThread] INFO  - AppHubThread thread
2023-10-21 16:21:43:214 +0000 [TimerThread] INFO  - TimerThread: active...
2023-10-21 16:21:43:214 +0000 [TimerThread] INFO  - TimerThread: finish check device buffer expiry
2023-10-21 16:21:43:214 +0000 [TimerThread] INFO  - expiredDate : Sat Oct 21 16:20:43 UTC 2023
2023-10-21 16:21:43:214 +0000 [TimerThread] INFO  - TimerThread: markExpiredDevLoraCfg()
2023-10-21 16:22:17:752 +0000 [AppHubThread] INFO  - AppHubThread thread
2023-10-21 16:22:17:752 +0000 [ApiNotifyThread] INFO  - ApiNotifyThread thread
2023-10-21 16:22:43:219 +0000 [TimerThread] INFO  - TimerThread: active...
2023-10-21 16:22:43:219 +0000 [TimerThread] INFO  - expiredDate : Sat Oct 21 16:21:43 UTC 2023
2023-10-21 16:22:43:219 +0000 [TimerThread] INFO  - TimerThread: markExpiredDevLoraCfg()
2023-10-21 16:23:17:758 +0000 [ApiNotifyThread] INFO  - ApiNotifyThread thread
2023-10-21 16:23:17:758 +0000 [AppHubThread] INFO  - AppHubThread thread
2023-10-21 16:23:43:224 +0000 [TimerThread] INFO  - TimerThread: active...
2023-10-21 16:23:43:225 +0000 [TimerThread] INFO  - expiredDate : Sat Oct 21 16:22:43 UTC 2023
2023-10-21 16:23:43:225 +0000 [TimerThread] INFO  - TimerThread: markExpiredDevLoraCfg()
2023-10-21 16:24:17:763 +0000 [AppHubThread] INFO  - AppHubThread thread
2023-10-21 16:24:17:763 +0000 [ApiNotifyThread] INFO  - ApiNotifyThread thread
2023-10-21 16:24:43:230 +0000 [TimerThread] INFO  - TimerThread: active...
2023-10-21 16:24:43:230 +0000 [TimerThread] INFO  - expiredDate : Sat Oct 21 16:23:43 UTC 2023
2023-10-21 16:24:43:230 +0000 [TimerThread] INFO  - TimerThread: markExpiredDevLoraCfg()
2023-10-21 16:25:17:768 +0000 [ApiNotifyThread] INFO  - ApiNotifyThread thread
2023-10-21 16:25:17:768 +0000 [AppHubThread] INFO  - AppHubThread thread
2023-10-21 16:25:43:236 +0000 [TimerThread] INFO  - TimerThread: active...
2023-10-21 16:25:43:236 +0000 [TimerThread] INFO  - expiredDate : Sat Oct 21 16:24:43 UTC 2023
2023-10-21 16:25:43:236 +0000 [TimerThread] INFO  - TimerThread: markExpiredDevLoraCfg()
2023-10-21 16:26:17:772 +0000 [ApiNotifyThread] INFO  - ApiNotifyThread thread
2023-10-21 16:26:17:772 +0000 [AppHubThread] INFO  - AppHubThread thread
2023-10-21 16:26:43:241 +0000 [TimerThread] INFO  - TimerThread: active...
2023-10-21 16:26:43:241 +0000 [TimerThread] INFO  - TimerThread: finish check device buffer expiry
2023-10-21 16:26:43:241 +0000 [TimerThread] INFO  - expiredDate : Sat Oct 21 16:25:43 UTC 2023
2023-10-21 16:26:43:241 +0000 [TimerThread] INFO  - TimerThread: markExpiredDevLoraCfg()
2023-10-21 16:27:17:777 +0000 [AppHubThread] INFO  - AppHubThread thread
2023-10-21 16:27:17:777 +0000 [ApiNotifyThread] INFO  - ApiNotifyThread thread
2023-10-21 16:27:43:246 +0000 [TimerThread] INFO  - TimerThread: active...
2023-10-21 16:27:43:246 +0000 [TimerThread] INFO  - expiredDate : Sat Oct 21 16:26:43 UTC 2023
2023-10-21 16:27:43:246 +0000 [TimerThread] INFO  - TimerThread: markExpiredDevLoraCfg()
2023-10-21 16:28:17:783 +0000 [ApiNotifyThread] INFO  - ApiNotifyThread thread
2023-10-21 16:28:17:783 +0000 [AppHubThread] INFO  - AppHubThread thread
2023-10-21 16:28:43:251 +0000 [TimerThread] INFO  - TimerThread: active...
2023-10-21 16:28:43:251 +0000 [TimerThread] INFO  - expiredDate : Sat Oct 21 16:27:43 UTC 2023
2023-10-21 16:28:43:251 +0000 [TimerThread] INFO  - TimerThread: markExpiredDevLoraCfg()
2023-10-21 16:29:17:788 +0000 [ApiNotifyThread] INFO  - ApiNotifyThread thread
2023-10-21 16:29:17:788 +0000 [AppHubThread] INFO  - AppHubThread thread
2023-10-21 16:29:43:256 +0000 [TimerThread] INFO  - TimerThread: active...
2023-10-21 16:29:43:256 +0000 [TimerThread] INFO  - expiredDate : Sat Oct 21 16:28:43 UTC 2023
2023-10-21 16:29:43:256 +0000 [TimerThread] INFO  - TimerThread: markExpiredDevLoraCfg()
2023-10-21 16:30:17:793 +0000 [AppHubThread] INFO  - AppHubThread thread
2023-10-21 16:30:17:793 +0000 [ApiNotifyThread] INFO  - ApiNotifyThread thread
2023-10-21 16:30:43:261 +0000 [TimerThread] INFO  - TimerThread: active...
2023-10-21 16:30:43:261 +0000 [TimerThread] INFO  - expiredDate : Sat Oct 21 16:29:43 UTC 2023
2023-10-21 16:30:43:262 +0000 [TimerThread] INFO  - TimerThread: markExpiredDevLoraCfg()
2023-10-21 16:31:17:799 +0000 [AppHubThread] INFO  - AppHubThread thread
2023-10-21 16:31:17:799 +0000 [ApiNotifyThread] INFO  - ApiNotifyThread thread
2023-10-21 16:31:43:267 +0000 [TimerThread] INFO  - TimerThread: active...
2023-10-21 16:31:43:268 +0000 [TimerThread] INFO  - TimerThread: finish check device buffer expiry
2023-10-21 16:31:43:268 +0000 [TimerThread] INFO  - expiredDate : Sat Oct 21 16:30:43 UTC 2023
2023-10-21 16:31:43:268 +0000 [TimerThread] INFO  - TimerThread: markExpiredDevLoraCfg()
2023-10-21 16:32:17:804 +0000 [AppHubThread] INFO  - AppHubThread thread
2023-10-21 16:32:17:804 +0000 [ApiNotifyThread] INFO  - ApiNotifyThread thread
2023-10-21 16:32:43:273 +0000 [TimerThread] INFO  - TimerThread: active...
2023-10-21 16:32:43:273 +0000 [TimerThread] INFO  - expiredDate : Sat Oct 21 16:31:43 UTC 2023
2023-10-21 16:32:43:273 +0000 [TimerThread] INFO  - TimerThread: markExpiredDevLoraCfg()
2023-10-21 16:33:17:809 +0000 [AppHubThread] INFO  - AppHubThread thread
2023-10-21 16:33:17:810 +0000 [ApiNotifyThread] INFO  - ApiNotifyThread thread
2023-10-21 16:33:43:278 +0000 [TimerThread] INFO  - TimerThread: active...
2023-10-21 16:33:43:278 +0000 [TimerThread] INFO  - expiredDate : Sat Oct 21 16:32:43 UTC 2023
2023-10-21 16:33:43:278 +0000 [TimerThread] INFO  - TimerThread: markExpiredDevLoraCfg()
2023-10-21 16:34:17:815 +0000 [ApiNotifyThread] INFO  - ApiNotifyThread thread
2023-10-21 16:34:17:815 +0000 [AppHubThread] INFO  - AppHubThread thread
2023-10-21 16:34:43:283 +0000 [TimerThread] INFO  - TimerThread: active...
2023-10-21 16:34:43:283 +0000 [TimerThread] INFO  - expiredDate : Sat Oct 21 16:33:43 UTC 2023
2023-10-21 16:34:43:283 +0000 [TimerThread] INFO  - TimerThread: markExpiredDevLoraCfg()
2023-10-21 16:35:17:820 +0000 [AppHubThread] INFO  - AppHubThread thread
2023-10-21 16:35:17:820 +0000 [ApiNotifyThread] INFO  - ApiNotifyThread thread
2023-10-21 16:35:43:288 +0000 [TimerThread] INFO  - TimerThread: active...
2023-10-21 16:35:43:288 +0000 [TimerThread] INFO  - expiredDate : Sat Oct 21 16:34:43 UTC 2023
2023-10-21 16:35:43:288 +0000 [TimerThread] INFO  - TimerThread: markExpiredDevLoraCfg()
2023-10-21 16:36:17:825 +0000 [AppHubThread] INFO  - AppHubThread thread
2023-10-21 16:36:17:825 +0000 [ApiNotifyThread] INFO  - ApiNotifyThread thread
2023-10-21 16:36:43:293 +0000 [TimerThread] INFO  - TimerThread: active...
2023-10-21 16:36:43:293 +0000 [TimerThread] INFO  - TimerThread: finish check device buffer expiry
2023-10-21 16:36:43:293 +0000 [TimerThread] INFO  - expiredDate : Sat Oct 21 16:35:43 UTC 2023
2023-10-21 16:36:43:293 +0000 [TimerThread] INFO  - TimerThread: markExpiredDevLoraCfg()
2023-10-21 16:37:17:830 +0000 [AppHubThread] INFO  - AppHubThread thread
2023-10-21 16:37:17:830 +0000 [ApiNotifyThread] INFO  - ApiNotifyThread thread
2023-10-21 16:37:43:298 +0000 [TimerThread] INFO  - TimerThread: active...
2023-10-21 16:37:43:298 +0000 [TimerThread] INFO  - expiredDate : Sat Oct 21 16:36:43 UTC 2023
2023-10-21 16:37:43:298 +0000 [TimerThread] INFO  - TimerThread: markExpiredDevLoraCfg()
2023-10-21 16:38:17:835 +0000 [AppHubThread] INFO  - AppHubThread thread
2023-10-21 16:38:17:835 +0000 [ApiNotifyThread] INFO  - ApiNotifyThread thread
2023-10-21 16:38:43:303 +0000 [TimerThread] INFO  - TimerThread: active...
2023-10-21 16:38:43:303 +0000 [TimerThread] INFO  - expiredDate : Sat Oct 21 16:37:43 UTC 2023
2023-10-21 16:38:43:304 +0000 [TimerThread] INFO  - TimerThread: markExpiredDevLoraCfg()
2023-10-21 16:39:17:841 +0000 [AppHubThread] INFO  - AppHubThread thread
2023-10-21 16:39:17:841 +0000 [ApiNotifyThread] INFO  - ApiNotifyThread thread
2023-10-21 16:39:43:308 +0000 [TimerThread] INFO  - TimerThread: active...
2023-10-21 16:39:43:308 +0000 [TimerThread] INFO  - expiredDate : Sat Oct 21 16:38:43 UTC 2023
2023-10-21 16:39:43:309 +0000 [TimerThread] INFO  - TimerThread: markExpiredDevLoraCfg()
2023-10-21 16:40:17:846 +0000 [AppHubThread] INFO  - AppHubThread thread
2023-10-21 16:40:17:846 +0000 [ApiNotifyThread] INFO  - ApiNotifyThread thread
2023-10-21 16:40:43:314 +0000 [TimerThread] INFO  - TimerThread: active...
2023-10-21 16:40:43:314 +0000 [TimerThread] INFO  - expiredDate : Sat Oct 21 16:39:43 UTC 2023
2023-10-21 16:40:43:314 +0000 [TimerThread] INFO  - TimerThread: markExpiredDevLoraCfg()
2023-10-21 16:41:17:851 +0000 [AppHubThread] INFO  - AppHubThread thread
2023-10-21 16:41:17:851 +0000 [ApiNotifyThread] INFO  - ApiNotifyThread thread
2023-10-21 16:41:43:319 +0000 [TimerThread] INFO  - TimerThread: active...
2023-10-21 16:41:43:319 +0000 [TimerThread] INFO  - TimerThread: finish check device buffer expiry
2023-10-21 16:41:43:319 +0000 [TimerThread] INFO  - expiredDate : Sat Oct 21 16:40:43 UTC 2023
2023-10-21 16:41:43:319 +0000 [TimerThread] INFO  - TimerThread: markExpiredDevLoraCfg()
2023-10-21 16:42:17:856 +0000 [ApiNotifyThread] INFO  - ApiNotifyThread thread
2023-10-21 16:42:17:859 +0000 [AppHubThread] INFO  - AppHubThread thread
2023-10-21 16:42:43:324 +0000 [TimerThread] INFO  - TimerThread: active...
2023-10-21 16:42:43:324 +0000 [TimerThread] INFO  - expiredDate : Sat Oct 21 16:41:43 UTC 2023
2023-10-21 16:42:43:325 +0000 [TimerThread] INFO  - TimerThread: markExpiredDevLoraCfg()
2023-10-21 16:43:17:862 +0000 [ApiNotifyThread] INFO  - ApiNotifyThread thread
2023-10-21 16:43:17:864 +0000 [AppHubThread] INFO  - AppHubThread thread
2023-10-21 16:43:43:329 +0000 [TimerThread] INFO  - TimerThread: active...
2023-10-21 16:43:43:330 +0000 [TimerThread] INFO  - expiredDate : Sat Oct 21 16:42:43 UTC 2023
2023-10-21 16:43:43:330 +0000 [TimerThread] INFO  - TimerThread: markExpiredDevLoraCfg()
2023-10-21 16:44:17:867 +0000 [ApiNotifyThread] INFO  - ApiNotifyThread thread
2023-10-21 16:44:17:868 +0000 [AppHubThread] INFO  - AppHubThread thread
2023-10-21 16:44:43:335 +0000 [TimerThread] INFO  - TimerThread: active...
2023-10-21 16:44:43:335 +0000 [TimerThread] INFO  - expiredDate : Sat Oct 21 16:43:43 UTC 2023
2023-10-21 16:44:43:335 +0000 [TimerThread] INFO  - TimerThread: markExpiredDevLoraCfg()
2023-10-21 16:45:17:872 +0000 [ApiNotifyThread] INFO  - ApiNotifyThread thread
2023-10-21 16:45:17:873 +0000 [AppHubThread] INFO  - AppHubThread thread
2023-10-21 16:45:43:340 +0000 [TimerThread] INFO  - TimerThread: active...
2023-10-21 16:45:43:340 +0000 [TimerThread] INFO  - expiredDate : Sat Oct 21 16:44:43 UTC 2023
2023-10-21 16:45:43:341 +0000 [TimerThread] INFO  - TimerThread: markExpiredDevLoraCfg()
2023-10-21 16:46:17:877 +0000 [ApiNotifyThread] INFO  - ApiNotifyThread thread
2023-10-21 16:46:17:878 +0000 [AppHubThread] INFO  - AppHubThread thread
2023-10-21 16:46:43:346 +0000 [TimerThread] INFO  - TimerThread: active...
2023-10-21 16:46:43:346 +0000 [TimerThread] INFO  - TimerThread: finish check device buffer expiry
2023-10-21 16:46:43:346 +0000 [TimerThread] INFO  - expiredDate : Sat Oct 21 16:45:43 UTC 2023
2023-10-21 16:46:43:346 +0000 [TimerThread] INFO  - TimerThread: markExpiredDevLoraCfg()
2023-10-21 16:47:17:882 +0000 [ApiNotifyThread] INFO  - ApiNotifyThread thread
2023-10-21 16:47:17:883 +0000 [AppHubThread] INFO  - AppHubThread thread
2023-10-21 16:47:43:351 +0000 [TimerThread] INFO  - TimerThread: active...
2023-10-21 16:47:43:351 +0000 [TimerThread] INFO  - expiredDate : Sat Oct 21 16:46:43 UTC 2023
2023-10-21 16:47:43:351 +0000 [TimerThread] INFO  - TimerThread: markExpiredDevLoraCfg()
2023-10-21 16:48:17:888 +0000 [ApiNotifyThread] INFO  - ApiNotifyThread thread
2023-10-21 16:48:17:888 +0000 [AppHubThread] INFO  - AppHubThread thread
2023-10-21 16:48:43:356 +0000 [TimerThread] INFO  - TimerThread: active...
2023-10-21 16:48:43:356 +0000 [TimerThread] INFO  - expiredDate : Sat Oct 21 16:47:43 UTC 2023
2023-10-21 16:48:43:356 +0000 [TimerThread] INFO  - TimerThread: markExpiredDevLoraCfg()
2023-10-21 16:49:17:893 +0000 [ApiNotifyThread] INFO  - ApiNotifyThread thread
2023-10-21 16:49:17:893 +0000 [AppHubThread] INFO  - AppHubThread thread
2023-10-21 16:49:43:361 +0000 [TimerThread] INFO  - TimerThread: active...
2023-10-21 16:49:43:361 +0000 [TimerThread] INFO  - expiredDate : Sat Oct 21 16:48:43 UTC 2023
2023-10-21 16:49:43:362 +0000 [TimerThread] INFO  - TimerThread: markExpiredDevLoraCfg()
2023-10-21 16:50:17:898 +0000 [AppHubThread] INFO  - AppHubThread thread
2023-10-21 16:50:17:899 +0000 [ApiNotifyThread] INFO  - ApiNotifyThread thread
2023-10-21 16:50:43:367 +0000 [TimerThread] INFO  - TimerThread: active...
2023-10-21 16:50:43:367 +0000 [TimerThread] INFO  - expiredDate : Sat Oct 21 16:49:43 UTC 2023
2023-10-21 16:50:43:367 +0000 [TimerThread] INFO  - TimerThread: markExpiredDevLoraCfg()
2023-10-21 16:51:17:904 +0000 [AppHubThread] INFO  - AppHubThread thread
2023-10-21 16:51:17:904 +0000 [ApiNotifyThread] INFO  - ApiNotifyThread thread
2023-10-21 16:51:43:372 +0000 [TimerThread] INFO  - TimerThread: active...
2023-10-21 16:51:43:372 +0000 [TimerThread] INFO  - TimerThread: finish check device buffer expiry
2023-10-21 16:51:43:372 +0000 [TimerThread] INFO  - expiredDate : Sat Oct 21 16:50:43 UTC 2023
2023-10-21 16:51:43:372 +0000 [TimerThread] INFO  - TimerThread: markExpiredDevLoraCfg()
2023-10-21 16:52:17:909 +0000 [ApiNotifyThread] INFO  - ApiNotifyThread thread
2023-10-21 16:52:17:909 +0000 [AppHubThread] INFO  - AppHubThread thread
2023-10-21 16:52:43:377 +0000 [TimerThread] INFO  - TimerThread: active...
2023-10-21 16:52:43:377 +0000 [TimerThread] INFO  - expiredDate : Sat Oct 21 16:51:43 UTC 2023
2023-10-21 16:52:43:377 +0000 [TimerThread] INFO  - TimerThread: markExpiredDevLoraCfg()
2023-10-21 16:53:17:914 +0000 [AppHubThread] INFO  - AppHubThread thread
2023-10-21 16:53:17:914 +0000 [ApiNotifyThread] INFO  - ApiNotifyThread thread
2023-10-21 16:53:43:382 +0000 [TimerThread] INFO  - TimerThread: active...
2023-10-21 16:53:43:383 +0000 [TimerThread] INFO  - expiredDate : Sat Oct 21 16:52:43 UTC 2023
2023-10-21 16:53:43:383 +0000 [TimerThread] INFO  - TimerThread: markExpiredDevLoraCfg()
2023-10-21 16:54:17:920 +0000 [AppHubThread] INFO  - AppHubThread thread
2023-10-21 16:54:17:920 +0000 [ApiNotifyThread] INFO  - ApiNotifyThread thread
2023-10-21 16:54:43:388 +0000 [TimerThread] INFO  - TimerThread: active...
2023-10-21 16:54:43:388 +0000 [TimerThread] INFO  - expiredDate : Sat Oct 21 16:53:43 UTC 2023
2023-10-21 16:54:43:388 +0000 [TimerThread] INFO  - TimerThread: markExpiredDevLoraCfg()
2023-10-21 16:55:17:925 +0000 [AppHubThread] INFO  - AppHubThread thread
2023-10-21 16:55:17:925 +0000 [ApiNotifyThread] INFO  - ApiNotifyThread thread
2023-10-21 16:55:43:394 +0000 [TimerThread] INFO  - TimerThread: active...
2023-10-21 16:55:43:394 +0000 [TimerThread] INFO  - expiredDate : Sat Oct 21 16:54:43 UTC 2023
2023-10-21 16:55:43:394 +0000 [TimerThread] INFO  - TimerThread: markExpiredDevLoraCfg()
2023-10-21 16:56:17:930 +0000 [ApiNotifyThread] INFO  - ApiNotifyThread thread
2023-10-21 16:56:17:930 +0000 [AppHubThread] INFO  - AppHubThread thread
2023-10-21 16:56:43:399 +0000 [TimerThread] INFO  - TimerThread: active...
2023-10-21 16:56:43:399 +0000 [TimerThread] INFO  - TimerThread: finish check device buffer expiry
2023-10-21 16:56:43:399 +0000 [TimerThread] INFO  - expiredDate : Sat Oct 21 16:55:43 UTC 2023
2023-10-21 16:56:43:399 +0000 [TimerThread] INFO  - TimerThread: markExpiredDevLoraCfg()
2023-10-21 16:57:17:935 +0000 [ApiNotifyThread] INFO  - ApiNotifyThread thread
2023-10-21 16:57:17:935 +0000 [AppHubThread] INFO  - AppHubThread thread
2023-10-21 16:57:43:404 +0000 [TimerThread] INFO  - TimerThread: active...
2023-10-21 16:57:43:404 +0000 [TimerThread] INFO  - expiredDate : Sat Oct 21 16:56:43 UTC 2023
2023-10-21 16:57:43:405 +0000 [TimerThread] INFO  - TimerThread: markExpiredDevLoraCfg()
2023-10-21 16:58:17:940 +0000 [AppHubThread] INFO  - AppHubThread thread
2023-10-21 16:58:17:941 +0000 [ApiNotifyThread] INFO  - ApiNotifyThread thread
2023-10-21 16:58:43:410 +0000 [TimerThread] INFO  - TimerThread: active...
2023-10-21 16:58:43:410 +0000 [TimerThread] INFO  - expiredDate : Sat Oct 21 16:57:43 UTC 2023
2023-10-21 16:58:43:410 +0000 [TimerThread] INFO  - TimerThread: markExpiredDevLoraCfg()
2023-10-21 16:59:17:946 +0000 [ApiNotifyThread] INFO  - ApiNotifyThread thread
2023-10-21 16:59:17:946 +0000 [AppHubThread] INFO  - AppHubThread thread
2023-10-21 16:59:43:415 +0000 [TimerThread] INFO  - TimerThread: active...
2023-10-21 16:59:43:415 +0000 [TimerThread] INFO  - expiredDate : Sat Oct 21 16:58:43 UTC 2023
2023-10-21 16:59:43:416 +0000 [TimerThread] INFO  - TimerThread: markExpiredDevLoraCfg()
2023-10-21 17:00:17:951 +0000 [AppHubThread] INFO  - AppHubThread thread
2023-10-21 17:00:17:951 +0000 [ApiNotifyThread] INFO  - ApiNotifyThread thread
2023-10-21 17:00:43:421 +0000 [TimerThread] INFO  - TimerThread: active...
2023-10-21 17:00:43:421 +0000 [TimerThread] INFO  - expiredDate : Sat Oct 21 16:59:43 UTC 2023
2023-10-21 17:00:43:421 +0000 [TimerThread] INFO  - TimerThread: markExpiredDevLoraCfg()
2023-10-21 17:01:17:956 +0000 [AppHubThread] INFO  - AppHubThread thread
2023-10-21 17:01:17:956 +0000 [ApiNotifyThread] INFO  - ApiNotifyThread thread
2023-10-21 17:01:43:426 +0000 [TimerThread] INFO  - TimerThread: active...
2023-10-21 17:01:43:426 +0000 [TimerThread] INFO  - TimerThread: finish check device buffer expiry
2023-10-21 17:01:43:426 +0000 [TimerThread] INFO  - expiredDate : Sat Oct 21 17:00:43 UTC 2023
2023-10-21 17:01:43:426 +0000 [TimerThread] INFO  - TimerThread: markExpiredDevLoraCfg()
2023-10-21 17:02:17:961 +0000 [AppHubThread] INFO  - AppHubThread thread
2023-10-21 17:02:17:961 +0000 [ApiNotifyThread] INFO  - ApiNotifyThread thread
2023-10-21 17:02:43:431 +0000 [TimerThread] INFO  - TimerThread: active...
2023-10-21 17:02:43:431 +0000 [TimerThread] INFO  - expiredDate : Sat Oct 21 17:01:43 UTC 2023
2023-10-21 17:02:43:432 +0000 [TimerThread] INFO  - TimerThread: markExpiredDevLoraCfg()
2023-10-21 17:03:17:966 +0000 [ApiNotifyThread] INFO  - ApiNotifyThread thread
2023-10-21 17:03:17:966 +0000 [AppHubThread] INFO  - AppHubThread thread
2023-10-21 17:03:43:437 +0000 [TimerThread] INFO  - TimerThread: active...
2023-10-21 17:03:43:437 +0000 [TimerThread] INFO  - expiredDate : Sat Oct 21 17:02:43 UTC 2023
2023-10-21 17:03:43:437 +0000 [TimerThread] INFO  - TimerThread: markExpiredDevLoraCfg()
2023-10-21 17:04:17:971 +0000 [AppHubThread] INFO  - AppHubThread thread
2023-10-21 17:04:17:971 +0000 [ApiNotifyThread] INFO  - ApiNotifyThread thread
2023-10-21 17:04:43:442 +0000 [TimerThread] INFO  - TimerThread: active...
2023-10-21 17:04:43:442 +0000 [TimerThread] INFO  - expiredDate : Sat Oct 21 17:03:43 UTC 2023
2023-10-21 17:04:43:442 +0000 [TimerThread] INFO  - TimerThread: markExpiredDevLoraCfg()
2023-10-21 17:05:17:976 +0000 [AppHubThread] INFO  - AppHubThread thread
2023-10-21 17:05:17:976 +0000 [ApiNotifyThread] INFO  - ApiNotifyThread thread
2023-10-21 17:05:43:448 +0000 [TimerThread] INFO  - TimerThread: active...
2023-10-21 17:05:43:448 +0000 [TimerThread] INFO  - expiredDate : Sat Oct 21 17:04:43 UTC 2023
2023-10-21 17:05:43:448 +0000 [TimerThread] INFO  - TimerThread: markExpiredDevLoraCfg()
2023-10-21 17:06:17:980 +0000 [AppHubThread] INFO  - AppHubThread thread
2023-10-21 17:06:17:980 +0000 [ApiNotifyThread] INFO  - ApiNotifyThread thread
2023-10-21 17:06:43:452 +0000 [TimerThread] INFO  - TimerThread: active...
2023-10-21 17:06:43:453 +0000 [TimerThread] INFO  - TimerThread: finish check device buffer expiry
2023-10-21 17:06:43:453 +0000 [TimerThread] INFO  - expiredDate : Sat Oct 21 17:05:43 UTC 2023
2023-10-21 17:06:43:453 +0000 [TimerThread] INFO  - TimerThread: markExpiredDevLoraCfg()
2023-10-21 17:07:17:985 +0000 [ApiNotifyThread] INFO  - ApiNotifyThread thread
2023-10-21 17:07:17:985 +0000 [AppHubThread] INFO  - AppHubThread thread
2023-10-21 17:07:43:457 +0000 [TimerThread] INFO  - TimerThread: active...
2023-10-21 17:07:43:457 +0000 [TimerThread] INFO  - expiredDate : Sat Oct 21 17:06:43 UTC 2023
2023-10-21 17:07:43:457 +0000 [TimerThread] INFO  - TimerThread: markExpiredDevLoraCfg()
2023-10-21 17:08:17:990 +0000 [AppHubThread] INFO  - AppHubThread thread
2023-10-21 17:08:17:990 +0000 [ApiNotifyThread] INFO  - ApiNotifyThread thread
2023-10-21 17:08:43:462 +0000 [TimerThread] INFO  - TimerThread: active...
2023-10-21 17:08:43:462 +0000 [TimerThread] INFO  - expiredDate : Sat Oct 21 17:07:43 UTC 2023
2023-10-21 17:08:43:463 +0000 [TimerThread] INFO  - TimerThread: markExpiredDevLoraCfg()
2023-10-21 17:09:17:995 +0000 [AppHubThread] INFO  - AppHubThread thread
2023-10-21 17:09:17:995 +0000 [ApiNotifyThread] INFO  - ApiNotifyThread thread
2023-10-21 17:09:43:467 +0000 [TimerThread] INFO  - TimerThread: active...
2023-10-21 17:09:43:467 +0000 [TimerThread] INFO  - expiredDate : Sat Oct 21 17:08:43 UTC 2023
2023-10-21 17:09:43:468 +0000 [TimerThread] INFO  - TimerThread: markExpiredDevLoraCfg()
2023-10-21 17:10:18:000 +0000 [AppHubThread] INFO  - AppHubThread thread
2023-10-21 17:10:18:000 +0000 [ApiNotifyThread] INFO  - ApiNotifyThread thread
2023-10-21 17:10:43:473 +0000 [TimerThread] INFO  - TimerThread: active...
2023-10-21 17:10:43:473 +0000 [TimerThread] INFO  - expiredDate : Sat Oct 21 17:09:43 UTC 2023
2023-10-21 17:10:43:473 +0000 [TimerThread] INFO  - TimerThread: markExpiredDevLoraCfg()
2023-10-21 17:11:18:005 +0000 [ApiNotifyThread] INFO  - ApiNotifyThread thread
2023-10-21 17:11:18:005 +0000 [AppHubThread] INFO  - AppHubThread thread
2023-10-21 17:11:43:478 +0000 [TimerThread] INFO  - TimerThread: active...
2023-10-21 17:11:43:478 +0000 [TimerThread] INFO  - TimerThread: finish check device buffer expiry
2023-10-21 17:11:43:478 +0000 [TimerThread] INFO  - expiredDate : Sat Oct 21 17:10:43 UTC 2023
2023-10-21 17:11:43:478 +0000 [TimerThread] INFO  - TimerThread: markExpiredDevLoraCfg()
2023-10-21 17:12:18:010 +0000 [ApiNotifyThread] INFO  - ApiNotifyThread thread
2023-10-21 17:12:18:010 +0000 [AppHubThread] INFO  - AppHubThread thread
2023-10-21 17:12:43:483 +0000 [TimerThread] INFO  - TimerThread: active...
2023-10-21 17:12:43:483 +0000 [TimerThread] INFO  - expiredDate : Sat Oct 21 17:11:43 UTC 2023
2023-10-21 17:12:43:484 +0000 [TimerThread] INFO  - TimerThread: markExpiredDevLoraCfg()
2023-10-21 17:13:18:014 +0000 [AppHubThread] INFO  - AppHubThread thread
2023-10-21 17:13:18:014 +0000 [ApiNotifyThread] INFO  - ApiNotifyThread thread
2023-10-21 17:13:43:488 +0000 [TimerThread] INFO  - TimerThread: active...
2023-10-21 17:13:43:488 +0000 [TimerThread] INFO  - expiredDate : Sat Oct 21 17:12:43 UTC 2023
2023-10-21 17:13:43:488 +0000 [TimerThread] INFO  - TimerThread: markExpiredDevLoraCfg()
2023-10-21 17:14:18:019 +0000 [ApiNotifyThread] INFO  - ApiNotifyThread thread
2023-10-21 17:14:18:019 +0000 [AppHubThread] INFO  - AppHubThread thread
2023-10-21 17:14:43:494 +0000 [TimerThread] INFO  - TimerThread: active...
2023-10-21 17:14:43:494 +0000 [TimerThread] INFO  - expiredDate : Sat Oct 21 17:13:43 UTC 2023
2023-10-21 17:14:43:494 +0000 [TimerThread] INFO  - TimerThread: markExpiredDevLoraCfg()
2023-10-21 17:15:18:024 +0000 [AppHubThread] INFO  - AppHubThread thread
2023-10-21 17:15:18:024 +0000 [ApiNotifyThread] INFO  - ApiNotifyThread thread
2023-10-21 17:15:43:499 +0000 [TimerThread] INFO  - TimerThread: active...
2023-10-21 17:15:43:499 +0000 [TimerThread] INFO  - expiredDate : Sat Oct 21 17:14:43 UTC 2023
2023-10-21 17:15:43:499 +0000 [TimerThread] INFO  - TimerThread: markExpiredDevLoraCfg()
2023-10-21 17:16:18:028 +0000 [AppHubThread] INFO  - AppHubThread thread
2023-10-21 17:16:18:028 +0000 [ApiNotifyThread] INFO  - ApiNotifyThread thread
2023-10-21 17:16:43:504 +0000 [TimerThread] INFO  - TimerThread: active...
2023-10-21 17:16:43:504 +0000 [TimerThread] INFO  - TimerThread: finish check device buffer expiry
2023-10-21 17:16:43:504 +0000 [TimerThread] INFO  - expiredDate : Sat Oct 21 17:15:43 UTC 2023
2023-10-21 17:16:43:505 +0000 [TimerThread] INFO  - TimerThread: markExpiredDevLoraCfg()
2023-10-21 17:17:18:033 +0000 [ApiNotifyThread] INFO  - ApiNotifyThread thread
2023-10-21 17:17:18:033 +0000 [AppHubThread] INFO  - AppHubThread thread
2023-10-21 17:17:43:510 +0000 [TimerThread] INFO  - TimerThread: active...
2023-10-21 17:17:43:510 +0000 [TimerThread] INFO  - expiredDate : Sat Oct 21 17:16:43 UTC 2023
2023-10-21 17:17:43:510 +0000 [TimerThread] INFO  - TimerThread: markExpiredDevLoraCfg()
2023-10-21 17:18:18:038 +0000 [ApiNotifyThread] INFO  - ApiNotifyThread thread
2023-10-21 17:18:18:038 +0000 [AppHubThread] INFO  - AppHubThread thread
2023-10-21 17:18:43:515 +0000 [TimerThread] INFO  - TimerThread: active...
2023-10-21 17:18:43:515 +0000 [TimerThread] INFO  - expiredDate : Sat Oct 21 17:17:43 UTC 2023
2023-10-21 17:18:43:515 +0000 [TimerThread] INFO  - TimerThread: markExpiredDevLoraCfg()
2023-10-21 17:19:18:043 +0000 [AppHubThread] INFO  - AppHubThread thread
2023-10-21 17:19:18:043 +0000 [ApiNotifyThread] INFO  - ApiNotifyThread thread
2023-10-21 17:19:43:521 +0000 [TimerThread] INFO  - TimerThread: active...
2023-10-21 17:19:43:521 +0000 [TimerThread] INFO  - expiredDate : Sat Oct 21 17:18:43 UTC 2023
2023-10-21 17:19:43:522 +0000 [TimerThread] INFO  - TimerThread: markExpiredDevLoraCfg()
2023-10-21 17:20:18:047 +0000 [AppHubThread] INFO  - AppHubThread thread
2023-10-21 17:20:18:047 +0000 [ApiNotifyThread] INFO  - ApiNotifyThread thread
2023-10-21 17:20:43:527 +0000 [TimerThread] INFO  - TimerThread: active...
2023-10-21 17:20:43:527 +0000 [TimerThread] INFO  - expiredDate : Sat Oct 21 17:19:43 UTC 2023
2023-10-21 17:20:43:527 +0000 [TimerThread] INFO  - TimerThread: markExpiredDevLoraCfg()
2023-10-21 17:21:18:052 +0000 [AppHubThread] INFO  - AppHubThread thread
2023-10-21 17:21:18:052 +0000 [ApiNotifyThread] INFO  - ApiNotifyThread thread
2023-10-21 17:21:43:533 +0000 [TimerThread] INFO  - TimerThread: active...
2023-10-21 17:21:43:533 +0000 [TimerThread] INFO  - TimerThread: finish check device buffer expiry
2023-10-21 17:21:43:533 +0000 [TimerThread] INFO  - expiredDate : Sat Oct 21 17:20:43 UTC 2023
2023-10-21 17:21:43:533 +0000 [TimerThread] INFO  - TimerThread: markExpiredDevLoraCfg()
2023-10-21 17:22:18:058 +0000 [ApiNotifyThread] INFO  - ApiNotifyThread thread
2023-10-21 17:22:18:059 +0000 [AppHubThread] INFO  - AppHubThread thread
2023-10-21 17:22:43:538 +0000 [TimerThread] INFO  - TimerThread: active...
2023-10-21 17:22:43:538 +0000 [TimerThread] INFO  - expiredDate : Sat Oct 21 17:21:43 UTC 2023
2023-10-21 17:22:43:538 +0000 [TimerThread] INFO  - TimerThread: markExpiredDevLoraCfg()
2023-10-21 17:23:18:063 +0000 [ApiNotifyThread] INFO  - ApiNotifyThread thread
2023-10-21 17:23:18:064 +0000 [AppHubThread] INFO  - AppHubThread thread
2023-10-21 17:23:43:544 +0000 [TimerThread] INFO  - TimerThread: active...
2023-10-21 17:23:43:544 +0000 [TimerThread] INFO  - expiredDate : Sat Oct 21 17:22:43 UTC 2023
2023-10-21 17:23:43:544 +0000 [TimerThread] INFO  - TimerThread: markExpiredDevLoraCfg()
2023-10-21 17:24:18:068 +0000 [ApiNotifyThread] INFO  - ApiNotifyThread thread
2023-10-21 17:24:18:068 +0000 [AppHubThread] INFO  - AppHubThread thread
2023-10-21 17:24:43:549 +0000 [TimerThread] INFO  - TimerThread: active...
2023-10-21 17:24:43:549 +0000 [TimerThread] INFO  - expiredDate : Sat Oct 21 17:23:43 UTC 2023
2023-10-21 17:24:43:549 +0000 [TimerThread] INFO  - TimerThread: markExpiredDevLoraCfg()
2023-10-21 17:24:52:445 +0000 [Backup Log Timer Task] INFO  - Timer Task: Backup Log file
2023-10-21 17:24:52:445 +0000 [Backup Log Timer Task] INFO  - ------------------------- LOG_PATH = log
