/* 1 */
{
    "_id" : ObjectId("65039fdaee0caad9f392b093"),
    "v" : [ 
        553380.32, 
        553369.835, 
        553380.32, 
        10.4850000001024
    ],
    "q" : 0,
    "dt" : ISODate("2023-09-15T00:00:00.000Z"),
    "oid_p" : "396#G_RAE"
}

/* 2 */
{
    "_id" : ObjectId("65039eb2ee0caad9f3929e4d"),
    "v" : [ 
        553369.835, 
        0.0, 
        553369.835, 
        553369.835
    ],
    "q" : 0,
    "dt" : ISODate("2023-09-14T23:55:00.000Z"),
    "oid_p" : "396#G_RAE"
}

/* 3 */
{
    "_id" : ObjectId("65039dbcee0caad9f39288e6"),
    "v" : [ 
        553360.128, 
        553352.728, 
        553360.128, 
        7.40000000002328
    ],
    "q" : 0,
    "dt" : ISODate("2023-09-14T23:50:00.000Z"),
    "oid_p" : "396#G_RAE"
}

/* 4 */
{
    "_id" : ObjectId("65039c55ee0caad9f39270c3"),
    "v" : [ 
        553352.728, 
        553345.076, 
        553352.728, 
        7.65200000011828
    ],
    "q" : 0,
    "dt" : ISODate("2023-09-14T23:45:00.000Z"),
    "oid_p" : "396#G_RAE"
}

/* 5 */
{
    "_id" : ObjectId("65039b2aee0caad9f3925168"),
    "v" : [ 
        553345.076, 
        553339.913, 
        553345.076, 
        5.16299999970943
    ],
    "q" : 0,
    "dt" : ISODate("2023-09-14T23:40:00.000Z"),
    "oid_p" : "396#G_RAE"
}

/* 6 */
{
    "_id" : ObjectId("650399fdee0caad9f3923d26"),
    "v" : [ 
        553339.913, 
        553333.147, 
        553339.913, 
        6.76600000017788
    ],
    "q" : 0,
    "dt" : ISODate("2023-09-14T23:35:00.000Z"),
    "oid_p" : "396#G_RAE"
}

/* 7 */
{
    "_id" : ObjectId("650398d2ee0caad9f3922699"),
    "v" : [ 
        553333.147, 
        553329.326, 
        553333.147, 
        3.82099999999627
    ],
    "q" : 0,
    "dt" : ISODate("2023-09-14T23:30:00.000Z"),
    "oid_p" : "396#G_RAE"
}

/* 8 */
{
    "_id" : ObjectId("650397a6ee0caad9f3921383"),
    "v" : [ 
        553329.326, 
        553326.118, 
        553329.326, 
        3.20799999998417
    ],
    "q" : 0,
    "dt" : ISODate("2023-09-14T23:25:00.000Z"),
    "oid_p" : "396#G_RAE"
}

/* 9 */
{
    "_id" : ObjectId("65039679ee0caad9f391fe5f"),
    "v" : [ 
        553326.118, 
        553323.896, 
        553326.118, 
        2.22199999995064
    ],
    "q" : 0,
    "dt" : ISODate("2023-09-14T23:20:00.000Z"),
    "oid_p" : "396#G_RAE"
}

/* 10 */
{
    "_id" : ObjectId("6503954dee0caad9f391e971"),
    "v" : [ 
        553323.896, 
        0.0, 
        553323.896, 
        553323.896
    ],
    "q" : 0,
    "dt" : ISODate("2023-09-14T23:15:00.000Z"),
    "oid_p" : "396#G_RAE"
}

/* 11 */
{
    "_id" : ObjectId("65039448ee0caad9f391d472"),
    "v" : [ 
        553320.154, 
        553319.354, 
        553320.154, 
        0.799999999930151
    ],
    "q" : 0,
    "dt" : ISODate("2023-09-14T23:10:00.000Z"),
    "oid_p" : "396#G_RAE"
}

/* 12 */
{
    "_id" : ObjectId("650392f5ee0caad9f391bfac"),
    "v" : [ 
        553319.354, 
        553319.354, 
        553319.354, 
        0.0
    ],
    "q" : 0,
    "dt" : ISODate("2023-09-14T23:05:00.000Z"),
    "oid_p" : "396#G_RAE"
}

/* 13 */
{
    "_id" : ObjectId("650391c9ee0caad9f391ab06"),
    "v" : [ 
        553319.354, 
        553317.833, 
        553319.354, 
        1.52099999994971
    ],
    "q" : 0,
    "dt" : ISODate("2023-09-14T23:00:00.000Z"),
    "oid_p" : "396#G_RAE"
}

/* 14 */
{
    "_id" : ObjectId("6503909eee0caad9f39195d8"),
    "v" : [ 
        553317.833, 
        553317.432, 
        553317.833, 
        0.401000000070781
    ],
    "q" : 0,
    "dt" : ISODate("2023-09-14T22:55:00.000Z"),
    "oid_p" : "396#G_RAE"
}

/* 15 */
{
    "_id" : ObjectId("65038f72ee0caad9f3917f7b"),
    "v" : [ 
        553317.432, 
        553317.432, 
        553317.432, 
        0.0
    ],
    "q" : 0,
    "dt" : ISODate("2023-09-14T22:50:00.000Z"),
    "oid_p" : "396#G_RAE"
}

/* 16 */
{
    "_id" : ObjectId("65038e46ee0caad9f3916848"),
    "v" : [ 
        553317.432, 
        553317.432, 
        553317.432, 
        0.0
    ],
    "q" : 0,
    "dt" : ISODate("2023-09-14T22:45:00.000Z"),
    "oid_p" : "396#G_RAE"
}

/* 17 */
{
    "_id" : ObjectId("65038d1aee0caad9f3911b62"),
    "v" : [ 
        553317.432, 
        553317.432, 
        553317.432, 
        0.0
    ],
    "q" : 0,
    "dt" : ISODate("2023-09-14T22:40:00.000Z"),
    "oid_p" : "396#G_RAE"
}

/* 18 */
{
    "_id" : ObjectId("65038beeee0caad9f3910795"),
    "v" : [ 
        553317.432, 
        553317.432, 
        553317.432, 
        0.0
    ],
    "q" : 0,
    "dt" : ISODate("2023-09-14T22:35:00.000Z"),
    "oid_p" : "396#G_RAE"
}

/* 19 */
{
    "_id" : ObjectId("65038ac2ee0caad9f390f2ae"),
    "v" : [ 
        553317.432, 
        553317.432, 
        553317.432, 
        0.0
    ],
    "q" : 0,
    "dt" : ISODate("2023-09-14T22:30:00.000Z"),
    "oid_p" : "396#G_RAE"
}

/* 20 */
{
    "_id" : ObjectId("65038996ee0caad9f390df30"),
    "v" : [ 
        553317.432, 
        553317.432, 
        553317.432, 
        0.0
    ],
    "q" : 0,
    "dt" : ISODate("2023-09-14T22:25:00.000Z"),
    "oid_p" : "396#G_RAE"
}

/* 21 */
{
    "_id" : ObjectId("6503886aee0caad9f390ca4d"),
    "v" : [ 
        553317.432, 
        553317.432, 
        553317.432, 
        0.0
    ],
    "q" : 0,
    "dt" : ISODate("2023-09-14T22:20:00.000Z"),
    "oid_p" : "396#G_RAE"
}

/* 22 */
{
    "_id" : ObjectId("6503873eee0caad9f390b6ad"),
    "v" : [ 
        553317.432, 
        553317.432, 
        553317.432, 
        0.0
    ],
    "q" : 0,
    "dt" : ISODate("2023-09-14T22:15:00.000Z"),
    "oid_p" : "396#G_RAE"
}

/* 23 */
{
    "_id" : ObjectId("65038611ee0caad9f390a26c"),
    "v" : [ 
        553317.432, 
        553317.432, 
        553317.432, 
        0.0
    ],
    "q" : 0,
    "dt" : ISODate("2023-09-14T22:10:00.000Z"),
    "oid_p" : "396#G_RAE"
}

/* 24 */
{
    "_id" : ObjectId("650384e7ee0caad9f3908f02"),
    "v" : [ 
        553317.432, 
        553317.432, 
        553317.432, 
        0.0
    ],
    "q" : 0,
    "dt" : ISODate("2023-09-14T22:05:00.000Z"),
    "oid_p" : "396#G_RAE"
}

/* 25 */
{
    "_id" : ObjectId("650383b9ee0caad9f39077a9"),
    "v" : [ 
        553317.432, 
        553317.432, 
        553317.432, 
        0.0
    ],
    "q" : 0,
    "dt" : ISODate("2023-09-14T22:00:00.000Z"),
    "oid_p" : "396#G_RAE"
}

/* 26 */
{
    "_id" : ObjectId("6503828eee0caad9f3906529"),
    "v" : [ 
        553317.432, 
        553317.432, 
        553317.432, 
        0.0
    ],
    "q" : 0,
    "dt" : ISODate("2023-09-14T21:55:00.000Z"),
    "oid_p" : "396#G_RAE"
}

/* 27 */
{
    "_id" : ObjectId("65038161ee0caad9f3904f56"),
    "v" : [ 
        553317.432, 
        553317.432, 
        553317.432, 
        0.0
    ],
    "q" : 0,
    "dt" : ISODate("2023-09-14T21:50:00.000Z"),
    "oid_p" : "396#G_RAE"
}

/* 28 */
{
    "_id" : ObjectId("65038036ee0caad9f3903b2f"),
    "v" : [ 
        553317.432, 
        0.0, 
        553317.432, 
        553317.432
    ],
    "q" : 0,
    "dt" : ISODate("2023-09-14T21:45:00.000Z"),
    "oid_p" : "396#G_RAE"
}

/* 29 */
{
    "_id" : ObjectId("65037f47ee0caad9f390289e"),
    "v" : [ 
        553317.432, 
        553317.432, 
        553317.432, 
        0.0
    ],
    "q" : 0,
    "dt" : ISODate("2023-09-14T21:40:00.000Z"),
    "oid_p" : "396#G_RAE"
}

/* 30 */
{
    "_id" : ObjectId("65037ddfee0caad9f39013d1"),
    "v" : [ 
        553317.432, 
        553317.432, 
        553317.432, 
        0.0
    ],
    "q" : 0,
    "dt" : ISODate("2023-09-14T21:35:00.000Z"),
    "oid_p" : "396#G_RAE"
}

/* 31 */
{
    "_id" : ObjectId("65037cb2ee0caad9f38ffbf9"),
    "v" : [ 
        553317.432, 
        0.0, 
        553317.432, 
        553317.432
    ],
    "q" : 0,
    "dt" : ISODate("2023-09-14T21:30:00.000Z"),
    "oid_p" : "396#G_RAE"
}

/* 32 */
{
    "_id" : ObjectId("65037b89ee0caad9f38feb33"),
    "v" : [ 
        553317.432, 
        553317.432, 
        553317.432, 
        0.0
    ],
    "q" : 0,
    "dt" : ISODate("2023-09-14T21:25:00.000Z"),
    "oid_p" : "396#G_RAE"
}

/* 33 */
{
    "_id" : ObjectId("65037a5aee0caad9f38fd6c9"),
    "v" : [ 
        553317.432, 
        0.0, 
        553317.432, 
        553317.432
    ],
    "q" : 0,
    "dt" : ISODate("2023-09-14T21:20:00.000Z"),
    "oid_p" : "396#G_RAE"
}

/* 34 */
{
    "_id" : ObjectId("6503796aee0caad9f38fc1f8"),
    "v" : [ 
        553317.432, 
        553317.432, 
        553317.432, 
        0.0
    ],
    "q" : 0,
    "dt" : ISODate("2023-09-14T21:15:00.000Z"),
    "oid_p" : "396#G_RAE"
}

/* 35 */
{
    "_id" : ObjectId("65037805ee0caad9f38faf64"),
    "v" : [ 
        553317.432, 
        553317.432, 
        553317.432, 
        0.0
    ],
    "q" : 0,
    "dt" : ISODate("2023-09-14T21:10:00.000Z"),
    "oid_p" : "396#G_RAE"
}

/* 36 */
{
    "_id" : ObjectId("650376d5ee0caad9f38f9901"),
    "v" : [ 
        553317.432, 
        553317.432, 
        553317.432, 
        0.0
    ],
    "q" : 0,
    "dt" : ISODate("2023-09-14T21:05:00.000Z"),
    "oid_p" : "396#G_RAE"
}

/* 37 */
{
    "_id" : ObjectId("650375a9ee0caad9f38f8358"),
    "v" : [ 
        553317.432, 
        553317.432, 
        553317.432, 
        0.0
    ],
    "q" : 0,
    "dt" : ISODate("2023-09-14T21:00:00.000Z"),
    "oid_p" : "396#G_RAE"
}

/* 38 */
{
    "_id" : ObjectId("65037481ee0caad9f38f70a5"),
    "v" : [ 
        553317.432, 
        553317.432, 
        553317.432, 
        0.0
    ],
    "q" : 0,
    "dt" : ISODate("2023-09-14T20:55:00.000Z"),
    "oid_p" : "396#G_RAE"
}

/* 39 */
{
    "_id" : ObjectId("65037352ee0caad9f38f5af6"),
    "v" : [ 
        553317.432, 
        553317.432, 
        553317.432, 
        0.0
    ],
    "q" : 0,
    "dt" : ISODate("2023-09-14T20:50:00.000Z"),
    "oid_p" : "396#G_RAE"
}

/* 40 */
{
    "_id" : ObjectId("65037226ee0caad9f38f4656"),
    "v" : [ 
        553317.432, 
        553317.432, 
        553317.432, 
        0.0
    ],
    "q" : 0,
    "dt" : ISODate("2023-09-14T20:45:00.000Z"),
    "oid_p" : "396#G_RAE"
}

/* 41 */
{
    "_id" : ObjectId("650370fdee0caad9f38f324d"),
    "v" : [ 
        553317.432, 
        553317.432, 
        553317.432, 
        0.0
    ],
    "q" : 0,
    "dt" : ISODate("2023-09-14T20:40:00.000Z"),
    "oid_p" : "396#G_RAE"
}

/* 42 */
{
    "_id" : ObjectId("65036fcdee0caad9f38f1b13"),
    "v" : [ 
        553317.432, 
        553317.432, 
        553317.432, 
        0.0
    ],
    "q" : 0,
    "dt" : ISODate("2023-09-14T20:35:00.000Z"),
    "oid_p" : "396#G_RAE"
}

/* 43 */
{
    "_id" : ObjectId("65036ea2ee0caad9f38f09c8"),
    "v" : [ 
        553317.432, 
        553317.432, 
        553317.432, 
        0.0
    ],
    "q" : 0,
    "dt" : ISODate("2023-09-14T20:30:00.000Z"),
    "oid_p" : "396#G_RAE"
}

/* 44 */
{
    "_id" : ObjectId("65036d79ee0caad9f38ef562"),
    "v" : [ 
        553317.432, 
        553317.432, 
        553317.432, 
        0.0
    ],
    "q" : 0,
    "dt" : ISODate("2023-09-14T20:25:00.000Z"),
    "oid_p" : "396#G_RAE"
}

/* 45 */
{
    "_id" : ObjectId("65036c4aee0caad9f38ee13d"),
    "v" : [ 
        553317.432, 
        553317.432, 
        553317.432, 
        0.0
    ],
    "q" : 0,
    "dt" : ISODate("2023-09-14T20:20:00.000Z"),
    "oid_p" : "396#G_RAE"
}

/* 46 */
{
    "_id" : ObjectId("65036b1eee0caad9f38eccfb"),
    "v" : [ 
        553317.432, 
        553317.432, 
        553317.432, 
        0.0
    ],
    "q" : 0,
    "dt" : ISODate("2023-09-14T20:15:00.000Z"),
    "oid_p" : "396#G_RAE"
}

/* 47 */
{
    "_id" : ObjectId("650369f3ee0caad9f38eb8c4"),
    "v" : [ 
        553317.432, 
        553317.432, 
        553317.432, 
        0.0
    ],
    "q" : 0,
    "dt" : ISODate("2023-09-14T20:10:00.000Z"),
    "oid_p" : "396#G_RAE"
}

/* 48 */
{
    "_id" : ObjectId("650368c6ee0caad9f38ea492"),
    "v" : [ 
        553317.432, 
        553317.432, 
        553317.432, 
        0.0
    ],
    "q" : 0,
    "dt" : ISODate("2023-09-14T20:05:00.000Z"),
    "oid_p" : "396#G_RAE"
}

/* 49 */
{
    "_id" : ObjectId("6503679aee0caad9f38e8fc4"),
    "v" : [ 
        553317.432, 
        0.0, 
        553317.432, 
        553317.432
    ],
    "q" : 0,
    "dt" : ISODate("2023-09-14T20:00:00.000Z"),
    "oid_p" : "396#G_RAE"
}

/* 50 */
{
    "_id" : ObjectId("6503666fee0caad9f38e7bc5"),
    "v" : [ 
        553317.432, 
        553317.432, 
        553317.432, 
        0.0
    ],
    "q" : 0,
    "dt" : ISODate("2023-09-14T19:55:00.000Z"),
    "oid_p" : "396#G_RAE"
}

/* 51 */
{
    "_id" : ObjectId("65036542ee0caad9f38e6605"),
    "v" : [ 
        553317.432, 
        553317.432, 
        553317.432, 
        0.0
    ],
    "q" : 0,
    "dt" : ISODate("2023-09-14T19:50:00.000Z"),
    "oid_p" : "396#G_RAE"
}

/* 52 */
{
    "_id" : ObjectId("65036416ee0caad9f38e50f8"),
    "v" : [ 
        553317.432, 
        553317.432, 
        553317.432, 
        0.0
    ],
    "q" : 0,
    "dt" : ISODate("2023-09-14T19:45:00.000Z"),
    "oid_p" : "396#G_RAE"
}

/* 53 */
{
    "_id" : ObjectId("650362ecee0caad9f38e3d6a"),
    "v" : [ 
        553317.432, 
        553317.432, 
        553317.432, 
        0.0
    ],
    "q" : 0,
    "dt" : ISODate("2023-09-14T19:40:00.000Z"),
    "oid_p" : "396#G_RAE"
}

/* 54 */
{
    "_id" : ObjectId("650361beee0caad9f38e283e"),
    "v" : [ 
        553317.432, 
        553317.432, 
        553317.432, 
        0.0
    ],
    "q" : 0,
    "dt" : ISODate("2023-09-14T19:35:00.000Z"),
    "oid_p" : "396#G_RAE"
}

/* 55 */
{
    "_id" : ObjectId("65036093ee0caad9f38e1494"),
    "v" : [ 
        553317.432, 
        553317.432, 
        553317.432, 
        0.0
    ],
    "q" : 0,
    "dt" : ISODate("2023-09-14T19:30:00.000Z"),
    "oid_p" : "396#G_RAE"
}

/* 56 */
{
    "_id" : ObjectId("65035f67ee0caad9f38e010d"),
    "v" : [ 
        553317.432, 
        553317.432, 
        553317.432, 
        0.0
    ],
    "q" : 0,
    "dt" : ISODate("2023-09-14T19:25:00.000Z"),
    "oid_p" : "396#G_RAE"
}

/* 57 */
{
    "_id" : ObjectId("65035e3aee0caad9f38deb57"),
    "v" : [ 
        553317.432, 
        0.0, 
        553317.432, 
        553317.432
    ],
    "q" : 0,
    "dt" : ISODate("2023-09-14T19:20:00.000Z"),
    "oid_p" : "396#G_RAE"
}

/* 58 */
{
    "_id" : ObjectId("65035d0eee0caad9f38dd847"),
    "v" : [ 
        553317.432, 
        553317.432, 
        553317.432, 
        0.0
    ],
    "q" : 0,
    "dt" : ISODate("2023-09-14T19:15:00.000Z"),
    "oid_p" : "396#G_RAE"
}

/* 59 */
{
    "_id" : ObjectId("65035be3ee0caad9f38dc480"),
    "v" : [ 
        553317.432, 
        553317.432, 
        553317.432, 
        0.0
    ],
    "q" : 0,
    "dt" : ISODate("2023-09-14T19:10:00.000Z"),
    "oid_p" : "396#G_RAE"
}

/* 60 */
{
    "_id" : ObjectId("65035ab6ee0caad9f38dafe2"),
    "v" : [ 
        553317.432, 
        553317.432, 
        553317.432, 
        0.0
    ],
    "q" : 0,
    "dt" : ISODate("2023-09-14T19:05:00.000Z"),
    "oid_p" : "396#G_RAE"
}

/* 61 */
{
    "_id" : ObjectId("6503598aee0caad9f38d9c02"),
    "v" : [ 
        553317.432, 
        553317.432, 
        553317.432, 
        0.0
    ],
    "q" : 0,
    "dt" : ISODate("2023-09-14T19:00:00.000Z"),
    "oid_p" : "396#G_RAE"
}

/* 62 */
{
    "_id" : ObjectId("6503585fee0caad9f38d8455"),
    "v" : [ 
        553317.432, 
        553317.432, 
        553317.432, 
        0.0
    ],
    "q" : 0,
    "dt" : ISODate("2023-09-14T18:55:00.000Z"),
    "oid_p" : "396#G_RAE"
}

/* 63 */
{
    "_id" : ObjectId("65035731ee0caad9f38d6f01"),
    "v" : [ 
        553317.432, 
        553317.432, 
        553317.432, 
        0.0
    ],
    "q" : 0,
    "dt" : ISODate("2023-09-14T18:50:00.000Z"),
    "oid_p" : "396#G_RAE"
}

/* 64 */
{
    "_id" : ObjectId("65035605ee0caad9f38d5acf"),
    "v" : [ 
        553317.432, 
        553317.432, 
        553317.432, 
        0.0
    ],
    "q" : 0,
    "dt" : ISODate("2023-09-14T18:45:00.000Z"),
    "oid_p" : "396#G_RAE"
}

/* 65 */
{
    "_id" : ObjectId("650354dbee0caad9f38d4698"),
    "v" : [ 
        553317.432, 
        553317.432, 
        553317.432, 
        0.0
    ],
    "q" : 0,
    "dt" : ISODate("2023-09-14T18:40:00.000Z"),
    "oid_p" : "396#G_RAE"
}

/* 66 */
{
    "_id" : ObjectId("650353aeee0caad9f38d3242"),
    "v" : [ 
        553317.432, 
        553317.432, 
        553317.432, 
        0.0
    ],
    "q" : 0,
    "dt" : ISODate("2023-09-14T18:35:00.000Z"),
    "oid_p" : "396#G_RAE"
}

/* 67 */
{
    "_id" : ObjectId("65035282ee0caad9f38d1d68"),
    "v" : [ 
        553317.432, 
        553317.432, 
        553317.432, 
        0.0
    ],
    "q" : 0,
    "dt" : ISODate("2023-09-14T18:30:00.000Z"),
    "oid_p" : "396#G_RAE"
}

/* 68 */
{
    "_id" : ObjectId("65035157ee0caad9f38d09f3"),
    "v" : [ 
        553317.432, 
        553317.432, 
        553317.432, 
        0.0
    ],
    "q" : 0,
    "dt" : ISODate("2023-09-14T18:25:00.000Z"),
    "oid_p" : "396#G_RAE"
}

/* 69 */
{
    "_id" : ObjectId("6503502aee0caad9f38cf5bd"),
    "v" : [ 
        553317.432, 
        553317.432, 
        553317.432, 
        0.0
    ],
    "q" : 0,
    "dt" : ISODate("2023-09-14T18:20:00.000Z"),
    "oid_p" : "396#G_RAE"
}

/* 70 */
{
    "_id" : ObjectId("65034efeee0caad9f38ce188"),
    "v" : [ 
        553317.432, 
        553317.432, 
        553317.432, 
        0.0
    ],
    "q" : 0,
    "dt" : ISODate("2023-09-14T18:15:00.000Z"),
    "oid_p" : "396#G_RAE"
}

/* 71 */
{
    "_id" : ObjectId("65034dd3ee0caad9f38ccd65"),
    "v" : [ 
        553317.432, 
        553317.432, 
        553317.432, 
        0.0
    ],
    "q" : 0,
    "dt" : ISODate("2023-09-14T18:10:00.000Z"),
    "oid_p" : "396#G_RAE"
}

/* 72 */
{
    "_id" : ObjectId("65034ca6ee0caad9f38cb75e"),
    "v" : [ 
        553317.432, 
        553317.432, 
        553317.432, 
        0.0
    ],
    "q" : 0,
    "dt" : ISODate("2023-09-14T18:05:00.000Z"),
    "oid_p" : "396#G_RAE"
}

/* 73 */
{
    "_id" : ObjectId("65034b7bee0caad9f38ca4ce"),
    "v" : [ 
        553317.432, 
        553317.432, 
        553317.432, 
        0.0
    ],
    "q" : 0,
    "dt" : ISODate("2023-09-14T18:00:00.000Z"),
    "oid_p" : "396#G_RAE"
}

/* 74 */
{
    "_id" : ObjectId("65034a4fee0caad9f38c8fa2"),
    "v" : [ 
        553317.432, 
        0.0, 
        553317.432, 
        553317.432
    ],
    "q" : 0,
    "dt" : ISODate("2023-09-14T17:55:00.000Z"),
    "oid_p" : "396#G_RAE"
}

/* 75 */
{
    "_id" : ObjectId("6503495eee0caad9f38c7a97"),
    "v" : [ 
        553317.432, 
        0.0, 
        553317.432, 
        553317.432
    ],
    "q" : 0,
    "dt" : ISODate("2023-09-14T17:50:00.000Z"),
    "oid_p" : "396#G_RAE"
}

/* 76 */
{
    "_id" : ObjectId("65034832ee0caad9f38c6626"),
    "v" : [ 
        553317.432, 
        553317.432, 
        553317.432, 
        0.0
    ],
    "q" : 0,
    "dt" : ISODate("2023-09-14T17:45:00.000Z"),
    "oid_p" : "396#G_RAE"
}

/* 77 */
{
    "_id" : ObjectId("650346cbee0caad9f38c521f"),
    "v" : [ 
        553317.432, 
        553317.432, 
        553317.432, 
        0.0
    ],
    "q" : 0,
    "dt" : ISODate("2023-09-14T17:40:00.000Z"),
    "oid_p" : "396#G_RAE"
}

/* 78 */
{
    "_id" : ObjectId("6503459eee0caad9f38c3dd4"),
    "v" : [ 
        553317.432, 
        553317.432, 
        553317.432, 
        0.0
    ],
    "q" : 0,
    "dt" : ISODate("2023-09-14T17:35:00.000Z"),
    "oid_p" : "396#G_RAE"
}

/* 79 */
{
    "_id" : ObjectId("65034472ee0caad9f38c29ab"),
    "v" : [ 
        553317.432, 
        553317.432, 
        553317.432, 
        0.0
    ],
    "q" : 0,
    "dt" : ISODate("2023-09-14T17:30:00.000Z"),
    "oid_p" : "396#G_RAE"
}

/* 80 */
{
    "_id" : ObjectId("65034346ee0caad9f38c1565"),
    "v" : [ 
        553317.432, 
        553317.432, 
        553317.432, 
        0.0
    ],
    "q" : 0,
    "dt" : ISODate("2023-09-14T17:25:00.000Z"),
    "oid_p" : "396#G_RAE"
}

/* 81 */
{
    "_id" : ObjectId("6503421aee0caad9f38c0050"),
    "v" : [ 
        553317.432, 
        553317.432, 
        553317.432, 
        0.0
    ],
    "q" : 0,
    "dt" : ISODate("2023-09-14T17:20:00.000Z"),
    "oid_p" : "396#G_RAE"
}

/* 82 */
{
    "_id" : ObjectId("650340edee0caad9f38beb68"),
    "v" : [ 
        553317.432, 
        553317.432, 
        553317.432, 
        0.0
    ],
    "q" : 0,
    "dt" : ISODate("2023-09-14T17:15:00.000Z"),
    "oid_p" : "396#G_RAE"
}

/* 83 */
{
    "_id" : ObjectId("65033fc2ee0caad9f38bd84a"),
    "v" : [ 
        553317.432, 
        553317.432, 
        553317.432, 
        0.0
    ],
    "q" : 0,
    "dt" : ISODate("2023-09-14T17:10:00.000Z"),
    "oid_p" : "396#G_RAE"
}

/* 84 */
{
    "_id" : ObjectId("65033e96ee0caad9f38bc405"),
    "v" : [ 
        553317.432, 
        553317.432, 
        553317.432, 
        0.0
    ],
    "q" : 0,
    "dt" : ISODate("2023-09-14T17:05:00.000Z"),
    "oid_p" : "396#G_RAE"
}

/* 85 */
{
    "_id" : ObjectId("65033d6bee0caad9f38baf36"),
    "v" : [ 
        553317.432, 
        553317.432, 
        553317.432, 
        0.0
    ],
    "q" : 0,
    "dt" : ISODate("2023-09-14T17:00:00.000Z"),
    "oid_p" : "396#G_RAE"
}

/* 86 */
{
    "_id" : ObjectId("65033c3eee0caad9f38b9b9f"),
    "v" : [ 
        553317.432, 
        553317.432, 
        553317.432, 
        0.0
    ],
    "q" : 0,
    "dt" : ISODate("2023-09-14T16:55:00.000Z"),
    "oid_p" : "396#G_RAE"
}

/* 87 */
{
    "_id" : ObjectId("65033b11ee0caad9f38b85db"),
    "v" : [ 
        553317.432, 
        553317.432, 
        553317.432, 
        0.0
    ],
    "q" : 0,
    "dt" : ISODate("2023-09-14T16:50:00.000Z"),
    "oid_p" : "396#G_RAE"
}

/* 88 */
{
    "_id" : ObjectId("650339e4ee0caad9f38b719f"),
    "v" : [ 
        553317.432, 
        553317.432, 
        553317.432, 
        0.0
    ],
    "q" : 0,
    "dt" : ISODate("2023-09-14T16:45:00.000Z"),
    "oid_p" : "396#G_RAE"
}

/* 89 */
{
    "_id" : ObjectId("650338baee0caad9f38b5d45"),
    "v" : [ 
        553317.432, 
        553317.432, 
        553317.432, 
        0.0
    ],
    "q" : 0,
    "dt" : ISODate("2023-09-14T16:40:00.000Z"),
    "oid_p" : "396#G_RAE"
}

/* 90 */
{
    "_id" : ObjectId("6503378dee0caad9f38b494a"),
    "v" : [ 
        553317.432, 
        553317.432, 
        553317.432, 
        0.0
    ],
    "q" : 0,
    "dt" : ISODate("2023-09-14T16:35:00.000Z"),
    "oid_p" : "396#G_RAE"
}

/* 91 */
{
    "_id" : ObjectId("65033661ee0caad9f38b34d4"),
    "v" : [ 
        553317.432, 
        553317.432, 
        553317.432, 
        0.0
    ],
    "q" : 0,
    "dt" : ISODate("2023-09-14T16:30:00.000Z"),
    "oid_p" : "396#G_RAE"
}

/* 92 */
{
    "_id" : ObjectId("65033536ee0caad9f38b2094"),
    "v" : [ 
        553317.432, 
        553317.432, 
        553317.432, 
        0.0
    ],
    "q" : 0,
    "dt" : ISODate("2023-09-14T16:25:00.000Z"),
    "oid_p" : "396#G_RAE"
}

/* 93 */
{
    "_id" : ObjectId("6503340aee0caad9f38b0c62"),
    "v" : [ 
        553317.432, 
        553317.432, 
        553317.432, 
        0.0
    ],
    "q" : 0,
    "dt" : ISODate("2023-09-14T16:20:00.000Z"),
    "oid_p" : "396#G_RAE"
}

/* 94 */
{
    "_id" : ObjectId("650332deee0caad9f38af826"),
    "v" : [ 
        553317.432, 
        553317.432, 
        553317.432, 
        0.0
    ],
    "q" : 0,
    "dt" : ISODate("2023-09-14T16:15:00.000Z"),
    "oid_p" : "396#G_RAE"
}

/* 95 */
{
    "_id" : ObjectId("650331b2ee0caad9f38ae3e3"),
    "v" : [ 
        553317.432, 
        553317.432, 
        553317.432, 
        0.0
    ],
    "q" : 524288,
    "dt" : ISODate("2023-09-14T16:10:00.000Z"),
    "oid_p" : "396#G_RAE"
}

/* 96 */
{
    "_id" : ObjectId("65033086ee0caad9f38acec9"),
    "v" : [ 
        25414.399, 
        25414.399, 
        25414.399, 
        0.0
    ],
    "q" : 524288,
    "dt" : ISODate("2023-09-14T16:05:00.000Z"),
    "oid_p" : "396#G_RAE"
}

/* 97 */
{
    "_id" : ObjectId("65032f94ee0caad9f38a00d4"),
    "v" : [ 
        553317.432, 
        553317.432, 
        553317.432, 
        0.0
    ],
    "q" : 0,
    "dt" : ISODate("2023-09-14T16:00:00.000Z"),
    "oid_p" : "396#G_RAE"
}

/* 98 */
{
    "_id" : ObjectId("65032e2eee0caad9f3898fcb"),
    "v" : [ 
        553317.432, 
        553317.432, 
        553317.432, 
        0.0
    ],
    "q" : 0,
    "dt" : ISODate("2023-09-14T15:55:00.000Z"),
    "oid_p" : "396#G_RAE"
}

/* 99 */
{
    "_id" : ObjectId("65032d02ee0caad9f38979c4"),
    "v" : [ 
        553317.432, 
        553317.432, 
        553317.432, 
        0.0
    ],
    "q" : 0,
    "dt" : ISODate("2023-09-14T15:50:00.000Z"),
    "oid_p" : "396#G_RAE"
}

/* 100 */
{
    "_id" : ObjectId("65032bd6ee0caad9f3896418"),
    "v" : [ 
        553317.432, 
        553317.432, 
        553317.432, 
        0.0
    ],
    "q" : 0,
    "dt" : ISODate("2023-09-14T15:45:00.000Z"),
    "oid_p" : "396#G_RAE"
}

/* 101 */
{
    "_id" : ObjectId("65032aaaee0caad9f3894f20"),
    "v" : [ 
        553317.432, 
        553317.432, 
        553317.432, 
        0.0
    ],
    "q" : 0,
    "dt" : ISODate("2023-09-14T15:40:00.000Z"),
    "oid_p" : "396#G_RAE"
}

/* 102 */
{
    "_id" : ObjectId("6503297eee0caad9f3893cdf"),
    "v" : [ 
        553317.432, 
        553317.432, 
        553317.432, 
        0.0
    ],
    "q" : 0,
    "dt" : ISODate("2023-09-14T15:35:00.000Z"),
    "oid_p" : "396#G_RAE"
}

/* 103 */
{
    "_id" : ObjectId("65032851ee0caad9f38928a6"),
    "v" : [ 
        553317.432, 
        553317.432, 
        553317.432, 
        0.0
    ],
    "q" : 0,
    "dt" : ISODate("2023-09-14T15:30:00.000Z"),
    "oid_p" : "396#G_RAE"
}

/* 104 */
{
    "_id" : ObjectId("65032726ee0caad9f38913e4"),
    "v" : [ 
        553317.432, 
        553317.432, 
        553317.432, 
        0.0
    ],
    "q" : 0,
    "dt" : ISODate("2023-09-14T15:25:00.000Z"),
    "oid_p" : "396#G_RAE"
}

/* 105 */
{
    "_id" : ObjectId("650325faee0caad9f388ffc8"),
    "v" : [ 
        553317.432, 
        553317.432, 
        553317.432, 
        0.0
    ],
    "q" : 0,
    "dt" : ISODate("2023-09-14T15:20:00.000Z"),
    "oid_p" : "396#G_RAE"
}

/* 106 */
{
    "_id" : ObjectId("650324cdee0caad9f388eb39"),
    "v" : [ 
        553317.432, 
        553317.432, 
        553317.432, 
        0.0
    ],
    "q" : 0,
    "dt" : ISODate("2023-09-14T15:15:00.000Z"),
    "oid_p" : "396#G_RAE"
}

/* 107 */
{
    "_id" : ObjectId("650323a3ee0caad9f388d67a"),
    "v" : [ 
        553317.432, 
        553317.432, 
        553317.432, 
        0.0
    ],
    "q" : 0,
    "dt" : ISODate("2023-09-14T15:10:00.000Z"),
    "oid_p" : "396#G_RAE"
}

/* 108 */
{
    "_id" : ObjectId("65032275ee0caad9f388c107"),
    "v" : [ 
        553317.432, 
        553317.432, 
        553317.432, 
        0.0
    ],
    "q" : 0,
    "dt" : ISODate("2023-09-14T15:05:00.000Z"),
    "oid_p" : "396#G_RAE"
}

/* 109 */
{
    "_id" : ObjectId("6503214aee0caad9f388acd9"),
    "v" : [ 
        553317.432, 
        553317.432, 
        553317.432, 
        0.0
    ],
    "q" : 0,
    "dt" : ISODate("2023-09-14T15:00:00.000Z"),
    "oid_p" : "396#G_RAE"
}

/* 110 */
{
    "_id" : ObjectId("6503201eee0caad9f3889829"),
    "v" : [ 
        553317.432, 
        553317.432, 
        553317.432, 
        0.0
    ],
    "q" : 0,
    "dt" : ISODate("2023-09-14T14:55:00.000Z"),
    "oid_p" : "396#G_RAE"
}

/* 111 */
{
    "_id" : ObjectId("65031ef1ee0caad9f38882c6"),
    "v" : [ 
        553317.432, 
        553317.432, 
        553317.432, 
        0.0
    ],
    "q" : 0,
    "dt" : ISODate("2023-09-14T14:50:00.000Z"),
    "oid_p" : "396#G_RAE"
}

/* 112 */
{
    "_id" : ObjectId("65031dc6ee0caad9f3886e9d"),
    "v" : [ 
        553317.432, 
        553317.432, 
        553317.432, 
        0.0
    ],
    "q" : 0,
    "dt" : ISODate("2023-09-14T14:45:00.000Z"),
    "oid_p" : "396#G_RAE"
}

/* 113 */
{
    "_id" : ObjectId("65031c9aee0caad9f3885a59"),
    "v" : [ 
        553317.432, 
        0.0, 
        553317.432, 
        553317.432
    ],
    "q" : 0,
    "dt" : ISODate("2023-09-14T14:40:00.000Z"),
    "oid_p" : "396#G_RAE"
}

/* 114 */
{
    "_id" : ObjectId("65031ba9ee0caad9f3884639"),
    "v" : [ 
        553317.432, 
        0.0, 
        553317.432, 
        553317.432
    ],
    "q" : 0,
    "dt" : ISODate("2023-09-14T14:35:00.000Z"),
    "oid_p" : "396#G_RAE"
}

/* 115 */
{
    "_id" : ObjectId("65031a7eee0caad9f38831f2"),
    "v" : [ 
        553317.432, 
        553317.432, 
        553317.432, 
        0.0
    ],
    "q" : 0,
    "dt" : ISODate("2023-09-14T14:30:00.000Z"),
    "oid_p" : "396#G_RAE"
}

/* 116 */
{
    "_id" : ObjectId("65031916ee0caad9f3881cdd"),
    "v" : [ 
        553317.432, 
        553317.432, 
        553317.432, 
        0.0
    ],
    "q" : 0,
    "dt" : ISODate("2023-09-14T14:25:00.000Z"),
    "oid_p" : "396#G_RAE"
}

/* 117 */
{
    "_id" : ObjectId("650317e9ee0caad9f3880922"),
    "v" : [ 
        553317.432, 
        553317.432, 
        553317.432, 
        0.0
    ],
    "q" : 0,
    "dt" : ISODate("2023-09-14T14:20:00.000Z"),
    "oid_p" : "396#G_RAE"
}

/* 118 */
{
    "_id" : ObjectId("650316bdee0caad9f387f551"),
    "v" : [ 
        553317.432, 
        553317.432, 
        553317.432, 
        0.0
    ],
    "q" : 0,
    "dt" : ISODate("2023-09-14T14:15:00.000Z"),
    "oid_p" : "396#G_RAE"
}

/* 119 */
{
    "_id" : ObjectId("65031592ee0caad9f387e122"),
    "v" : [ 
        553317.432, 
        553317.432, 
        553317.432, 
        0.0
    ],
    "q" : 0,
    "dt" : ISODate("2023-09-14T14:10:00.000Z"),
    "oid_p" : "396#G_RAE"
}

/* 120 */
{
    "_id" : ObjectId("65031466ee0caad9f387cc61"),
    "v" : [ 
        553317.432, 
        553317.432, 
        553317.432, 
        0.0
    ],
    "q" : 0,
    "dt" : ISODate("2023-09-14T14:05:00.000Z"),
    "oid_p" : "396#G_RAE"
}
