2024-03-19T08:11:45.045587565Z info: System information {
2024-03-19T08:11:45.045632769Z   'process.pid': 7,
2024-03-19T08:11:45.045637269Z   'process.ppid': 1,
2024-03-19T08:11:45.045640369Z   'process.platform': 'linux',
2024-03-19T08:11:45.045643070Z   'process.arch': 'x64',
2024-03-19T08:11:45.045645770Z   'process.versions': {
2024-03-19T08:11:45.045648470Z     node: '16.14.2',
2024-03-19T08:11:45.045651170Z     v8: '9.4.146.24-node.20',
2024-03-19T08:11:45.045654070Z     uv: '1.43.0',
2024-03-19T08:11:45.045656771Z     zlib: '1.2.11',
2024-03-19T08:11:45.045659671Z     brotli: '1.0.9',
2024-03-19T08:11:45.045662471Z     ares: '1.18.1',
2024-03-19T08:11:45.045665171Z     modules: '93',
2024-03-19T08:11:45.045668271Z     nghttp2: '1.45.1',
2024-03-19T08:11:45.045671072Z     napi: '8',
2024-03-19T08:11:45.045673872Z     llhttp: '6.0.4',
2024-03-19T08:11:45.045676772Z     openssl: '1.1.1n+quic',
2024-03-19T08:11:45.045679772Z     cldr: '40.0',
2024-03-19T08:11:45.045682472Z     icu: '70.1',
2024-03-19T08:11:45.045685073Z     tz: '2021a3',
2024-03-19T08:11:45.045687673Z     unicode: '14.0',
2024-03-19T08:11:45.045690273Z     ngtcp2: '0.1.0-DEV',
2024-03-19T08:11:45.045692873Z     nghttp3: '0.1.0-DEV',
2024-03-19T08:11:45.045695673Z     pkg: '5.6.0'
2024-03-19T08:11:45.045698674Z   },
2024-03-19T08:11:45.045701674Z   'os.userInfo()': {
2024-03-19T08:11:45.045704574Z     uid: 0,
2024-03-19T08:11:45.045707274Z     gid: 0,
2024-03-19T08:11:45.045709874Z     username: 'root',
2024-03-19T08:11:45.045712575Z     homedir: '/root',
2024-03-19T08:11:45.045715775Z     shell: '/bin/bash'
2024-03-19T08:11:45.045718575Z   }
2024-03-19T08:11:45.045721375Z }
2024-03-19T08:11:45.046660944Z info: Entrypoint {
2024-03-19T08:11:45.046672944Z   entrypoints: null,
2024-03-19T08:11:45.046676145Z   IFS_SERVICE_MANGER_URL: 'http://ifs-service-manager'
2024-03-19T08:11:45.046679545Z }
2024-03-19T08:11:45.047721421Z info: #discoverMongoose ENSAAS_SERVICES. { name: 'mongodb' }
2024-03-19T08:11:45.048510878Z info: #discoverMongoose MONGODB_URL {
2024-03-19T08:11:45.048523079Z   MONGODB_URL: 'mongodb://3e944efc-8f48-4863-8cf1-b4e7aa75f263:D9F3qNfHK6a95jjJkwzDkh0h@10.32.9.4:27017/49c6f7ef-cc93-4751-abc1-4cc0d2ed53f5?replicaSet=rs0'
2024-03-19T08:11:45.048527379Z }
2024-03-19T08:11:45.533950993Z info: #mongoose.connect
2024-03-19T08:11:46.063106788Z info: #MongooseDatabase._conn #dbConn open
2024-03-19T08:11:46.244800205Z info: TenantService.initFirstTenant { tenantsIsEmpty: false }
2024-03-19T08:11:46.255899013Z info: TenantService.initFirstTenant { tenantsIsEmpty: false }
2024-03-19T08:11:46.338371412Z info: UserService.initFirstAdmin {
2024-03-19T08:11:46.338402015Z   IFP_FIRST_ADMIN_USERNAME: undefined,
2024-03-19T08:11:46.338405615Z   IFP_FIRST_ADMIN_PASSWORD: undefined,
2024-03-19T08:11:46.338408615Z   IFP_FIRST_ADMIN_NAME: undefined
2024-03-19T08:11:46.338411415Z }
2024-03-19T08:11:47.648528423Z info: HTTP Server listening on { PORT: 80 }
2024-03-19T08:11:47.648575827Z info: IfsServiceMangerApiService startHealthCheckTask
2024-03-19T08:11:48.348541147Z info: #RegisterWatcher Service initRegister!
2024-03-19T08:11:48.848987754Z info: EtcdLauncher Service registered {
2024-03-19T08:11:48.849010555Z   name: 'ifp-tenant',
2024-03-19T08:11:48.849014056Z   version: '1.2.0',
2024-03-19T08:11:48.849016756Z   sid: '2024-03-19T08:11:48.337Z'
2024-03-19T08:11:48.849019256Z }
2024-03-19T08:11:48.849179668Z info: EtcdLauncher iApp registered { name: 'Tenant', version: '1.2.0', sid: '2024-03-19T08:11:48.342Z' }
2024-03-19T08:11:48.952053152Z info: #ServiceRegister Secret Watcher put { key: 'ifp-tenant', secret: true }
2024-03-19T08:11:56.104120383Z info: #ServiceRegister Secret Watcher put { key: 'pivot-api-hub', secret: true }
2024-03-19T08:12:31.344392338Z info: #discoverRedis ENSAAS_SERVICES. { name: 'redis' }
2024-03-19T08:12:31.344755965Z info: #discoverRedis REDIS_URL {
2024-03-19T08:12:31.344779766Z   REDIS_URL: 'redis://:qmtiYAoqSijJHLn@redis-7c1c6a75-2888-4d70-9b9e-82c261ab9063-master.edge365.svc:6379'
2024-03-19T08:12:31.344783867Z }
2024-03-19T08:12:31.358931897Z info: RedisFactory.redis connect { status: 'connect' }
2024-03-19T08:13:12.628534191Z warn: ContextFunction invalid service secret {
2024-03-19T08:13:12.628589495Z   ifpServiceName: 'pivot-enabler',
2024-03-19T08:13:12.628596295Z   ifpAppSecret: 'undefined',
2024-03-19T08:13:12.628600395Z   secret: true,
2024-03-19T08:13:12.628604896Z   isApiHub: false
2024-03-19T08:13:12.628608896Z }
2024-03-19T08:13:30.334930687Z E Error: COMPLETE pick result subchannel (14) 10.0.105.208:2379 has state IDLE
2024-03-19T08:20:41.748638923Z info: EnSaaS Users Me {
2024-03-19T08:20:41.748683526Z   username: 'minkhang.lee@sembcorp.com',
2024-03-19T08:20:41.748688126Z   userRoleOfClient: { subscriptionRole: '', clientRole: '' }
2024-03-19T08:20:41.748691026Z }
2024-03-19T08:20:41.748920443Z info: EnSaaS Users Me No WISE_PAAS_MP_API_URL env will skip resource role check and pass { username: 'minkhang.lee@sembcorp.com' }
2024-03-19T08:20:41.945202824Z info: IfpAuthService.signIn { username: 'minkhang.lee@sembcorp.com' }
2024-03-19T08:20:42.016717464Z warn: ContextFunction invalid service secret {
2024-03-19T08:20:42.016757967Z   ifpServiceName: 'api-portal-wise-mplus',
2024-03-19T08:20:42.016762367Z   ifpAppSecret: false,
2024-03-19T08:20:42.016765767Z   secret: true,
2024-03-19T08:20:42.016770068Z   isApiHub: false
2024-03-19T08:20:42.016774268Z }
2024-03-19T08:20:42.082372974Z info: EnSaaS Users Me {
2024-03-19T08:20:42.082420078Z   username: 'minkhang.lee@sembcorp.com',
2024-03-19T08:20:42.082425378Z   userRoleOfClient: { subscriptionRole: '', clientRole: '' }
2024-03-19T08:20:42.082428878Z }
2024-03-19T08:20:42.082625593Z info: EnSaaS Users Me No WISE_PAAS_MP_API_URL env will skip resource role check and pass { username: 'minkhang.lee@sembcorp.com' }
2024-03-19T08:20:42.244525555Z info: IfpAuthService.signIn { username: 'minkhang.lee@sembcorp.com' }
2024-03-19T08:20:51.126257043Z info: EnSaaS Users Me {
2024-03-19T08:20:51.126307047Z   username: 'minkhang.lee@sembcorp.com',
2024-03-19T08:20:51.126312847Z   userRoleOfClient: { subscriptionRole: '', clientRole: '' }
2024-03-19T08:20:51.126316348Z }
2024-03-19T08:20:51.126331149Z info: EnSaaS Users Me No WISE_PAAS_MP_API_URL env will skip resource role check and pass { username: 'minkhang.lee@sembcorp.com' }
2024-03-19T08:20:51.334813501Z info: IfpAuthService.signIn { username: 'minkhang.lee@sembcorp.com' }
2024-03-19T08:20:51.387914286Z warn: ContextFunction invalid service secret {
2024-03-19T08:20:51.387942888Z   ifpServiceName: 'api-portal-wise-mplus',
2024-03-19T08:20:51.387947088Z   ifpAppSecret: false,
2024-03-19T08:20:51.387950088Z   secret: true,
2024-03-19T08:20:51.387952789Z   isApiHub: false
2024-03-19T08:20:51.387955489Z }
2024-03-19T08:20:51.461255551Z info: EnSaaS Users Me {
2024-03-19T08:20:51.461302055Z   username: 'minkhang.lee@sembcorp.com',
2024-03-19T08:20:51.461306555Z   userRoleOfClient: { subscriptionRole: '', clientRole: '' }
2024-03-19T08:20:51.461309355Z }
2024-03-19T08:20:51.461339058Z info: EnSaaS Users Me No WISE_PAAS_MP_API_URL env will skip resource role check and pass { username: 'minkhang.lee@sembcorp.com' }
2024-03-19T08:20:52.037973844Z info: IfpAuthService.signIn { username: 'minkhang.lee@sembcorp.com' }
2024-03-19T08:20:54.016130964Z warn: UserService.signIn {
2024-03-19T08:20:54.016175967Z   err: SignInError: Could not sign-in, The username 'minkhang.lee@sembcorp.com' or password is incorrect.
2024-03-19T08:20:54.016181167Z       at EnSaaSAuthService.signIn (/snapshot/app/dist/services/EnSaaSAuthService.js)
2024-03-19T08:20:54.016184868Z       at runMicrotasks (<anonymous>)
2024-03-19T08:20:54.016188368Z       at processTicksAndRejections (node:internal/process/task_queues:96:5)
2024-03-19T08:20:54.016191768Z }
2024-03-19T08:21:10.229782825Z warn: UserService.signIn {
2024-03-19T08:21:10.229827128Z   err: SignInError: Could not sign-in, The username 'minkhang.lee@sembcorp.com' or password is incorrect.
2024-03-19T08:21:10.229833629Z       at EnSaaSAuthService.signIn (/snapshot/app/dist/services/EnSaaSAuthService.js)
2024-03-19T08:21:10.229837429Z       at runMicrotasks (<anonymous>)
2024-03-19T08:21:10.229840929Z       at processTicksAndRejections (node:internal/process/task_queues:96:5)
2024-03-19T08:21:10.229844030Z }
2024-03-19T08:21:45.339076579Z info: EnSaaS Users Me {
2024-03-19T08:21:45.339117782Z   username: 'admin@iot.sense',
2024-03-19T08:21:45.339125183Z   userRoleOfClient: { subscriptionRole: '', clientRole: '' }
2024-03-19T08:21:45.339130583Z }
2024-03-19T08:21:45.339164985Z info: EnSaaS Users Me No WISE_PAAS_MP_API_URL env will skip resource role check and pass { username: 'admin@iot.sense' }
2024-03-19T08:21:45.537684339Z info: IfpAuthService.signIn { username: 'admin@iot.sense' }
2024-03-19T08:21:51.985578730Z info: EnSaaS Users Me {
2024-03-19T08:21:51.985608033Z   username: 'admin@iot.sense',
2024-03-19T08:21:51.985612733Z   userRoleOfClient: { subscriptionRole: '', clientRole: '' }
2024-03-19T08:21:51.985615733Z }
2024-03-19T08:21:51.985659336Z info: EnSaaS Users Me No WISE_PAAS_MP_API_URL env will skip resource role check and pass { username: 'admin@iot.sense' }
2024-03-19T08:21:52.139884843Z info: IfpAuthService.signIn { username: 'admin@iot.sense' }
2024-03-19T08:21:52.273014102Z info: #applySubscriptionTenants query subscriptions done { username: 'admin@iot.sense', cost: '19ms', subscriptionsCount: 1 }
2024-03-19T08:21:52.275660096Z info: #applySubscriptionTenants sync subscriptions and tenants done { username: 'admin@iot.sense', cost: '22ms', tenantsCount: 0 }
2024-03-19T08:21:52.275797506Z warn: PivotApiService Pivot API isReady. { ready: true }
2024-03-19T08:21:52.275937816Z info: #applySubscriptionTenants applyDeviceOnRootOrg done { username: 'admin@iot.sense', cost: '22ms' }
2024-03-19T08:21:52.309474075Z info: #applySubscriptionTenants update subscription tenant relation done {
2024-03-19T08:21:52.309498777Z   username: 'admin@iot.sense',
2024-03-19T08:21:52.309502577Z   cost: '56ms',
2024-03-19T08:21:52.309505377Z   subscriptionTreeNodeCount: 0,
2024-03-19T08:21:52.309508278Z   subscriptionTenantCount: 0
2024-03-19T08:21:52.309510878Z }
2024-03-19T08:21:59.979330849Z info: EnSaaS Users Me {
2024-03-19T08:21:59.979354450Z   username: 'admin@iot.sense',
2024-03-19T08:21:59.979358951Z   userRoleOfClient: { subscriptionRole: '', clientRole: '' }
2024-03-19T08:21:59.979363551Z }
2024-03-19T08:21:59.979378652Z info: EnSaaS Users Me No WISE_PAAS_MP_API_URL env will skip resource role check and pass { username: 'admin@iot.sense' }
2024-03-19T08:22:00.141681048Z info: IfpAuthService.signIn { username: 'admin@iot.sense' }
2024-03-19T08:22:00.260623866Z info: #applySubscriptionTenants query subscriptions done { username: 'admin@iot.sense', cost: '102ms', subscriptionsCount: 1 }
2024-03-19T08:22:00.263145551Z info: #applySubscriptionTenants sync subscriptions and tenants done { username: 'admin@iot.sense', cost: '105ms', tenantsCount: 0 }
2024-03-19T08:22:00.263265160Z info: #applySubscriptionTenants applyDeviceOnRootOrg done { username: 'admin@iot.sense', cost: '106ms' }
2024-03-19T08:22:00.295228302Z info: #applySubscriptionTenants update subscription tenant relation done {
2024-03-19T08:22:00.295256604Z   username: 'admin@iot.sense',
2024-03-19T08:22:00.295259805Z   cost: '138ms',
2024-03-19T08:22:00.295262305Z   subscriptionTreeNodeCount: 0,
2024-03-19T08:22:00.295264705Z   subscriptionTenantCount: 0
2024-03-19T08:22:00.295267005Z }
2024-03-19T08:22:02.391148226Z info: EnSaaS Users Me {
2024-03-19T08:22:02.391190529Z   username: 'admin@iot.sense',
2024-03-19T08:22:02.391194830Z   userRoleOfClient: { subscriptionRole: '', clientRole: '' }
2024-03-19T08:22:02.391197330Z }
2024-03-19T08:22:02.391210831Z info: EnSaaS Users Me No WISE_PAAS_MP_API_URL env will skip resource role check and pass { username: 'admin@iot.sense' }
2024-03-19T08:22:02.545539943Z info: IfpAuthService.signIn { username: 'admin@iot.sense' }
2024-03-19T08:22:02.603343279Z info: #applySubscriptionTenants query subscriptions done { username: 'admin@iot.sense', cost: '39ms', subscriptionsCount: 1 }
2024-03-19T08:22:02.605594544Z info: #applySubscriptionTenants sync subscriptions and tenants done { username: 'admin@iot.sense', cost: '42ms', tenantsCount: 0 }
2024-03-19T08:22:02.605697052Z info: #applySubscriptionTenants applyDeviceOnRootOrg done { username: 'admin@iot.sense', cost: '42ms' }
2024-03-19T08:22:02.646599650Z info: #applySubscriptionTenants update subscription tenant relation done {
2024-03-19T08:22:02.646634953Z   username: 'admin@iot.sense',
2024-03-19T08:22:02.646640553Z   cost: '83ms',
2024-03-19T08:22:02.646644153Z   subscriptionTreeNodeCount: 0,
2024-03-19T08:22:02.646647454Z   subscriptionTenantCount: 0
2024-03-19T08:22:02.646650554Z }
2024-03-19T08:26:34.165012775Z info: EnSaaS Users Me {
2024-03-19T08:26:34.165052378Z   username: 'admin@iot.sense',
2024-03-19T08:26:34.165056678Z   userRoleOfClient: { subscriptionRole: '', clientRole: '' }
2024-03-19T08:26:34.165059378Z }
2024-03-19T08:26:34.165073979Z info: EnSaaS Users Me No WISE_PAAS_MP_API_URL env will skip resource role check and pass { username: 'admin@iot.sense' }
2024-03-19T08:26:34.336158743Z info: IfpAuthService.signIn { username: 'admin@iot.sense' }
2024-03-19T08:26:42.162057189Z info: EnSaaS Users Me {
2024-03-19T08:26:42.162102993Z   username: 'minkhang.lee@sembcorp.com',
2024-03-19T08:26:42.162107093Z   userRoleOfClient: { subscriptionRole: '', clientRole: '' }
2024-03-19T08:26:42.162110293Z }
2024-03-19T08:26:42.162134895Z info: EnSaaS Users Me No WISE_PAAS_MP_API_URL env will skip resource role check and pass { username: 'minkhang.lee@sembcorp.com' }
2024-03-19T08:26:42.339541052Z info: IfpAuthService.signIn { username: 'minkhang.lee@sembcorp.com' }
2024-03-19T08:26:42.580022850Z info: EnSaaS Users Me {
2024-03-19T08:26:42.580055353Z   username: 'minkhang.lee@sembcorp.com',
2024-03-19T08:26:42.580061653Z   userRoleOfClient: { subscriptionRole: '', clientRole: '' }
2024-03-19T08:26:42.580065153Z }
2024-03-19T08:26:42.580094156Z info: EnSaaS Users Me No WISE_PAAS_MP_API_URL env will skip resource role check and pass { username: 'minkhang.lee@sembcorp.com' }
2024-03-19T08:26:42.734075288Z info: IfpAuthService.signIn { username: 'minkhang.lee@sembcorp.com' }
2024-03-19T08:26:42.788566699Z warn: ContextFunction invalid service secret {
2024-03-19T08:26:42.788608702Z   ifpServiceName: 'api-portal-wise-mplus',
2024-03-19T08:26:42.788613002Z   ifpAppSecret: false,
2024-03-19T08:26:42.788615802Z   secret: true,
2024-03-19T08:26:42.788640404Z   isApiHub: false
2024-03-19T08:26:42.788644404Z }
2024-03-19T08:26:42.850608465Z info: EnSaaS Users Me {
2024-03-19T08:26:42.850657268Z   username: 'minkhang.lee@sembcorp.com',
2024-03-19T08:26:42.850662969Z   userRoleOfClient: { subscriptionRole: '', clientRole: '' }
2024-03-19T08:26:42.850666369Z }
2024-03-19T08:26:42.850702372Z info: EnSaaS Users Me No WISE_PAAS_MP_API_URL env will skip resource role check and pass { username: 'minkhang.lee@sembcorp.com' }
2024-03-19T08:26:43.039538769Z info: IfpAuthService.signIn { username: 'minkhang.lee@sembcorp.com' }
2024-03-19T08:26:44.619194828Z warn: UserService.signIn {
2024-03-19T08:26:44.619235631Z   err: SignInError: Could not sign-in, The username 'admin@iot.sense' or password is incorrect.
2024-03-19T08:26:44.619239231Z       at EnSaaSAuthService.signIn (/snapshot/app/dist/services/EnSaaSAuthService.js)
2024-03-19T08:26:44.619241931Z       at runMicrotasks (<anonymous>)
2024-03-19T08:26:44.619245131Z       at processTicksAndRejections (node:internal/process/task_queues:96:5)
2024-03-19T08:26:44.619248432Z }
2024-03-19T08:26:51.803419202Z info: EnSaaS Users Me {
2024-03-19T08:26:51.803473706Z   username: 'admin@iot.sense',
2024-03-19T08:26:51.803478506Z   userRoleOfClient: { subscriptionRole: '', clientRole: '' }
2024-03-19T08:26:51.803481006Z }
2024-03-19T08:26:51.803493507Z info: EnSaaS Users Me No WISE_PAAS_MP_API_URL env will skip resource role check and pass { username: 'admin@iot.sense' }
2024-03-19T08:26:52.245172660Z info: IfpAuthService.signIn { username: 'admin@iot.sense' }
2024-03-19T08:26:52.301400966Z warn: ContextFunction invalid service secret {
2024-03-19T08:26:52.301444569Z   ifpServiceName: 'api-portal-wise-mplus',
2024-03-19T08:26:52.301450769Z   ifpAppSecret: false,
2024-03-19T08:26:52.301454570Z   secret: true,
2024-03-19T08:26:52.301457770Z   isApiHub: false
2024-03-19T08:26:52.301460770Z }
2024-03-19T08:26:52.361858180Z info: EnSaaS Users Me {
2024-03-19T08:26:52.361881382Z   username: 'admin@iot.sense',
2024-03-19T08:26:52.361885582Z   userRoleOfClient: { subscriptionRole: '', clientRole: '' }
2024-03-19T08:26:52.361888983Z }
2024-03-19T08:26:52.361916485Z info: EnSaaS Users Me No WISE_PAAS_MP_API_URL env will skip resource role check and pass { username: 'admin@iot.sense' }
2024-03-19T08:26:52.537441702Z info: IfpAuthService.signIn { username: 'admin@iot.sense' }
2024-03-19T08:27:04.681889856Z info: EnSaaS Users Me {
2024-03-19T08:27:04.681943160Z   username: 'admin@iot.sense',
2024-03-19T08:27:04.681948661Z   userRoleOfClient: { subscriptionRole: '', clientRole: '' }
2024-03-19T08:27:04.681951861Z }
2024-03-19T08:27:04.681983263Z info: EnSaaS Users Me No WISE_PAAS_MP_API_URL env will skip resource role check and pass { username: 'admin@iot.sense' }
2024-03-19T08:27:04.932742338Z info: IfpAuthService.signIn { username: 'admin@iot.sense' }
2024-03-19T08:27:05.003416745Z warn: ContextFunction invalid service secret {
2024-03-19T08:27:05.003467548Z   ifpServiceName: 'api-portal-wise-mplus',
2024-03-19T08:27:05.003473649Z   ifpAppSecret: false,
2024-03-19T08:27:05.003477049Z   secret: true,
2024-03-19T08:27:05.003480649Z   isApiHub: false
2024-03-19T08:27:05.003484150Z }
2024-03-19T08:27:05.066027058Z info: EnSaaS Users Me {
2024-03-19T08:27:05.066562597Z   username: 'admin@iot.sense',
2024-03-19T08:27:05.066587799Z   userRoleOfClient: { subscriptionRole: '', clientRole: '' }
2024-03-19T08:27:05.066592699Z }
2024-03-19T08:27:05.066597200Z info: EnSaaS Users Me No WISE_PAAS_MP_API_URL env will skip resource role check and pass { username: 'admin@iot.sense' }
2024-03-19T08:27:05.244700221Z info: IfpAuthService.signIn { username: 'admin@iot.sense' }
2024-03-19T08:41:38.797668669Z info: EnSaaS Users Me {
2024-03-19T08:41:38.797709872Z   username: 'admin@iot.sense',
2024-03-19T08:41:38.797717072Z   userRoleOfClient: { subscriptionRole: '', clientRole: '' }
2024-03-19T08:41:38.797721773Z }
2024-03-19T08:41:38.797767376Z info: EnSaaS Users Me No WISE_PAAS_MP_API_URL env will skip resource role check and pass { username: 'admin@iot.sense' }
2024-03-19T08:41:38.945177124Z info: IfpAuthService.signIn { username: 'admin@iot.sense' }
2024-03-19T08:41:39.019567698Z warn: ContextFunction invalid service secret {
2024-03-19T08:41:39.019611301Z   ifpServiceName: 'api-portal-wise-mplus',
2024-03-19T08:41:39.019617002Z   ifpAppSecret: false,
2024-03-19T08:41:39.019620402Z   secret: true,
2024-03-19T08:41:39.019624002Z   isApiHub: false
2024-03-19T08:41:39.019627403Z }
2024-03-19T08:41:39.086583330Z info: EnSaaS Users Me {
2024-03-19T08:41:39.086639934Z   username: 'admin@iot.sense',
2024-03-19T08:41:39.086646535Z   userRoleOfClient: { subscriptionRole: '', clientRole: '' }
2024-03-19T08:41:39.086650335Z }
2024-03-19T08:41:39.086669736Z info: EnSaaS Users Me No WISE_PAAS_MP_API_URL env will skip resource role check and pass { username: 'admin@iot.sense' }
2024-03-19T08:41:39.241573036Z info: IfpAuthService.signIn { username: 'admin@iot.sense' }
2024-03-19T08:44:40.536717809Z info: EnSaaS Users Me {
2024-03-19T08:44:40.536768913Z   username: 'darren.yeo@sembcorp.com',
2024-03-19T08:44:40.536773613Z   userRoleOfClient: { subscriptionRole: '', clientRole: '' }
2024-03-19T08:44:40.536776313Z }
2024-03-19T08:44:40.536804615Z info: EnSaaS Users Me No WISE_PAAS_MP_API_URL env will skip resource role check and pass { username: 'darren.yeo@sembcorp.com' }
2024-03-19T08:44:40.750054681Z info: IfpAuthService.signIn { username: 'darren.yeo@sembcorp.com' }
2024-03-19T08:44:40.832750695Z warn: ContextFunction invalid service secret {
2024-03-19T08:44:40.832799899Z   ifpServiceName: 'api-portal-wise-mplus',
2024-03-19T08:44:40.832805599Z   ifpAppSecret: false,
2024-03-19T08:44:40.832808900Z   secret: true,
2024-03-19T08:44:40.832812500Z   isApiHub: false
2024-03-19T08:44:40.832815600Z }
2024-03-19T08:44:40.878591484Z info: EnSaaS Users Me {
2024-03-19T08:44:40.878617186Z   username: 'darren.yeo@sembcorp.com',
2024-03-19T08:44:40.878622687Z   userRoleOfClient: { subscriptionRole: '', clientRole: '' }
2024-03-19T08:44:40.878625787Z }
2024-03-19T08:44:40.878673291Z info: EnSaaS Users Me No WISE_PAAS_MP_API_URL env will skip resource role check and pass { username: 'darren.yeo@sembcorp.com' }
2024-03-19T08:44:41.047029938Z info: IfpAuthService.signIn { username: 'darren.yeo@sembcorp.com' }
2024-03-19T08:44:50.982515941Z info: EnSaaS Users Me {
2024-03-19T08:44:50.982543043Z   username: 'darren.yeo@sembcorp.com',
2024-03-19T08:44:50.982547244Z   userRoleOfClient: { subscriptionRole: '', clientRole: '' }
2024-03-19T08:44:50.982551244Z }
2024-03-19T08:44:50.982596447Z info: EnSaaS Users Me No WISE_PAAS_MP_API_URL env will skip resource role check and pass { username: 'darren.yeo@sembcorp.com' }
2024-03-19T08:44:51.137440650Z info: IfpAuthService.signIn { username: 'darren.yeo@sembcorp.com' }
2024-03-19T08:44:51.189760003Z warn: ContextFunction invalid service secret {
2024-03-19T08:44:51.189798706Z   ifpServiceName: 'api-portal-wise-mplus',
2024-03-19T08:44:51.189803506Z   ifpAppSecret: false,
2024-03-19T08:44:51.189806406Z   secret: true,
2024-03-19T08:44:51.189809107Z   isApiHub: false
2024-03-19T08:44:51.189811807Z }
2024-03-19T08:44:51.239511467Z info: EnSaaS Users Me {
2024-03-19T08:44:51.239566671Z   username: 'darren.yeo@sembcorp.com',
2024-03-19T08:44:51.239609474Z   userRoleOfClient: { subscriptionRole: '', clientRole: '' }
2024-03-19T08:44:51.239614674Z }
2024-03-19T08:44:51.239630075Z info: EnSaaS Users Me No WISE_PAAS_MP_API_URL env will skip resource role check and pass { username: 'darren.yeo@sembcorp.com' }
2024-03-19T08:44:51.532328930Z info: IfpAuthService.signIn { username: 'darren.yeo@sembcorp.com' }
2024-03-19T08:45:25.377498697Z info: EnSaaS Users Me {
2024-03-19T08:45:25.377530599Z   username: 'darren.yeo@sembcorp.com',
2024-03-19T08:45:25.377536199Z   userRoleOfClient: { subscriptionRole: '', clientRole: '' }
2024-03-19T08:45:25.377540500Z }
2024-03-19T08:45:25.377589203Z info: EnSaaS Users Me No WISE_PAAS_MP_API_URL env will skip resource role check and pass { username: 'darren.yeo@sembcorp.com' }
2024-03-19T08:45:25.540311480Z info: IfpAuthService.signIn { username: 'darren.yeo@sembcorp.com' }
2024-03-19T08:45:25.586719095Z warn: ContextFunction invalid service secret {
2024-03-19T08:45:25.586746297Z   ifpServiceName: 'api-portal-wise-mplus',
2024-03-19T08:45:25.586753098Z   ifpAppSecret: false,
2024-03-19T08:45:25.586757098Z   secret: true,
2024-03-19T08:45:25.586760998Z   isApiHub: false
2024-03-19T08:45:25.586764498Z }
2024-03-19T08:45:25.650662801Z info: EnSaaS Users Me {
2024-03-19T08:45:25.650705704Z   username: 'darren.yeo@sembcorp.com',
2024-03-19T08:45:25.650714305Z   userRoleOfClient: { subscriptionRole: '', clientRole: '' }
2024-03-19T08:45:25.650719105Z }
2024-03-19T08:45:25.650735807Z info: EnSaaS Users Me No WISE_PAAS_MP_API_URL env will skip resource role check and pass { username: 'darren.yeo@sembcorp.com' }
2024-03-19T08:45:25.838384217Z info: IfpAuthService.signIn { username: 'darren.yeo@sembcorp.com' }
2024-03-19T08:47:15.698108151Z info: EnSaaS Users Me {
2024-03-19T08:47:15.698188557Z   username: 'admin@iot.sense',
2024-03-19T08:47:15.698194158Z   userRoleOfClient: { subscriptionRole: '', clientRole: '' }
2024-03-19T08:47:15.698197258Z }
2024-03-19T08:47:15.698201458Z info: EnSaaS Users Me No WISE_PAAS_MP_API_URL env will skip resource role check and pass { username: 'admin@iot.sense' }
2024-03-19T08:47:15.842886595Z info: IfpAuthService.signIn { username: 'admin@iot.sense' }
2024-03-19T08:47:16.102045948Z info: EnSaaS Users Me {
2024-03-19T08:47:16.102090351Z   username: 'admin@iot.sense',
2024-03-19T08:47:16.102094751Z   userRoleOfClient: { subscriptionRole: '', clientRole: '' }
2024-03-19T08:47:16.102097552Z }
2024-03-19T08:47:16.102123253Z info: EnSaaS Users Me No WISE_PAAS_MP_API_URL env will skip resource role check and pass { username: 'admin@iot.sense' }
2024-03-19T08:47:16.238042546Z info: IfpAuthService.signIn { username: 'admin@iot.sense' }
2024-03-19T08:47:16.295830794Z warn: ContextFunction invalid service secret {
2024-03-19T08:47:16.295858596Z   ifpServiceName: 'api-portal-wise-mplus',
2024-03-19T08:47:16.295862797Z   ifpAppSecret: false,
2024-03-19T08:47:16.295865997Z   secret: true,
2024-03-19T08:47:16.295868797Z   isApiHub: false
2024-03-19T08:47:16.295871597Z }
2024-03-19T08:47:16.375419846Z info: EnSaaS Users Me {
2024-03-19T08:47:16.375476650Z   username: 'admin@iot.sense',
2024-03-19T08:47:16.375482650Z   userRoleOfClient: { subscriptionRole: '', clientRole: '' }
2024-03-19T08:47:16.375486150Z }
2024-03-19T08:47:16.375516453Z info: EnSaaS Users Me No WISE_PAAS_MP_API_URL env will skip resource role check and pass { username: 'admin@iot.sense' }
2024-03-19T08:47:16.539737126Z info: IfpAuthService.signIn { username: 'admin@iot.sense' }
2024-03-19T08:48:52.774244073Z info: EnSaaS Users Me {
2024-03-19T08:48:52.774283175Z   username: 'darren.yeo@sembcorp.com',
2024-03-19T08:48:52.774308677Z   userRoleOfClient: { subscriptionRole: '', clientRole: '' }
2024-03-19T08:48:52.774313378Z }
2024-03-19T08:48:52.774347080Z info: EnSaaS Users Me No WISE_PAAS_MP_API_URL env will skip resource role check and pass { username: 'darren.yeo@sembcorp.com' }
2024-03-19T08:48:52.937062400Z info: IfpAuthService.signIn { username: 'darren.yeo@sembcorp.com' }
2024-03-19T08:48:52.994919738Z warn: ContextFunction invalid service secret {
2024-03-19T08:48:52.994989443Z   ifpServiceName: 'api-portal-wise-mplus',
2024-03-19T08:48:52.994994344Z   ifpAppSecret: false,
2024-03-19T08:48:52.994997644Z   secret: true,
2024-03-19T08:48:52.995000244Z   isApiHub: false
2024-03-19T08:48:52.995002644Z }
2024-03-19T08:48:53.055761195Z info: EnSaaS Users Me {
2024-03-19T08:48:53.055808599Z   username: 'darren.yeo@sembcorp.com',
2024-03-19T08:48:53.055812599Z   userRoleOfClient: { subscriptionRole: '', clientRole: '' }
2024-03-19T08:48:53.055815399Z }
2024-03-19T08:48:53.055821700Z info: EnSaaS Users Me No WISE_PAAS_MP_API_URL env will skip resource role check and pass { username: 'darren.yeo@sembcorp.com' }
2024-03-19T08:48:53.337464831Z info: IfpAuthService.signIn { username: 'darren.yeo@sembcorp.com' }
2024-03-19T08:49:10.091094805Z info: EnSaaS Users Me {
2024-03-19T08:49:10.091137508Z   username: 'darren.yeo@sembcorp.com',
2024-03-19T08:49:10.091141709Z   userRoleOfClient: { subscriptionRole: '', clientRole: '' }
2024-03-19T08:49:10.091144209Z }
2024-03-19T08:49:10.091158210Z info: EnSaaS Users Me No WISE_PAAS_MP_API_URL env will skip resource role check and pass { username: 'darren.yeo@sembcorp.com' }
2024-03-19T08:49:10.238000638Z info: IfpAuthService.signIn { username: 'darren.yeo@sembcorp.com' }
2024-03-19T08:49:10.289557705Z warn: ContextFunction invalid service secret {
2024-03-19T08:49:10.289610909Z   ifpServiceName: 'api-portal-wise-mplus',
2024-03-19T08:49:10.289617409Z   ifpAppSecret: false,
2024-03-19T08:49:10.289620709Z   secret: true,
2024-03-19T08:49:10.289624110Z   isApiHub: false
2024-03-19T08:49:10.289627010Z }
2024-03-19T08:49:10.351314617Z info: EnSaaS Users Me {
2024-03-19T08:49:10.351334418Z   username: 'darren.yeo@sembcorp.com',
2024-03-19T08:49:10.351339318Z   userRoleOfClient: { subscriptionRole: '', clientRole: '' }
2024-03-19T08:49:10.351342919Z }
2024-03-19T08:49:10.351458127Z info: EnSaaS Users Me No WISE_PAAS_MP_API_URL env will skip resource role check and pass { username: 'darren.yeo@sembcorp.com' }
2024-03-19T08:49:10.540573444Z info: IfpAuthService.signIn { username: 'darren.yeo@sembcorp.com' }
2024-03-19T08:49:34.796179760Z info: EnSaaS Users Me {
2024-03-19T08:49:34.796206062Z   username: 'darren.yeo@sembcorp.com',
2024-03-19T08:49:34.796211962Z   userRoleOfClient: { subscriptionRole: '', clientRole: '' }
2024-03-19T08:49:34.796216162Z }
2024-03-19T08:49:34.796291968Z info: EnSaaS Users Me No WISE_PAAS_MP_API_URL env will skip resource role check and pass { username: 'darren.yeo@sembcorp.com' }
2024-03-19T08:49:34.937768044Z info: IfpAuthService.signIn { username: 'darren.yeo@sembcorp.com' }
2024-03-19T08:49:34.992395350Z warn: ContextFunction invalid service secret {
2024-03-19T08:49:34.992474856Z   ifpServiceName: 'api-portal-wise-mplus',
2024-03-19T08:49:34.992482256Z   ifpAppSecret: false,
2024-03-19T08:49:34.992485657Z   secret: true,
2024-03-19T08:49:34.992488657Z   isApiHub: false
2024-03-19T08:49:34.992491357Z }
2024-03-19T08:49:35.052098429Z info: EnSaaS Users Me {
2024-03-19T08:49:35.052147232Z   username: 'darren.yeo@sembcorp.com',
2024-03-19T08:49:35.052153933Z   userRoleOfClient: { subscriptionRole: '', clientRole: '' }
2024-03-19T08:49:35.052177935Z }
2024-03-19T08:49:35.052204136Z info: EnSaaS Users Me No WISE_PAAS_MP_API_URL env will skip resource role check and pass { username: 'darren.yeo@sembcorp.com' }
2024-03-19T08:49:35.237337614Z info: IfpAuthService.signIn { username: 'darren.yeo@sembcorp.com' }
2024-03-19T08:49:37.284442649Z info: EnSaaS Users Me {
2024-03-19T08:49:37.284516054Z   username: 'darren.yeo@sembcorp.com',
2024-03-19T08:49:37.284523655Z   userRoleOfClient: { subscriptionRole: '', clientRole: '' }
2024-03-19T08:49:37.284527255Z }
2024-03-19T08:49:37.284608561Z info: EnSaaS Users Me No WISE_PAAS_MP_API_URL env will skip resource role check and pass { username: 'darren.yeo@sembcorp.com' }
2024-03-19T08:49:37.447279191Z info: IfpAuthService.signIn { username: 'darren.yeo@sembcorp.com' }
2024-03-19T08:49:37.496192979Z warn: ContextFunction invalid service secret {
2024-03-19T08:49:37.496244383Z   ifpServiceName: 'api-portal-wise-mplus',
2024-03-19T08:49:37.496250883Z   ifpAppSecret: false,
2024-03-19T08:49:37.496254783Z   secret: true,
2024-03-19T08:49:37.496258884Z   isApiHub: false
2024-03-19T08:49:37.496262184Z }
2024-03-19T08:49:37.593948348Z info: EnSaaS Users Me {
2024-03-19T08:49:37.593988851Z   username: 'darren.yeo@sembcorp.com',
2024-03-19T08:49:37.593993152Z   userRoleOfClient: { subscriptionRole: '', clientRole: '' }
2024-03-19T08:49:37.593995652Z }
2024-03-19T08:49:37.594007253Z info: EnSaaS Users Me No WISE_PAAS_MP_API_URL env will skip resource role check and pass { username: 'darren.yeo@sembcorp.com' }
2024-03-19T08:49:37.751135776Z info: IfpAuthService.signIn { username: 'darren.yeo@sembcorp.com' }
2024-03-19T08:51:33.142586722Z info: EnSaaS Users Me {
2024-03-19T08:51:33.142633026Z   username: 'darren.yeo@sembcorp.com',
2024-03-19T08:51:33.142640526Z   userRoleOfClient: { subscriptionRole: '', clientRole: '' }
2024-03-19T08:51:33.142644227Z }
2024-03-19T08:51:33.142671929Z info: EnSaaS Users Me No WISE_PAAS_MP_API_URL env will skip resource role check and pass { username: 'darren.yeo@sembcorp.com' }
2024-03-19T08:51:33.335852139Z info: IfpAuthService.signIn { username: 'darren.yeo@sembcorp.com' }
2024-03-19T08:51:33.913410523Z info: EnSaaS Users Me {
2024-03-19T08:51:33.913433125Z   username: 'darren.yeo@sembcorp.com',
2024-03-19T08:51:33.913437325Z   userRoleOfClient: { subscriptionRole: '', clientRole: '' }
2024-03-19T08:51:33.913440225Z }
2024-03-19T08:51:33.913449926Z info: EnSaaS Users Me No WISE_PAAS_MP_API_URL env will skip resource role check and pass { username: 'darren.yeo@sembcorp.com' }
2024-03-19T08:51:34.039082967Z info: IfpAuthService.signIn { username: 'darren.yeo@sembcorp.com' }
2024-03-19T08:51:34.098004801Z info: #applySubscriptionTenants query subscriptions done {
2024-03-19T08:51:34.098045704Z   username: 'darren.yeo@sembcorp.com',
2024-03-19T08:51:34.098049605Z   cost: '26ms',
2024-03-19T08:51:34.098052905Z   subscriptionsCount: 0
2024-03-19T08:51:34.098055505Z }
2024-03-19T08:51:34.098203516Z info: #applySubscriptionTenants sync subscriptions and tenants done { username: 'darren.yeo@sembcorp.com', cost: '27ms', tenantsCount: 0 }
2024-03-19T08:51:34.098350127Z info: #applySubscriptionTenants applyDeviceOnRootOrg done { username: 'darren.yeo@sembcorp.com', cost: '27ms' }
2024-03-19T08:51:34.115577394Z info: #applySubscriptionTenants update subscription tenant relation done {
2024-03-19T08:51:34.115592495Z   username: 'darren.yeo@sembcorp.com',
2024-03-19T08:51:34.115595895Z   cost: '44ms',
2024-03-19T08:51:34.115599095Z   subscriptionTreeNodeCount: 0,
2024-03-19T08:51:34.115601896Z   subscriptionTenantCount: 0
2024-03-19T08:51:34.115604496Z }
2024-03-19T08:51:40.464628403Z info: EnSaaS Users Me {
2024-03-19T08:51:40.464673507Z   username: 'darren.yeo@sembcorp.com',
2024-03-19T08:51:40.464678607Z   userRoleOfClient: { subscriptionRole: '', clientRole: '' }
2024-03-19T08:51:40.464681607Z }
2024-03-19T08:51:40.464729911Z info: EnSaaS Users Me No WISE_PAAS_MP_API_URL env will skip resource role check and pass { username: 'darren.yeo@sembcorp.com' }
2024-03-19T08:51:40.644456305Z info: IfpAuthService.signIn { username: 'darren.yeo@sembcorp.com' }
2024-03-19T08:51:40.782391531Z info: #applySubscriptionTenants query subscriptions done {
2024-03-19T08:51:40.782436135Z   username: 'darren.yeo@sembcorp.com',
2024-03-19T08:51:40.782440835Z   cost: '42ms',
2024-03-19T08:51:40.782444835Z   subscriptionsCount: 0
2024-03-19T08:51:40.782448236Z }
2024-03-19T08:51:40.782491439Z info: #applySubscriptionTenants sync subscriptions and tenants done { username: 'darren.yeo@sembcorp.com', cost: '42ms', tenantsCount: 0 }
2024-03-19T08:51:40.782616548Z info: #applySubscriptionTenants applyDeviceOnRootOrg done { username: 'darren.yeo@sembcorp.com', cost: '42ms' }
2024-03-19T08:51:40.807302560Z info: #applySubscriptionTenants update subscription tenant relation done {
2024-03-19T08:51:40.807321562Z   username: 'darren.yeo@sembcorp.com',
2024-03-19T08:51:40.807326162Z   cost: '67ms',
2024-03-19T08:51:40.807330562Z   subscriptionTreeNodeCount: 0,
2024-03-19T08:51:40.807334063Z   subscriptionTenantCount: 0
2024-03-19T08:51:40.807337363Z }
2024-03-19T08:52:15.171818995Z info: EnSaaS Users Me {
2024-03-19T08:52:15.171883599Z   username: 'darren.yeo@sembcorp.com',
2024-03-19T08:52:15.171891400Z   userRoleOfClient: { subscriptionRole: '', clientRole: '' }
2024-03-19T08:52:15.171895200Z }
2024-03-19T08:52:15.171905901Z info: EnSaaS Users Me No WISE_PAAS_MP_API_URL env will skip resource role check and pass { username: 'darren.yeo@sembcorp.com' }
2024-03-19T08:52:15.344030176Z info: IfpAuthService.signIn { username: 'darren.yeo@sembcorp.com' }
2024-03-19T08:52:15.445087217Z info: #applySubscriptionTenants query subscriptions done {
2024-03-19T08:52:15.445114119Z   username: 'darren.yeo@sembcorp.com',
2024-03-19T08:52:15.445119320Z   cost: '76ms',
2024-03-19T08:52:15.445124020Z   subscriptionsCount: 0
2024-03-19T08:52:15.445127720Z }
2024-03-19T08:52:15.445210726Z info: #applySubscriptionTenants sync subscriptions and tenants done { username: 'darren.yeo@sembcorp.com', cost: '77ms', tenantsCount: 0 }
2024-03-19T08:52:15.445376939Z info: #applySubscriptionTenants applyDeviceOnRootOrg done { username: 'darren.yeo@sembcorp.com', cost: '77ms' }
2024-03-19T08:52:15.467682081Z info: #applySubscriptionTenants update subscription tenant relation done {
2024-03-19T08:52:15.467728884Z   username: 'darren.yeo@sembcorp.com',
2024-03-19T08:52:15.467733085Z   cost: '99ms',
2024-03-19T08:52:15.467737485Z   subscriptionTreeNodeCount: 0,
2024-03-19T08:52:15.467741585Z   subscriptionTenantCount: 0
2024-03-19T08:52:15.467746186Z }
2024-03-19T08:52:23.085249233Z info: EnSaaS Users Me {
2024-03-19T08:52:23.085275235Z   username: 'darren.yeo@sembcorp.com',
2024-03-19T08:52:23.085279735Z   userRoleOfClient: { subscriptionRole: '', clientRole: '' }
2024-03-19T08:52:23.085282635Z }
2024-03-19T08:52:23.085334839Z info: EnSaaS Users Me No WISE_PAAS_MP_API_URL env will skip resource role check and pass { username: 'darren.yeo@sembcorp.com' }
2024-03-19T08:52:23.238014552Z info: IfpAuthService.signIn { username: 'darren.yeo@sembcorp.com' }
2024-03-19T08:52:23.297048288Z info: #applySubscriptionTenants query subscriptions done {
2024-03-19T08:52:23.297098792Z   username: 'darren.yeo@sembcorp.com',
2024-03-19T08:52:23.297102992Z   cost: '35ms',
2024-03-19T08:52:23.297106392Z   subscriptionsCount: 0
2024-03-19T08:52:23.297145295Z }
2024-03-19T08:52:23.297211600Z info: #applySubscriptionTenants sync subscriptions and tenants done { username: 'darren.yeo@sembcorp.com', cost: '36ms', tenantsCount: 0 }
2024-03-19T08:52:23.297444117Z info: #applySubscriptionTenants applyDeviceOnRootOrg done { username: 'darren.yeo@sembcorp.com', cost: '36ms' }
2024-03-19T08:52:23.321655995Z info: #applySubscriptionTenants update subscription tenant relation done {
2024-03-19T08:52:23.321710799Z   username: 'darren.yeo@sembcorp.com',
2024-03-19T08:52:23.321715000Z   cost: '60ms',
2024-03-19T08:52:23.321717900Z   subscriptionTreeNodeCount: 0,
2024-03-19T08:52:23.321721100Z   subscriptionTenantCount: 0
2024-03-19T08:52:23.321723700Z }
2024-03-19T08:52:57.520326063Z info: EnSaaS Users Me {
2024-03-19T08:52:57.520372766Z   username: 'darren.yeo@sembcorp.com',
2024-03-19T08:52:57.520379166Z   userRoleOfClient: { subscriptionRole: '', clientRole: '' }
2024-03-19T08:52:57.520382867Z }
2024-03-19T08:52:57.520394668Z info: EnSaaS Users Me No WISE_PAAS_MP_API_URL env will skip resource role check and pass { username: 'darren.yeo@sembcorp.com' }
2024-03-19T08:52:57.645917577Z info: IfpAuthService.signIn { username: 'darren.yeo@sembcorp.com' }
2024-03-19T08:53:02.712264969Z info: EnSaaS Users Me {
2024-03-19T08:53:02.712307672Z   username: 'darren.yeo@sembcorp.com',
2024-03-19T08:53:02.712312172Z   userRoleOfClient: { subscriptionRole: '', clientRole: '' }
2024-03-19T08:53:02.712315073Z }
2024-03-19T08:53:02.712332574Z info: EnSaaS Users Me No WISE_PAAS_MP_API_URL env will skip resource role check and pass { username: 'darren.yeo@sembcorp.com' }
2024-03-19T08:53:02.837303142Z info: IfpAuthService.signIn { username: 'darren.yeo@sembcorp.com' }
2024-03-19T08:53:02.893682379Z info: #applySubscriptionTenants query subscriptions done {
2024-03-19T08:53:02.893727882Z   username: 'darren.yeo@sembcorp.com',
2024-03-19T08:53:02.893731882Z   cost: '38ms',
2024-03-19T08:53:02.893735382Z   subscriptionsCount: 0
2024-03-19T08:53:02.893738183Z }
2024-03-19T08:53:02.893789086Z info: #applySubscriptionTenants sync subscriptions and tenants done { username: 'darren.yeo@sembcorp.com', cost: '38ms', tenantsCount: 0 }
2024-03-19T08:53:02.893909295Z info: #applySubscriptionTenants applyDeviceOnRootOrg done { username: 'darren.yeo@sembcorp.com', cost: '38ms' }
2024-03-19T08:53:02.950898676Z info: #applySubscriptionTenants update subscription tenant relation done {
2024-03-19T08:53:02.950952480Z   username: 'darren.yeo@sembcorp.com',
2024-03-19T08:53:02.950958381Z   cost: '94ms',
2024-03-19T08:53:02.950962681Z   subscriptionTreeNodeCount: 0,
2024-03-19T08:53:02.950967581Z   subscriptionTenantCount: 0
2024-03-19T08:53:02.950971282Z }
2024-03-19T08:53:39.182615742Z info: EnSaaS Users Me {
2024-03-19T08:53:39.182659945Z   username: 'darren.yeo@sembcorp.com',
2024-03-19T08:53:39.182668546Z   userRoleOfClient: { subscriptionRole: '', clientRole: '' }
2024-03-19T08:53:39.182674946Z }
2024-03-19T08:53:39.182717849Z info: EnSaaS Users Me No WISE_PAAS_MP_API_URL env will skip resource role check and pass { username: 'darren.yeo@sembcorp.com' }
2024-03-19T08:53:39.344238496Z info: IfpAuthService.signIn { username: 'darren.yeo@sembcorp.com' }
2024-03-19T08:53:39.475886152Z info: #applySubscriptionTenants query subscriptions done {
2024-03-19T08:53:39.475943256Z   username: 'darren.yeo@sembcorp.com',
2024-03-19T08:53:39.475949057Z   cost: '35ms',
2024-03-19T08:53:39.475953357Z   subscriptionsCount: 0
2024-03-19T08:53:39.475956957Z }
2024-03-19T08:53:39.476149271Z info: #applySubscriptionTenants sync subscriptions and tenants done { username: 'darren.yeo@sembcorp.com', cost: '35ms', tenantsCount: 0 }
2024-03-19T08:53:39.476330785Z info: #applySubscriptionTenants applyDeviceOnRootOrg done { username: 'darren.yeo@sembcorp.com', cost: '36ms' }
2024-03-19T08:53:39.508787865Z info: #applySubscriptionTenants update subscription tenant relation done {
2024-03-19T08:53:39.508834769Z   username: 'darren.yeo@sembcorp.com',
2024-03-19T08:53:39.508839469Z   cost: '68ms',
2024-03-19T08:53:39.508845269Z   subscriptionTreeNodeCount: 0,
2024-03-19T08:53:39.508848570Z   subscriptionTenantCount: 0
2024-03-19T08:53:39.508851570Z }
2024-03-19T08:53:49.884010399Z info: EnSaaS Users Me {
2024-03-19T08:53:49.884057803Z   username: 'darren.yeo@sembcorp.com',
2024-03-19T08:53:49.884062003Z   userRoleOfClient: { subscriptionRole: '', clientRole: '' }
2024-03-19T08:53:49.884064903Z }
2024-03-19T08:53:49.884087805Z info: EnSaaS Users Me No WISE_PAAS_MP_API_URL env will skip resource role check and pass { username: 'darren.yeo@sembcorp.com' }
2024-03-19T08:53:50.135736767Z info: IfpAuthService.signIn { username: 'darren.yeo@sembcorp.com' }
2024-03-19T08:53:50.188042105Z info: #applySubscriptionTenants query subscriptions done {
2024-03-19T08:53:50.188083708Z   username: 'darren.yeo@sembcorp.com',
2024-03-19T08:53:50.188088508Z   cost: '26ms',
2024-03-19T08:53:50.188092509Z   subscriptionsCount: 0
2024-03-19T08:53:50.188096009Z }
2024-03-19T08:53:50.188200416Z info: #applySubscriptionTenants sync subscriptions and tenants done { username: 'darren.yeo@sembcorp.com', cost: '27ms', tenantsCount: 0 }
2024-03-19T08:53:50.188340127Z info: #applySubscriptionTenants applyDeviceOnRootOrg done { username: 'darren.yeo@sembcorp.com', cost: '27ms' }
2024-03-19T08:53:50.214031012Z info: #applySubscriptionTenants update subscription tenant relation done {
2024-03-19T08:53:50.214043612Z   username: 'darren.yeo@sembcorp.com',
2024-03-19T08:53:50.214048413Z   cost: '52ms',
2024-03-19T08:53:50.214052913Z   subscriptionTreeNodeCount: 0,
2024-03-19T08:53:50.214056813Z   subscriptionTenantCount: 0
2024-03-19T08:53:50.214060614Z }
2024-03-19T08:54:03.189006578Z info: EnSaaS Users Me {
2024-03-19T08:54:03.189026980Z   username: 'admin@iot.sense',
2024-03-19T08:54:03.189031380Z   userRoleOfClient: { subscriptionRole: '', clientRole: '' }
2024-03-19T08:54:03.189034280Z }
2024-03-19T08:54:03.189105485Z info: EnSaaS Users Me No WISE_PAAS_MP_API_URL env will skip resource role check and pass { username: 'admin@iot.sense' }
2024-03-19T08:54:03.341051133Z info: IfpAuthService.signIn { username: 'admin@iot.sense' }
2024-03-19T08:54:03.374083056Z info: #applySubscriptionTenants query subscriptions done { username: 'admin@iot.sense', cost: '13ms', subscriptionsCount: 1 }
2024-03-19T08:54:03.432460339Z info: #applySubscriptionTenants sync subscriptions and tenants done { username: 'admin@iot.sense', cost: '16ms', tenantsCount: 0 }
2024-03-19T08:54:03.432644453Z info: #applySubscriptionTenants applyDeviceOnRootOrg done { username: 'admin@iot.sense', cost: '72ms' }
2024-03-19T08:54:03.461431865Z info: #applySubscriptionTenants update subscription tenant relation done {
2024-03-19T08:54:03.461500470Z   username: 'admin@iot.sense',
2024-03-19T08:54:03.461508270Z   cost: '101ms',
2024-03-19T08:54:03.461512171Z   subscriptionTreeNodeCount: 0,
2024-03-19T08:54:03.461516171Z   subscriptionTenantCount: 0
2024-03-19T08:54:03.461519771Z }
2024-03-19T08:59:52.905044662Z info: EnSaaS Users Me {
2024-03-19T08:59:52.905081165Z   username: 'darren.yeo@sembcorp.com',
2024-03-19T08:59:52.905087365Z   userRoleOfClient: { subscriptionRole: '', clientRole: '' }
2024-03-19T08:59:52.905094466Z }
2024-03-19T08:59:52.905109667Z info: EnSaaS Users Me No WISE_PAAS_MP_API_URL env will skip resource role check and pass { username: 'darren.yeo@sembcorp.com' }
2024-03-19T08:59:53.134578953Z info: IfpAuthService.signIn { username: 'darren.yeo@sembcorp.com' }
2024-03-19T08:59:53.190806391Z info: #applySubscriptionTenants query subscriptions done {
2024-03-19T08:59:53.190836593Z   username: 'darren.yeo@sembcorp.com',
2024-03-19T08:59:53.190840093Z   cost: '25ms',
2024-03-19T08:59:53.190842994Z   subscriptionsCount: 0
2024-03-19T08:59:53.190845494Z }
2024-03-19T08:59:53.190956702Z info: #applySubscriptionTenants sync subscriptions and tenants done { username: 'darren.yeo@sembcorp.com', cost: '25ms', tenantsCount: 0 }
2024-03-19T08:59:53.191091012Z info: #applySubscriptionTenants applyDeviceOnRootOrg done { username: 'darren.yeo@sembcorp.com', cost: '25ms' }
2024-03-19T08:59:53.210911870Z info: #applySubscriptionTenants update subscription tenant relation done {
2024-03-19T08:59:53.210960574Z   username: 'darren.yeo@sembcorp.com',
2024-03-19T08:59:53.210964274Z   cost: '45ms',
2024-03-19T08:59:53.210967075Z   subscriptionTreeNodeCount: 0,
2024-03-19T08:59:53.210969475Z   subscriptionTenantCount: 0
2024-03-19T08:59:53.210972975Z }
2024-03-19T09:00:05.228120018Z info: EnSaaS Users Me {
2024-03-19T09:00:05.228165621Z   username: 'darren.yeo@sembcorp.com',
2024-03-19T09:00:05.228171522Z   userRoleOfClient: { subscriptionRole: '', clientRole: '' }
2024-03-19T09:00:05.228175722Z }
2024-03-19T09:00:05.228198724Z info: EnSaaS Users Me No WISE_PAAS_MP_API_URL env will skip resource role check and pass { username: 'darren.yeo@sembcorp.com' }
2024-03-19T09:00:05.439368420Z info: IfpAuthService.signIn { username: 'darren.yeo@sembcorp.com' }
2024-03-19T09:00:05.549734414Z info: #applySubscriptionTenants query subscriptions done {
2024-03-19T09:00:05.549791418Z   username: 'darren.yeo@sembcorp.com',
2024-03-19T09:00:05.549796018Z   cost: '92ms',
2024-03-19T09:00:05.549799018Z   subscriptionsCount: 0
2024-03-19T09:00:05.549801619Z }
2024-03-19T09:00:05.549842722Z info: #applySubscriptionTenants sync subscriptions and tenants done { username: 'darren.yeo@sembcorp.com', cost: '92ms', tenantsCount: 0 }
2024-03-19T09:00:05.549890025Z info: #applySubscriptionTenants applyDeviceOnRootOrg done { username: 'darren.yeo@sembcorp.com', cost: '92ms' }
2024-03-19T09:00:05.576303338Z info: #applySubscriptionTenants update subscription tenant relation done {
2024-03-19T09:00:05.576321940Z   username: 'darren.yeo@sembcorp.com',
2024-03-19T09:00:05.576325540Z   cost: '119ms',
2024-03-19T09:00:05.576328740Z   subscriptionTreeNodeCount: 0,
2024-03-19T09:00:05.576331340Z   subscriptionTenantCount: 0
2024-03-19T09:00:05.576333841Z }
2024-03-19T09:00:56.792686981Z info: EnSaaS Users Me {
2024-03-19T09:00:56.792724883Z   username: 'darren.yeo@sembcorp.com',
2024-03-19T09:00:56.792731084Z   userRoleOfClient: { subscriptionRole: '', clientRole: '' }
2024-03-19T09:00:56.792734884Z }
2024-03-19T09:00:56.792751085Z info: EnSaaS Users Me No WISE_PAAS_MP_API_URL env will skip resource role check and pass { username: 'darren.yeo@sembcorp.com' }
2024-03-19T09:00:56.943546397Z info: IfpAuthService.signIn { username: 'darren.yeo@sembcorp.com' }
2024-03-19T09:00:56.991963265Z info: #applySubscriptionTenants query subscriptions done {
2024-03-19T09:00:56.992003768Z   username: 'darren.yeo@sembcorp.com',
2024-03-19T09:00:56.992009368Z   cost: '27ms',
2024-03-19T09:00:56.992016869Z   subscriptionsCount: 0
2024-03-19T09:00:56.992020269Z }
2024-03-19T09:00:56.992044571Z info: #applySubscriptionTenants sync subscriptions and tenants done { username: 'darren.yeo@sembcorp.com', cost: '27ms', tenantsCount: 0 }
2024-03-19T09:00:56.992154879Z info: #applySubscriptionTenants applyDeviceOnRootOrg done { username: 'darren.yeo@sembcorp.com', cost: '28ms' }
2024-03-19T09:00:57.013123624Z info: #applySubscriptionTenants update subscription tenant relation done {
2024-03-19T09:00:57.013167127Z   username: 'darren.yeo@sembcorp.com',
2024-03-19T09:00:57.013171028Z   cost: '48ms',
2024-03-19T09:00:57.013174028Z   subscriptionTreeNodeCount: 0,
2024-03-19T09:00:57.013176528Z   subscriptionTenantCount: 0
2024-03-19T09:00:57.013178928Z }
2024-03-19T09:01:01.642342816Z info: EnSaaS Users Me {
2024-03-19T09:01:01.642373819Z   username: 'darren.yeo@sembcorp.com',
2024-03-19T09:01:01.642384719Z   userRoleOfClient: { subscriptionRole: '', clientRole: '' }
2024-03-19T09:01:01.642388920Z }
2024-03-19T09:01:01.642404021Z info: EnSaaS Users Me No WISE_PAAS_MP_API_URL env will skip resource role check and pass { username: 'darren.yeo@sembcorp.com' }
2024-03-19T09:01:01.836144895Z info: IfpAuthService.signIn { username: 'darren.yeo@sembcorp.com' }
2024-03-19T09:01:01.892625956Z info: #applySubscriptionTenants query subscriptions done {
2024-03-19T09:01:01.892647158Z   username: 'darren.yeo@sembcorp.com',
2024-03-19T09:01:01.892650358Z   cost: '22ms',
2024-03-19T09:01:01.892653458Z   subscriptionsCount: 0
2024-03-19T09:01:01.892656158Z }
2024-03-19T09:01:01.892719363Z info: #applySubscriptionTenants sync subscriptions and tenants done { username: 'darren.yeo@sembcorp.com', cost: '22ms', tenantsCount: 0 }
2024-03-19T09:01:01.892807469Z info: #applySubscriptionTenants applyDeviceOnRootOrg done { username: 'darren.yeo@sembcorp.com', cost: '22ms' }
2024-03-19T09:01:01.929059140Z info: #applySubscriptionTenants update subscription tenant relation done {
2024-03-19T09:01:01.929102543Z   username: 'darren.yeo@sembcorp.com',
2024-03-19T09:01:01.929107444Z   cost: '58ms',
2024-03-19T09:01:01.929111444Z   subscriptionTreeNodeCount: 0,
2024-03-19T09:01:01.929114544Z   subscriptionTenantCount: 0
2024-03-19T09:01:01.929117945Z }
2024-03-19T09:01:05.958178388Z info: EnSaaS Users Me {
2024-03-19T09:01:05.958200390Z   username: 'darren.yeo@sembcorp.com',
2024-03-19T09:01:05.958205790Z   userRoleOfClient: { subscriptionRole: '', clientRole: '' }
2024-03-19T09:01:05.958209391Z }
2024-03-19T09:01:05.958223292Z info: EnSaaS Users Me No WISE_PAAS_MP_API_URL env will skip resource role check and pass { username: 'darren.yeo@sembcorp.com' }
2024-03-19T09:01:06.149193161Z info: IfpAuthService.signIn { username: 'darren.yeo@sembcorp.com' }
2024-03-19T09:01:06.285117776Z info: #applySubscriptionTenants query subscriptions done {
2024-03-19T09:01:06.285146378Z   username: 'darren.yeo@sembcorp.com',
2024-03-19T09:01:06.285152078Z   cost: '26ms',
2024-03-19T09:01:06.285156679Z   subscriptionsCount: 0
2024-03-19T09:01:06.285160279Z }
2024-03-19T09:01:06.285275187Z info: #applySubscriptionTenants sync subscriptions and tenants done { username: 'darren.yeo@sembcorp.com', cost: '27ms', tenantsCount: 0 }
2024-03-19T09:01:06.285379795Z info: #applySubscriptionTenants applyDeviceOnRootOrg done { username: 'darren.yeo@sembcorp.com', cost: '27ms' }
2024-03-19T09:01:06.313147541Z info: #applySubscriptionTenants update subscription tenant relation done {
2024-03-19T09:01:06.313198845Z   username: 'darren.yeo@sembcorp.com',
2024-03-19T09:01:06.313204645Z   cost: '54ms',
2024-03-19T09:01:06.313208945Z   subscriptionTreeNodeCount: 0,
2024-03-19T09:01:06.313212446Z   subscriptionTenantCount: 0
2024-03-19T09:01:06.313216046Z }
2024-03-19T09:10:33.385906613Z info: EnSaaS Users Me {
2024-03-19T09:10:33.385955816Z   username: 'minkhang.lee@sembcorp.com',
2024-03-19T09:10:33.385962117Z   userRoleOfClient: { subscriptionRole: '', clientRole: '' }
2024-03-19T09:10:33.385979418Z }
2024-03-19T09:10:33.386015921Z info: EnSaaS Users Me No WISE_PAAS_MP_API_URL env will skip resource role check and pass { username: 'minkhang.lee@sembcorp.com' }
2024-03-19T09:10:33.537732877Z info: IfpAuthService.signIn { username: 'minkhang.lee@sembcorp.com' }
2024-03-19T09:10:33.610609836Z warn: ContextFunction invalid service secret {
2024-03-19T09:10:33.610650539Z   ifpServiceName: 'api-portal-wise-mplus',
2024-03-19T09:10:33.610656940Z   ifpAppSecret: false,
2024-03-19T09:10:33.610661240Z   secret: true,
2024-03-19T09:10:33.610664840Z   isApiHub: false
2024-03-19T09:10:33.610668241Z }
2024-03-19T09:10:33.683035562Z info: EnSaaS Users Me {
2024-03-19T09:10:33.683072565Z   username: 'minkhang.lee@sembcorp.com',
2024-03-19T09:10:33.683076465Z   userRoleOfClient: { subscriptionRole: '', clientRole: '' }
2024-03-19T09:10:33.683079265Z }
2024-03-19T09:10:33.683091866Z info: EnSaaS Users Me No WISE_PAAS_MP_API_URL env will skip resource role check and pass { username: 'minkhang.lee@sembcorp.com' }
2024-03-19T09:10:33.837953754Z info: IfpAuthService.signIn { username: 'minkhang.lee@sembcorp.com' }
2024-03-19T09:35:33.274666626Z info: EnSaaS Users Me {
2024-03-19T09:35:33.274695528Z   username: 'admin@iot.sense',
2024-03-19T09:35:33.274699828Z   userRoleOfClient: { subscriptionRole: '', clientRole: '' }
2024-03-19T09:35:33.274702728Z }
2024-03-19T09:35:33.274714829Z info: EnSaaS Users Me No WISE_PAAS_MP_API_URL env will skip resource role check and pass { username: 'admin@iot.sense' }
2024-03-19T09:35:33.444931574Z info: IfpAuthService.signIn { username: 'admin@iot.sense' }
2024-03-19T09:35:33.497359337Z warn: ContextFunction invalid service secret {
2024-03-19T09:35:33.497405141Z   ifpServiceName: 'api-portal-wise-mplus',
2024-03-19T09:35:33.497410841Z   ifpAppSecret: false,
2024-03-19T09:35:33.497414341Z   secret: true,
2024-03-19T09:35:33.497417742Z   isApiHub: false
2024-03-19T09:35:33.497421442Z }
2024-03-19T09:35:33.554653060Z info: EnSaaS Users Me {
2024-03-19T09:35:33.554699663Z   username: 'admin@iot.sense',
2024-03-19T09:35:33.554706764Z   userRoleOfClient: { subscriptionRole: '', clientRole: '' }
2024-03-19T09:35:33.554711864Z }
2024-03-19T09:35:33.554738866Z info: EnSaaS Users Me No WISE_PAAS_MP_API_URL env will skip resource role check and pass { username: 'admin@iot.sense' }
2024-03-19T09:35:33.737155109Z info: IfpAuthService.signIn { username: 'admin@iot.sense' }
2024-03-19T09:35:40.579701220Z info: EnSaaS Users Me {
2024-03-19T09:35:40.579743223Z   username: 'admin@iot.sense',
2024-03-19T09:35:40.579747423Z   userRoleOfClient: { subscriptionRole: '', clientRole: '' }
2024-03-19T09:35:40.579751023Z }
2024-03-19T09:35:40.579769125Z info: EnSaaS Users Me No WISE_PAAS_MP_API_URL env will skip resource role check and pass { username: 'admin@iot.sense' }
2024-03-19T09:35:40.732026251Z info: IfpAuthService.signIn { username: 'admin@iot.sense' }
2024-03-19T09:35:40.782742190Z warn: ContextFunction invalid service secret {
2024-03-19T09:35:40.782786394Z   ifpServiceName: 'api-portal-wise-mplus',
2024-03-19T09:35:40.782792794Z   ifpAppSecret: false,
2024-03-19T09:35:40.782797094Z   secret: true,
2024-03-19T09:35:40.782800395Z   isApiHub: false
2024-03-19T09:35:40.782803595Z }
2024-03-19T09:35:40.838700316Z info: EnSaaS Users Me {
2024-03-19T09:35:40.838721718Z   username: 'admin@iot.sense',
2024-03-19T09:35:40.838725618Z   userRoleOfClient: { subscriptionRole: '', clientRole: '' }
2024-03-19T09:35:40.838728518Z }
2024-03-19T09:35:40.838738719Z info: EnSaaS Users Me No WISE_PAAS_MP_API_URL env will skip resource role check and pass { username: 'admin@iot.sense' }
2024-03-19T09:35:41.037723791Z info: IfpAuthService.signIn { username: 'admin@iot.sense' }
2024-03-19T09:35:53.493002674Z info: EnSaaS Users Me {
2024-03-19T09:35:53.493035876Z   username: 'admin@iot.sense',
2024-03-19T09:35:53.493041777Z   userRoleOfClient: { subscriptionRole: '', clientRole: '' }
2024-03-19T09:35:53.493045477Z }
2024-03-19T09:35:53.493061578Z info: EnSaaS Users Me No WISE_PAAS_MP_API_URL env will skip resource role check and pass { username: 'admin@iot.sense' }
2024-03-19T09:35:53.632087336Z info: IfpAuthService.signIn { username: 'admin@iot.sense' }
2024-03-19T09:35:53.685339665Z warn: ContextFunction invalid service secret {
2024-03-19T09:35:53.685375868Z   ifpServiceName: 'api-portal-wise-mplus',
2024-03-19T09:35:53.685379568Z   ifpAppSecret: false,
2024-03-19T09:35:53.685382068Z   secret: true,
2024-03-19T09:35:53.685384468Z   isApiHub: false
2024-03-19T09:35:53.685386769Z }
2024-03-19T09:35:53.755049308Z info: EnSaaS Users Me {
2024-03-19T09:35:53.755067510Z   username: 'admin@iot.sense',
2024-03-19T09:35:53.755072110Z   userRoleOfClient: { subscriptionRole: '', clientRole: '' }
2024-03-19T09:35:53.755076010Z }
2024-03-19T09:35:53.755122214Z info: EnSaaS Users Me No WISE_PAAS_MP_API_URL env will skip resource role check and pass { username: 'admin@iot.sense' }
2024-03-19T09:35:53.932074070Z info: IfpAuthService.signIn { username: 'admin@iot.sense' }
2024-03-19T09:36:52.478533447Z info: EnSaaS Users Me {
2024-03-19T09:36:52.478581550Z   username: 'admin@iot.sense',
2024-03-19T09:36:52.478586451Z   userRoleOfClient: { subscriptionRole: '', clientRole: '' }
2024-03-19T09:36:52.478589551Z }
2024-03-19T09:36:52.478602352Z info: EnSaaS Users Me No WISE_PAAS_MP_API_URL env will skip resource role check and pass { username: 'admin@iot.sense' }
2024-03-19T09:36:52.639253889Z info: IfpAuthService.signIn { username: 'admin@iot.sense' }
2024-03-19T09:36:52.691531942Z warn: ContextFunction invalid service secret {
2024-03-19T09:36:52.691578545Z   ifpServiceName: 'api-portal-wise-mplus',
2024-03-19T09:36:52.691584445Z   ifpAppSecret: false,
2024-03-19T09:36:52.691588046Z   secret: true,
2024-03-19T09:36:52.691591446Z   isApiHub: false
2024-03-19T09:36:52.691594946Z }
2024-03-19T09:36:52.741051290Z info: EnSaaS Users Me {
2024-03-19T09:36:52.741073792Z   username: 'admin@iot.sense',
2024-03-19T09:36:52.741078992Z   userRoleOfClient: { subscriptionRole: '', clientRole: '' }
2024-03-19T09:36:52.741083093Z }
2024-03-19T09:36:52.741112495Z info: EnSaaS Users Me No WISE_PAAS_MP_API_URL env will skip resource role check and pass { username: 'admin@iot.sense' }
2024-03-19T09:36:52.935753937Z info: IfpAuthService.signIn { username: 'admin@iot.sense' }
2024-03-19T09:41:25.745289111Z info: EnSaaS Users Me {
2024-03-19T09:41:25.745354716Z   username: 'admin@iot.sense',
2024-03-19T09:41:25.745361217Z   userRoleOfClient: { subscriptionRole: '', clientRole: '' }
2024-03-19T09:41:25.745364517Z }
2024-03-19T09:41:25.745379018Z info: EnSaaS Users Me No WISE_PAAS_MP_API_URL env will skip resource role check and pass { username: 'admin@iot.sense' }
2024-03-19T09:41:25.937973990Z info: IfpAuthService.signIn { username: 'admin@iot.sense' }
2024-03-19T09:41:31.919574246Z info: EnSaaS Users Me {
2024-03-19T09:41:31.919603148Z   username: 'admin@iot.sense',
2024-03-19T09:41:31.919608248Z   userRoleOfClient: { subscriptionRole: '', clientRole: '' }
2024-03-19T09:41:31.919611649Z }
2024-03-19T09:41:31.919624550Z info: EnSaaS Users Me No WISE_PAAS_MP_API_URL env will skip resource role check and pass { username: 'admin@iot.sense' }
2024-03-19T09:41:32.049870704Z info: IfpAuthService.signIn { username: 'admin@iot.sense' }
2024-03-19T09:41:32.174149021Z info: #applySubscriptionTenants query subscriptions done { username: 'admin@iot.sense', cost: '26ms', subscriptionsCount: 1 }
2024-03-19T09:41:32.177253348Z info: #applySubscriptionTenants sync subscriptions and tenants done { username: 'admin@iot.sense', cost: '30ms', tenantsCount: 0 }
2024-03-19T09:41:32.177401759Z info: #applySubscriptionTenants applyDeviceOnRootOrg done { username: 'admin@iot.sense', cost: '30ms' }
2024-03-19T09:41:32.203474072Z info: #applySubscriptionTenants update subscription tenant relation done {
2024-03-19T09:41:32.203515175Z   username: 'admin@iot.sense',
2024-03-19T09:41:32.203518475Z   cost: '56ms',
2024-03-19T09:41:32.203520875Z   subscriptionTreeNodeCount: 0,
2024-03-19T09:41:32.203523175Z   subscriptionTenantCount: 0
2024-03-19T09:41:32.203525476Z }
2024-03-19T09:41:45.523591484Z info: EnSaaS Users Me {
2024-03-19T09:41:45.523634887Z   username: 'admin@iot.sense',
2024-03-19T09:41:45.523639888Z   userRoleOfClient: { subscriptionRole: '', clientRole: '' }
2024-03-19T09:41:45.523643688Z }
2024-03-19T09:41:45.523677890Z info: EnSaaS Users Me No WISE_PAAS_MP_API_URL env will skip resource role check and pass { username: 'admin@iot.sense' }
2024-03-19T09:41:45.732220626Z info: IfpAuthService.signIn { username: 'admin@iot.sense' }
2024-03-19T09:41:45.784746364Z warn: ContextFunction invalid service secret {
2024-03-19T09:41:45.784772465Z   ifpServiceName: 'api-portal-wise-mplus',
2024-03-19T09:41:45.784776366Z   ifpAppSecret: false,
2024-03-19T09:41:45.784779166Z   secret: true,
2024-03-19T09:41:45.784781566Z   isApiHub: false
2024-03-19T09:41:45.784783866Z }
2024-03-19T09:41:45.846522377Z info: EnSaaS Users Me {
2024-03-19T09:41:45.846568680Z   username: 'admin@iot.sense',
2024-03-19T09:41:45.846573681Z   userRoleOfClient: { subscriptionRole: '', clientRole: '' }
2024-03-19T09:41:45.846577381Z }
2024-03-19T09:41:45.846593182Z info: EnSaaS Users Me No WISE_PAAS_MP_API_URL env will skip resource role check and pass { username: 'admin@iot.sense' }
2024-03-19T09:41:46.037056497Z info: IfpAuthService.signIn { username: 'admin@iot.sense' }
2024-03-19T09:42:22.434067524Z info: EnSaaS Users Me {
2024-03-19T09:42:22.434121028Z   username: 'admin@iot.sense',
2024-03-19T09:42:22.434126829Z   userRoleOfClient: { subscriptionRole: '', clientRole: '' }
2024-03-19T09:42:22.434130529Z }
2024-03-19T09:42:22.434168532Z info: EnSaaS Users Me No WISE_PAAS_MP_API_URL env will skip resource role check and pass { username: 'admin@iot.sense' }
2024-03-19T09:42:22.632229095Z info: IfpAuthService.signIn { username: 'admin@iot.sense' }
2024-03-19T09:42:27.540387828Z info: EnSaaS Users Me {
2024-03-19T09:42:27.540439432Z   username: 'admin@iot.sense',
2024-03-19T09:42:27.540445832Z   userRoleOfClient: { subscriptionRole: '', clientRole: '' }
2024-03-19T09:42:27.540449732Z }
2024-03-19T09:42:27.540543739Z info: EnSaaS Users Me No WISE_PAAS_MP_API_URL env will skip resource role check and pass { username: 'admin@iot.sense' }
2024-03-19T09:42:27.740009202Z info: IfpAuthService.signIn { username: 'admin@iot.sense' }
2024-03-19T09:42:27.807904459Z info: #applySubscriptionTenants query subscriptions done { username: 'admin@iot.sense', cost: '39ms', subscriptionsCount: 1 }
2024-03-19T09:42:27.810218627Z info: #applySubscriptionTenants sync subscriptions and tenants done { username: 'admin@iot.sense', cost: '42ms', tenantsCount: 0 }
2024-03-19T09:42:27.811262404Z info: #applySubscriptionTenants applyDeviceOnRootOrg done { username: 'admin@iot.sense', cost: '42ms' }
2024-03-19T09:42:27.845364593Z info: #applySubscriptionTenants update subscription tenant relation done {
2024-03-19T09:42:27.845427398Z   username: 'admin@iot.sense',
2024-03-19T09:42:27.845431298Z   cost: '77ms',
2024-03-19T09:42:27.845433998Z   subscriptionTreeNodeCount: 0,
2024-03-19T09:42:27.845436399Z   subscriptionTenantCount: 0
2024-03-19T09:42:27.845438699Z }
2024-03-19T09:42:42.112111220Z info: EnSaaS Users Me {
2024-03-19T09:42:42.112137521Z   username: 'admin@iot.sense',
2024-03-19T09:42:42.112142522Z   userRoleOfClient: { subscriptionRole: '', clientRole: '' }
2024-03-19T09:42:42.112157423Z }
2024-03-19T09:42:42.112172224Z info: EnSaaS Users Me No WISE_PAAS_MP_API_URL env will skip resource role check and pass { username: 'admin@iot.sense' }
2024-03-19T09:42:42.238605549Z info: IfpAuthService.signIn { username: 'admin@iot.sense' }
2024-03-19T09:42:42.291680821Z warn: ContextFunction invalid service secret {
2024-03-19T09:42:42.291729525Z   ifpServiceName: 'api-portal-wise-mplus',
2024-03-19T09:42:42.291735425Z   ifpAppSecret: false,
2024-03-19T09:42:42.291737925Z   secret: true,
2024-03-19T09:42:42.291740626Z   isApiHub: false
2024-03-19T09:42:42.291743126Z }
2024-03-19T09:42:42.343195580Z info: EnSaaS Users Me {
2024-03-19T09:42:42.343240583Z   username: 'admin@iot.sense',
2024-03-19T09:42:42.343247083Z   userRoleOfClient: { subscriptionRole: '', clientRole: '' }
2024-03-19T09:42:42.343251084Z }
2024-03-19T09:42:42.343280286Z info: EnSaaS Users Me No WISE_PAAS_MP_API_URL env will skip resource role check and pass { username: 'admin@iot.sense' }
2024-03-19T09:42:42.533935596Z info: IfpAuthService.signIn { username: 'admin@iot.sense' }
2024-03-19T09:42:49.399397340Z info: EnSaaS Users Me {
2024-03-19T09:42:49.399446944Z   username: 'admin@iot.sense',
2024-03-19T09:42:49.399453144Z   userRoleOfClient: { subscriptionRole: '', clientRole: '' }
2024-03-19T09:42:49.399456644Z }
2024-03-19T09:42:49.399476646Z info: EnSaaS Users Me No WISE_PAAS_MP_API_URL env will skip resource role check and pass { username: 'admin@iot.sense' }
2024-03-19T09:42:49.532279687Z info: IfpAuthService.signIn { username: 'admin@iot.sense' }
2024-03-19T09:42:49.584206696Z warn: ContextFunction invalid service secret {
2024-03-19T09:42:49.584246699Z   ifpServiceName: 'api-portal-wise-mplus',
2024-03-19T09:42:49.584251099Z   ifpAppSecret: false,
2024-03-19T09:42:49.584253599Z   secret: true,
2024-03-19T09:42:49.584255999Z   isApiHub: false
2024-03-19T09:42:49.584259700Z }
2024-03-19T09:42:49.643111116Z info: EnSaaS Users Me {
2024-03-19T09:42:49.643137518Z   username: 'admin@iot.sense',
2024-03-19T09:42:49.643143019Z   userRoleOfClient: { subscriptionRole: '', clientRole: '' }
2024-03-19T09:42:49.643146719Z }
2024-03-19T09:42:49.643162320Z info: EnSaaS Users Me No WISE_PAAS_MP_API_URL env will skip resource role check and pass { username: 'admin@iot.sense' }
2024-03-19T09:42:49.832223688Z info: IfpAuthService.signIn { username: 'admin@iot.sense' }
2024-03-19T09:47:24.980950987Z info: EnSaaS Users Me {
2024-03-19T09:47:24.981012191Z   username: 'admin@iot.sense',
2024-03-19T09:47:24.981016991Z   userRoleOfClient: { subscriptionRole: '', clientRole: '' }
2024-03-19T09:47:24.981019792Z }
2024-03-19T09:47:24.981060495Z info: EnSaaS Users Me No WISE_PAAS_MP_API_URL env will skip resource role check and pass { username: 'admin@iot.sense' }
2024-03-19T09:47:25.137571885Z info: IfpAuthService.signIn { username: 'admin@iot.sense' }
2024-03-19T09:47:25.203563929Z warn: ContextFunction invalid service secret {
2024-03-19T09:47:25.203623334Z   ifpServiceName: 'api-portal-wise-mplus',
2024-03-19T09:47:25.203627834Z   ifpAppSecret: false,
2024-03-19T09:47:25.203630734Z   secret: true,
2024-03-19T09:47:25.203633434Z   isApiHub: false
2024-03-19T09:47:25.203659936Z }
2024-03-19T09:47:25.247271038Z info: EnSaaS Users Me {
2024-03-19T09:47:25.247335943Z   username: 'admin@iot.sense',
2024-03-19T09:47:25.247342943Z   userRoleOfClient: { subscriptionRole: '', clientRole: '' }
2024-03-19T09:47:25.247346643Z }
2024-03-19T09:47:25.247363245Z info: EnSaaS Users Me No WISE_PAAS_MP_API_URL env will skip resource role check and pass { username: 'admin@iot.sense' }
2024-03-19T09:47:25.432161711Z info: IfpAuthService.signIn { username: 'admin@iot.sense' }
2024-03-19T09:48:42.098484663Z error: RedisFactory.redis error {
2024-03-19T09:48:42.098546367Z   err: Error: read ETIMEDOUT
2024-03-19T09:48:42.098551067Z       at TCP.onStreamRead (node:internal/stream_base_commons:217:20) {
2024-03-19T09:48:42.098554168Z     errno: -110,
2024-03-19T09:48:42.098558068Z     code: 'ETIMEDOUT',
2024-03-19T09:48:42.098560768Z     syscall: 'read'
2024-03-19T09:48:42.098563368Z   },
2024-03-19T09:48:42.098566169Z   initialized: true
2024-03-19T09:48:42.098569769Z }
2024-03-19T09:48:45.208128787Z info: RedisFactory.redis connect { status: 'connect' }
2024-03-19T09:49:00.673020133Z warn: ServiceRegister Lease lost {
2024-03-19T09:49:00.673069937Z   err: EtcdLeaseInvalidError: Lease 7587877446201203994 is expired or revoked
2024-03-19T09:49:00.673076037Z       at ClientDuplexStreamImpl.<anonymous> (/snapshot/app/node_modules/etcd3/lib/lease.js:246:54)
2024-03-19T09:49:00.673080438Z       at ClientDuplexStreamImpl.emit (node:events:526:28)
2024-03-19T09:49:00.673084138Z       at addChunk (node:internal/streams/readable:315:12)
2024-03-19T09:49:00.673087638Z       at readableAddChunk (node:internal/streams/readable:289:9)
2024-03-19T09:49:00.673091339Z       at ClientDuplexStreamImpl.Readable.push (node:internal/streams/readable:228:10)
2024-03-19T09:49:00.673095239Z       at Object.onReceiveMessage (/snapshot/app/node_modules/@grpc/grpc-js/src/client.ts:684:16)
2024-03-19T09:49:00.673098739Z       at Object.onReceiveMessage (/snapshot/app/node_modules/@grpc/grpc-js/src/client-interceptors.ts:418:47)
2024-03-19T09:49:00.673101939Z       at /snapshot/app/node_modules/@grpc/grpc-js/src/call-stream.ts:398:22
2024-03-19T09:49:00.673105240Z       at processTicksAndRejections (node:internal/process/task_queues:78:11)
2024-03-19T09:49:00.673108540Z }
2024-03-19T09:49:00.677634972Z warn: IAppRegister Lease lost {
2024-03-19T09:49:00.677682276Z   err: EtcdLeaseInvalidError: Lease 7587877446201203996 is expired or revoked
2024-03-19T09:49:00.677689776Z       at ClientDuplexStreamImpl.<anonymous> (/snapshot/app/node_modules/etcd3/lib/lease.js:246:54)
2024-03-19T09:49:00.677695177Z       at ClientDuplexStreamImpl.emit (node:events:526:28)
2024-03-19T09:49:00.677699277Z       at addChunk (node:internal/streams/readable:315:12)
2024-03-19T09:49:00.677703377Z       at readableAddChunk (node:internal/streams/readable:289:9)
2024-03-19T09:49:00.677707678Z       at ClientDuplexStreamImpl.Readable.push (node:internal/streams/readable:228:10)
2024-03-19T09:49:00.677711578Z       at Object.onReceiveMessage (/snapshot/app/node_modules/@grpc/grpc-js/src/client.ts:684:16)
2024-03-19T09:49:00.677715278Z       at Object.onReceiveMessage (/snapshot/app/node_modules/@grpc/grpc-js/src/client-interceptors.ts:418:47)
2024-03-19T09:49:00.677719078Z       at /snapshot/app/node_modules/@grpc/grpc-js/src/call-stream.ts:398:22
2024-03-19T09:49:00.677722779Z       at processTicksAndRejections (node:internal/process/task_queues:78:11)
2024-03-19T09:49:00.677726479Z }
2024-03-19T09:50:18.801638227Z info: EnSaaS Users Me {
2024-03-19T09:50:18.801679530Z   username: 'admin@iot.sense',
2024-03-19T09:50:18.801684231Z   userRoleOfClient: { subscriptionRole: '', clientRole: '' }
2024-03-19T09:50:18.801698232Z }
2024-03-19T09:50:18.801725134Z info: EnSaaS Users Me No WISE_PAAS_MP_API_URL env will skip resource role check and pass { username: 'admin@iot.sense' }
2024-03-19T09:50:18.937885336Z info: IfpAuthService.signIn { username: 'admin@iot.sense' }
2024-03-19T09:50:18.990247083Z warn: ContextFunction invalid service secret {
2024-03-19T09:50:18.990299587Z   ifpServiceName: 'api-portal-wise-mplus',
2024-03-19T09:50:18.990303687Z   ifpAppSecret: false,
2024-03-19T09:50:18.990306087Z   secret: false,
2024-03-19T09:50:18.990308688Z   isApiHub: false
2024-03-19T09:50:18.990310988Z }
2024-03-19T09:50:19.047374380Z info: EnSaaS Users Me {
2024-03-19T09:50:19.047393581Z   username: 'admin@iot.sense',
2024-03-19T09:50:19.047397381Z   userRoleOfClient: { subscriptionRole: '', clientRole: '' }
2024-03-19T09:50:19.047400382Z }
2024-03-19T09:50:19.047430284Z info: EnSaaS Users Me No WISE_PAAS_MP_API_URL env will skip resource role check and pass { username: 'admin@iot.sense' }
2024-03-19T09:50:19.232183156Z info: IfpAuthService.signIn { username: 'admin@iot.sense' }
2024-03-19T10:04:32.371915786Z info: #RegisterWatcher Watcher disconnected!
2024-03-19T10:04:32.372235010Z info: #ServiceRegister Secret Watcher disconnected!
2024-03-19T10:04:32.373495502Z info: #RegisterWatcher Watcher disconnected!
2024-03-19T10:04:32.373572108Z info: #ServiceRegister Secret Watcher disconnected!
2024-03-19T10:04:32.383174313Z info: #RegisterWatcher Watcher connected!
2024-03-19T10:04:32.383488336Z info: #ServiceRegister Secret Watcher connected!
2024-03-19T10:04:32.438647783Z E Error: COMPLETE pick result subchannel (37) 10.0.105.208:2379 has state IDLE
2024-03-19T10:20:16.506932121Z info: #RegisterWatcher Service releaseRegister!
2024-03-19T10:20:16.508271020Z E Error: COMPLETE pick result subchannel (47) 10.0.105.208:2379 has state IDLE
2024-03-19T10:20:16.512771550Z E Error: COMPLETE pick result subchannel (51) 10.0.105.208:2379 has state IDLE
2024-03-19T10:20:16.537661477Z info: #RegisterWatcher Service initRegister!
2024-03-19T10:20:16.645233673Z E Error: COMPLETE pick result subchannel (61) 10.0.105.208:2379 has state IDLE
2024-03-19T10:20:16.650496859Z E Error: COMPLETE pick result subchannel (63) 10.0.105.208:2379 has state IDLE
2024-03-19T10:20:17.202360321Z warn: #RegisterWatcher ElectionObserver error! 14 UNAVAILABLE: No connection established {
2024-03-19T10:20:17.202411525Z   stack: 'GRPCUnavailableError: 14 UNAVAILABLE: No connection established\n' +
2024-03-19T10:20:17.202417826Z     '    at Object.callErrorFromStatus (/snapshot/app/node_modules/@grpc/grpc-js/src/call.ts:81:17)\n' +
2024-03-19T10:20:17.202421426Z     '    at Object.onReceiveStatus (/snapshot/app/node_modules/@grpc/grpc-js/src/client.ts:352:36)\n' +
2024-03-19T10:20:17.202425326Z     '    at Object.onReceiveStatus (/snapshot/app/node_modules/@grpc/grpc-js/src/client-interceptors.ts:462:34)\n' +
2024-03-19T10:20:17.202428626Z     '    at Object.onReceiveStatus (/snapshot/app/node_modules/@grpc/grpc-js/src/client-interceptors.ts:424:48)\n' +
2024-03-19T10:20:17.202431827Z     '    at /snapshot/app/node_modules/@grpc/grpc-js/src/call-stream.ts:330:24\n' +
2024-03-19T10:20:17.202435127Z     '    at processTicksAndRejections (node:internal/process/task_queues:78:11)\n' +
2024-03-19T10:20:17.202438727Z     'for call at\n' +
2024-03-19T10:20:17.202443127Z     '    at ServiceClientImpl.makeUnaryRequest (/snapshot/app/node_modules/@grpc/grpc-js/src/client.ts:324:26)\n' +
2024-03-19T10:20:17.202446428Z     '    at ServiceClientImpl.<anonymous> (/snapshot/app/node_modules/@grpc/grpc-js/src/make-client.ts:189:15)\n' +
2024-03-19T10:20:17.202449628Z     '    at /snapshot/app/node_modules/etcd3/lib/connection-pool.js:35:23\n' +
2024-03-19T10:20:17.202468729Z     '    at new Promise (<anonymous>)\n' +
2024-03-19T10:20:17.202472030Z     '    at runServiceCall (/snapshot/app/node_modules/etcd3/lib/connection-pool.js:34:12)\n' +
2024-03-19T10:20:17.202475030Z     '    at /snapshot/app/node_modules/etcd3/lib/connection-pool.js:222:34\n' +
2024-03-19T10:20:17.202478030Z     '    at /snapshot/app/node_modules/etcd3/lib/connection-pool.js:261:28\n' +
2024-03-19T10:20:17.202481030Z     '    at ExecuteWrapper.invoke (/snapshot/app/node_modules/cockatiel/dist/common/Executor.js:43:33)\n' +
2024-03-19T10:20:17.202484130Z     '    at CircuitBreakerPolicy.execute (/snapshot/app/node_modules/cockatiel/dist/CircuitBreakerPolicy.js:120:52)\n' +
2024-03-19T10:20:17.202487131Z     '    at ConnectionPool.withConnection (/snapshot/app/node_modules/etcd3/lib/connection-pool.js:259:49)'
2024-03-19T10:20:17.202490031Z }
2024-03-19T10:20:17.203325892Z error: #RegisterWatcher ElectionObserver observer re-create error {
2024-03-19T10:20:17.203352694Z   error: BrokenCircuitError: Execution prevented because the circuit breaker is open
2024-03-19T10:20:17.203357494Z       at CircuitBreakerPolicy.execute (/snapshot/app/node_modules/cockatiel/dist/CircuitBreakerPolicy.js:139:27)
2024-03-19T10:20:17.203361195Z       at ConnectionPool.withConnection (/snapshot/app/node_modules/etcd3/lib/connection-pool.js:259:49)
2024-03-19T10:20:17.203364095Z       at ExecuteWrapper.invoke (/snapshot/app/node_modules/cockatiel/dist/common/Executor.js:43:27)
2024-03-19T10:20:17.203366995Z       at RetryPolicy.execute (/snapshot/app/node_modules/cockatiel/dist/RetryPolicy.js:93:28)
2024-03-19T10:20:17.203369895Z       at ConnectionPool.exec (/snapshot/app/node_modules/etcd3/lib/connection-pool.js:214:20)
2024-03-19T10:20:17.203372595Z       at ElectionObserver.loop (/snapshot/app/node_modules/etcd3/lib/election.js:73:29) {
2024-03-19T10:20:17.203375896Z     isBrokenCircuitError: true
2024-03-19T10:20:17.203378796Z   }
2024-03-19T10:20:17.203381696Z }
2024-03-19T10:20:17.203669617Z Unhandled Rejection at: Promise {
2024-03-19T10:20:17.203692519Z   <rejected> BrokenCircuitError: Execution prevented because the circuit breaker is open
2024-03-19T10:20:17.203698919Z       at CircuitBreakerPolicy.execute (/snapshot/app/node_modules/cockatiel/dist/CircuitBreakerPolicy.js:139:27)
2024-03-19T10:20:17.203702319Z       at ConnectionPool.withConnection (/snapshot/app/node_modules/etcd3/lib/connection-pool.js:259:49)
2024-03-19T10:20:17.203706020Z       at ExecuteWrapper.invoke (/snapshot/app/node_modules/cockatiel/dist/common/Executor.js:43:27)
2024-03-19T10:20:17.203709520Z       at RetryPolicy.execute (/snapshot/app/node_modules/cockatiel/dist/RetryPolicy.js:93:28)
2024-03-19T10:20:17.203712820Z       at ConnectionPool.exec (/snapshot/app/node_modules/etcd3/lib/connection-pool.js:214:20)
2024-03-19T10:20:17.203716220Z       at ElectionObserver.loop (/snapshot/app/node_modules/etcd3/lib/election.js:73:29) {
2024-03-19T10:20:17.203719821Z     isBrokenCircuitError: true
2024-03-19T10:20:17.203723121Z   }
2024-03-19T10:20:17.203726521Z }
2024-03-19T10:20:17.501903015Z warn: ServiceRegister.health {
2024-03-19T10:20:17.501943618Z   err: GRPCUnavailableError: 14 UNAVAILABLE: No connection established
2024-03-19T10:20:17.501947819Z       at Object.callErrorFromStatus (/snapshot/app/node_modules/@grpc/grpc-js/src/call.ts:81:17)
2024-03-19T10:20:17.501950219Z       at Object.onReceiveStatus (/snapshot/app/node_modules/@grpc/grpc-js/src/client.ts:352:36)
2024-03-19T10:20:17.501952919Z       at Object.onReceiveStatus (/snapshot/app/node_modules/@grpc/grpc-js/src/client-interceptors.ts:462:34)
2024-03-19T10:20:17.501955719Z       at Object.onReceiveStatus (/snapshot/app/node_modules/@grpc/grpc-js/src/client-interceptors.ts:424:48)
2024-03-19T10:20:17.501987522Z       at /snapshot/app/node_modules/@grpc/grpc-js/src/call-stream.ts:330:24
2024-03-19T10:20:17.501992022Z       at processTicksAndRejections (node:internal/process/task_queues:78:11)
2024-03-19T10:20:17.501995122Z   for call at
2024-03-19T10:20:17.501997522Z       at ServiceClientImpl.makeUnaryRequest (/snapshot/app/node_modules/@grpc/grpc-js/src/client.ts:324:26)
2024-03-19T10:20:17.501999822Z       at ServiceClientImpl.<anonymous> (/snapshot/app/node_modules/@grpc/grpc-js/src/make-client.ts:189:15)
2024-03-19T10:20:17.502002023Z       at /snapshot/app/node_modules/etcd3/lib/connection-pool.js:35:23
2024-03-19T10:20:17.502005123Z       at new Promise (<anonymous>)
2024-03-19T10:20:17.502007423Z       at runServiceCall (/snapshot/app/node_modules/etcd3/lib/connection-pool.js:34:12)
2024-03-19T10:20:17.502009623Z       at /snapshot/app/node_modules/etcd3/lib/connection-pool.js:222:34
2024-03-19T10:20:17.502011823Z       at /snapshot/app/node_modules/etcd3/lib/connection-pool.js:261:28
2024-03-19T10:20:17.502014023Z       at ExecuteWrapper.invoke (/snapshot/app/node_modules/cockatiel/dist/common/Executor.js:43:33)
2024-03-19T10:20:17.502016624Z       at CircuitBreakerPolicy.execute (/snapshot/app/node_modules/cockatiel/dist/CircuitBreakerPolicy.js:120:52)
2024-03-19T10:20:17.502018824Z       at ConnectionPool.withConnection (/snapshot/app/node_modules/etcd3/lib/connection-pool.js:259:49) {
2024-03-19T10:20:17.502021024Z     [Symbol(RecoverableError)]: true
2024-03-19T10:20:17.502023324Z   }
2024-03-19T10:20:17.502025524Z }
2024-03-19T10:20:17.502690273Z InternalServerError: Etcd is not healthy
2024-03-19T10:20:17.502705074Z     at Object.throw (/snapshot/app/node_modules/koa/lib/context.js:97:11)
2024-03-19T10:20:17.502707874Z     at health (/snapshot/app/dist/app.js)
2024-03-19T10:20:17.502711174Z     at runNextTicks (node:internal/process/task_queues:61:5)
2024-03-19T10:20:17.502713675Z     at processTimers (node:internal/timers:499:9)
2024-03-19T10:20:17.502716175Z     at logger (/snapshot/app/node_modules/koa-logger/index.js:67:7)
2024-03-19T10:20:17.502718375Z     at /snapshot/app/dist/app.js {
2024-03-19T10:20:17.502720575Z   status: 500
2024-03-19T10:20:17.502722875Z }
2024-03-19T10:20:17.525130513Z Unhandled Rejection at: Promise {
2024-03-19T10:20:17.525151415Z   <rejected> GRPCUnavailableError: 14 UNAVAILABLE: No connection established
2024-03-19T10:20:17.525156615Z       at Object.callErrorFromStatus (/snapshot/app/node_modules/@grpc/grpc-js/src/call.ts:81:17)
2024-03-19T10:20:17.525160615Z       at Object.onReceiveStatus (/snapshot/app/node_modules/@grpc/grpc-js/src/client.ts:352:36)
2024-03-19T10:20:17.525164116Z       at Object.onReceiveStatus (/snapshot/app/node_modules/@grpc/grpc-js/src/client-interceptors.ts:462:34)
2024-03-19T10:20:17.525167216Z       at Object.onReceiveStatus (/snapshot/app/node_modules/@grpc/grpc-js/src/client-interceptors.ts:424:48)
2024-03-19T10:20:17.525170516Z       at /snapshot/app/node_modules/@grpc/grpc-js/src/call-stream.ts:330:24
2024-03-19T10:20:17.525173816Z       at processTicksAndRejections (node:internal/process/task_queues:78:11)
2024-03-19T10:20:17.525177116Z   for call at
2024-03-19T10:20:17.525180217Z       at ServiceClientImpl.makeUnaryRequest (/snapshot/app/node_modules/@grpc/grpc-js/src/client.ts:324:26)
2024-03-19T10:20:17.525183317Z       at ServiceClientImpl.<anonymous> (/snapshot/app/node_modules/@grpc/grpc-js/src/make-client.ts:189:15)
2024-03-19T10:20:17.525186617Z       at /snapshot/app/node_modules/etcd3/lib/connection-pool.js:35:23
2024-03-19T10:20:17.525189717Z       at new Promise (<anonymous>)
2024-03-19T10:20:17.525203518Z       at runServiceCall (/snapshot/app/node_modules/etcd3/lib/connection-pool.js:34:12)
2024-03-19T10:20:17.525206819Z       at /snapshot/app/node_modules/etcd3/lib/connection-pool.js:222:34
2024-03-19T10:20:17.525210019Z       at /snapshot/app/node_modules/etcd3/lib/connection-pool.js:261:28
2024-03-19T10:20:17.525213219Z       at ExecuteWrapper.invoke (/snapshot/app/node_modules/cockatiel/dist/common/Executor.js:43:33)
2024-03-19T10:20:17.525216319Z       at CircuitBreakerPolicy.execute (/snapshot/app/node_modules/cockatiel/dist/CircuitBreakerPolicy.js:120:52)
2024-03-19T10:20:17.525219620Z       at ConnectionPool.withConnection (/snapshot/app/node_modules/etcd3/lib/connection-pool.js:259:49) {
2024-03-19T10:20:17.525222920Z     [Symbol(RecoverableError)]: true
2024-03-19T10:20:17.525226120Z   }
2024-03-19T10:20:17.525229420Z }
2024-03-19T10:20:17.525697955Z 
2024-03-19T10:20:17.525732257Z /snapshot/app/node_modules/@grpc/grpc-js/src/call.ts:81
2024-03-19T10:20:17.525743258Z   const error = new Error(message);
2024-03-19T10:20:17.525747858Z                 ^
2024-03-19T10:20:17.525751458Z GRPCUnavailableError: 14 UNAVAILABLE: No connection established
2024-03-19T10:20:17.525755459Z     at Object.callErrorFromStatus (/snapshot/app/node_modules/@grpc/grpc-js/src/call.ts:81:17)
2024-03-19T10:20:17.525758859Z     at Object.onReceiveStatus (/snapshot/app/node_modules/@grpc/grpc-js/src/client.ts:352:36)
2024-03-19T10:20:17.525763259Z     at Object.onReceiveStatus (/snapshot/app/node_modules/@grpc/grpc-js/src/client-interceptors.ts:462:34)
2024-03-19T10:20:17.525766660Z     at Object.onReceiveStatus (/snapshot/app/node_modules/@grpc/grpc-js/src/client-interceptors.ts:424:48)
2024-03-19T10:20:17.525771560Z     at /snapshot/app/node_modules/@grpc/grpc-js/src/call-stream.ts:330:24
2024-03-19T10:20:17.525774860Z     at processTicksAndRejections (node:internal/process/task_queues:78:11)
2024-03-19T10:20:17.525793262Z for call at
2024-03-19T10:20:17.525796662Z     at ServiceClientImpl.makeUnaryRequest (/snapshot/app/node_modules/@grpc/grpc-js/src/client.ts:324:26)
2024-03-19T10:20:17.525800062Z     at ServiceClientImpl.<anonymous> (/snapshot/app/node_modules/@grpc/grpc-js/src/make-client.ts:189:15)
2024-03-19T10:20:17.525803562Z     at /snapshot/app/node_modules/etcd3/lib/connection-pool.js:35:23
2024-03-19T10:20:17.525808463Z     at new Promise (<anonymous>)
2024-03-19T10:20:17.525811863Z     at runServiceCall (/snapshot/app/node_modules/etcd3/lib/connection-pool.js:34:12)
2024-03-19T10:20:17.525815163Z     at /snapshot/app/node_modules/etcd3/lib/connection-pool.js:222:34
2024-03-19T10:20:17.525818263Z     at /snapshot/app/node_modules/etcd3/lib/connection-pool.js:261:28
2024-03-19T10:20:17.525821464Z     at ExecuteWrapper.invoke (/snapshot/app/node_modules/cockatiel/dist/common/Executor.js:43:33)
2024-03-19T10:20:17.525824764Z     at CircuitBreakerPolicy.execute (/snapshot/app/node_modules/cockatiel/dist/CircuitBreakerPolicy.js:120:52)
2024-03-19T10:20:17.525828164Z     at ConnectionPool.withConnection (/snapshot/app/node_modules/etcd3/lib/connection-pool.js:259:49)
2024-03-19T10:20:17.526015078Z info: SignalExit { code: 1, signal: null }
