{"level":"info","ts":"2024-03-19T08:11:33.390Z","caller":"flags/flag.go:113","msg":"recognized and used environment variable","variable-name":"ETCD_ADVERTISE_CLIENT_URLS","variable-value":"http://0.0.0.0:2379"}
{"level":"info","ts":"2024-03-19T08:11:33.396Z","caller":"flags/flag.go:113","msg":"recognized and used environment variable","variable-name":"ETCD_AUTO_COMPACTION_RETENTION","variable-value":"1"}
{"level":"info","ts":"2024-03-19T08:11:33.396Z","caller":"flags/flag.go:113","msg":"recognized and used environment variable","variable-name":"ETCD_LISTEN_CLIENT_URLS","variable-value":"http://0.0.0.0:2379"}
{"level":"info","ts":"2024-03-19T08:11:33.397Z","caller":"etcdmain/etcd.go:73","msg":"Running: ","args":["/usr/local/bin/etcd"]}
{"level":"warn","ts":"2024-03-19T08:11:33.397Z","caller":"etcdmain/etcd.go:105","msg":"'data-dir' was empty; using default","data-dir":"default.etcd"}
{"level":"info","ts":"2024-03-19T08:11:33.397Z","caller":"embed/etcd.go:124","msg":"configuring peer listeners","listen-peer-urls":["http://localhost:2380"]}
{"level":"info","ts":"2024-03-19T08:11:33.493Z","caller":"embed/etcd.go:132","msg":"configuring client listeners","listen-client-urls":["http://0.0.0.0:2379"]}
{"level":"info","ts":"2024-03-19T08:11:33.493Z","caller":"embed/etcd.go:306","msg":"starting an etcd server","etcd-version":"3.5.7","git-sha":"215b53cf3","go-version":"go1.17.13","go-os":"linux","go-arch":"amd64","max-cpu-set":8,"max-cpu-available":8,"member-initialized":false,"name":"default","data-dir":"default.etcd","wal-dir":"","wal-dir-dedicated":"","member-dir":"default.etcd/member","force-new-cluster":false,"heartbeat-interval":"100ms","election-timeout":"1s","initial-election-tick-advance":true,"snapshot-count":100000,"max-wals":5,"max-snapshots":5,"snapshot-catchup-entries":5000,"initial-advertise-peer-urls":["http://localhost:2380"],"listen-peer-urls":["http://localhost:2380"],"advertise-client-urls":["http://0.0.0.0:2379"],"listen-client-urls":["http://0.0.0.0:2379"],"listen-metrics-urls":[],"cors":["*"],"host-whitelist":["*"],"initial-cluster":"default=http://localhost:2380","initial-cluster-state":"new","initial-cluster-token":"etcd-cluster","quota-backend-bytes":2147483648,"max-request-bytes":1572864,"max-concurrent-streams":4294967295,"pre-vote":true,"initial-corrupt-check":false,"corrupt-check-time-interval":"0s","compact-check-time-enabled":false,"compact-check-time-interval":"1m0s","auto-compaction-mode":"periodic","auto-compaction-retention":"1h0m0s","auto-compaction-interval":"1h0m0s","discovery-url":"","discovery-proxy":"","downgrade-check-interval":"5s"}
{"level":"info","ts":"2024-03-19T08:11:33.501Z","caller":"etcdserver/backend.go:81","msg":"opened backend db","path":"default.etcd/member/snap/db","took":"7.56279ms"}
{"level":"info","ts":"2024-03-19T08:11:33.596Z","caller":"etcdserver/raft.go:494","msg":"starting local member","local-member-id":"8e9e05c52164694d","cluster-id":"cdf818194e3a8c32"}
{"level":"info","ts":"2024-03-19T08:11:33.597Z","logger":"raft","caller":"etcdserver/zap_raft.go:77","msg":"8e9e05c52164694d switched to configuration voters=()"}
{"level":"info","ts":"2024-03-19T08:11:33.597Z","logger":"raft","caller":"etcdserver/zap_raft.go:77","msg":"8e9e05c52164694d became follower at term 0"}
{"level":"info","ts":"2024-03-19T08:11:33.597Z","logger":"raft","caller":"etcdserver/zap_raft.go:77","msg":"newRaft 8e9e05c52164694d [peers: [], term: 0, commit: 0, applied: 0, lastindex: 0, lastterm: 0]"}
{"level":"info","ts":"2024-03-19T08:11:33.597Z","logger":"raft","caller":"etcdserver/zap_raft.go:77","msg":"8e9e05c52164694d became follower at term 1"}
{"level":"info","ts":"2024-03-19T08:11:33.597Z","logger":"raft","caller":"etcdserver/zap_raft.go:77","msg":"8e9e05c52164694d switched to configuration voters=(10276657743932975437)"}
{"level":"warn","ts":"2024-03-19T08:11:33.598Z","caller":"auth/store.go:1234","msg":"simple token is not cryptographically signed"}
{"level":"info","ts":"2024-03-19T08:11:33.599Z","caller":"mvcc/kvstore.go:393","msg":"kvstore restored","current-rev":1}
{"level":"info","ts":"2024-03-19T08:11:33.599Z","caller":"etcdserver/quota.go:94","msg":"enabled backend quota with default value","quota-name":"v3-applier","quota-size-bytes":2147483648,"quota-size":"2.1 GB"}
{"level":"info","ts":"2024-03-19T08:11:33.600Z","caller":"etcdserver/server.go:854","msg":"starting etcd server","local-member-id":"8e9e05c52164694d","local-server-version":"3.5.7","cluster-version":"to_be_decided"}
{"level":"info","ts":"2024-03-19T08:11:33.600Z","caller":"etcdserver/server.go:738","msg":"started as single-node; fast-forwarding election ticks","local-member-id":"8e9e05c52164694d","forward-ticks":9,"forward-duration":"900ms","election-ticks":10,"election-timeout":"1s"}
{"level":"info","ts":"2024-03-19T08:11:33.600Z","caller":"fileutil/purge.go:44","msg":"started to purge file","dir":"default.etcd/member/snap","suffix":"snap.db","max":5,"interval":"30s"}
{"level":"info","ts":"2024-03-19T08:11:33.600Z","caller":"fileutil/purge.go:44","msg":"started to purge file","dir":"default.etcd/member/snap","suffix":"snap","max":5,"interval":"30s"}
{"level":"info","ts":"2024-03-19T08:11:33.600Z","caller":"fileutil/purge.go:44","msg":"started to purge file","dir":"default.etcd/member/wal","suffix":"wal","max":5,"interval":"30s"}
{"level":"info","ts":"2024-03-19T08:11:33.601Z","logger":"raft","caller":"etcdserver/zap_raft.go:77","msg":"8e9e05c52164694d switched to configuration voters=(10276657743932975437)"}
{"level":"info","ts":"2024-03-19T08:11:33.601Z","caller":"membership/cluster.go:421","msg":"added member","cluster-id":"cdf818194e3a8c32","local-member-id":"8e9e05c52164694d","added-peer-id":"8e9e05c52164694d","added-peer-peer-urls":["http://localhost:2380"]}
{"level":"info","ts":"2024-03-19T08:11:33.602Z","caller":"embed/etcd.go:586","msg":"serving peer traffic","address":"127.0.0.1:2380"}
{"level":"info","ts":"2024-03-19T08:11:33.602Z","caller":"embed/etcd.go:275","msg":"now serving peer/client/metrics","local-member-id":"8e9e05c52164694d","initial-advertise-peer-urls":["http://localhost:2380"],"listen-peer-urls":["http://localhost:2380"],"advertise-client-urls":["http://0.0.0.0:2379"],"listen-client-urls":["http://0.0.0.0:2379"],"listen-metrics-urls":[]}
{"level":"info","ts":"2024-03-19T08:11:33.603Z","caller":"embed/etcd.go:558","msg":"cmux::serve","address":"127.0.0.1:2380"}
{"level":"info","ts":"2024-03-19T08:11:33.897Z","logger":"raft","caller":"etcdserver/zap_raft.go:77","msg":"8e9e05c52164694d is starting a new election at term 1"}
{"level":"info","ts":"2024-03-19T08:11:33.898Z","logger":"raft","caller":"etcdserver/zap_raft.go:77","msg":"8e9e05c52164694d became pre-candidate at term 1"}
{"level":"info","ts":"2024-03-19T08:11:33.898Z","logger":"raft","caller":"etcdserver/zap_raft.go:77","msg":"8e9e05c52164694d received MsgPreVoteResp from 8e9e05c52164694d at term 1"}
{"level":"info","ts":"2024-03-19T08:11:33.898Z","logger":"raft","caller":"etcdserver/zap_raft.go:77","msg":"8e9e05c52164694d became candidate at term 2"}
{"level":"info","ts":"2024-03-19T08:11:33.898Z","logger":"raft","caller":"etcdserver/zap_raft.go:77","msg":"8e9e05c52164694d received MsgVoteResp from 8e9e05c52164694d at term 2"}
{"level":"info","ts":"2024-03-19T08:11:33.898Z","logger":"raft","caller":"etcdserver/zap_raft.go:77","msg":"8e9e05c52164694d became leader at term 2"}
{"level":"info","ts":"2024-03-19T08:11:33.898Z","logger":"raft","caller":"etcdserver/zap_raft.go:77","msg":"raft.node: 8e9e05c52164694d elected leader 8e9e05c52164694d at term 2"}
{"level":"info","ts":"2024-03-19T08:11:33.898Z","caller":"etcdserver/server.go:2062","msg":"published local member to cluster through raft","local-member-id":"8e9e05c52164694d","local-member-attributes":"{Name:default ClientURLs:[http://0.0.0.0:2379]}","request-path":"/0/members/8e9e05c52164694d/attributes","cluster-id":"cdf818194e3a8c32","publish-timeout":"7s"}
{"level":"info","ts":"2024-03-19T08:11:33.899Z","caller":"etcdserver/server.go:2571","msg":"setting up initial cluster version using v2 API","cluster-version":"3.5"}
{"level":"info","ts":"2024-03-19T08:11:33.899Z","caller":"embed/serve.go:100","msg":"ready to serve client requests"}
{"level":"info","ts":"2024-03-19T08:11:33.899Z","caller":"membership/cluster.go:584","msg":"set initial cluster version","cluster-id":"cdf818194e3a8c32","local-member-id":"8e9e05c52164694d","cluster-version":"3.5"}
{"level":"info","ts":"2024-03-19T08:11:33.900Z","caller":"api/capability.go:75","msg":"enabled capabilities for version","cluster-version":"3.5"}
{"level":"info","ts":"2024-03-19T08:11:33.900Z","caller":"etcdserver/server.go:2595","msg":"cluster version is updated","cluster-version":"3.5"}
{"level":"info","ts":"2024-03-19T08:11:33.900Z","caller":"embed/serve.go:146","msg":"serving client traffic insecurely; this is strongly discouraged!","address":"[::]:2379"}
{"level":"info","ts":"2024-03-19T08:11:33.900Z","caller":"etcdmain/main.go:44","msg":"notifying init daemon"}
{"level":"info","ts":"2024-03-19T08:11:33.900Z","caller":"etcdmain/main.go:50","msg":"successfully notified init daemon"}
{"level":"warn","ts":"2024-03-19T08:11:40.137Z","caller":"etcdserver/util.go:123","msg":"failed to apply request","took":"37.401µs","request":"header:<ID:7587877446201203975 > lease_revoke:<id:694d8b56106dba51>","response":"size:28","error":"lease not found"}
{"level":"info","ts":"2024-03-19T09:11:33.604Z","caller":"v3compactor/periodic.go:134","msg":"starting auto periodic compaction","revision":1,"compact-period":"1h0m0s"}
{"level":"info","ts":"2024-03-19T09:11:33.606Z","caller":"v3compactor/periodic.go:142","msg":"completed auto periodic compaction","revision":1,"compact-period":"1h0m0s","took":"1.581761ms"}
{"level":"info","ts":"2024-03-19T09:11:33.606Z","caller":"mvcc/index.go:214","msg":"compact tree index","revision":1}
{"level":"info","ts":"2024-03-19T09:11:33.606Z","caller":"mvcc/kvstore_compaction.go:66","msg":"finished scheduled compaction","compact-revision":1,"took":"23.701µs","hash":1084519789}
{"level":"info","ts":"2024-03-19T09:11:33.606Z","caller":"mvcc/hash.go:137","msg":"storing new hash","hash":1084519789,"revision":1,"compact-revision":-1}
{"level":"warn","ts":"2024-03-19T09:48:54.171Z","caller":"etcdserver/util.go:123","msg":"failed to apply request","took":"11.601µs","request":"header:<ID:7587877446201204277 > lease_revoke:<id:694d8e55c4055d71>","response":"size:28","error":"lease not found"}
{"level":"warn","ts":"2024-03-19T09:48:59.680Z","caller":"etcdserver/util.go:123","msg":"failed to apply request","took":"12.901µs","request":"header:<ID:7587877446201204287 > lease_revoke:<id:694d8e55c4055d12>","response":"size:28","error":"lease not found"}
{"level":"warn","ts":"2024-03-19T09:49:00.681Z","caller":"etcdserver/util.go:123","msg":"failed to apply request","took":"13.101µs","request":"header:<ID:7587877446201204300 > lease_revoke:<id:694d8e55c4055d29>","response":"size:28","error":"lease not found"}
{"level":"warn","ts":"2024-03-19T09:49:00.681Z","caller":"etcdserver/util.go:123","msg":"failed to apply request","took":"7.501µs","request":"header:<ID:7587877446201204302 > lease_revoke:<id:694d8e55c4055d27>","response":"size:28","error":"lease not found"}
{"level":"info","ts":"2024-03-19T10:11:33.612Z","caller":"v3compactor/periodic.go:134","msg":"starting auto periodic compaction","revision":48,"compact-period":"1h0m0s"}
{"level":"info","ts":"2024-03-19T10:11:33.613Z","caller":"v3compactor/periodic.go:142","msg":"completed auto periodic compaction","revision":48,"compact-period":"1h0m0s","took":"859.833µs"}
{"level":"info","ts":"2024-03-19T10:11:33.613Z","caller":"mvcc/index.go:214","msg":"compact tree index","revision":48}
{"level":"info","ts":"2024-03-19T10:11:33.613Z","caller":"mvcc/kvstore_compaction.go:66","msg":"finished scheduled compaction","compact-revision":48,"took":"41.702µs","hash":1631585678}
{"level":"info","ts":"2024-03-19T10:11:33.613Z","caller":"mvcc/hash.go:137","msg":"storing new hash","hash":1631585678,"revision":48,"compact-revision":1}
{"level":"info","ts":"2024-03-19T11:11:33.619Z","caller":"v3compactor/periodic.go:134","msg":"starting auto periodic compaction","revision":71,"compact-period":"1h0m0s"}
{"level":"info","ts":"2024-03-19T11:11:33.620Z","caller":"v3compactor/periodic.go:142","msg":"completed auto periodic compaction","revision":71,"compact-period":"1h0m0s","took":"920.636µs"}
{"level":"info","ts":"2024-03-19T11:11:33.620Z","caller":"mvcc/index.go:214","msg":"compact tree index","revision":71}
{"level":"info","ts":"2024-03-19T11:11:33.620Z","caller":"mvcc/kvstore_compaction.go:66","msg":"finished scheduled compaction","compact-revision":71,"took":"41.402µs","hash":345657213}
{"level":"info","ts":"2024-03-19T11:11:33.620Z","caller":"mvcc/hash.go:137","msg":"storing new hash","hash":345657213,"revision":71,"compact-revision":48}
{"level":"info","ts":"2024-03-19T12:11:33.624Z","caller":"v3compactor/periodic.go:134","msg":"starting auto periodic compaction","revision":101,"compact-period":"1h0m0s"}
{"level":"info","ts":"2024-03-19T12:11:33.625Z","caller":"v3compactor/periodic.go:142","msg":"completed auto periodic compaction","revision":101,"compact-period":"1h0m0s","took":"838.034µs"}
{"level":"info","ts":"2024-03-19T12:11:33.625Z","caller":"mvcc/index.go:214","msg":"compact tree index","revision":101}
{"level":"info","ts":"2024-03-19T12:11:33.625Z","caller":"mvcc/kvstore_compaction.go:66","msg":"finished scheduled compaction","compact-revision":101,"took":"41.302µs","hash":70732385}
{"level":"info","ts":"2024-03-19T12:11:33.625Z","caller":"mvcc/hash.go:137","msg":"storing new hash","hash":70732385,"revision":101,"compact-revision":71}
{"level":"info","ts":"2024-03-19T13:11:33.630Z","caller":"v3compactor/periodic.go:134","msg":"starting auto periodic compaction","revision":101,"compact-period":"1h0m0s"}
{"level":"info","ts":"2024-03-19T13:11:33.631Z","caller":"v3compactor/periodic.go:142","msg":"completed auto periodic compaction","revision":101,"compact-period":"1h0m0s","took":"429.617µs"}
{"level":"info","ts":"2024-03-19T14:11:33.636Z","caller":"v3compactor/periodic.go:134","msg":"starting auto periodic compaction","revision":101,"compact-period":"1h0m0s"}
{"level":"info","ts":"2024-03-19T14:11:33.637Z","caller":"v3compactor/periodic.go:142","msg":"completed auto periodic compaction","revision":101,"compact-period":"1h0m0s","took":"335.913µs"}
{"level":"info","ts":"2024-03-19T15:11:33.642Z","caller":"v3compactor/periodic.go:134","msg":"starting auto periodic compaction","revision":101,"compact-period":"1h0m0s"}
{"level":"info","ts":"2024-03-19T15:11:33.642Z","caller":"v3compactor/periodic.go:142","msg":"completed auto periodic compaction","revision":101,"compact-period":"1h0m0s","took":"422.516µs"}
{"level":"info","ts":"2024-03-19T16:11:33.647Z","caller":"v3compactor/periodic.go:134","msg":"starting auto periodic compaction","revision":101,"compact-period":"1h0m0s"}
{"level":"info","ts":"2024-03-19T16:11:33.647Z","caller":"v3compactor/periodic.go:142","msg":"completed auto periodic compaction","revision":101,"compact-period":"1h0m0s","took":"521.019µs"}
{"level":"info","ts":"2024-03-19T17:11:33.652Z","caller":"v3compactor/periodic.go:134","msg":"starting auto periodic compaction","revision":101,"compact-period":"1h0m0s"}
{"level":"info","ts":"2024-03-19T17:11:33.653Z","caller":"v3compactor/periodic.go:142","msg":"completed auto periodic compaction","revision":101,"compact-period":"1h0m0s","took":"432.316µs"}
{"level":"info","ts":"2024-03-19T18:11:33.658Z","caller":"v3compactor/periodic.go:134","msg":"starting auto periodic compaction","revision":101,"compact-period":"1h0m0s"}
{"level":"info","ts":"2024-03-19T18:11:33.659Z","caller":"v3compactor/periodic.go:142","msg":"completed auto periodic compaction","revision":101,"compact-period":"1h0m0s","took":"391.015µs"}
{"level":"info","ts":"2024-03-19T19:11:33.662Z","caller":"v3compactor/periodic.go:134","msg":"starting auto periodic compaction","revision":101,"compact-period":"1h0m0s"}
{"level":"info","ts":"2024-03-19T19:11:33.663Z","caller":"v3compactor/periodic.go:142","msg":"completed auto periodic compaction","revision":101,"compact-period":"1h0m0s","took":"405.515µs"}
{"level":"info","ts":"2024-03-19T20:11:33.670Z","caller":"v3compactor/periodic.go:134","msg":"starting auto periodic compaction","revision":101,"compact-period":"1h0m0s"}
{"level":"info","ts":"2024-03-19T20:11:33.671Z","caller":"v3compactor/periodic.go:142","msg":"completed auto periodic compaction","revision":101,"compact-period":"1h0m0s","took":"413.216µs"}
{"level":"info","ts":"2024-03-19T21:11:33.677Z","caller":"v3compactor/periodic.go:134","msg":"starting auto periodic compaction","revision":101,"compact-period":"1h0m0s"}
{"level":"info","ts":"2024-03-19T21:11:33.677Z","caller":"v3compactor/periodic.go:142","msg":"completed auto periodic compaction","revision":101,"compact-period":"1h0m0s","took":"421.716µs"}
{"level":"info","ts":"2024-03-19T22:11:33.682Z","caller":"v3compactor/periodic.go:134","msg":"starting auto periodic compaction","revision":101,"compact-period":"1h0m0s"}
{"level":"info","ts":"2024-03-19T22:11:33.683Z","caller":"v3compactor/periodic.go:142","msg":"completed auto periodic compaction","revision":101,"compact-period":"1h0m0s","took":"444.618µs"}
{"level":"info","ts":"2024-03-19T23:11:33.690Z","caller":"v3compactor/periodic.go:134","msg":"starting auto periodic compaction","revision":101,"compact-period":"1h0m0s"}
{"level":"info","ts":"2024-03-19T23:11:33.690Z","caller":"v3compactor/periodic.go:142","msg":"completed auto periodic compaction","revision":101,"compact-period":"1h0m0s","took":"442.717µs"}
{"level":"info","ts":"2024-03-20T00:11:33.695Z","caller":"v3compactor/periodic.go:134","msg":"starting auto periodic compaction","revision":101,"compact-period":"1h0m0s"}
{"level":"info","ts":"2024-03-20T00:11:33.695Z","caller":"v3compactor/periodic.go:142","msg":"completed auto periodic compaction","revision":101,"compact-period":"1h0m0s","took":"435.717µs"}
{"level":"info","ts":"2024-03-20T01:11:33.701Z","caller":"v3compactor/periodic.go:134","msg":"starting auto periodic compaction","revision":101,"compact-period":"1h0m0s"}
{"level":"info","ts":"2024-03-20T01:11:33.701Z","caller":"v3compactor/periodic.go:142","msg":"completed auto periodic compaction","revision":101,"compact-period":"1h0m0s","took":"411.616µs"}
{"level":"info","ts":"2024-03-20T02:11:33.708Z","caller":"v3compactor/periodic.go:134","msg":"starting auto periodic compaction","revision":101,"compact-period":"1h0m0s"}
{"level":"info","ts":"2024-03-20T02:11:33.708Z","caller":"v3compactor/periodic.go:142","msg":"completed auto periodic compaction","revision":101,"compact-period":"1h0m0s","took":"414.816µs"}
{"level":"info","ts":"2024-03-20T03:11:33.714Z","caller":"v3compactor/periodic.go:134","msg":"starting auto periodic compaction","revision":101,"compact-period":"1h0m0s"}
{"level":"info","ts":"2024-03-20T03:11:33.715Z","caller":"v3compactor/periodic.go:142","msg":"completed auto periodic compaction","revision":101,"compact-period":"1h0m0s","took":"417.017µs"}
{"level":"info","ts":"2024-03-20T04:11:33.721Z","caller":"v3compactor/periodic.go:134","msg":"starting auto periodic compaction","revision":101,"compact-period":"1h0m0s"}
{"level":"info","ts":"2024-03-20T04:11:33.722Z","caller":"v3compactor/periodic.go:142","msg":"completed auto periodic compaction","revision":101,"compact-period":"1h0m0s","took":"290.111µs"}
{"level":"info","ts":"2024-03-20T05:11:33.728Z","caller":"v3compactor/periodic.go:134","msg":"starting auto periodic compaction","revision":101,"compact-period":"1h0m0s"}
{"level":"info","ts":"2024-03-20T05:11:33.728Z","caller":"v3compactor/periodic.go:142","msg":"completed auto periodic compaction","revision":101,"compact-period":"1h0m0s","took":"409.816µs"}
{"level":"info","ts":"2024-03-20T06:11:33.734Z","caller":"v3compactor/periodic.go:134","msg":"starting auto periodic compaction","revision":101,"compact-period":"1h0m0s"}
{"level":"info","ts":"2024-03-20T06:11:33.734Z","caller":"v3compactor/periodic.go:142","msg":"completed auto periodic compaction","revision":101,"compact-period":"1h0m0s","took":"359.214µs"}
{"level":"info","ts":"2024-03-20T07:11:33.739Z","caller":"v3compactor/periodic.go:134","msg":"starting auto periodic compaction","revision":101,"compact-period":"1h0m0s"}
{"level":"info","ts":"2024-03-20T07:11:33.739Z","caller":"v3compactor/periodic.go:142","msg":"completed auto periodic compaction","revision":101,"compact-period":"1h0m0s","took":"454.418µs"}
{"level":"info","ts":"2024-03-20T08:11:33.745Z","caller":"v3compactor/periodic.go:134","msg":"starting auto periodic compaction","revision":101,"compact-period":"1h0m0s"}
{"level":"info","ts":"2024-03-20T08:11:33.746Z","caller":"v3compactor/periodic.go:142","msg":"completed auto periodic compaction","revision":101,"compact-period":"1h0m0s","took":"1.307451ms"}
{"level":"info","ts":"2024-03-20T09:11:33.750Z","caller":"v3compactor/periodic.go:134","msg":"starting auto periodic compaction","revision":101,"compact-period":"1h0m0s"}
{"level":"info","ts":"2024-03-20T09:11:33.751Z","caller":"v3compactor/periodic.go:142","msg":"completed auto periodic compaction","revision":101,"compact-period":"1h0m0s","took":"396.215µs"}
{"level":"info","ts":"2024-03-20T10:11:33.757Z","caller":"v3compactor/periodic.go:134","msg":"starting auto periodic compaction","revision":101,"compact-period":"1h0m0s"}
{"level":"info","ts":"2024-03-20T10:11:33.757Z","caller":"v3compactor/periodic.go:142","msg":"completed auto periodic compaction","revision":101,"compact-period":"1h0m0s","took":"408.015µs"}
{"level":"info","ts":"2024-03-20T11:11:33.762Z","caller":"v3compactor/periodic.go:134","msg":"starting auto periodic compaction","revision":101,"compact-period":"1h0m0s"}
{"level":"info","ts":"2024-03-20T11:11:33.763Z","caller":"v3compactor/periodic.go:142","msg":"completed auto periodic compaction","revision":101,"compact-period":"1h0m0s","took":"433.516µs"}
{"level":"info","ts":"2024-03-20T12:11:33.767Z","caller":"v3compactor/periodic.go:134","msg":"starting auto periodic compaction","revision":101,"compact-period":"1h0m0s"}
{"level":"info","ts":"2024-03-20T12:11:33.767Z","caller":"v3compactor/periodic.go:142","msg":"completed auto periodic compaction","revision":101,"compact-period":"1h0m0s","took":"397.715µs"}
{"level":"info","ts":"2024-03-20T13:11:33.775Z","caller":"v3compactor/periodic.go:134","msg":"starting auto periodic compaction","revision":101,"compact-period":"1h0m0s"}
{"level":"info","ts":"2024-03-20T13:11:33.775Z","caller":"v3compactor/periodic.go:142","msg":"completed auto periodic compaction","revision":101,"compact-period":"1h0m0s","took":"439.016µs"}
{"level":"info","ts":"2024-03-20T14:11:33.781Z","caller":"v3compactor/periodic.go:134","msg":"starting auto periodic compaction","revision":101,"compact-period":"1h0m0s"}
{"level":"info","ts":"2024-03-20T14:11:33.782Z","caller":"v3compactor/periodic.go:142","msg":"completed auto periodic compaction","revision":101,"compact-period":"1h0m0s","took":"405.116µs"}
{"level":"info","ts":"2024-03-20T15:11:33.788Z","caller":"v3compactor/periodic.go:134","msg":"starting auto periodic compaction","revision":101,"compact-period":"1h0m0s"}
{"level":"info","ts":"2024-03-20T15:11:33.788Z","caller":"v3compactor/periodic.go:142","msg":"completed auto periodic compaction","revision":101,"compact-period":"1h0m0s","took":"436.216µs"}
{"level":"info","ts":"2024-03-20T16:11:33.794Z","caller":"v3compactor/periodic.go:134","msg":"starting auto periodic compaction","revision":101,"compact-period":"1h0m0s"}
{"level":"info","ts":"2024-03-20T16:11:33.802Z","caller":"v3compactor/periodic.go:142","msg":"completed auto periodic compaction","revision":101,"compact-period":"1h0m0s","took":"7.271478ms"}
{"level":"info","ts":"2024-03-20T17:11:33.806Z","caller":"v3compactor/periodic.go:134","msg":"starting auto periodic compaction","revision":101,"compact-period":"1h0m0s"}
{"level":"info","ts":"2024-03-20T17:11:33.806Z","caller":"v3compactor/periodic.go:142","msg":"completed auto periodic compaction","revision":101,"compact-period":"1h0m0s","took":"465.418µs"}
{"level":"info","ts":"2024-03-20T18:11:33.812Z","caller":"v3compactor/periodic.go:134","msg":"starting auto periodic compaction","revision":101,"compact-period":"1h0m0s"}
{"level":"info","ts":"2024-03-20T18:11:33.812Z","caller":"v3compactor/periodic.go:142","msg":"completed auto periodic compaction","revision":101,"compact-period":"1h0m0s","took":"315.312µs"}
{"level":"info","ts":"2024-03-20T19:11:33.817Z","caller":"v3compactor/periodic.go:134","msg":"starting auto periodic compaction","revision":101,"compact-period":"1h0m0s"}
{"level":"info","ts":"2024-03-20T19:11:33.818Z","caller":"v3compactor/periodic.go:142","msg":"completed auto periodic compaction","revision":101,"compact-period":"1h0m0s","took":"325.213µs"}
{"level":"info","ts":"2024-03-20T20:11:33.886Z","caller":"v3compactor/periodic.go:134","msg":"starting auto periodic compaction","revision":101,"compact-period":"1h0m0s"}
{"level":"info","ts":"2024-03-20T20:11:33.886Z","caller":"v3compactor/periodic.go:142","msg":"completed auto periodic compaction","revision":101,"compact-period":"1h0m0s","took":"466.718µs"}
{"level":"info","ts":"2024-03-20T21:11:33.891Z","caller":"v3compactor/periodic.go:134","msg":"starting auto periodic compaction","revision":101,"compact-period":"1h0m0s"}
{"level":"info","ts":"2024-03-20T21:11:33.892Z","caller":"v3compactor/periodic.go:142","msg":"completed auto periodic compaction","revision":101,"compact-period":"1h0m0s","took":"453.616µs"}
{"level":"info","ts":"2024-03-20T22:11:33.899Z","caller":"v3compactor/periodic.go:134","msg":"starting auto periodic compaction","revision":101,"compact-period":"1h0m0s"}
{"level":"info","ts":"2024-03-20T22:11:33.899Z","caller":"v3compactor/periodic.go:142","msg":"completed auto periodic compaction","revision":101,"compact-period":"1h0m0s","took":"438.517µs"}
{"level":"info","ts":"2024-03-20T23:11:33.904Z","caller":"v3compactor/periodic.go:134","msg":"starting auto periodic compaction","revision":101,"compact-period":"1h0m0s"}
{"level":"info","ts":"2024-03-20T23:11:33.904Z","caller":"v3compactor/periodic.go:142","msg":"completed auto periodic compaction","revision":101,"compact-period":"1h0m0s","took":"435.117µs"}
{"level":"info","ts":"2024-03-21T00:11:33.911Z","caller":"v3compactor/periodic.go:134","msg":"starting auto periodic compaction","revision":101,"compact-period":"1h0m0s"}
{"level":"info","ts":"2024-03-21T00:11:33.911Z","caller":"v3compactor/periodic.go:142","msg":"completed auto periodic compaction","revision":101,"compact-period":"1h0m0s","took":"465.618µs"}
{"level":"info","ts":"2024-03-21T01:11:33.916Z","caller":"v3compactor/periodic.go:134","msg":"starting auto periodic compaction","revision":101,"compact-period":"1h0m0s"}
{"level":"info","ts":"2024-03-21T01:11:33.917Z","caller":"v3compactor/periodic.go:142","msg":"completed auto periodic compaction","revision":101,"compact-period":"1h0m0s","took":"361.314µs"}
{"level":"info","ts":"2024-03-21T02:11:33.924Z","caller":"v3compactor/periodic.go:134","msg":"starting auto periodic compaction","revision":101,"compact-period":"1h0m0s"}
{"level":"info","ts":"2024-03-21T02:11:33.924Z","caller":"v3compactor/periodic.go:142","msg":"completed auto periodic compaction","revision":101,"compact-period":"1h0m0s","took":"288.01µs"}
{"level":"info","ts":"2024-03-21T03:11:33.931Z","caller":"v3compactor/periodic.go:134","msg":"starting auto periodic compaction","revision":101,"compact-period":"1h0m0s"}
{"level":"info","ts":"2024-03-21T03:11:33.931Z","caller":"v3compactor/periodic.go:142","msg":"completed auto periodic compaction","revision":101,"compact-period":"1h0m0s","took":"351.813µs"}
{"level":"info","ts":"2024-03-21T04:11:33.938Z","caller":"v3compactor/periodic.go:134","msg":"starting auto periodic compaction","revision":101,"compact-period":"1h0m0s"}
{"level":"info","ts":"2024-03-21T04:11:33.938Z","caller":"v3compactor/periodic.go:142","msg":"completed auto periodic compaction","revision":101,"compact-period":"1h0m0s","took":"431.716µs"}
{"level":"info","ts":"2024-03-21T05:11:33.943Z","caller":"v3compactor/periodic.go:134","msg":"starting auto periodic compaction","revision":101,"compact-period":"1h0m0s"}
{"level":"info","ts":"2024-03-21T05:11:33.944Z","caller":"v3compactor/periodic.go:142","msg":"completed auto periodic compaction","revision":101,"compact-period":"1h0m0s","took":"421.516µs"}
{"level":"info","ts":"2024-03-21T06:11:33.950Z","caller":"v3compactor/periodic.go:134","msg":"starting auto periodic compaction","revision":101,"compact-period":"1h0m0s"}
{"level":"info","ts":"2024-03-21T06:11:33.951Z","caller":"v3compactor/periodic.go:142","msg":"completed auto periodic compaction","revision":101,"compact-period":"1h0m0s","took":"407.816µs"}
{"level":"info","ts":"2024-03-21T07:11:33.956Z","caller":"v3compactor/periodic.go:134","msg":"starting auto periodic compaction","revision":101,"compact-period":"1h0m0s"}
{"level":"info","ts":"2024-03-21T07:11:33.957Z","caller":"v3compactor/periodic.go:142","msg":"completed auto periodic compaction","revision":101,"compact-period":"1h0m0s","took":"389.816µs"}
{"level":"info","ts":"2024-03-21T08:11:33.962Z","caller":"v3compactor/periodic.go:134","msg":"starting auto periodic compaction","revision":101,"compact-period":"1h0m0s"}
{"level":"info","ts":"2024-03-21T08:11:33.962Z","caller":"v3compactor/periodic.go:142","msg":"completed auto periodic compaction","revision":101,"compact-period":"1h0m0s","took":"417.916µs"}
{"level":"info","ts":"2024-03-21T09:11:33.967Z","caller":"v3compactor/periodic.go:134","msg":"starting auto periodic compaction","revision":101,"compact-period":"1h0m0s"}
{"level":"info","ts":"2024-03-21T09:11:33.968Z","caller":"v3compactor/periodic.go:142","msg":"completed auto periodic compaction","revision":101,"compact-period":"1h0m0s","took":"468.618µs"}
{"level":"info","ts":"2024-03-21T10:11:33.975Z","caller":"v3compactor/periodic.go:134","msg":"starting auto periodic compaction","revision":101,"compact-period":"1h0m0s"}
{"level":"info","ts":"2024-03-21T10:11:33.976Z","caller":"v3compactor/periodic.go:142","msg":"completed auto periodic compaction","revision":101,"compact-period":"1h0m0s","took":"356.814µs"}
{"level":"info","ts":"2024-03-21T11:11:33.982Z","caller":"v3compactor/periodic.go:134","msg":"starting auto periodic compaction","revision":101,"compact-period":"1h0m0s"}
{"level":"info","ts":"2024-03-21T11:11:33.983Z","caller":"v3compactor/periodic.go:142","msg":"completed auto periodic compaction","revision":101,"compact-period":"1h0m0s","took":"429.316µs"}
{"level":"info","ts":"2024-03-21T12:11:33.988Z","caller":"v3compactor/periodic.go:134","msg":"starting auto periodic compaction","revision":101,"compact-period":"1h0m0s"}
{"level":"info","ts":"2024-03-21T12:11:33.989Z","caller":"v3compactor/periodic.go:142","msg":"completed auto periodic compaction","revision":101,"compact-period":"1h0m0s","took":"513.419µs"}
{"level":"info","ts":"2024-03-21T13:11:33.994Z","caller":"v3compactor/periodic.go:134","msg":"starting auto periodic compaction","revision":101,"compact-period":"1h0m0s"}
{"level":"info","ts":"2024-03-21T13:11:33.999Z","caller":"v3compactor/periodic.go:142","msg":"completed auto periodic compaction","revision":101,"compact-period":"1h0m0s","took":"4.642779ms"}
{"level":"info","ts":"2024-03-21T14:11:34.003Z","caller":"v3compactor/periodic.go:134","msg":"starting auto periodic compaction","revision":101,"compact-period":"1h0m0s"}
{"level":"info","ts":"2024-03-21T14:11:34.004Z","caller":"v3compactor/periodic.go:142","msg":"completed auto periodic compaction","revision":101,"compact-period":"1h0m0s","took":"346.814µs"}
{"level":"info","ts":"2024-03-21T15:11:34.008Z","caller":"v3compactor/periodic.go:134","msg":"starting auto periodic compaction","revision":101,"compact-period":"1h0m0s"}
{"level":"info","ts":"2024-03-21T15:11:34.009Z","caller":"v3compactor/periodic.go:142","msg":"completed auto periodic compaction","revision":101,"compact-period":"1h0m0s","took":"362.614µs"}
{"level":"info","ts":"2024-03-21T16:11:34.015Z","caller":"v3compactor/periodic.go:134","msg":"starting auto periodic compaction","revision":101,"compact-period":"1h0m0s"}
{"level":"info","ts":"2024-03-21T16:11:34.016Z","caller":"v3compactor/periodic.go:142","msg":"completed auto periodic compaction","revision":101,"compact-period":"1h0m0s","took":"416.516µs"}
{"level":"info","ts":"2024-03-21T17:11:34.022Z","caller":"v3compactor/periodic.go:134","msg":"starting auto periodic compaction","revision":101,"compact-period":"1h0m0s"}
{"level":"info","ts":"2024-03-21T17:11:34.022Z","caller":"v3compactor/periodic.go:142","msg":"completed auto periodic compaction","revision":101,"compact-period":"1h0m0s","took":"339.113µs"}
{"level":"info","ts":"2024-03-21T18:11:34.030Z","caller":"v3compactor/periodic.go:134","msg":"starting auto periodic compaction","revision":101,"compact-period":"1h0m0s"}
{"level":"info","ts":"2024-03-21T18:11:34.030Z","caller":"v3compactor/periodic.go:142","msg":"completed auto periodic compaction","revision":101,"compact-period":"1h0m0s","took":"419.717µs"}
{"level":"info","ts":"2024-03-21T19:11:34.037Z","caller":"v3compactor/periodic.go:134","msg":"starting auto periodic compaction","revision":101,"compact-period":"1h0m0s"}
{"level":"info","ts":"2024-03-21T19:11:34.037Z","caller":"v3compactor/periodic.go:142","msg":"completed auto periodic compaction","revision":101,"compact-period":"1h0m0s","took":"412.316µs"}
{"level":"info","ts":"2024-03-21T20:11:34.043Z","caller":"v3compactor/periodic.go:134","msg":"starting auto periodic compaction","revision":101,"compact-period":"1h0m0s"}
{"level":"info","ts":"2024-03-21T20:11:34.043Z","caller":"v3compactor/periodic.go:142","msg":"completed auto periodic compaction","revision":101,"compact-period":"1h0m0s","took":"321.513µs"}
{"level":"info","ts":"2024-03-21T21:11:34.049Z","caller":"v3compactor/periodic.go:134","msg":"starting auto periodic compaction","revision":101,"compact-period":"1h0m0s"}
{"level":"info","ts":"2024-03-21T21:11:34.049Z","caller":"v3compactor/periodic.go:142","msg":"completed auto periodic compaction","revision":101,"compact-period":"1h0m0s","took":"356.614µs"}
{"level":"info","ts":"2024-03-21T22:11:34.056Z","caller":"v3compactor/periodic.go:134","msg":"starting auto periodic compaction","revision":101,"compact-period":"1h0m0s"}
{"level":"info","ts":"2024-03-21T22:11:34.056Z","caller":"v3compactor/periodic.go:142","msg":"completed auto periodic compaction","revision":101,"compact-period":"1h0m0s","took":"358.513µs"}
{"level":"info","ts":"2024-03-21T23:11:34.063Z","caller":"v3compactor/periodic.go:134","msg":"starting auto periodic compaction","revision":101,"compact-period":"1h0m0s"}
{"level":"info","ts":"2024-03-21T23:11:34.063Z","caller":"v3compactor/periodic.go:142","msg":"completed auto periodic compaction","revision":101,"compact-period":"1h0m0s","took":"451.217µs"}
{"level":"info","ts":"2024-03-22T00:11:34.068Z","caller":"v3compactor/periodic.go:134","msg":"starting auto periodic compaction","revision":101,"compact-period":"1h0m0s"}
{"level":"info","ts":"2024-03-22T00:11:34.068Z","caller":"v3compactor/periodic.go:142","msg":"completed auto periodic compaction","revision":101,"compact-period":"1h0m0s","took":"415.416µs"}
{"level":"info","ts":"2024-03-22T01:11:34.074Z","caller":"v3compactor/periodic.go:134","msg":"starting auto periodic compaction","revision":101,"compact-period":"1h0m0s"}
{"level":"info","ts":"2024-03-22T01:11:34.074Z","caller":"v3compactor/periodic.go:142","msg":"completed auto periodic compaction","revision":101,"compact-period":"1h0m0s","took":"440.317µs"}
{"level":"info","ts":"2024-03-22T02:11:34.081Z","caller":"v3compactor/periodic.go:134","msg":"starting auto periodic compaction","revision":101,"compact-period":"1h0m0s"}
{"level":"info","ts":"2024-03-22T02:11:34.081Z","caller":"v3compactor/periodic.go:142","msg":"completed auto periodic compaction","revision":101,"compact-period":"1h0m0s","took":"402.015µs"}
{"level":"info","ts":"2024-03-22T03:11:34.086Z","caller":"v3compactor/periodic.go:134","msg":"starting auto periodic compaction","revision":101,"compact-period":"1h0m0s"}
{"level":"info","ts":"2024-03-22T03:11:34.086Z","caller":"v3compactor/periodic.go:142","msg":"completed auto periodic compaction","revision":101,"compact-period":"1h0m0s","took":"456.417µs"}
{"level":"info","ts":"2024-03-22T04:11:34.093Z","caller":"v3compactor/periodic.go:134","msg":"starting auto periodic compaction","revision":101,"compact-period":"1h0m0s"}
{"level":"info","ts":"2024-03-22T04:11:34.093Z","caller":"v3compactor/periodic.go:142","msg":"completed auto periodic compaction","revision":101,"compact-period":"1h0m0s","took":"365.914µs"}
{"level":"info","ts":"2024-03-22T05:11:34.098Z","caller":"v3compactor/periodic.go:134","msg":"starting auto periodic compaction","revision":101,"compact-period":"1h0m0s"}
{"level":"info","ts":"2024-03-22T05:11:34.098Z","caller":"v3compactor/periodic.go:142","msg":"completed auto periodic compaction","revision":101,"compact-period":"1h0m0s","took":"396.116µs"}
{"level":"info","ts":"2024-03-22T06:11:34.104Z","caller":"v3compactor/periodic.go:134","msg":"starting auto periodic compaction","revision":101,"compact-period":"1h0m0s"}
{"level":"info","ts":"2024-03-22T06:11:34.104Z","caller":"v3compactor/periodic.go:142","msg":"completed auto periodic compaction","revision":101,"compact-period":"1h0m0s","took":"408.116µs"}
