2023-08-31 06:15:26.625 [WISE.M+ Dataworker] start, appVer=2.00.24.01.20230831.1405, mplus_version=2.0.21, namespace=edge365, JRE version=1.8.0_302, Processors=2, maxMemory=3289M, totalMemory=61M, freeMemory=59M
2023-08-31 06:15:26.626 ===================java options=============== 
2023-08-31 06:15:26.627 [-XX:+UseContainerSupport, -XX:MaxRAMPercentage=80.0, -Xmx3700M]
2023-08-31 06:15:26.627 Files in this dir:
2023-08-31 06:15:26.627 file(0):./wise-mplus-worker.jar
2023-08-31 06:15:26.638 To Connect PostgreSql...
2023-08-31 06:15:26.640 Postgresql.Init...
2023-08-31 06:15:26.640 ------------------------- postgresql_service_name = postgresql
2023-08-31 06:15:32.001 Connect PostgreSql success
2023-08-31 06:15:32.026 To Connect MongoDB...
2023-08-31 06:15:32.031 ------------------------- mongodb_service_name = mongodb
SLF4J: Failed to load class "org.slf4j.impl.StaticLoggerBinder".
SLF4J: Defaulting to no-operation (NOP) logger implementation
SLF4J: See http://www.slf4j.org/codes.html#StaticLoggerBinder for further details.
2023-08-31 06:15:32.176 MongoDB: GetDatabase success
2023-08-31 06:15:32.177 MongoDB: mplus_version(2.0.21) is higher than 2.0, use multiple rawdata collections
2023-08-31 06:15:32.177 MongoDB: CreateCollectionsAndIndexes
2023-08-31 06:15:32.182 MongoDB: CreateCollectionsAndIndexes completed
2023-08-31 06:15:32.355 Connect and init MongoDB success
2023-08-31 06:15:32.355 Start create index for old rawdata collections
2023-08-31 06:15:32.355 Finished create index for old rawdata collections
2023-08-31 06:15:32.372 Redis: batch_write_count=500
2023-08-31 06:15:32.372 ------------------------- redis_service_name = redis
2023-08-31 06:15:32.372 Redis: destroy connection pool..
2023-08-31 06:15:32.462 Redis Init success
2023-08-31 06:15:32.462 Thread RedisFlushingExecutor_2 start, instIndex=2, InMemRtdataCount=0
2023-08-31 06:15:32.462 Thread RedisFlushingExecutor_1 start, instIndex=1, InMemRtdataCount=0
2023-08-31 06:15:32.462 Load all device infos
2023-08-31 06:15:32.475 Load all tag infos
2023-08-31 06:15:32.486 Close PostgreSql connection...
2023-08-31 06:15:32.487 PostgreSql Connection Closed
2023-08-31 06:15:32.488 Load all device cfgdata, update TagCfgInfo, device count in pgDevInfoList = 75, pgTotalTagCount=148
Redis.saveTagInfoList took 5082ms
2023-08-31 06:15:37.612 Load all device cfgdata: percent=1%, loaded count=1, freeMem=3271M
2023-08-31 06:15:37.945 Load runtime data for all devices and tags from Redis
2023-08-31 06:15:37.945 UpdateDevRuntimeDataFromRedis: DevCountInList=75
2023-08-31 06:15:37.953 Save all device and tag infos to Redis
2023-08-31 06:15:37.953 Redis.add: total number of devices = 75 and total number of tags = 148
2023-08-31 06:15:37.956 RedisFlushingExecutor_1(1)(false, false, false)
2023-08-31 06:15:37.956 RedisFlushingExecutor_1(1).run: FlushedCount=4, syncTimes=1, data count remain in dataQueue: 1 HashData
2023-08-31 06:15:37.956 RedisFlushingExecutor_2(2)(false, false, false)
2023-08-31 06:15:37.956 RedisFlushingExecutor_2(2) active log, FlushedCount=6, syncTimes=1
2023-08-31 06:15:37.980 Redis.add: Begin Update TagList, taglist number in devid_taglist_map = 44
2023-08-31 06:15:38.033 Begin Load CNCMsgRule
2023-08-31 06:15:38.034 Env_CNCMsgRule failed: no cnc rule configured
2023-08-31 06:15:38.035 ------------------------- rabbitmq_service_name = p-rabbitmq
2023-08-31 06:15:38.036 Mqtt: Begin Connect RabbitMQ
2023-08-31 06:15:38.186 Mqtt: Reset NotAckedMsgCounter..
Mqtt.Connect: broker=wise-msghub, prefetchCount=300
2023-08-31 06:15:38.387 ConnectRabbitMQ success, Waiting for messages, ConnectionTarget=Iothub
2023-08-31 06:15:38.387 ------------------------- nbiot_rabbitmq_service_name = null, use default service name
2023-08-31 06:15:38.387 Mqtt: Begin Connect Nbiot RabbitMQ
2023-08-31 06:15:38.387 Mqtt.ConnectRabbitMQ Err: service 'nbiot-rabbitmq' not exists in env
2023-08-31 06:15:38.389 Begin Connect Azure Iothub
2023-08-31 06:15:38.389 AzureIothub.close: closed
2023-08-31 06:15:38.389 PushMsgDataToWorkThread: NonDataThread is not ready, push a message to static buffer
2023-08-31 06:15:38.390 Read last sequence from Redis: PartitionId=0, LastSequence=1402
2023-08-31 06:15:38.390 Read last sequence from Redis: PartitionId=1, LastSequence=12563
2023-08-31 06:15:38.390 Read last sequence from Redis: PartitionId=2, LastSequence=27518
2023-08-31 06:15:38.390 Read last sequence from Redis: PartitionId=3, LastSequence=3142
2023-08-31 06:15:38.393 PushMsgDataToWorkThread: NonDataThread is not ready, push a message to static buffer
2023-08-31 06:15:38.393 PushMsgDataToWorkThread: NonDataThread is not ready, push a message to static buffer
2023-08-31 06:15:38.393 PushMsgDataToWorkThread: NonDataThread is not ready, push a message to static buffer
2023-08-31 06:15:38.394 PushMsgDataToWorkThread: NonDataThread is not ready, push a message to static buffer
2023-08-31 06:15:38.394 PushMsgDataToWorkThread: NonDataThread is not ready, push a message to static buffer
2023-08-31 06:15:44.051 AzureIothub init success
2023-08-31 06:15:44.054 Start DataThread: [DataThread_0]
2023-08-31 06:15:44.054 Start DataThread: [DataThread_1]
2023-08-31 06:15:44.054 Start DataThread: [DataThread_2]
2023-08-31 06:15:44.054 Start DataThread: [DataThread_3]
2023-08-31 06:15:44.054 Start DataThread: [DataThread_4]
2023-08-31 06:15:44.055 Start DataThread: [DataThread_5]
2023-08-31 06:15:44.055 Start DataThread: [DataThread_6]
2023-08-31 06:15:44.055 Start DataThread: [DataThread_7]
2023-08-31 06:15:44.055 Start DataThread: [DataThread_8]
2023-08-31 06:15:44.055 MongoDB.ChkDBThread...
2023-08-31 06:15:44.055 Start DataThread: [DataThread_9]
2023-08-31 06:15:44.055 Start NonDataMsgThread: [NonDataThread]
2023-08-31 06:15:44.056 NonDataThread: process a buffered message, broker=wise-msghub, deliveryTag=-1, msg={"from":"wise-mplus-evaluator"}
2023-08-31 06:15:44.056 NonDataThread: process a buffered message, broker=wise-msghub, deliveryTag=-1, msg={"from":"wise-mplus-evaluator"}
2023-08-31 06:15:44.056 NonDataThread: process a buffered message, broker=wise-msghub, deliveryTag=-1, msg={"from":"wise-mplus-evaluator"}
2023-08-31 06:15:44.056 NonDataThread: process a buffered message, broker=wise-msghub, deliveryTag=-1, msg={"from":"wise-mplus-evaluator"}
2023-08-31 06:15:44.056 NonDataThread: process a buffered message, broker=wise-msghub, deliveryTag=-1, msg={"from":"wise-mplus-evaluator"}
2023-08-31 06:15:44.056 NonDataThread: process a buffered message, broker=wise-msghub, deliveryTag=-1, msg={"from":"wise-mplus-evaluator"}
2023-08-31 06:15:44.056 Mongo. DBThread_0 started
2023-08-31 06:15:44.056 Mongo. DBThread_1 started
2023-08-31 06:15:44.056 Mongo. DBThread_2 started
2023-08-31 06:15:44.057 Mongo. DBThread_3 started
2023-08-31 06:15:44.057 Mongo. DBThread_4 started
2023-08-31 06:15:44.057 Mongo. DBThread_5 started
2023-08-31 06:15:44.057 Mongo. DBThread_6 started
2023-08-31 06:15:44.057 Mongo. DBThread_7 started
2023-08-31 06:15:44.057 Mongo. DBThread_8 started
2023-08-31 06:15:44.057 Mongo. DBThread_9 started
2023-08-31 06:15:44.057 Mongo. DBThread_10 started
2023-08-31 06:15:44.057 Mongo. DBThread_11 started
2023-08-31 06:15:44.064 Mongo. DBThread_14 started
2023-08-31 06:15:44.063 Mongo. DBThread_12 started
2023-08-31 06:15:44.063 Mongo. DBThread_13 started
2023-08-31 06:15:44.064 Mongo. DBThread_17 started
2023-08-31 06:15:44.065 Mongo. DBThread_18 started
2023-08-31 06:15:44.064 Mongo. DBThread_16 started
2023-08-31 06:15:44.064 Mongo. DBThread_15 started
2023-08-31 06:15:44.065 Mongo. DBThread_19 started
2023-08-31 06:15:44.065 Mongo. DBThread_20 started
2023-08-31 06:15:44.065 Mongo. DBThread_21 started
2023-08-31 06:15:44.066 Mongo. DBThread_22 started
2023-08-31 06:15:44.066 Mongo. DBThread_23 started
2023-08-31 06:15:44.066 Mongo. DBThread_24 started
2023-08-31 06:15:44.066 Mongo. DBThread_25 started
2023-08-31 06:15:44.066 Mongo. DBThread_26 started
2023-08-31 06:15:44.066 Mongo. DBThread_27 started
2023-08-31 06:15:44.066 Mongo. DBThread_28 started
2023-08-31 06:15:44.067 Mongo. DBThread_29 started
2023-08-31 06:15:44.067 Mongo. DBThread_30 started
2023-08-31 06:15:44.067 Mongo. DBThread_31 started
2023-08-31 06:15:44.068 Mongo.DBThreadForFutureData started
2023-08-31 06:15:44.068 Mongo.DBThreadForTmpdata started
2023-08-31 06:15:44.069 Start TimerThread thread: [TimerThread]
2023-08-31 06:15:44.071 --------Start fill data thread
2023-08-31 06:15:44.072 --------Start DailyTask thread
2023-08-31 06:15:44.123 --------End DailyTask thread
2023-08-31 06:15:44.124 --------End fill data thread, filled 31 tags
2023-08-31 06:15:54.062 DBThread-All: flushed data count = 0
2023-08-31 06:15:54.088 MongoDB.ChkDBThread...
2023-08-31 06:15:55.896 iothub msg_cnt: received 8 messages from iot-hub since last log time, Average=0/Second
2023-08-31 06:16:04.066 DBThread-All: flushed data count = 0
2023-08-31 06:16:04.102 MongoDB.ChkDBThread...
2023-08-31 06:16:05.903 iothub msg_cnt: received 1 messages from iot-hub since last log time, Average=0/Second
2023-08-31 06:16:14.071 DBThread-All: flushed data count = 0
2023-08-31 06:16:14.114 MongoDB.ChkDBThread...
2023-08-31 06:16:14.115 TimerThread active log:Ver=2.00.24.01.20230831.1405, MaxMem=3289M, TotalMem=131M, FreeMem=41M, devCntInMem=75, activeCnt=0 [0, 0]
    RabbitMQConnStatus=Connected, AzureIotConnStatus=Connected, tagCountInMem=5598, RedisConnCount=0, UnAckMqttMsgCount1=0, UnAckMqttMsgCount2=0
2023-08-31 06:16:15.911 iothub msg_cnt: received 1 messages from iot-hub since last log time, Average=0/Second
2023-08-31 06:16:24.073 DBThread-All: flushed data count = 0
2023-08-31 06:16:24.125 MongoDB.ChkDBThread...
2023-08-31 06:16:25.918 iothub msg_cnt: received 1 messages from iot-hub since last log time, Average=0/Second
2023-08-31 06:16:32.470 RedisFlushingExecutor_2(2) active log, no hashdata to write, no rtdata to write, no PreOp to retry
2023-08-31 06:16:32.471 RedisFlushingExecutor_1(1) active log, no hashdata to write, no rtdata to write, no PreOp to retry
2023-08-31 06:16:34.076 DBThread-All: flushed data count = 0
2023-08-31 06:16:34.135 MongoDB.ChkDBThread...
2023-08-31 06:16:35.925 iothub msg_cnt: received 1 messages from iot-hub since last log time, Average=0/Second
2023-08-31 06:16:44.077 DBThread-All: flushed data count = 0
2023-08-31 06:16:44.106 DBThreadForFutureData active log, dataEntry=null
2023-08-31 06:16:44.111 DBThreadForTmpdata active log, list count in queue = 0, tmpdataCount = 0
2023-08-31 06:16:44.145 MongoDB.ChkDBThread...
2023-08-31 06:16:44.145 TimerThread active log:Ver=2.00.24.01.20230831.1405, MaxMem=3289M, TotalMem=131M, FreeMem=37M, devCntInMem=75, activeCnt=0, tagval_cnt:0/s [0, 0]
    RabbitMQConnStatus=Connected, AzureIotConnStatus=Connected, tagCountInMem=5598, RedisConnCount=0, UnAckMqttMsgCount1=0, UnAckMqttMsgCount2=0
2023-08-31 06:16:44.145 TimerThread: AzureIothub last active time: 2023-08-31 06:16:19.344, total message received=2641
2023-08-31 06:16:45.933 iothub msg_cnt: received 1 messages from iot-hub since last log time, Average=0/Second
2023-08-31 06:16:54.079 DBThread-All: flushed data count = 0
2023-08-31 06:16:54.154 MongoDB.ChkDBThread...
2023-08-31 06:16:55.940 iothub msg_cnt: received 1 messages from iot-hub since last log time, Average=0/Second
2023-08-31 06:17:04.081 DBThread-All: flushed data count = 0
2023-08-31 06:17:04.164 MongoDB.ChkDBThread...
2023-08-31 06:17:05.947 iothub msg_cnt: received 1 messages from iot-hub since last log time, Average=0/Second
2023-08-31 06:17:14.086 DBThread-All: flushed data count = 0
2023-08-31 06:17:14.175 MongoDB.ChkDBThread...
2023-08-31 06:17:14.375 TimerThread active log:Ver=2.00.24.01.20230831.1405, MaxMem=3289M, TotalMem=131M, FreeMem=35M, devCntInMem=75, activeCnt=0, tagval_cnt:0/s [0, 0]
    RabbitMQConnStatus=Connected, AzureIotConnStatus=Connected, tagCountInMem=5598, RedisConnCount=0, UnAckMqttMsgCount1=0, UnAckMqttMsgCount2=0
2023-08-31 06:17:15.955 iothub msg_cnt: received 1 messages from iot-hub since last log time, Average=0/Second
2023-08-31 06:17:24.088 DBThread-All: flushed data count = 0
2023-08-31 06:17:24.185 MongoDB.ChkDBThread...
2023-08-31 06:17:25.962 iothub msg_cnt: received 1 messages from iot-hub since last log time, Average=0/Second
2023-08-31 06:17:27.832 MonDev Warning: device not found for edgeid = ALL
2023-08-31 06:17:32.471 RedisFlushingExecutor_2(2) active log, no hashdata to write, no rtdata to write, no PreOp to retry
2023-08-31 06:17:32.472 RedisFlushingExecutor_1(1) active log, no hashdata to write, no rtdata to write, no PreOp to retry
2023-08-31 06:17:34.094 DBThread-All: flushed data count = 0
2023-08-31 06:17:34.195 MongoDB.ChkDBThread...
2023-08-31 06:17:37.770 iothub msg_cnt: received 2 messages from iot-hub since last log time, Average=0/Second
2023-08-31 06:17:44.099 DBThread-All: flushed data count = 0
2023-08-31 06:17:44.149 DBThreadForFutureData active log, dataEntry=null
2023-08-31 06:17:44.150 DBThreadForTmpdata active log, list count in queue = 0, tmpdataCount = 0
2023-08-31 06:17:44.205 MongoDB.ChkDBThread...
2023-08-31 06:17:44.205 TimerThread: AzureIothub not active for 60 seconds, reconnect..
2023-08-31 06:17:44.205 Begin Connect Azure Iothub
2023-08-31 06:17:44.404 AzureIothub.close: closed
2023-08-31 06:17:47.780 iothub msg_cnt: received 1 messages from iot-hub since last log time, Average=0/Second
2023-08-31 06:17:49.489 AzureIothub init success
2023-08-31 06:17:49.589 TimerThread active log:Ver=2.00.24.01.20230831.1405, MaxMem=3289M, TotalMem=131M, FreeMem=25M, devCntInMem=75, activeCnt=0, tagval_cnt:0/s [0, 0]
    RabbitMQConnStatus=Connected, AzureIotConnStatus=Connected, tagCountInMem=5598, RedisConnCount=0, UnAckMqttMsgCount1=0, UnAckMqttMsgCount2=0
2023-08-31 06:17:54.100 DBThread-All: flushed data count = 0
2023-08-31 06:17:54.294 MongoDB.ChkDBThread...
2023-08-31 06:17:57.788 iothub msg_cnt: received 1 messages from iot-hub since last log time, Average=0/Second
2023-08-31 06:18:01.010 AzureIothub devMon: Message from deviceId=ALL, msgType=conn, msg={"ts":"2023-08-31T06:18:00Z","d":{"Con":1}}
2023-08-31 06:18:01.069 MongoDB: new rawdata collection created, name=dc_rawdata_20230831_16
2023-08-31 06:18:01.911 AzureIothub devMon: Message from deviceId=ALL, msgType=cfg, msg={"d":{"Action":4,"Scada":{"332b71b9-e619-4d9b-aab4-5c8de5bbfc4e":{"Name":"TEST-DEV","Hbt":0,"Type":2,"Device":{"IP001":{"Name":"IP001","Type":"Modicon","Tag":{"IP001:DEVICE_ERROR":{"Type":1,"Desc":"RS485 Comms Error AMI Meter 01","RO":0,"SH":1000,"SL":0},"IP001:M_UA":{"Type":1,"Desc":"Line 1 Voltage","RO":1,"SH":100,"SL":0},"IP001:M_UB":{"Type":1,"Desc":"Line 2 Voltage","RO":1,"SH":100,"SL":0},"IP001:M_UC":{"Type":1,"Desc":"Line 3 Voltage","RO":1,"SH":100,"SL":0},"IP001:M_HZ":{"Type":1,"Desc":"Frequency","RO":1,"SH":100,"SL":0},"IP001:M_PF":{"Type":1,"Desc":"Power Factor System","RO":1,"SH":100,"SL":0},"IP001:M_PFA":{"Type":1,"Desc":"Power Factor Line 1","RO":1,"SH":100,"SL":0},"IP001:M_PFB":{"Type":1,"Desc":"Power Factor Line 2","RO":1,"SH":100,"SL":0},"IP001:M_PFC":{"Type":1,"Desc":"Power Factor Line 3","RO":1,"SH":100,"SL":0},"IP001:M_CT":{"Type":1,"Desc":"CT Ratio","RO":0,"SH":100,"SL":0},"IP001:M_AP":{"Type":1,"Desc":"DB Active Power (Total)","RO":0,"SH":1000,"SL":0},"IP001:M_FAE":{"Type":1,"Desc":"Forward Active Energy (Import Energy)","RO":0,"SH":1000,"SL":0},"IP001:M_APA":{"Type":1,"Desc":"Line 1 POWER","RO":0,"SH":1000,"SL":0},"IP001:M_APB":{"Type":1,"Desc":"Line 2 POWER","RO":0,"SH":1000,"SL":0},"IP001:M_APC":{"Type":1,"Desc":"Line 3 POWER","RO":0,"SH":1000,"SL":0},"IP001:M_RAE":{"Type":1,"Desc":"Reverse Active Energy (Export Energy)","RO":0,"SH":1000,"SL":0},"IP001:M_RP":{"Type":1,"Desc":"Instantaneous reactive power","RO":0,"SH":1000,"SL":0},"IP001:M_IA":{"Type":1,"Desc":"Line 1 Current","RO":0,"SH":1000,"SL":0},"IP001:M_IB":{"Type":1,"Desc":"Line 2 Current","RO":0,"SH":1000,"SL":0},"IP001:M_IC":{"Type":1,"Desc":"Line 3 Current","RO":0,"SH":1000,"SL":0}}},"IN001":{"Name":"IN001","Type":"Modicon","Tag":{"IN001:DEVICE_ERROR":{"Type":1,"Desc":"RS485 Comms Error AMI Meter 01","RO":0,"SH":1000,"SL":0},"IN001:N_STATE1":{"Type":1,"Desc":"RunState","RO":1,"SH":1000,"SL":0},"IN001:N_STATE2":{"Type":1,"Desc":"Operating Status","RO":1,"SH":1000,"SL":0},"IN001:N_ALARM1":{"Type":1,"Desc":"Alarm1","RO":1,"SH":1000,"SL":0},"IN001:N_ALARM2":{"Type":1,"Desc":"Alarm2","RO":1,"SH":1000,"SL":0},"IN001:N_ALARM3":{"Type":1,"Desc":"Alarm3","RO":1,"SH":1000,"SL":0},"IN001:N_INDCV1":{"Type":1,"Desc":"String 1 PV1_Volt(V)","RO":1,"SH":1000,"SL":0},"IN001:N_INDA01":{"Type":1,"Desc":"String 1 PV1_Cur(A)","RO":1,"SH":1000,"SL":0},"IN001:N_INDCV2":{"Type":1,"Desc":"String 2 PV2_Volt(V)","RO":1,"SH":1000,"SL":0},"IN001:N_INDA02":{"Type":1,"Desc":"String 2 PV2_Cur(A)","RO":1,"SH":1000,"SL":0},"IN001:N_INDCV3":{"Type":1,"Desc":"String 3 PV3_Volt(V)","RO":1,"SH":1000,"SL":0},"IN001:N_INDA03":{"Type":1,"Desc":"String 3 PV3_Cur(A)","RO":1,"SH":1000,"SL":0},"IN001:N_INDCV4":{"Type":1,"Desc":"String 4 PV4_Volt(V)","RO":1,"SH":1000,"SL":0},"IN001:N_INDA04":{"Type":1,"Desc":"String 4 PV4_Cur(A)","RO":1,"SH":1000,"SL":0},"IN001:N_INDCV5":{"Type":1,"Desc":"String 5 PV5_Volt(V)","RO":1,"SH":1000,"SL":0},"IN001:N_INDA05":{"Type":1,"Desc":"String  5 PV5_Cur(A)","RO":1,"SH":1000,"SL":0},"IN001:N_INDCV6":{"Type":1,"Desc":"String 6 PV6_Volt(V)","RO":1,"SH":1000,"SL":0},"IN001:N_INDA06":{"Type":1,"Desc":"String 6 PV6_Cur(A)","RO":1,"SH":1000,"SL":0},"IN001:N_INDCV7":{"Type":1,"Desc":"String 7 PV7_Volt(V)","RO":1,"SH":1000,"SL":0},"IN001:N_INDA07":{"Type":1,"Desc":"String 7 PV7_Cur(A)","RO":1,"SH":1000,"SL":0},"IN001:N_INDCV8":{"Type":1,"Desc":"String 8 PV8_Volt(V)","RO":1,"SH":1000,"SL":0},"IN001:N_INDA08":{"Type":1,"Desc":"String 8 PV8_Cur(A)","RO":1,"SH":1000,"SL":0},"IN001:N_INDCV9":{"Type":1,"Desc":"String 9 PV9_Volt(V)","RO":1,"SH":1000,"SL":0},"IN001:N_INDA09":{"Type":1,"Desc":"String 9 PV9_Cur(A)","RO":1,"SH":1000,"SL":0},"IN001:N_INDCV10":{"Type":1,"Desc":"String 10 PV10_Volt(V)","RO":1,"SH":1000,"SL":0},"IN001:N_INDA10":{"Type":1,"Desc":"String 10 PV10_Cur(A)","RO":1,"SH":1000,"SL":0},"IN001:N_INDCV11":{"Type":1,"Desc":"String 11 PV11_Volt(V)","RO":1,"SH":1000,"SL":0},"IN001:N_INDA11":{"Type":1,"Desc":"String 11 PV11_Cur(A)","RO":1,"SH":1000,"SL":0},"IN001:N_INDCV12":{"Type":1,"Desc":"String 12 PV12_Volt(V)","RO":1,"SH":1000,"SL":0},"IN001:N_INDA12":{"Type":1,"Desc":"String 12 PV12_Cur(A)","RO":1,"SH":1000,"SL":0},"IN001:N_DCW":{"Type":1,"Desc":"Input Power","RO":1,"SH":1000,"SL":0},"IN001:N_PHVAB":{"Type":1,"Desc":"Line 1-2 Voltage UAB ","RO":1,"SH":1000,"SL":0},"IN001:N_PHVBC":{"Type":1,"Desc":"Line 2-3 Voltage  UBC","RO":1,"SH":1000,"SL":0},"IN001:N_PHVCA":{"Type":1,"Desc":"Line 1-3 Voltage UCA","RO":1,"SH":1000,"SL":0},"IN001:N_PHVPHA":{"Type":1,"Desc":"Line 1 Voltage UA","RO":1,"SH":1000,"SL":0},"IN001:N_PHVPHB":{"Type":1,"Desc":"Line 2 Voltage UB","RO":1,"SH":1000,"SL":0},"IN001:N_PHVPHC":{"Type":1,"Desc":"Line 3 Voltage UC","RO":1,"SH":1000,"SL":0},"IN001:N_APHA":{"Type":1,"Desc":"Line 1 Current  Ia(A)","RO":1,"SH":1000,"SL":0},"IN001:N_APHB":{"Type":1,"Desc":"Line 2 Current  Ib(A)","RO":1,"SH":1000,"SL":0},"IN001:N_APHC":{"Type":1,"Desc":"Line 3 Current  Ic(A)","RO":1,"SH":1000,"SL":0},"IN001:N_TPKW":{"Type":1,"Desc":"P_Peak_Today","RO":1,"SH":1000,"SL":0},"IN001:N_ACW":{"Type":1,"Desc":"Active Power P(kW)","RO":1,"SH":1000,"SL":0},"IN001:N_ACVAR":{"Type":1,"Desc":"Reactive Power Q(kVar)","RO":1,"SH":1000,"SL":0},"IN001:N_PF":{"Type":1,"Desc":"Power Factor","RO":1,"SH":1000,"SL":0},"IN001:N_ACHZ":{"Type":1,"Desc":"Line Frequency (Hz)","RO":1,"SH":1000,"SL":0},"IN001:N_DCEFFC":{"Type":1,"Desc":"DC Conversion Efficiency","RO":1,"SH":1000,"SL":0},"IN001:N_TMPCAB":{"Type":1,"Desc":"BoxTemp(degc)","RO":1,"SH":1000,"SL":0},"IN001:N_RIS":{"Type":1,"Desc":"Insulation Resistance","RO":1,"SH":1000,"SL":0},"IN001:N_DVSTAT":{"Type":1,"Desc":"Inverter Status","RO":1,"SH":1000,"SL":0},"IN001:N_FLTCODE":{"Type":1,"Desc":"Fault Code","RO":1,"SH":1000,"SL":0},"IN001:N_ACWH":{"Type":1,"Desc":"Total Yield (kWh)","RO":1,"SH":1000,"SL":0},"IN001:N_GRDCODE":{"Type":1,"Desc":"Grid Code","RO":0,"SH":1000,"SL":0},"IN001:N_MODEL":{"Type":1,"Desc":"Model ID","RO":1,"SH":1000,"SL":0},"IN001:N_SERNM1":{"Type":1,"Desc":"Serial Number Part 1","RO":1,"SH":1000,"SL":0},"IN001:N_SERNM2":{"Type":1,"Desc":"Serial Number Part 2","RO":1,"SH":1000,"SL":0},"IN001:N_SERNM3":{"Type":1,"Desc":"Serial Number Part 3","RO":1,"SH":1000,"SL":0},"IN001:N_SERNM4":{"Type":1,"Desc":"Serial Number Part 4","RO":1,"SH":1000,"SL":0},"IN001:N_SERNM5":{"Type":1,"Desc":"Serial Number Part 5","RO":1,"SH":1000,"SL":0},"IN001:N_APCTL1":{"Type":1,"Desc":"Power Control Direct (0-Pmax)","RO":0,"SH":1000,"SL":0},"IN001:N_APCTL2":{"Type":1,"Desc":"Power Control Percent  (0 to 100)","RO":0,"SH":1000,"SL":0},"IN001:N_START":{"Type":1,"Desc":"Start UP (Write only)","RO":0,"SH":1,"SL":0},"IN001:N_STOP":{"Type":1,"Desc":"ShutDown (Write Only)","RO":0,"SH":1000,"SL":0},"IN001:N_TIME":{"Type":1,"Desc":"System Time","RO":0,"SH":1000,"SL":0},"IN001:N_GMT":{"Type":1,"Desc":"Time Zone","RO":0,"SH":1000,"SL":0},"IN001:N_ACWHDA":{"Type":1,"Desc":"Dailly Yield (kWh)","RO":1,"SH":1000,"SL":0},"IN001:N_NUMSTR":{"Type":1,"Desc":"Number of Strings","RO":1,"SH":1000,"SL":0},"IN001:N_NUMMPPT":{"Type":1,"Desc":"Number of MPPTs","RO":1,"SH":1000,"SL":0},"IN001:N_PN":{"Type":1,"Desc":"Inverter Rated Power (Nominal)","RO":0,"SH":1000,"SL":0},"IN001:N_PMAX":{"Type":1,"Desc":"Inverter Maximum Power","RO":0,"SH":1000,"SL":0},"IN001:N_SMAX":{"Type":1,"Desc":"Inverter Maximum Apparent Power","RO":0,"SH":1000,"SL":0},"IN001:N_QMAX_D":{"Type":1,"Desc":"Inverter Maximum VAR Delivered","RO":0,"SH":1000,"SL":0},"IN001:N_QMAX_C":{"Type":1,"Desc":"Inverter Maximum VAR Consumed","RO":0,"SH":1000,"SL":0},"IN001:N_STATE3":{"Type":1,"Desc":"Bit 0 State Bit 1 Control  (0 OnGrid 1 OffGrid)","RO":1,"SH":1000,"SL":0}}},"IN002":{"Name":"IN002","Type":"Modicon","Tag":{"IN002:N_STATE1":{"Type":1,"Desc":"RunState","RO":1,"SH":1000,"SL":0},"IN002:N_STATE2":{"Type":1,"Desc":"Operating Status","RO":1,"SH":1000,"SL":0},"IN002:N_ALARM1":{"Type":1,"Desc":"Alarm1","RO":1,"SH":1000,"SL":0},"IN002:N_ALARM2":{"Type":1,"Desc":"Alarm2","RO":1,"SH":1000,"SL":0},"IN002:N_ALARM3":{"Type":1,"Desc":"Alarm3","RO":1,"SH":1000,"SL":0},"IN002:N_INDCV1":{"Type":1,"Desc":"String 1 PV1_Volt(V)","RO":1,"SH":1000,"SL":0},"IN002:N_INDA01":{"Type":1,"Desc":"String 1 PV1_Cur(A)","RO":1,"SH":1000,"SL":0},"IN002:N_INDCV2":{"Type":1,"Desc":"String 2 PV2_Volt(V)","RO":1,"SH":1000,"SL":0},"IN002:N_INDA02":{"Type":1,"Desc":"String 2 PV2_Cur(A)","RO":1,"SH":1000,"SL":0},"IN002:N_INDCV3":{"Type":1,"Desc":"String 3 PV3_Volt(V)","RO":1,"SH":1000,"SL":0},"IN002:N_INDA03":{"Type":1,"Desc":"String 3 PV3_Cur(A)","RO":1,"SH":1000,"SL":0},"IN002:N_INDCV4":{"Type":1,"Desc":"String 4 PV4_Volt(V)","RO":1,"SH":1000,"SL":0},"IN002:N_INDA04":{"Type":1,"Desc":"String 4 PV4_Cur(A)","RO":1,"SH":1000,"SL":0},"IN002:N_INDCV5":{"Type":1,"Desc":"String 5 PV5_Volt(V)","RO":1,"SH":1000,"SL":0},"IN002:N_INDA05":{"Type":1,"Desc":"String  5 PV5_Cur(A)","RO":1,"SH":1000,"SL":0},"IN002:N_INDCV6":{"Type":1,"Desc":"String 6 PV6_Volt(V)","RO":1,"SH":1000,"SL":0},"IN002:N_INDA06":{"Type":1,"Desc":"String 6 PV6_Cur(A)","RO":1,"SH":1000,"SL":0},"IN002:N_INDCV7":{"Type":1,"Desc":"String 7 PV7_Volt(V)","RO":1,"SH":1000,"SL":0},"IN002:N_INDA07":{"Type":1,"Desc":"String 7 PV7_Cur(A)","RO":1,"SH":1000,"SL":0},"IN002:N_INDCV8":{"Type":1,"Desc":"String 8 PV8_Volt(V)","RO":1,"SH":1000,"SL":0},"IN002:N_INDA08":{"Type":1,"Desc":"String 8 PV8_Cur(A)","RO":1,"SH":1000,"SL":0},"IN002:N_INDCV9":{"Type":1,"Desc":"String 9 PV9_Volt(V)","RO":1,"SH":1000,"SL":0},"IN002:N_INDA09":{"Type":1,"Desc":"String 9 PV9_Cur(A)","RO":1,"SH":1000,"SL":0},"IN002:N_INDCV10":{"Type":1,"Desc":"String 10 PV10_Volt(V)","RO":1,"SH":1000,"SL":0},"IN002:N_INDA10":{"Type":1,"Desc":"String 10 PV10_Cur(A)","RO":1,"SH":1000,"SL":0},"IN002:N_INDCV11":{"Type":1,"Desc":"String 11 PV11_Volt(V)","RO":1,"SH":1000,"SL":0},"IN002:N_INDA11":{"Type":1,"Desc":"String 11 PV11_Cur(A)","RO":1,"SH":1000,"SL":0},"IN002:N_INDCV12":{"Type":1,"Desc":"String 12 PV12_Volt(V)","RO":1,"SH":1000,"SL":0},"IN002:N_INDA12":{"Type":1,"Desc":"String 12 PV12_Cur(A)","RO":1,"SH":1000,"SL":0},"IN002:N_DCW":{"Type":1,"Desc":"Input Power","RO":1,"SH":1000,"SL":0},"IN002:N_PHVAB":{"Type":1,"Desc":"Line 1-2 Voltage UAB ","RO":1,"SH":1000,"SL":0},"IN002:N_PHVBC":{"Type":1,"Desc":"Line 2-3 Voltage  UBC","RO":1,"SH":1000,"SL":0},"IN002:N_PHVCA":{"Type":1,"Desc":"Line 1-3 Voltage UCA","RO":1,"SH":1000,"SL":0},"IN002:N_PHVPHA":{"Type":1,"Desc":"Line 1 Voltage UA","RO":1,"SH":1000,"SL":0},"IN002:N_PHVPHB":{"Type":1,"Desc":"Line 2 Voltage UB","RO":1,"SH":1000,"SL":0},"IN002:N_PHVPHC":{"Type":1,"Desc":"Line 3 Voltage UC","RO":1,"SH":1000,"SL":0},"IN002:N_APHA":{"Type":1,"Desc":"Line 1 Current  Ia(A)","RO":1,"SH":1000,"SL":0},"IN002:N_APHB":{"Type":1,"Desc":"Line 2 Current  Ib(A)","RO":1,"SH":1000,"SL":0},"IN002:N_APHC":{"Type":1,"Desc":"Line 3 Current  Ic(A)","RO":1,"SH":1000,"SL":0},"IN002:N_TPKW":{"Type":1,"Desc":"P_Peak_Today","RO":1,"SH":1000,"SL":0},"IN002:N_ACW":{"Type":1,"Desc":"Active Power P(kW)","RO":1,"SH":1000,"SL":0},"IN002:N_ACVAR":{"Type":1,"Desc":"Reactive Power Q(kVar)","RO":1,"SH":1000,"SL":0},"IN002:N_PF":{"Type":1,"Desc":"Power Factor","RO":1,"SH":1000,"SL":0},"IN002:N_ACHZ":{"Type":1,"Desc":"Line Frequency (Hz)","RO":1,"SH":1000,"SL":0},"IN002:N_DCEFFC":{"Type":1,"Desc":"DC Conversion Efficiency","RO":1,"SH":1000,"SL":0},"IN002:N_TMPCAB":{"Type":1,"Desc":"BoxTemp(degc)","RO":1,"SH":1000,"SL":0},"IN002:N_RIS":{"Type":1,"Desc":"Insulation Resistance","RO":1,"SH":1000,"SL":0},"IN002:N_DVSTAT":{"Type":1,"Desc":"Inverter Status","RO":1,"SH":1000,"SL":0},"IN002:N_FLTCODE":{"Type":1,"Desc":"Fault Code","RO":1,"SH":1000,"SL":0},"IN002:N_ACWH":{"Type":1,"Desc":"Total Yield (kWh)","RO":1,"SH":1000,"SL":0},"IN002:N_GRDCODE":{"Type":1,"Desc":"Grid Code","RO":0,"SH":1000,"SL":0},"IN002:N_MODEL":{"Type":1,"Desc":"Model ID","RO":1,"SH":1000,"SL":0},"IN002:N_SERNM1":{"Type":1,"Desc":"Serial Number Part 1","RO":1,"SH":1000,"SL":0},"IN002:N_SERNM2":{"Type":1,"Desc":"Serial Number Part 2","RO":1,"SH":1000,"SL":0},"IN002:N_SERNM3":{"Type":1,"Desc":"Serial Number Part 3","RO":1,"SH":1000,"SL":0},"IN002:N_SERNM4":{"Type":1,"Desc":"Serial Number Part 4","RO":1,"SH":1000,"SL":0},"IN002:N_SERNM5":{"Type":1,"Desc":"Serial Number Part 5","RO":1,"SH":1000,"SL":0},"IN002:N_APCTL1":{"Type":1,"Desc":"Power Control Direct (0-Pmax)","RO":0,"SH":1000,"SL":0},"IN002:N_APCTL2":{"Type":1,"Desc":"Power Control Percent  (0 to 100)","RO":0,"SH":1000,"SL":0},"IN002:N_START":{"Type":1,"Desc":"Start UP (Write only)","RO":0,"SH":1,"SL":0},"IN002:N_STOP":{"Type":1,"Desc":"ShutDown (Write Only)","RO":0,"SH":1000,"SL":0},"IN002:N_TIME":{"Type":1,"Desc":"System Time","RO":0,"SH":1000,"SL":0},"IN002:N_GMT":{"Type":1,"Desc":"Time Zone","RO":0,"SH":1000,"SL":0},"IN002:N_ACWHDA":{"Type":1,"Desc":"Dailly Yield (kWh)","RO":1,"SH":1000,"SL":0},"IN002:N_NUMSTR":{"Type":1,"Desc":"Number of Strings","RO":1,"SH":1000,"SL":0},"IN002:N_NUMMPPT":{"Type":1,"Desc":"Number of MPPTs","RO":1,"SH":1000,"SL":0},"IN002:N_PN":{"Type":1,"Desc":"Inverter Rated Power (Nominal)","RO":0,"SH":1000,"SL":0},"IN002:N_PMAX":{"Type":1,"Desc":"Inverter Maximum Power","RO":0,"SH":1000,"SL":0},"IN002:N_SMAX":{"Type":1,"Desc":"Inverter Maximum Apparent Power","RO":0,"SH":1000,"SL":0},"IN002:N_QMAX_D":{"Type":1,"Desc":"Inverter Maximum VAR Delivered","RO":0,"SH":1000,"SL":0},"IN002:N_QMAX_C":{"Type":1,"Desc":"Inverter Maximum VAR Consumed","RO":0,"SH":1000,"SL":0},"IN002:N_STATE3":{"Type":1,"Desc":"Bit 0 State Bit 1 Control  (0 OnGrid 1 OffGrid)","RO":1,"SH":1000,"SL":0}}},"IN003":{"Name":"IN003","Type":"Modicon","Tag":{"IN003:DEVICE_ERROR":{"Type":1,"Desc":"RS485 Comms Error AMI Meter 03","RO":0,"SH":1000,"SL":0},"IN003:N_STATE1":{"Type":1,"Desc":"RunState","RO":1,"SH":1000,"SL":0},"IN003:N_STATE2":{"Type":1,"Desc":"Operating Status","RO":1,"SH":1000,"SL":0},"IN003:N_ALARM1":{"Type":1,"Desc":"Alarm1","RO":1,"SH":1000,"SL":0},"IN003:N_ALARM2":{"Type":1,"Desc":"Alarm2","RO":1,"SH":1000,"SL":0},"IN003:N_ALARM3":{"Type":1,"Desc":"Alarm3","RO":1,"SH":1000,"SL":0},"IN003:N_INDCV1":{"Type":1,"Desc":"String 1 PV1_Volt(V)","RO":1,"SH":1000,"SL":0},"IN003:N_INDA01":{"Type":1,"Desc":"String 1 PV1_Cur(A)","RO":1,"SH":1000,"SL":0},"IN003:N_INDCV2":{"Type":1,"Desc":"String 2 PV2_Volt(V)","RO":1,"SH":1000,"SL":0},"IN003:N_INDA02":{"Type":1,"Desc":"String 2 PV2_Cur(A)","RO":1,"SH":1000,"SL":0},"IN003:N_INDCV3":{"Type":1,"Desc":"String 3 PV3_Volt(V)","RO":1,"SH":1000,"SL":0},"IN003:N_INDA03":{"Type":1,"Desc":"String 3 PV3_Cur(A)","RO":1,"SH":1000,"SL":0},"IN003:N_INDCV4":{"Type":1,"Desc":"String 4 PV4_Volt(V)","RO":1,"SH":1000,"SL":0},"IN003:N_INDA04":{"Type":1,"Desc":"String 4 PV4_Cur(A)","RO":1,"SH":1000,"SL":0},"IN003:N_INDCV5":{"Type":1,"Desc":"String 5 PV5_Volt(V)","RO":1,"SH":1000,"SL":0},"IN003:N_INDA05":{"Type":1,"Desc":"String  5 PV5_Cur(A)","RO":1,"SH":1000,"SL":0},"IN003:N_INDCV6":{"Type":1,"Desc":"String 6 PV6_Volt(V)","RO":1,"SH":1000,"SL":0},"IN003:N_INDA06":{"Type":1,"Desc":"String 6 PV6_Cur(A)","RO":1,"SH":1000,"SL":0},"IN003:N_INDCV7":{"Type":1,"Desc":"String 7 PV7_Volt(V)","RO":1,"SH":1000,"SL":0},"IN003:N_INDA07":{"Type":1,"Desc":"String 7 PV7_Cur(A)","RO":1,"SH":1000,"SL":0},"IN003:N_INDCV8":{"Type":1,"Desc":"String 8 PV8_Volt(V)","RO":1,"SH":1000,"SL":0},"IN003:N_INDA08":{"Type":1,"Desc":"String 8 PV8_Cur(A)","RO":1,"SH":1000,"SL":0},"IN003:N_INDCV9":{"Type":1,"Desc":"String 9 PV9_Volt(V)","RO":1,"SH":1000,"SL":0},"IN003:N_INDA09":{"Type":1,"Desc":"String 9 PV9_Cur(A)","RO":1,"SH":1000,"SL":0},"IN003:N_INDCV10":{"Type":1,"Desc":"String 10 PV10_Volt(V)","RO":1,"SH":1000,"SL":0},"IN003:N_INDA10":{"Type":1,"Desc":"String 10 PV10_Cur(A)","RO":1,"SH":1000,"SL":0},"IN003:N_INDCV11":{"Type":1,"Desc":"String 11 PV11_Volt(V)","RO":1,"SH":1000,"SL":0},"IN003:N_INDA11":{"Type":1,"Desc":"String 11 PV11_Cur(A)","RO":1,"SH":1000,"SL":0},"IN003:N_INDCV12":{"Type":1,"Desc":"String 12 PV12_Volt(V)","RO":1,"SH":1000,"SL":0},"IN003:N_INDA12":{"Type":1,"Desc":"String 12 PV12_Cur(A)","RO":1,"SH":1000,"SL":0},"IN003:N_DCW":{"Type":1,"Desc":"Input Power","RO":1,"SH":1000,"SL":0},"IN003:N_PHVAB":{"Type":1,"Desc":"Line 1-2 Voltage UAB ","RO":1,"SH":1000,"SL":0},"IN003:N_PHVBC":{"Type":1,"Desc":"Line 2-3 Voltage  UBC","RO":1,"SH":1000,"SL":0},"IN003:N_PHVCA":{"Type":1,"Desc":"Line 1-3 Voltage UCA","RO":1,"SH":1000,"SL":0},"IN003:N_PHVPHA":{"Type":1,"Desc":"Line 1 Voltage UA","RO":1,"SH":1000,"SL":0},"IN003:N_PHVPHB":{"Type":1,"Desc":"Line 2 Voltage UB","RO":1,"SH":1000,"SL":0},"IN003:N_PHVPHC":{"Type":1,"Desc":"Line 3 Voltage UC","RO":1,"SH":1000,"SL":0},"IN003:N_APHA":{"Type":1,"Desc":"Line 1 Current  Ia(A)","RO":1,"SH":1000,"SL":0},"IN003:N_APHB":{"Type":1,"Desc":"Line 2 Current  Ib(A)","RO":1,"SH":1000,"SL":0},"IN003:N_APHC":{"Type":1,"Desc":"Line 3 Current  Ic(A)","RO":1,"SH":1000,"SL":0},"IN003:N_TPKW":{"Type":1,"Desc":"P_Peak_Today","RO":1,"SH":1000,"SL":0},"IN003:N_ACW...ype":1,"Desc":"Active Power P(kW)","RO":1,"SH":1000,"SL":0},"IN003:N_ACVAR":{"Type":1,"Desc":"Reactive Power Q(kVar)","RO":1,"SH":1000,"SL":0},"IN003:N_PF":{"Type":1,"Desc":"Power Factor","RO":1,"SH":1000,"SL":0},"IN003:N_ACHZ":{"Type":1,"Desc":"Line Frequency (Hz)","RO":1,"SH":1000,"SL":0},"IN003:N_DCEFFC":{"Type":1,"Desc":"DC Conversion Efficiency","RO":1,"SH":1000,"SL":0},"IN003:N_TMPCAB":{"Type":1,"Desc":"BoxTemp(degc)","RO":1,"SH":1000,"SL":0},"IN003:N_RIS":{"Type":1,"Desc":"Insulation Resistance","RO":1,"SH":1000,"SL":0},"IN003:N_DVSTAT":{"Type":1,"Desc":"Inverter Status","RO":1,"SH":1000,"SL":0},"IN003:N_FLTCODE":{"Type":1,"Desc":"Fault Code","RO":1,"SH":1000,"SL":0},"IN003:N_ACWH":{"Type":1,"Desc":"Total Yield (kWh)","RO":1,"SH":1000,"SL":0},"IN003:N_GRDCODE":{"Type":1,"Desc":"Grid Code","RO":0,"SH":1000,"SL":0},"IN003:N_MODEL":{"Type":1,"Desc":"Model ID","RO":1,"SH":1000,"SL":0},"IN003:N_SERNM1":{"Type":1,"Desc":"Serial Number Part 1","RO":1,"SH":1000,"SL":0},"IN003:N_SERNM2":{"Type":1,"Desc":"Serial Number Part 2","RO":1,"SH":1000,"SL":0},"IN003:N_SERNM3":{"Type":1,"Desc":"Serial Number Part 3","RO":1,"SH":1000,"SL":0},"IN003:N_SERNM4":{"Type":1,"Desc":"Serial Number Part 4","RO":1,"SH":1000,"SL":0},"IN003:N_SERNM5":{"Type":1,"Desc":"Serial Number Part 5","RO":1,"SH":1000,"SL":0},"IN003:N_APCTL1":{"Type":1,"Desc":"Power Control Direct (0-Pmax)","RO":0,"SH":1000,"SL":0},"IN003:N_APCTL2":{"Type":1,"Desc":"Power Control Percent  (0 to 100)","RO":0,"SH":1000,"SL":0},"IN003:N_START":{"Type":1,"Desc":"Start UP (Write only)","RO":0,"SH":1,"SL":0},"IN003:N_STOP":{"Type":1,"Desc":"ShutDown (Write Only)","RO":0,"SH":1000,"SL":0},"IN003:N_TIME":{"Type":1,"Desc":"System Time","RO":0,"SH":1000,"SL":0},"IN003:N_GMT":{"Type":1,"Desc":"Time Zone","RO":0,"SH":1000,"SL":0},"IN003:N_ACWHDA":{"Type":1,"Desc":"Dailly Yield (kWh)","RO":1,"SH":1000,"SL":0},"IN003:N_NUMSTR":{"Type":1,"Desc":"Number of Strings","RO":1,"SH":1000,"SL":0},"IN003:N_NUMMPPT":{"Type":1,"Desc":"Number of MPPTs","RO":1,"SH":1000,"SL":0},"IN003:N_PN":{"Type":1,"Desc":"Inverter Rated Power (Nominal)","RO":0,"SH":1000,"SL":0},"IN003:N_PMAX":{"Type":1,"Desc":"Inverter Maximum Power","RO":0,"SH":1000,"SL":0},"IN003:N_SMAX":{"Type":1,"Desc":"Inverter Maximum Apparent Power","RO":0,"SH":1000,"SL":0},"IN003:N_QMAX_D":{"Type":1,"Desc":"Inverter Maximum VAR Delivered","RO":0,"SH":1000,"SL":0},"IN003:N_QMAX_C":{"Type":1,"Desc":"Inverter Maximum VAR Consumed","RO":0,"SH":1000,"SL":0},"IN003:N_STATE3":{"Type":1,"Desc":"Bit 0 State Bit 1 Control  (0 OnGrid 1 OffGrid)","RO":1,"SH":1000,"SL":0}}},"IN004":{"Name":"IN004","Type":"Modicon","Tag":{"IN004:DEVICE_ERROR":{"Type":1,"Desc":"RS485 Comms Error AMI Meter 04","RO":0,"SH":1000,"SL":0},"IN004:N_STATE1":{"Type":1,"Desc":"RunState","RO":1,"SH":1000,"SL":0},"IN004:N_STATE2":{"Type":1,"Desc":"Operating Status","RO":1,"SH":1000,"SL":0},"IN004:N_ALARM1":{"Type":1,"Desc":"Alarm1","RO":1,"SH":1000,"SL":0},"IN004:N_ALARM2":{"Type":1,"Desc":"Alarm2","RO":1,"SH":1000,"SL":0},"IN004:N_ALARM3":{"Type":1,"Desc":"Alarm3","RO":1,"SH":1000,"SL":0},"IN004:N_INDCV1":{"Type":1,"Desc":"String 1 PV1_Volt(V)","RO":1,"SH":1000,"SL":0},"IN004:N_INDA01":{"Type":1,"Desc":"String 1 PV1_Cur(A)","RO":1,"SH":1000,"SL":0},"IN004:N_INDCV2":{"Type":1,"Desc":"String 2 PV2_Volt(V)","RO":1,"SH":1000,"SL":0},"IN004:N_INDA02":{"Type":1,"Desc":"String 2 PV2_Cur(A)","RO":1,"SH":1000,"SL":0},"IN004:N_INDCV3":{"Type":1,"Desc":"String 3 PV3_Volt(V)","RO":1,"SH":1000,"SL":0},"IN004:N_INDA03":{"Type":1,"Desc":"String 3 PV3_Cur(A)","RO":1,"SH":1000,"SL":0},"IN004:N_INDCV4":{"Type":1,"Desc":"String 4 PV4_Volt(V)","RO":1,"SH":1000,"SL":0},"IN004:N_INDA04":{"Type":1,"Desc":"String 4 PV4_Cur(A)","RO":1,"SH":1000,"SL":0},"IN004:N_INDCV5":{"Type":1,"Desc":"String 5 PV5_Volt(V)","RO":1,"SH":1000,"SL":0},"IN004:N_INDA05":{"Type":1,"Desc":"String  5 PV5_Cur(A)","RO":1,"SH":1000,"SL":0},"IN004:N_INDCV6":{"Type":1,"Desc":"String 6 PV6_Volt(V)","RO":1,"SH":1000,"SL":0},"IN004:N_INDA06":{"Type":1,"Desc":"String 6 PV6_Cur(A)","RO":1,"SH":1000,"SL":0},"IN004:N_INDCV7":{"Type":1,"Desc":"String 7 PV7_Volt(V)","RO":1,"SH":1000,"SL":0},"IN004:N_INDA07":{"Type":1,"Desc":"String 7 PV7_Cur(A)","RO":1,"SH":1000,"SL":0},"IN004:N_INDCV8":{"Type":1,"Desc":"String 8 PV8_Volt(V)","RO":1,"SH":1000,"SL":0},"IN004:N_INDA08":{"Type":1,"Desc":"String 8 PV8_Cur(A)","RO":1,"SH":1000,"SL":0},"IN004:N_INDCV9":{"Type":1,"Desc":"String 9 PV9_Volt(V)","RO":1,"SH":1000,"SL":0},"IN004:N_INDA09":{"Type":1,"Desc":"String 9 PV9_Cur(A)","RO":1,"SH":1000,"SL":0},"IN004:N_INDCV10":{"Type":1,"Desc":"String 10 PV10_Volt(V)","RO":1,"SH":1000,"SL":0},"IN004:N_INDA10":{"Type":1,"Desc":"String 10 PV10_Cur(A)","RO":1,"SH":1000,"SL":0},"IN004:N_INDCV11":{"Type":1,"Desc":"String 11 PV11_Volt(V)","RO":1,"SH":1000,"SL":0},"IN004:N_INDA11":{"Type":1,"Desc":"String 11 PV11_Cur(A)","RO":1,"SH":1000,"SL":0},"IN004:N_INDCV12":{"Type":1,"Desc":"String 12 PV12_Volt(V)","RO":1,"SH":1000,"SL":0},"IN004:N_INDA12":{"Type":1,"Desc":"String 12 PV12_Cur(A)","RO":1,"SH":1000,"SL":0},"IN004:N_DCW":{"Type":1,"Desc":"Input Power","RO":1,"SH":1000,"SL":0},"IN004:N_PHVAB":{"Type":1,"Desc":"Line 1-2 Voltage UAB ","RO":1,"SH":1000,"SL":0},"IN004:N_PHVBC":{"Type":1,"Desc":"Line 2-3 Voltage  UBC","RO":1,"SH":1000,"SL":0},"IN004:N_PHVCA":{"Type":1,"Desc":"Line 1-3 Voltage UCA","RO":1,"SH":1000,"SL":0},"IN004:N_PHVPHA":{"Type":1,"Desc":"Line 1 Voltage UA","RO":1,"SH":1000,"SL":0},"IN004:N_PHVPHB":{"Type":1,"Desc":"Line 2 Voltage UB","RO":1,"SH":1000,"SL":0},"IN004:N_PHVPHC":{"Type":1,"Desc":"Line 3 Voltage UC","RO":1,"SH":1000,"SL":0},"IN004:N_APHA":{"Type":1,"Desc":"Line 1 Current  Ia(A)","RO":1,"SH":1000,"SL":0},"IN004:N_APHB":{"Type":1,"Desc":"Line 2 Current  Ib(A)","RO":1,"SH":1000,"SL":0},"IN004:N_APHC":{"Type":1,"Desc":"Line 3 Current  Ic(A)","RO":1,"SH":1000,"SL":0},"IN004:N_TPKW":{"Type":1,"Desc":"P_Peak_Today","RO":1,"SH":1000,"SL":0},"IN004:N_ACW":{"Type":1,"Desc":"Active Power P(kW)","RO":1,"SH":1000,"SL":0},"IN004:N_ACVAR":{"Type":1,"Desc":"Reactive Power Q(kVar)","RO":1,"SH":1000,"SL":0},"IN004:N_PF":{"Type":1,"Desc":"Power Factor","RO":1,"SH":1000,"SL":0},"IN004:N_ACHZ":{"Type":1,"Desc":"Line Frequency (Hz)","RO":1,"SH":1000,"SL":0},"IN004:N_DCEFFC":{"Type":1,"Desc":"DC Conversion Efficiency","RO":1,"SH":1000,"SL":0},"IN004:N_TMPCAB":{"Type":1,"Desc":"BoxTemp(degc)","RO":1,"SH":1000,"SL":0},"IN004:N_RIS":{"Type":1,"Desc":"Insulation Resistance","RO":1,"SH":1000,"SL":0},"IN004:N_DVSTAT":{"Type":1,"Desc":"Inverter Status","RO":1,"SH":1000,"SL":0},"IN004:N_FLTCODE":{"Type":1,"Desc":"Fault Code","RO":1,"SH":1000,"SL":0},"IN004:N_ACWH":{"Type":1,"Desc":"Total Yield (kWh)","RO":1,"SH":1000,"SL":0},"IN004:N_GRDCODE":{"Type":1,"Desc":"Grid Code","RO":0,"SH":1000,"SL":0},"IN004:N_MODEL":{"Type":1,"Desc":"Model ID","RO":1,"SH":1000,"SL":0},"IN004:N_SERNM1":{"Type":1,"Desc":"Serial Number Part 1","RO":1,"SH":1000,"SL":0},"IN004:N_SERNM2":{"Type":1,"Desc":"Serial Number Part 2","RO":1,"SH":1000,"SL":0},"IN004:N_SERNM3":{"Type":1,"Desc":"Serial Number Part 3","RO":1,"SH":1000,"SL":0},"IN004:N_SERNM4":{"Type":1,"Desc":"Serial Number Part 4","RO":1,"SH":1000,"SL":0},"IN004:N_SERNM5":{"Type":1,"Desc":"Serial Number Part 5","RO":1,"SH":1000,"SL":0},"IN004:N_APCTL1":{"Type":1,"Desc":"Power Control Direct (0-Pmax)","RO":0,"SH":1000,"SL":0},"IN004:N_APCTL2":{"Type":1,"Desc":"Power Control Percent  (0 to 100)","RO":0,"SH":1000,"SL":0},"IN004:N_START":{"Type":1,"Desc":"Start UP (Write only)","RO":0,"SH":1,"SL":0},"IN004:N_STOP":{"Type":1,"Desc":"ShutDown (Write Only)","RO":0,"SH":1000,"SL":0},"IN004:N_TIME":{"Type":1,"Desc":"System Time","RO":0,"SH":1000,"SL":0},"IN004:N_GMT":{"Type":1,"Desc":"Time Zone","RO":0,"SH":1000,"SL":0},"IN004:N_ACWHDA":{"Type":1,"Desc":"Dailly Yield (kWh)","RO":1,"SH":1000,"SL":0},"IN004:N_NUMSTR":{"Type":1,"Desc":"Number of Strings","RO":1,"SH":1000,"SL":0},"IN004:N_NUMMPPT":{"Type":1,"Desc":"Number of MPPTs","RO":1,"SH":1000,"SL":0},"IN004:N_PN":{"Type":1,"Desc":"Inverter Rated Power (Nominal)","RO":0,"SH":1000,"SL":0},"IN004:N_PMAX":{"Type":1,"Desc":"Inverter Maximum Power","RO":0,"SH":1000,"SL":0},"IN004:N_SMAX":{"Type":1,"Desc":"Inverter Maximum Apparent Power","RO":0,"SH":1000,"SL":0},"IN004:N_QMAX_D":{"Type":1,"Desc":"Inverter Maximum VAR Delivered","RO":0,"SH":1000,"SL":0},"IN004:N_QMAX_C":{"Type":1,"Desc":"Inverter Maximum VAR Consumed","RO":0,"SH":1000,"SL":0},"IN004:N_STATE3":{"Type":1,"Desc":"Bit 0 State Bit 1 Control  (0 OnGrid 1 OffGrid)","RO":1,"SH":1000,"SL":0}}},"IN005":{"Name":"IN005","Type":"Modicon","Tag":{"IN005:DEVICE_ERROR":{"Type":1,"Desc":"RS485 Comms Error AMI Meter 05","RO":0,"SH":1000,"SL":0},"IN005:N_STATE1":{"Type":1,"Desc":"RunState","RO":1,"SH":1000,"SL":0},"IN005:N_STATE2":{"Type":1,"Desc":"Operating Status","RO":1,"SH":1000,"SL":0},"IN005:N_ALARM1":{"Type":1,"Desc":"Alarm1","RO":1,"SH":1000,"SL":0},"IN005:N_ALARM2":{"Type":1,"Desc":"Alarm2","RO":1,"SH":1000,"SL":0},"IN005:N_ALARM3":{"Type":1,"Desc":"Alarm3","RO":1,"SH":1000,"SL":0},"IN005:N_INDCV1":{"Type":1,"Desc":"String 1 PV1_Volt(V)","RO":1,"SH":1000,"SL":0},"IN005:N_INDA01":{"Type":1,"Desc":"String 1 PV1_Cur(A)","RO":1,"SH":1000,"SL":0},"IN005:N_INDCV2":{"Type":1,"Desc":"String 2 PV2_Volt(V)","RO":1,"SH":1000,"SL":0},"IN005:N_INDA02":{"Type":1,"Desc":"String 2 PV2_Cur(A)","RO":1,"SH":1000,"SL":0},"IN005:N_INDCV3":{"Type":1,"Desc":"String 3 PV3_Volt(V)","RO":1,"SH":1000,"SL":0},"IN005:N_INDA03":{"Type":1,"Desc":"String 3 PV3_Cur(A)","RO":1,"SH":1000,"SL":0},"IN005:N_INDCV4":{"Type":1,"Desc":"String 4 PV4_Volt(V)","RO":1,"SH":1000,"SL":0},"IN005:N_INDA04":{"Type":1,"Desc":"String 4 PV4_Cur(A)","RO":1,"SH":1000,"SL":0},"IN005:N_INDCV5":{"Type":1,"Desc":"String 5 PV5_Volt(V)","RO":1,"SH":1000,"SL":0},"IN005:N_INDA05":{"Type":1,"Desc":"String  5 PV5_Cur(A)","RO":1,"SH":1000,"SL":0},"IN005:N_INDCV6":{"Type":1,"Desc":"String 6 PV6_Volt(V)","RO":1,"SH":1000,"SL":0},"IN005:N_INDA06":{"Type":1,"Desc":"String 6 PV6_Cur(A)","RO":1,"SH":1000,"SL":0},"IN005:N_INDCV7":{"Type":1,"Desc":"String 7 PV7_Volt(V)","RO":1,"SH":1000,"SL":0},"IN005:N_INDA07":{"Type":1,"Desc":"String 7 PV7_Cur(A)","RO":1,"SH":1000,"SL":0},"IN005:N_INDCV8":{"Type":1,"Desc":"String 8 PV8_Volt(V)","RO":1,"SH":1000,"SL":0},"IN005:N_INDA08":{"Type":1,"Desc":"String 8 PV8_Cur(A)","RO":1,"SH":1000,"SL":0},"IN005:N_INDCV9":{"Type":1,"Desc":"String 9 PV9_Volt(V)","RO":1,"SH":1000,"SL":0},"IN005:N_INDA09":{"Type":1,"Desc":"String 9 PV9_Cur(A)","RO":1,"SH":1000,"SL":0},"IN005:N_INDCV10":{"Type":1,"Desc":"String 10 PV10_Volt(V)","RO":1,"SH":1000,"SL":0},"IN005:N_INDA10":{"Type":1,"Desc":"String 10 PV10_Cur(A)","RO":1,"SH":1000,"SL":0},"IN005:N_INDCV11":{"Type":1,"Desc":"String 11 PV11_Volt(V)","RO":1,"SH":1000,"SL":0},"IN005:N_INDA11":{"Type":1,"Desc":"String 11 PV11_Cur(A)","RO":1,"SH":1000,"SL":0},"IN005:N_INDCV12":{"Type":1,"Desc":"String 12 PV12_Volt(V)","RO":1,"SH":1000,"SL":0},"IN005:N_INDA12":{"Type":1,"Desc":"String 12 PV12_Cur(A)","RO":1,"SH":1000,"SL":0},"IN005:N_DCW":{"Type":1,"Desc":"Input Power","RO":1,"SH":1000,"SL":0},"IN005:N_PHVAB":{"Type":1,"Desc":"Line 1-2 Voltage UAB ","RO":1,"SH":1000,"SL":0},"IN005:N_PHVBC":{"Type":1,"Desc":"Line 2-3 Voltage  UBC","RO":1,"SH":1000,"SL":0},"IN005:N_PHVCA":{"Type":1,"Desc":"Line 1-3 Voltage UCA","RO":1,"SH":1000,"SL":0},"IN005:N_PHVPHA":{"Type":1,"Desc":"Line 1 Voltage UA","RO":1,"SH":1000,"SL":0},"IN005:N_PHVPHB":{"Type":1,"Desc":"Line 2 Voltage UB","RO":1,"SH":1000,"SL":0},"IN005:N_PHVPHC":{"Type":1,"Desc":"Line 3 Voltage UC","RO":1,"SH":1000,"SL":0},"IN005:N_APHA":{"Type":1,"Desc":"Line 1 Current  Ia(A)","RO":1,"SH":1000,"SL":0},"IN005:N_APHB":{"Type":1,"Desc":"Line 2 Current  Ib(A)","RO":1,"SH":1000,"SL":0},"IN005:N_APHC":{"Type":1,"Desc":"Line 3 Current  Ic(A)","RO":1,"SH":1000,"SL":0},"IN005:N_TPKW":{"Type":1,"Desc":"P_Peak_Today","RO":1,"SH":1000,"SL":0},"IN005:N_ACW":{"Type":1,"Desc":"Active Power P(kW)","RO":1,"SH":1000,"SL":0},"IN005:N_ACVAR":{"Type":1,"Desc":"Reactive Power Q(kVar)","RO":1,"SH":1000,"SL":0},"IN005:N_PF":{"Type":1,"Desc":"Power Factor","RO":1,"SH":1000,"SL":0},"IN005:N_ACHZ":{"Type":1,"Desc":"Line Frequency (Hz)","RO":1,"SH":1000,"SL":0},"IN005:N_DCEFFC":{"Type":1,"Desc":"DC Conversion Efficiency","RO":1,"SH":1000,"SL":0},"IN005:N_TMPCAB":{"Type":1,"Desc":"BoxTemp(degc)","RO":1,"SH":1000,"SL":0},"IN005:N_RIS":{"Type":1,"Desc":"Insulation Resistance","RO":1,"SH":1000,"SL":0},"IN005:N_DVSTAT":{"Type":1,"Desc":"Inverter Status","RO":1,"SH":1000,"SL":0},"IN005:N_FLTCODE":{"Type":1,"Desc":"Fault Code","RO":1,"SH":1000,"SL":0},"IN005:N_ACWH":{"Type":1,"Desc":"Total Yield (kWh)","RO":1,"SH":1000,"SL":0},"IN005:N_GRDCODE":{"Type":1,"Desc":"Grid Code","RO":0,"SH":1000,"SL":0},"IN005:N_MODEL":{"Type":1,"Desc":"Model ID","RO":1,"SH":1000,"SL":0},"IN005:N_SERNM1":{"Type":1,"Desc":"Serial Number Part 1","RO":1,"SH":1000,"SL":0},"IN005:N_SERNM2":{"Type":1,"Desc":"Serial Number Part 2","RO":1,"SH":1000,"SL":0},"IN005:N_SERNM3":{"Type":1,"Desc":"Serial Number Part 3","RO":1,"SH":1000,"SL":0},"IN005:N_SERNM4":{"Type":1,"Desc":"Serial Number Part 4","RO":1,"SH":1000,"SL":0},"IN005:N_SERNM5":{"Type":1,"Desc":"Serial Number Part 5","RO":1,"SH":1000,"SL":0},"IN005:N_APCTL1":{"Type":1,"Desc":"Power Control Direct (0-Pmax)","RO":0,"SH":1000,"SL":0},"IN005:N_APCTL2":{"Type":1,"Desc":"Power Control Percent  (0 to 100)","RO":0,"SH":1000,"SL":0},"IN005:N_START":{"Type":1,"Desc":"Start UP (Write only)","RO":0,"SH":1,"SL":0},"IN005:N_STOP":{"Type":1,"Desc":"ShutDown (Write Only)","RO":0,"SH":1000,"SL":0},"IN005:N_TIME":{"Type":1,"Desc":"System Time","RO":0,"SH":1000,"SL":0},"IN005:N_GMT":{"Type":1,"Desc":"Time Zone","RO":0,"SH":1000,"SL":0},"IN005:N_ACWHDA":{"Type":1,"Desc":"Dailly Yield (kWh)","RO":1,"SH":1000,"SL":0},"IN005:N_NUMSTR":{"Type":1,"Desc":"Number of Strings","RO":1,"SH":1000,"SL":0},"IN005:N_NUMMPPT":{"Type":1,"Desc":"Number of MPPTs","RO":1,"SH":1000,"SL":0},"IN005:N_PN":{"Type":1,"Desc":"Inverter Rated Power (Nominal)","RO":0,"SH":1000,"SL":0},"IN005:N_PMAX":{"Type":1,"Desc":"Inverter Maximum Power","RO":0,"SH":1000,"SL":0},"IN005:N_SMAX":{"Type":1,"Desc":"Inverter Maximum Apparent Power","RO":0,"SH":1000,"SL":0},"IN005:N_QMAX_D":{"Type":1,"Desc":"Inverter Maximum VAR Delivered","RO":0,"SH":1000,"SL":0},"IN005:N_QMAX_C":{"Type":1,"Desc":"Inverter Maximum VAR Consumed","RO":0,"SH":1000,"SL":0},"IN005:N_STATE3":{"Type":1,"Desc":"Bit 0 State Bit 1 Control  (0 OnGrid 1 OffGrid)","RO":1,"SH":1000,"SL":0}}},"WS001":{"Name":"WS001","Type":"Modicon","Tag":{"WS001:DEVICE_ERROR":{"Type":1,"Desc":"RS485 Comms Error AMI Meter 05","RO":0,"SH":1000,"SL":0},"WS001:W_IRDSUM":{"Type":1,"Desc":"Instantaneous Irradiance","RO":0,"SH":9999999827968,"SL":0},"WS001:W_IRDTN":{"Type":1,"Desc":"Day Irradiation","RO":0,"SH":1000,"SL":0}}},"TEST-DEV":{"Name":"TEST-DEV","Type":"","Tag":{"MQTT_EDGE365_CONNECTED":{"Type":1,"Desc":"Connection Status to Edeg365","RO":0,"SH":1000,"SL":0},"MQTT_EOS_CONNECTED":{"Type":1,"Desc":"Connection Status to AIoT MQTT","RO":0,"SH":1000,"SL":0},"GEO_LAT":{"Type":1,"Desc":"GPS Latitude","RO":0,"SH":90,"SL":0},"GEO_LONG":{"Type":1,"Desc":"GPS Logitude","RO":0,"SH":180,"SL":-180},"GEO_ALT":{"Type":1,"Desc":"Altitude Above MSL","RO":0,"SH":8000,"SL":0},"GEO_X":{"Type":1,"Desc":"Cartesian X","RO":1,"SH":1000,"SL":0},"GEO_Y":{"Type":1,"Desc":"Cartesian Y","RO":0,"SH":1000,"SL":0},"GEO_Z":{"Type":1,"Desc":"Cartesian Z","RO":0,"SH":1000,"SL":0},"ECU_SERNUM":{"Type":1,"Desc":"ECU Serial No KMA 8406880","RO":0,"SH":99999997952,"SL":0},"POSTAL_CODE":{"Type":1,"Desc":"Postal Code","RO":0,"SH":1000,"SL":0},"BLOCK":{"Type":1,"Desc":"Full Address","RO":0,"SH":1000,"SL":0},"BLOCK_ID":{"Type":1,"Desc":"To identify multiple Loggers at on block.","RO":0,"SH":1000,"SL":0},"SIM_CARD_ID":{"Type":1,"Desc":"Physical Sim Card Number: 896503 012207 027224\\r\\nRecord SIM # \\r\\nRecord Private IP address","RO":0,"SH":1000,"SL":0},"SYS_UPTIME":{"Type":1,"Desc":"System Up Time","RO":0,"SH":1000,"SL":0},"SYS_CURRENT_TIME":{"Type":1,"Desc":"UTC Time","RO":0,"SH":1000,"SL":0},"MOBILE_IP":{"Type":1,"Desc":"IP Address","RO":0,"SH":1000,"SL":0},"MOBILE_SIGNAL_QUALITY":{"Type":1,"Desc":"RSSI MOBILE_SIGNAL_QUALITY","RO":0,"SH":1000,"SL":0},"MOBILE_CID":{"Type":1,"Desc":"Mobile Cell Tower","RO":0,"SH":1000,"SL":0},"MOBILE_IMEI":{"Type":1,"Desc":"IMEI","RO":0,"SH":1000,"SL":0},"MOBILE_IMSI":{"Type":1,"Desc":"SIM Card Number","RO":0,"SH":1000,"SL":0},"system:model":{"Type":3,"Desc":"Device Model","RO":1},"system:version":{"Type":3,"Desc":"EdgeLink Version","RO":1},"system:ip":{"Type":3,"Desc":"IP Address","RO":1},"system:name":{"Type":3,"Desc":"Host Name","RO":1},"os":{"Type":3,"Desc":"Operation System","RO":1},"os:arch":{"Type":3,"Desc":"CPU Architecture","RO":1},"os:release":{"Type":3,"Desc":"OS Release Version","RO":1},"os:version":{"Type":3,"Desc":"OS Build Version","RO":1}}}}}}},"ts":"2023-08-31T06:18:01Z"}
2023-08-31 06:18:01.968 NonDataThread: Received Ene cfg data of devid:240
2023-08-31 06:18:02.167 RedisFlushingExecutor_1(1)(false, false, false)
2023-08-31 06:18:02.167 RedisFlushingExecutor_1(1) active log, FlushedCount=89, syncTimes=7
2023-08-31 06:18:02.270 AzureIothub devMon: Message from deviceId=ALL, msgType=conn, msg={"d":{"Con":1},"ts":"2023-08-31T06:18:02Z"}
2023-08-31 06:18:02.422 AzureIothub devMon: Message from deviceId=ALL, msgType=data, msg={"d":{"TEST-DEV":{"system:model":"","system:version":"ECU-1252M Standard Edition image version 2.8.3 Beta Aug 17 2023\n","system:ip":"192.168.204.14","system:name":"ecu1252m-bdd6ac","os":"Linux","os:arch":"armv7l","os:release":"4.9.65-rt23-g7069a470d5","os:version":"#1 PREEMPT RT Thu Aug 17 05:59:59 UTC 2023"}},"ts":"2023-08-31T06:18:02Z"}
2023-08-31 06:18:02.431 RedisFlushingExecutor_2(2).run: FlushedCount=92, syncTimes=3, data count remain in dataQueue: 7 RtData
2023-08-31 06:18:02.540 AzureIothub devMon: Message from deviceId=ALL, msgType=conn, msg={"d":{"Dev":{"IN001":1,"IN002":1,"IN003":1,"IN004":1,"IN005":1,"IP001":1,"TEST-DEV":1,"WS001":1}},"ts":"2023-08-31T06:18:02Z"}
2023-08-31 06:18:02.671 AzureIothub devMon: Message from deviceId=ALL, msgType=data, msg={"d":{"IP001":{"IP001:DEVICE_ERROR":0.00,"IP001:M_UA":0.00,"IP001:M_UB":0.00,"IP001:M_UC":0.00,"IP001:M_HZ":0.00,"IP001:M_PF":0.00,"IP001:M_PFA":0.00,"IP001:M_PFB":0.00,"IP001:M_PFC":0.00,"IP001:M_CT":0.00,"IP001:M_AP":0.00,"IP001:M_FAE":0.00,"IP001:M_APA":0.00,"IP001:M_APB":0.00,"IP001:M_APC":0.00,"IP001:M_RAE":0.00,"IP001:M_RP":0.00,"IP001:M_IA":0.00,"IP001:M_IB":0.00,"IP001:M_IC":0.00},"IN001":{"IN001:DEVICE_ERROR":0.00,"IN001:N_STATE1":0.00,"IN001:N_STATE2":0.00,"IN001:N_ALARM1":0.00,"IN001:N_ALARM2":0.00,"IN001:N_ALARM3":0.00,"IN001:N_INDCV1":0.00,"IN001:N_INDA01":0.00,"IN001:N_INDCV2":0.00,"IN001:N_INDA02":0.00,"IN001:N_INDCV3":0.00,"IN001:N_INDA03":0.00,"IN001:N_INDCV4":0.00,"IN001:N_INDA04":0.00,"IN001:N_INDCV5":0.00,"IN001:N_INDA05":0.00,"IN001:N_INDCV6":0.00,"IN001:N_INDA06":0.00,"IN001:N_INDCV7":0.00,"IN001:N_INDA07":0.00,"IN001:N_INDCV8":0.00,"IN001:N_INDA08":0.00,"IN001:N_INDCV9":0.00,"IN001:N_INDA09":0.00,"IN001:N_INDCV10":0.00,"IN001:N_INDA10":0.00,"IN001:N_INDCV11":0.00,"IN001:N_INDA11":0.00,"IN001:N_INDCV12":0.00,"IN001:N_INDA12":0.00,"IN001:N_DCW":0.00,"IN001:N_PHVAB":0.00,"IN001:N_PHVBC":0.00,"IN001:N_PHVCA":0.00,"IN001:N_PHVPHA":0.00,"IN001:N_PHVPHB":0.00,"IN001:N_PHVPHC":0.00,"IN001:N_APHA":0.00,"IN001:N_APHB":0.00,"IN001:N_APHC":0.00,"IN001:N_TPKW":0.00,"IN001:N_ACW":0.00,"IN001:N_ACVAR":0.00,"IN001:N_PF":0.00,"IN001:N_ACHZ":0.00,"IN001:N_DCEFFC":0.00,"IN001:N_TMPCAB":0.00,"IN001:N_RIS":0.00,"IN001:N_DVSTAT":0.00,"IN001:N_FLTCODE":0.00,"IN001:N_ACWH":0.00,"IN001:N_GRDCODE":0.00,"IN001:N_MODEL":0.00,"IN001:N_SERNM1":0.00,"IN001:N_SERNM2":0.00,"IN001:N_SERNM3":0.00,"IN001:N_SERNM4":0.00,"IN001:N_SERNM5":0.00,"IN001:N_APCTL1":0.00,"IN001:N_APCTL2":0.00,"IN001:N_START":0.00,"IN001:N_STOP":0.00,"IN001:N_TIME":0.00,"IN001:N_GMT":0.00,"IN001:N_ACWHDA":0.00,"IN001:N_NUMSTR":0.00,"IN001:N_NUMMPPT":0.00,"IN001:N_PN":0.00,"IN001:N_PMAX":0.00,"IN001:N_SMAX":0.00,"IN001:N_QMAX_D":0.00,"IN001:N_QMAX_C":0.00,"IN001:N_STATE3":0.00},"IN002":{"IN002:N_STATE1":0.00,"IN002:N_STATE2":0.00,"IN002:N_ALARM1":0.00,"IN002:N_ALARM2":0.00,"IN002:N_ALARM3":0.00,"IN002:N_INDCV1":0.00,"IN002:N_INDA01":0.00,"IN002:N_INDCV2":0.00,"IN002:N_INDA02":0.00,"IN002:N_INDCV3":0.00,"IN002:N_INDA03":0.00,"IN002:N_INDCV4":0.00,"IN002:N_INDA04":0.00,"IN002:N_INDCV5":0.00,"IN002:N_INDA05":0.00,"IN002:N_INDCV6":0.00,"IN002:N_INDA06":0.00,"IN002:N_INDCV7":0.00,"IN002:N_INDA07":0.00,"IN002:N_INDCV8":0.00,"IN002:N_INDA08":0.00,"IN002:N_INDCV9":0.00,"IN002:N_INDA09":0.00,"IN002:N_INDCV10":0.00,"IN002:N_INDA10":0.00,"IN002:N_INDCV11":0.00,"IN002:N_INDA11":0.00,"IN002:N_INDCV12":0.00,"IN002:N_INDA12":0.00,"IN002:N_DCW":0.00,"IN002:N_PHVAB":0.00,"IN002:N_PHVBC":0.00,"IN002:N_PHVCA":0.00,"IN002:N_PHVPHA":0.00,"IN002:N_PHVPHB":0.00,"IN002:N_PHVPHC":0.00,"IN002:N_APHA":0.00,"IN002:N_APHB":0.00,"IN002:N_APHC":0.00,"IN002:N_TPKW":0.00,"IN002:N_ACW":0.00,"IN002:N_ACVAR":0.00,"IN002:N_PF":0.00,"IN002:N_ACHZ":0.00,"IN002:N_DCEFFC":0.00,"IN002:N_TMPCAB":0.00,"IN002:N_RIS":0.00,"IN002:N_DVSTAT":0.00,"IN002:N_FLTCODE":0.00,"IN002:N_ACWH":0.00,"IN002:N_GRDCODE":0.00,"IN002:N_MODEL":0.00,"IN002:N_SERNM1":0.00,"IN002:N_SERNM2":0.00,"IN002:N_SERNM3":0.00,"IN002:N_SERNM4":0.00,"IN002:N_SERNM5":0.00,"IN002:N_APCTL1":0.00,"IN002:N_APCTL2":0.00,"IN002:N_START":0.00,"IN002:N_STOP":0.00,"IN002:N_TIME":0.00,"IN002:N_GMT":0.00,"IN002:N_ACWHDA":0.00,"IN002:N_NUMSTR":0.00,"IN002:N_NUMMPPT":0.00,"IN002:N_PN":0.00,"IN002:N_PMAX":0.00,"IN002:N_SMAX":0.00,"IN002:N_QMAX_D":0.00,"IN002:N_QMAX_C":0.00,"IN002:N_STATE3":0.00},"IN003":{"IN003:DEVICE_ERROR":0.00,"IN003:N_STATE1":0.00,"IN003:N_STATE2":0.00,"IN003:N_ALARM1":0.00,"IN003:N_ALARM2":0.00,"IN003:N_ALARM3":0.00,"IN003:N_INDCV1":0.00,"IN003:N_INDA01":0.00,"IN003:N_INDCV2":0.00,"IN003:N_INDA02":0.00,"IN003:N_INDCV3":0.00,"IN003:N_INDA03":0.00,"IN003:N_INDCV4":0.00,"IN003:N_INDA04":0.00,"IN003:N_INDCV5":0.00,"IN003:N_INDA05":0.00,"IN003:N_INDCV6":0.00,"IN003:N_INDA06":0.00,"IN003:N_INDCV7":0.00,"IN003:N_INDA07":0.00,"IN003:N_INDCV8":0.00,"IN003:N_INDA08":0.00,"IN003:N_INDCV9":0.00,"IN003:N_INDA09":0.00,"IN003:N_INDCV10":0.00,"IN003:N_INDA10":0.00,"IN003:N_INDCV11":0.00,"IN003:N_INDA11":0.00,"IN003:N_INDCV12":0.00,"IN003:N_INDA12":0.00,"IN003:N_DCW":0.00,"IN003:N_PHVAB":0.00,"IN003:N_PHVBC":0.00,"IN003:N_PHVCA":0.00,"IN003:N_PHVPHA":0.00,"IN003:N_PHVPHB":0.00,"IN003:N_PHVPHC"...0,"IN003:N_APHA":0.00,"IN003:N_APHB":0.00,"IN003:N_APHC":0.00,"IN003:N_TPKW":0.00,"IN003:N_ACW":0.00,"IN003:N_ACVAR":0.00,"IN003:N_PF":0.00,"IN003:N_ACHZ":0.00,"IN003:N_DCEFFC":0.00,"IN003:N_TMPCAB":0.00,"IN003:N_RIS":0.00,"IN003:N_DVSTAT":0.00,"IN003:N_FLTCODE":0.00,"IN003:N_ACWH":0.00,"IN003:N_GRDCODE":0.00,"IN003:N_MODEL":0.00,"IN003:N_SERNM1":0.00,"IN003:N_SERNM2":0.00,"IN003:N_SERNM3":0.00,"IN003:N_SERNM4":0.00,"IN003:N_SERNM5":0.00,"IN003:N_APCTL1":0.00,"IN003:N_APCTL2":0.00,"IN003:N_START":0.00,"IN003:N_STOP":0.00,"IN003:N_TIME":0.00,"IN003:N_GMT":0.00,"IN003:N_ACWHDA":0.00,"IN003:N_NUMSTR":0.00,"IN003:N_NUMMPPT":0.00,"IN003:N_PN":0.00,"IN003:N_PMAX":0.00,"IN003:N_SMAX":0.00,"IN003:N_QMAX_D":0.00,"IN003:N_QMAX_C":0.00,"IN003:N_STATE3":0.00},"IN004":{"IN004:DEVICE_ERROR":0.00,"IN004:N_STATE1":0.00,"IN004:N_STATE2":0.00,"IN004:N_ALARM1":0.00,"IN004:N_ALARM2":0.00,"IN004:N_ALARM3":0.00,"IN004:N_INDCV1":0.00,"IN004:N_INDA01":0.00,"IN004:N_INDCV2":0.00,"IN004:N_INDA02":0.00,"IN004:N_INDCV3":0.00,"IN004:N_INDA03":0.00,"IN004:N_INDCV4":0.00,"IN004:N_INDA04":0.00,"IN004:N_INDCV5":0.00,"IN004:N_INDA05":0.00,"IN004:N_INDCV6":0.00,"IN004:N_INDA06":0.00,"IN004:N_INDCV7":0.00,"IN004:N_INDA07":0.00,"IN004:N_INDCV8":0.00,"IN004:N_INDA08":0.00,"IN004:N_INDCV9":0.00,"IN004:N_INDA09":0.00,"IN004:N_INDCV10":0.00,"IN004:N_INDA10":0.00,"IN004:N_INDCV11":0.00,"IN004:N_INDA11":0.00,"IN004:N_INDCV12":0.00,"IN004:N_INDA12":0.00,"IN004:N_DCW":0.00,"IN004:N_PHVAB":0.00,"IN004:N_PHVBC":0.00,"IN004:N_PHVCA":0.00,"IN004:N_PHVPHA":0.00,"IN004:N_PHVPHB":0.00,"IN004:N_PHVPHC":0.00,"IN004:N_APHA":0.00,"IN004:N_APHB":0.00,"IN004:N_APHC":0.00,"IN004:N_TPKW":0.00,"IN004:N_ACW":0.00,"IN004:N_ACVAR":0.00,"IN004:N_PF":0.00,"IN004:N_ACHZ":0.00,"IN004:N_DCEFFC":0.00,"IN004:N_TMPCAB":0.00,"IN004:N_RIS":0.00,"IN004:N_DVSTAT":0.00,"IN004:N_FLTCODE":0.00,"IN004:N_ACWH":0.00,"IN004:N_GRDCODE":0.00,"IN004:N_MODEL":0.00,"IN004:N_SERNM1":0.00,"IN004:N_SERNM2":0.00,"IN004:N_SERNM3":0.00,"IN004:N_SERNM4":0.00,"IN004:N_SERNM5":0.00,"IN004:N_APCTL1":0.00,"IN004:N_APCTL2":0.00,"IN004:N_START":0.00,"IN004:N_STOP":0.00,"IN004:N_TIME":0.00,"IN004:N_GMT":0.00,"IN004:N_ACWHDA":0.00,"IN004:N_NUMSTR":0.00,"IN004:N_NUMMPPT":0.00,"IN004:N_PN":0.00,"IN004:N_PMAX":0.00,"IN004:N_SMAX":0.00,"IN004:N_QMAX_D":0.00,"IN004:N_QMAX_C":0.00,"IN004:N_STATE3":0.00},"IN005":{"IN005:DEVICE_ERROR":0.00,"IN005:N_STATE1":0.00,"IN005:N_STATE2":0.00,"IN005:N_ALARM1":0.00,"IN005:N_ALARM2":0.00,"IN005:N_ALARM3":0.00,"IN005:N_INDCV1":0.00,"IN005:N_INDA01":0.00,"IN005:N_INDCV2":0.00,"IN005:N_INDA02":0.00,"IN005:N_INDCV3":0.00,"IN005:N_INDA03":0.00,"IN005:N_INDCV4":0.00,"IN005:N_INDA04":0.00,"IN005:N_INDCV5":0.00,"IN005:N_INDA05":0.00,"IN005:N_INDCV6":0.00,"IN005:N_INDA06":0.00,"IN005:N_INDCV7":0.00,"IN005:N_INDA07":0.00,"IN005:N_INDCV8":0.00,"IN005:N_INDA08":0.00,"IN005:N_INDCV9":0.00,"IN005:N_INDA09":0.00,"IN005:N_INDCV10":0.00,"IN005:N_INDA10":0.00,"IN005:N_INDCV11":0.00,"IN005:N_INDA11":0.00,"IN005:N_INDCV12":0.00,"IN005:N_INDA12":0.00,"IN005:N_DCW":0.00,"IN005:N_PHVAB":0.00,"IN005:N_PHVBC":0.00,"IN005:N_PHVCA":0.00,"IN005:N_PHVPHA":0.00,"IN005:N_PHVPHB":0.00,"IN005:N_PHVPHC":0.00,"IN005:N_APHA":0.00,"IN005:N_APHB":0.00,"IN005:N_APHC":0.00,"IN005:N_TPKW":0.00,"IN005:N_ACW":0.00,"IN005:N_ACVAR":0.00,"IN005:N_PF":0.00,"IN005:N_ACHZ":0.00,"IN005:N_DCEFFC":0.00,"IN005:N_TMPCAB":0.00,"IN005:N_RIS":0.00,"IN005:N_DVSTAT":0.00,"IN005:N_FLTCODE":0.00,"IN005:N_ACWH":0.00,"IN005:N_GRDCODE":0.00,"IN005:N_MODEL":0.00,"IN005:N_SERNM1":0.00,"IN005:N_SERNM2":0.00,"IN005:N_SERNM3":0.00,"IN005:N_SERNM4":0.00,"IN005:N_SERNM5":0.00,"IN005:N_APCTL1":0.00,"IN005:N_APCTL2":0.00,"IN005:N_START":0.00,"IN005:N_STOP":0.00,"IN005:N_TIME":0.00,"IN005:N_GMT":0.00,"IN005:N_ACWHDA":0.00,"IN005:N_NUMSTR":0.00,"IN005:N_NUMMPPT":0.00,"IN005:N_PN":0.00,"IN005:N_PMAX":0.00,"IN005:N_SMAX":0.00,"IN005:N_QMAX_D":0.00,"IN005:N_QMAX_C":0.00,"IN005:N_STATE3":0.00},"WS001":{"WS001:DEVICE_ERROR":0.00,"WS001:W_IRDSUM":0.00,"WS001:W_IRDTN":0.00},"TEST-DEV":{"MQTT_EDGE365_CONNECTED":0.00,"MQTT_EOS_CONNECTED":0.00,"GEO_LAT":0.00,"GEO_LONG":0.00,"GEO_ALT":0.00,"GEO_X":0.00,"GEO_Y":0.00,"GEO_Z":0.00,"ECU_SERNUM":0.00,"POSTAL_CODE":0.00,"BLOCK":0.00,"BLOCK_ID":0.00,"SIM_CARD_ID":0.00,"SYS_UPTIME":0.00,"SYS_CURRENT_TIME":0.00,"MOBILE_IP":0.00,"MOBILE_SIGNAL_QUALITY":0.00,"MOBILE_CID":0.00,"MOBILE_IMEI":0.00,"MOBILE_IMSI":0.00}},"ts":"2023-08-31T06:18:02Z"}
2023-08-31 06:18:04.109 DBThread-All: flushed data count = 1
2023-08-31 06:18:04.304 MongoDB.ChkDBThread...
2023-08-31 06:18:07.794 iothub msg_cnt: received 1 messages from iot-hub since last log time, Average=0/Second
2023-08-31 06:18:14.114 DBThread-All: flushed data count = 0
2023-08-31 06:18:14.314 MongoDB.ChkDBThread...
2023-08-31 06:18:17.801 iothub msg_cnt: received 1 messages from iot-hub since last log time, Average=0/Second
2023-08-31 06:18:19.720 TimerThread active log:Ver=2.00.24.01.20230831.1405, MaxMem=3289M, TotalMem=166M, FreeMem=141M, devCntInMem=75, activeCnt=1, tagval_cnt:14/s [0, 0]
    RabbitMQConnStatus=Connected, AzureIotConnStatus=Connected, tagCountInMem=5598, RedisConnCount=0, UnAckMqttMsgCount1=0, UnAckMqttMsgCount2=0
2023-08-31 06:18:24.115 DBThread-All: flushed data count = 0
2023-08-31 06:18:24.325 MongoDB.ChkDBThread...
2023-08-31 06:18:27.809 iothub msg_cnt: received 1 messages from iot-hub since last log time, Average=0/Second
2023-08-31 06:18:30.243 AzureIothub devMon: Message from deviceId=ALL, msgType=data, msg={"d":{"IP001":{"IP001:DEVICE_ERROR":-32764.00,"IP001:M_UA":"*","IP001:M_UB":"*","IP001:M_UC":"*","IP001:M_HZ":"*","IP001:M_PF":"*","IP001:M_PFA":"*","IP001:M_PFB":"*","IP001:M_PFC":"*","IP001:M_CT":"*","IP001:M_AP":"*","IP001:M_FAE":"*","IP001:M_APA":"*","IP001:M_APB":"*","IP001:M_APC":"*","IP001:M_RAE":"*","IP001:M_RP":"*","IP001:M_IA":"*","IP001:M_IB":"*","IP001:M_IC":"*"},"IN001":{"IN001:DEVICE_ERROR":-32764.00,"IN001:N_STATE1":6.00,"IN001:N_STATE2":7.00,"IN001:N_ALARM1":0.00,"IN001:N_ALARM2":0.00,"IN001:N_ALARM3":0.00,"IN001:N_INDCV1":206.40,"IN001:N_INDA01":7.86,"IN001:N_INDCV2":0.00,"IN001:N_INDA02":0.00,"IN001:N_INDCV3":0.00,"IN001:N_INDA03":0.00,"IN001:N_INDCV4":0.00,"IN001:N_INDA04":0.00,"IN001:N_INDCV5":0.00,"IN001:N_INDA05":0.00,"IN001:N_INDCV6":0.00,"IN001:N_INDA06":0.00,"IN001:N_INDCV7":0.00,"IN001:N_INDA07":0.00,"IN001:N_INDCV8":0.00,"IN001:N_INDA08":0.00,"IN001:N_INDCV9":0.00,"IN001:N_INDA09":0.00,"IN001:N_INDCV10":0.00,"IN001:N_INDA10":0.00,"IN001:N_INDCV11":0.00,"IN001:N_INDA11":0.00,"IN001:N_INDCV12":0.00,"IN001:N_INDA12":0.00,"IN001:N_DCW":1.62,"IN001:N_PHVAB":242.70,"IN001:N_PHVBC":0.00,"IN001:N_PHVCA":0.00,"IN001:N_PHVPHA":121.50,"IN001:N_PHVPHB":0.20,"IN001:N_PHVPHC":0.00,"IN001:N_APHA":6.59,"IN001:N_APHB":0.00,"IN001:N_APHC":0.00,"IN001:N_TPKW":2.02,"IN001:N_ACW":1.59,"IN001:N_ACVAR":0.00,"IN001:N_PF":1.00,"IN001:N_ACHZ":50.04,"IN001:N_DCEFFC":97.89,"IN001:N_TMPCAB":40.50,"IN001:N_RIS":3.00,"IN001:N_DVSTAT":512.00,"IN001:N_FLTCODE":0.00,"IN001:N_ACWH":455.47,"IN001:N_GRDCODE":20.00,"IN001:N_MODEL":349.00,"IN001:N_SERNM1":1213608497.00,"IN001:N_SERNM2":1093677108.00,"IN001:N_SERNM3":876163633.00,"IN001:N_SERNM4":0.00,"IN001:N_SERNM5":0.00,"IN001:N_APCTL1":0.00,"IN001:N_APCTL2":100.00,"IN001:N_START":0.00,"IN001:N_STOP":0.00,"IN001:N_TIME":1693492889.00,"IN001:N_GMT":480.00,"IN001:N_ACWHDA":2.22,"IN001:N_NUMSTR":2.00,"IN001:N_NUMMPPT":2.00,"IN001:N_PN":2.00,"IN001:N_PMAX":2.20,"IN001:N_SMAX":2.20,"IN001:N_QMAX_D":1.32,"IN001:N_QMAX_C":0.00,"IN001:N_STATE3":0.00},"IN002":{"IN002:N_STATE1":"*","IN002:N_STATE2":"*","IN002:N_ALARM1":"*","IN002:N_ALARM2":"*","IN002:N_ALARM3":"*","IN002:N_INDCV1":"*","IN002:N_INDA01":"*","IN002:N_INDCV2":"*","IN002:N_INDA02":"*","IN002:N_INDCV3":"*","IN002:N_INDA03":"*","IN002:N_INDCV4":"*","IN002:N_INDA04":"*","IN002:N_INDCV5":"*","IN002:N_INDA05":"*","IN002:N_INDCV6":"*","IN002:N_INDA06":"*","IN002:N_INDCV7":"*","IN002:N_INDA07":"*","IN002:N_INDCV8":"*","IN002:N_INDA08":"*","IN002:N_INDCV9":"*","IN002:N_INDA09":"*","IN002:N_INDCV10":"*","IN002:N_INDA10":"*","IN002:N_INDCV11":"*","IN002:N_INDA11":"*","IN002:N_INDCV12":"*","IN002:N_INDA12":"*","IN002:N_DCW":"*","IN002:N_PHVAB":"*","IN002:N_PHVBC":"*","IN002:N_PHVCA":"*","IN002:N_PHVPHA":"*","IN002:N_PHVPHB":"*","IN002:N_PHVPHC":"*","IN002:N_APHA":"*","IN002:N_APHB":"*","IN002:N_APHC":"*","IN002:N_TPKW":"*","IN002:N_ACW":"*","IN002:N_ACVAR":"*","IN002:N_PF":"*","IN002:N_ACHZ":"*","IN002:N_DCEFFC":"*","IN002:N_TMPCAB":"*","IN002:N_RIS":"*","IN002:N_DVSTAT":"*","IN002:N_FLTCODE":"*","IN002:N_ACWH":"*","IN002:N_GRDCODE":"*","IN002:N_MODEL":"*","IN002:N_SERNM1":"*","IN002:N_SERNM2":"*","IN002:N_SERNM3":"*","IN002:N_SERNM4":"*","IN002:N_SERNM5":"*","IN002:N_APCTL1":"*","IN002:N_APCTL2":"*","IN002:N_START":"*","IN002:N_STOP":"*","IN002:N_TIME":"*","IN002:N_GMT":"*","IN002:N_ACWHDA":"*","IN002:N_NUMSTR":"*","IN002:N_NUMMPPT":"*","IN002:N_PN":"*","IN002:N_PMAX":"*","IN002:N_SMAX":"*","IN002:N_QMAX_D":"*","IN002:N_QMAX_C":"*","IN002:N_STATE3":"*"},"IN003":{"IN003:DEVICE_ERROR":-32764.00,"IN003:N_STATE1":"*","IN003:N_STATE2":"*","IN003:N_ALARM1":"*","IN003:N_ALARM2":"*","IN003:N_ALARM3":"*","IN003:N_INDCV1":"*","IN003:N_INDA01":"*","IN003:N_INDCV2":"*","IN003:N_INDA02":"*","IN003:N_INDCV3":"*","IN003:N_INDA03":"*","IN003:N_INDCV4":"*","IN003:N_INDA04":"*","IN003:N_INDCV5":"*","IN003:N_INDA05":"*","IN003:N_INDCV6":"*","IN003:N_INDA06":"*","IN003:N_INDCV7":"*","IN003:N_INDA07":"*","IN003:N_INDCV8":"*","IN003:N_INDA08":"*","IN003:N_INDCV9":"*","IN003:N_INDA09":"*","IN003:N_INDCV10":"*","IN003:N_INDA10":"*","IN003:N_INDCV11":"*","IN003:N_INDA11":"*","IN003:N_INDCV12":"*","IN003:N_INDA12":"*","IN003:N_DCW":"*","IN003:N_PHVAB":"*","IN003:N_PHVBC":"*","IN003:N_PHVCA":"*","IN003:N_PHVPHA":"*","IN003:N_PHVPHB...","IN003:N_PHVPHC":"*","IN003:N_APHA":"*","IN003:N_APHB":"*","IN003:N_APHC":"*","IN003:N_TPKW":"*","IN003:N_ACW":"*","IN003:N_ACVAR":"*","IN003:N_PF":"*","IN003:N_ACHZ":"*","IN003:N_DCEFFC":"*","IN003:N_TMPCAB":"*","IN003:N_RIS":"*","IN003:N_DVSTAT":"*","IN003:N_FLTCODE":"*","IN003:N_ACWH":"*","IN003:N_GRDCODE":"*","IN003:N_MODEL":"*","IN003:N_SERNM1":"*","IN003:N_SERNM2":"*","IN003:N_SERNM3":"*","IN003:N_SERNM4":"*","IN003:N_SERNM5":"*","IN003:N_APCTL1":"*","IN003:N_APCTL2":"*","IN003:N_START":"*","IN003:N_STOP":"*","IN003:N_TIME":"*","IN003:N_GMT":"*","IN003:N_ACWHDA":"*","IN003:N_NUMSTR":"*","IN003:N_NUMMPPT":"*","IN003:N_PN":"*","IN003:N_PMAX":"*","IN003:N_SMAX":"*","IN003:N_QMAX_D":"*","IN003:N_QMAX_C":"*","IN003:N_STATE3":"*"},"IN004":{"IN004:DEVICE_ERROR":-32764.00,"IN004:N_STATE1":"*","IN004:N_STATE2":"*","IN004:N_ALARM1":"*","IN004:N_ALARM2":"*","IN004:N_ALARM3":"*","IN004:N_INDCV1":"*","IN004:N_INDA01":"*","IN004:N_INDCV2":"*","IN004:N_INDA02":"*","IN004:N_INDCV3":"*","IN004:N_INDA03":"*","IN004:N_INDCV4":"*","IN004:N_INDA04":"*","IN004:N_INDCV5":"*","IN004:N_INDA05":"*","IN004:N_INDCV6":"*","IN004:N_INDA06":"*","IN004:N_INDCV7":"*","IN004:N_INDA07":"*","IN004:N_INDCV8":"*","IN004:N_INDA08":"*","IN004:N_INDCV9":"*","IN004:N_INDA09":"*","IN004:N_INDCV10":"*","IN004:N_INDA10":"*","IN004:N_INDCV11":"*","IN004:N_INDA11":"*","IN004:N_INDCV12":"*","IN004:N_INDA12":"*","IN004:N_DCW":"*","IN004:N_PHVAB":"*","IN004:N_PHVBC":"*","IN004:N_PHVCA":"*","IN004:N_PHVPHA":"*","IN004:N_PHVPHB":"*","IN004:N_PHVPHC":"*","IN004:N_APHA":"*","IN004:N_APHB":"*","IN004:N_APHC":"*","IN004:N_TPKW":"*","IN004:N_ACW":"*","IN004:N_ACVAR":"*","IN004:N_PF":"*","IN004:N_ACHZ":"*","IN004:N_DCEFFC":"*","IN004:N_TMPCAB":"*","IN004:N_RIS":"*","IN004:N_DVSTAT":"*","IN004:N_FLTCODE":"*","IN004:N_ACWH":"*","IN004:N_GRDCODE":"*","IN004:N_MODEL":"*","IN004:N_SERNM1":"*","IN004:N_SERNM2":"*","IN004:N_SERNM3":"*","IN004:N_SERNM4":"*","IN004:N_SERNM5":"*","IN004:N_APCTL1":"*","IN004:N_APCTL2":"*","IN004:N_START":"*","IN004:N_STOP":"*","IN004:N_TIME":"*","IN004:N_GMT":"*","IN004:N_ACWHDA":"*","IN004:N_NUMSTR":"*","IN004:N_NUMMPPT":"*","IN004:N_PN":"*","IN004:N_PMAX":"*","IN004:N_SMAX":"*","IN004:N_QMAX_D":"*","IN004:N_QMAX_C":"*","IN004:N_STATE3":"*"},"IN005":{"IN005:DEVICE_ERROR":-32764.00,"IN005:N_STATE1":"*","IN005:N_STATE2":"*","IN005:N_ALARM1":"*","IN005:N_ALARM2":"*","IN005:N_ALARM3":"*","IN005:N_INDCV1":"*","IN005:N_INDA01":"*","IN005:N_INDCV2":"*","IN005:N_INDA02":"*","IN005:N_INDCV3":"*","IN005:N_INDA03":"*","IN005:N_INDCV4":"*","IN005:N_INDA04":"*","IN005:N_INDCV5":"*","IN005:N_INDA05":"*","IN005:N_INDCV6":"*","IN005:N_INDA06":"*","IN005:N_INDCV7":"*","IN005:N_INDA07":"*","IN005:N_INDCV8":"*","IN005:N_INDA08":"*","IN005:N_INDCV9":"*","IN005:N_INDA09":"*","IN005:N_INDCV10":"*","IN005:N_INDA10":"*","IN005:N_INDCV11":"*","IN005:N_INDA11":"*","IN005:N_INDCV12":"*","IN005:N_INDA12":"*","IN005:N_DCW":"*","IN005:N_PHVAB":"*","IN005:N_PHVBC":"*","IN005:N_PHVCA":"*","IN005:N_PHVPHA":"*","IN005:N_PHVPHB":"*","IN005:N_PHVPHC":"*","IN005:N_APHA":"*","IN005:N_APHB":"*","IN005:N_APHC":"*","IN005:N_TPKW":"*","IN005:N_ACW":"*","IN005:N_ACVAR":"*","IN005:N_PF":"*","IN005:N_ACHZ":"*","IN005:N_DCEFFC":"*","IN005:N_TMPCAB":"*","IN005:N_RIS":"*","IN005:N_DVSTAT":"*","IN005:N_FLTCODE":"*","IN005:N_ACWH":"*","IN005:N_GRDCODE":"*","IN005:N_MODEL":"*","IN005:N_SERNM1":"*","IN005:N_SERNM2":"*","IN005:N_SERNM3":"*","IN005:N_SERNM4":"*","IN005:N_SERNM5":"*","IN005:N_APCTL1":"*","IN005:N_APCTL2":"*","IN005:N_START":"*","IN005:N_STOP":"*","IN005:N_TIME":"*","IN005:N_GMT":"*","IN005:N_ACWHDA":"*","IN005:N_NUMSTR":"*","IN005:N_NUMMPPT":"*","IN005:N_PN":"*","IN005:N_PMAX":"*","IN005:N_SMAX":"*","IN005:N_QMAX_D":"*","IN005:N_QMAX_C":"*","IN005:N_STATE3":"*"},"WS001":{"WS001:DEVICE_ERROR":-32639.00,"WS001:W_IRDSUM":"*","WS001:W_IRDTN":"*"},"TEST-DEV":{"MQTT_EDGE365_CONNECTED":3.00,"MQTT_EOS_CONNECTED":3.00,"GEO_LAT":"*","GEO_LONG":"*","GEO_ALT":"*","GEO_X":"*","GEO_Y":"*","GEO_Z":"*","ECU_SERNUM":8406880.00,"POSTAL_CODE":658962.00,"BLOCK":962.00,"BLOCK_ID":3.00,"SIM_CARD_ID":27224.00,"SYS_UPTIME":51308.11,"SYS_CURRENT_TIME":1693462708.00,"MOBILE_IP":248293568.00,"MOBILE_SIGNAL_QUALITY":87.00,"MOBILE_CID":33630723.00,"MOBILE_IMEI":866308063279871.00,"MOBILE_IMSI":525033600196298.00}},"ts":"2023-08-31T06:18:30Z"}
2023-08-31 06:18:30.244 AzureIothub msg_cnt: received 7 messages since last log time, Average=0/Second, TotalReceived=5289, TotalAcked=6, UnAcked=1, UnAckedCntInMap=1
2023-08-31 06:18:30.253 RedisFlushingExecutor_2(2).run: FlushedCount=9, syncTimes=1, data count remain in dataQueue: 41 RtData
2023-08-31 06:18:30.264 RedisFlushingExecutor_1(1) active log, FlushedCount=408, syncTimes=2
2023-08-31 06:18:32.478 RedisFlushingExecutor_1(1) active log, no hashdata to write, no rtdata to write, no PreOp to retry
2023-08-31 06:18:32.480 RedisFlushingExecutor_2(2) active log, no hashdata to write, no rtdata to write, no PreOp to retry
2023-08-31 06:18:34.116 DBThread-All: flushed data count = 0
2023-08-31 06:18:34.335 MongoDB.ChkDBThread...
2023-08-31 06:18:37.816 iothub msg_cnt: received 1 messages from iot-hub since last log time, Average=0/Second
2023-08-31 06:18:44.117 DBThread-All: flushed data count = 0
2023-08-31 06:18:44.190 DBThreadForFutureData active log, dataEntry=null
2023-08-31 06:18:44.194 DBThreadForTmpdata active log, list count in queue = 0, tmpdataCount = 0
2023-08-31 06:18:44.246 TimerThread: AzureIothub last active time: 2023-08-31 06:18:30.243, total message received=5289
2023-08-31 06:18:44.346 MongoDB.ChkDBThread...
2023-08-31 06:18:47.824 iothub msg_cnt: received 1 messages from iot-hub since last log time, Average=0/Second
2023-08-31 06:18:49.751 TimerThread active log:Ver=2.00.24.01.20230831.1405, MaxMem=3289M, TotalMem=166M, FreeMem=134M, devCntInMem=75, activeCnt=1, tagval_cnt:14/s [0, 0]
    RabbitMQConnStatus=Connected, AzureIotConnStatus=Connected, tagCountInMem=5598, RedisConnCount=0, UnAckMqttMsgCount1=0, UnAckMqttMsgCount2=0
2023-08-31 06:18:54.126 DBThread-All: flushed data count = 0
2023-08-31 06:18:54.356 MongoDB.ChkDBThread...
2023-08-31 06:18:57.832 iothub msg_cnt: received 1 messages from iot-hub since last log time, Average=0/Second
2023-08-31 06:19:00.301 AzureIothub devMon: Message from deviceId=ALL, msgType=data, msg={"d":{"IP001":{"IP001:DEVICE_ERROR":-32639.00},"IN001":{"IN001:DEVICE_ERROR":-32639.00,"IN001:N_STATE1":6.00,"IN001:N_STATE2":7.00,"IN001:N_ALARM1":0.00,"IN001:N_ALARM2":0.00,"IN001:N_ALARM3":0.00,"IN001:N_INDCV1":209.00,"IN001:N_INDA01":7.70,"IN001:N_INDCV2":0.00,"IN001:N_INDA02":0.00,"IN001:N_INDCV3":0.00,"IN001:N_INDA03":0.00,"IN001:N_INDCV4":0.00,"IN001:N_INDA04":0.00,"IN001:N_INDCV5":0.00,"IN001:N_INDA05":0.00,"IN001:N_INDCV6":0.00,"IN001:N_INDA06":0.00,"IN001:N_INDCV7":0.00,"IN001:N_INDA07":0.00,"IN001:N_INDCV8":0.00,"IN001:N_INDA08":0.00,"IN001:N_INDCV9":0.00,"IN001:N_INDA09":0.00,"IN001:N_INDCV10":0.00,"IN001:N_INDA10":0.00,"IN001:N_INDCV11":0.00,"IN001:N_INDA11":0.00,"IN001:N_INDCV12":0.00,"IN001:N_INDA12":0.00,"IN001:N_DCW":1.61,"IN001:N_PHVAB":242.60,"IN001:N_PHVBC":0.00,"IN001:N_PHVCA":0.00,"IN001:N_PHVPHA":121.50,"IN001:N_PHVPHB":0.20,"IN001:N_PHVPHC":0.00,"IN001:N_APHA":6.54,"IN001:N_APHB":0.00,"IN001:N_APHC":0.00,"IN001:N_TPKW":2.02,"IN001:N_ACW":1.58,"IN001:N_ACVAR":-0.00,"IN001:N_PF":1.00,"IN001:N_ACHZ":50.05,"IN001:N_DCEFFC":97.94,"IN001:N_TMPCAB":40.50,"IN0..._RIS":3.00,"IN001:N_DVSTAT":512.00,"IN001:N_FLTCODE":0.00,"IN001:N_ACWH":455.49,"IN001:N_GRDCODE":20.00,"IN001:N_MODEL":349.00,"IN001:N_SERNM1":1213608497.00,"IN001:N_SERNM2":1093677108.00,"IN001:N_SERNM3":876163633.00,"IN001:N_SERNM4":0.00,"IN001:N_SERNM5":0.00,"IN001:N_APCTL1":0.00,"IN001:N_APCTL2":100.00,"IN001:N_START":0.00,"IN001:N_STOP":0.00,"IN001:N_TIME":1693492920.00,"IN001:N_GMT":480.00,"IN001:N_ACWHDA":2.24,"IN001:N_NUMSTR":2.00,"IN001:N_NUMMPPT":2.00,"IN001:N_PN":2.00,"IN001:N_PMAX":2.20,"IN001:N_SMAX":2.20,"IN001:N_QMAX_D":1.32,"IN001:N_QMAX_C":0.00,"IN001:N_STATE3":0.00},"IN003":{"IN003:DEVICE_ERROR":-32639.00},"IN004":{"IN004:DEVICE_ERROR":-32639.00},"IN005":{"IN005:DEVICE_ERROR":-32639.00},"WS001":{"WS001:DEVICE_ERROR":-32764.00},"TEST-DEV":{"MQTT_EDGE365_CONNECTED":3.00,"MQTT_EOS_CONNECTED":3.00,"ECU_SERNUM":8406880.00,"POSTAL_CODE":658962.00,"BLOCK":962.00,"BLOCK_ID":3.00,"SIM_CARD_ID":27224.00,"SYS_UPTIME":51338.13,"SYS_CURRENT_TIME":1693462738.00,"MOBILE_IP":248293568.00,"MOBILE_SIGNAL_QUALITY":74.00,"MOBILE_CID":33630723.00,"MOBILE_IMEI":866308063279871.00,"MOBILE_IMSI":525033600196298.00}},"ts":"2023-08-31T06:19:00Z"}
2023-08-31 06:19:00.302 AzureIothub msg_cnt: received 1 messages since last log time, Average=0/Second, TotalReceived=5290, TotalAcked=7, UnAcked=1, UnAckedCntInMap=1
2023-08-31 06:19:00.308 RedisFlushingExecutor_1(1).run: FlushedCount=2, syncTimes=2, data count remain in dataQueue: 91 RtData
2023-08-31 06:19:02.335 AzureIothub devMon: Message from deviceId=ALL, msgType=conn, msg={"d":{"Dev":{"IN001":1,"IN002":0,"IN003":1,"IN004":1,"IN005":1,"IP001":1,"TEST-DEV":1,"WS001":1}},"ts":"2023-08-31T06:19:02Z"}
2023-08-31 06:19:04.129 DBThread-All: flushed data count = 0
2023-08-31 06:19:04.365 MongoDB.ChkDBThread...
2023-08-31 06:19:07.840 iothub msg_cnt: received 1 messages from iot-hub since last log time, Average=0/Second
2023-08-31 06:19:14.135 DBThread-All: flushed data count = 0
2023-08-31 06:19:14.376 MongoDB.ChkDBThread...
2023-08-31 06:19:17.848 iothub msg_cnt: received 1 messages from iot-hub since last log time, Average=0/Second
2023-08-31 06:19:19.781 TimerThread active log:Ver=2.00.24.01.20230831.1405, MaxMem=3289M, TotalMem=166M, FreeMem=131M, devCntInMem=75, activeCnt=1, tagval_cnt:3/s [0, 0]
    RabbitMQConnStatus=Connected, AzureIotConnStatus=Connected, tagCountInMem=5598, RedisConnCount=0, UnAckMqttMsgCount1=0, UnAckMqttMsgCount2=0
2023-08-31 06:19:24.140 DBThread-All: flushed data count = 0
2023-08-31 06:19:24.386 MongoDB.ChkDBThread...
2023-08-31 06:19:27.856 iothub msg_cnt: received 1 messages from iot-hub since last log time, Average=0/Second
2023-08-31 06:19:30.178 AzureIothub devMon: Message from deviceId=ALL, msgType=data, msg={"d":{"IP001":{"IP001:DEVICE_ERROR":-32639.00},"IN001":{"IN001:DEVICE_ERROR":-32639.00,"IN001:N_STATE1":6.00,"IN001:N_STATE2":7.00,"IN001:N_ALARM1":0.00,"IN001:N_ALARM2":0.00,"IN001:N_ALARM3":0.00,"IN001:N_INDCV1":203.50,"IN001:N_INDA01":3.92,"IN001:N_INDCV2":0.00,"IN001:N_INDA02":0.00,"IN001:N_INDCV3":0.00,"IN001:N_INDA03":0.00,"IN001:N_INDCV4":0.00,"IN001:N_INDA04":0.00,"IN001:N_INDCV5":0.00,"IN001:N_INDA05":0.00,"IN001:N_INDCV6":0.00,"IN001:N_INDA06":0.00,"IN001:N_INDCV7":0.00,"IN001:N_INDA07":0.00,"IN001:N_INDCV8":0.00,"IN001:N_INDA08":0.00,"IN001:N_INDCV9":0.00,"IN001:N_INDA09":0.00,"IN001:N_INDCV10":0.00,"IN001:N_INDA10":0.00,"IN001:N_INDCV11":0.00,"IN001:N_INDA11":0.00,"IN001:N_INDCV12":0.00,"IN001:N_INDA12":0.00,"IN001:N_DCW":0.80,"IN001:N_PHVAB":241.20,"IN001:N_PHVBC":0.00,"IN001:N_PHVCA":0.00,"IN001:N_PHVPHA":120.80,"IN001:N_PHVPHB":0.20,"IN001:N_PHVPHC":0.00,"IN001:N_APHA":3.28,"IN001:N_APHB":0.00,"IN001:N_APHC":0.00,"IN001:N_TPKW":2.02,"IN001:N_ACW":0.78,"IN001:N_ACVAR":0.00,"IN001:N_PF":1.00,"IN001:N_ACHZ":50.03,"IN001:N_DCEFFC":98.09,"IN001:N_TMPCAB":40.60,"IN0...RIS":3.00,"IN001:N_DVSTAT":512.00,"IN001:N_FLTCODE":0.00,"IN001:N_ACWH":455.49,"IN001:N_GRDCODE":20.00,"IN001:N_MODEL":349.00,"IN001:N_SERNM1":1213608497.00,"IN001:N_SERNM2":1093677108.00,"IN001:N_SERNM3":876163633.00,"IN001:N_SERNM4":0.00,"IN001:N_SERNM5":0.00,"IN001:N_APCTL1":0.00,"IN001:N_APCTL2":100.00,"IN001:N_START":0.00,"IN001:N_STOP":0.00,"IN001:N_TIME":1693492950.00,"IN001:N_GMT":480.00,"IN001:N_ACWHDA":2.24,"IN001:N_NUMSTR":2.00,"IN001:N_NUMMPPT":2.00,"IN001:N_PN":2.00,"IN001:N_PMAX":2.20,"IN001:N_SMAX":2.20,"IN001:N_QMAX_D":1.32,"IN001:N_QMAX_C":0.00,"IN001:N_STATE3":0.00},"IN003":{"IN003:DEVICE_ERROR":-32639.00},"IN004":{"IN004:DEVICE_ERROR":-32639.00},"IN005":{"IN005:DEVICE_ERROR":-32639.00},"WS001":{"WS001:DEVICE_ERROR":-32639.00},"TEST-DEV":{"MQTT_EDGE365_CONNECTED":3.00,"MQTT_EOS_CONNECTED":3.00,"ECU_SERNUM":8406880.00,"POSTAL_CODE":658962.00,"BLOCK":962.00,"BLOCK_ID":3.00,"SIM_CARD_ID":27224.00,"SYS_UPTIME":51368.14,"SYS_CURRENT_TIME":1693462768.00,"MOBILE_IP":248293568.00,"MOBILE_SIGNAL_QUALITY":83.00,"MOBILE_CID":33630723.00,"MOBILE_IMEI":866308063279871.00,"MOBILE_IMSI":525033600196298.00}},"ts":"2023-08-31T06:19:30Z"}
2023-08-31 06:19:30.179 AzureIothub msg_cnt: received 2 messages since last log time, Average=0/Second, TotalReceived=5292, TotalAcked=9, UnAcked=1, UnAckedCntInMap=1
2023-08-31 06:19:30.181 RedisFlushingExecutor_1(1).run: FlushedCount=94, syncTimes=2, data count remain in dataQueue: 90 RtData
2023-08-31 06:19:30.181 RedisFlushingExecutor_2(2).run: FlushedCount=407, syncTimes=2, data count remain in dataQueue: 90 RtData
2023-08-31 06:19:32.487 RedisFlushingExecutor_1(1) active log, no hashdata to write, no rtdata to write, no PreOp to retry
2023-08-31 06:19:32.488 RedisFlushingExecutor_2(2) active log, no hashdata to write, no rtdata to write, no PreOp to retry
2023-08-31 06:19:34.142 DBThread-All: flushed data count = 0
2023-08-31 06:19:34.396 MongoDB.ChkDBThread...
2023-08-31 06:19:37.863 iothub msg_cnt: received 1 messages from iot-hub since last log time, Average=0/Second
2023-08-31 06:19:44.143 DBThread-All: flushed data count = 0
2023-08-31 06:19:44.231 DBThreadForFutureData active log, dataEntry=null
2023-08-31 06:19:44.233 DBThreadForTmpdata active log, list count in queue = 0, tmpdataCount = 0
2023-08-31 06:19:44.306 TimerThread: AzureIothub last active time: 2023-08-31 06:19:30.178, total message received=5292
2023-08-31 06:19:44.406 MongoDB.ChkDBThread...
2023-08-31 06:19:47.872 iothub msg_cnt: received 1 messages from iot-hub since last log time, Average=0/Second
2023-08-31 06:19:49.811 TimerThread active log:Ver=2.00.24.01.20230831.1405, MaxMem=3289M, TotalMem=166M, FreeMem=128M, devCntInMem=75, activeCnt=1, tagval_cnt:3/s [0, 0]
    RabbitMQConnStatus=Connected, AzureIotConnStatus=Connected, tagCountInMem=5598, RedisConnCount=0, UnAckMqttMsgCount1=0, UnAckMqttMsgCount2=0
2023-08-31 06:19:54.146 DBThread-All: flushed data count = 0
2023-08-31 06:19:54.416 MongoDB.ChkDBThread...
2023-08-31 06:19:57.879 iothub msg_cnt: received 1 messages from iot-hub since last log time, Average=0/Second
2023-08-31 06:20:00.251 AzureIothub devMon: Message from deviceId=ALL, msgType=data, msg={"d":{"IP001":{"IP001:DEVICE_ERROR":-32764.00},"IN001":{"IN001:DEVICE_ERROR":-32764.00,"IN001:N_STATE1":6.00,"IN001:N_STATE2":7.00,"IN001:N_ALARM1":0.00,"IN001:N_ALARM2":0.00,"IN001:N_ALARM3":0.00,"IN001:N_INDCV1":209.20,"IN001:N_INDA01":8.16,"IN001:N_INDCV2":0.00,"IN001:N_INDA02":0.00,"IN001:N_INDCV3":0.00,"IN001:N_INDA03":0.00,"IN001:N_INDCV4":0.00,"IN001:N_INDA04":0.00,"IN001:N_INDCV5":0.00,"IN001:N_INDA05":0.00,"IN001:N_INDCV6":0.00,"IN001:N_INDA06":0.00,"IN001:N_INDCV7":0.00,"IN001:N_INDA07":0.00,"IN001:N_INDCV8":0.00,"IN001:N_INDA08":0.00,"IN001:N_INDCV9":0.00,"IN001:N_INDA09":0.00,"IN001:N_INDCV10":0.00,"IN001:N_INDA10":0.00,"IN001:N_INDCV11":0.00,"IN001:N_INDA11":0.00,"IN001:N_INDCV12":0.00,"IN001:N_INDA12":0.00,"IN001:N_DCW":1.71,"IN001:N_PHVAB":242.40,"IN001:N_PHVBC":0.00,"IN001:N_PHVCA":0.00,"IN001:N_PHVPHA":121.40,"IN001:N_PHVPHB":0.20,"IN001:N_PHVPHC":0.00,"IN001:N_APHA":6.95,"IN001:N_APHB":0.00,"IN001:N_APHC":0.00,"IN001:N_TPKW":2.02,"IN001:N_ACW":1.67,"IN001:N_ACVAR":-0.00,"IN001:N_PF":1.00,"IN001:N_ACHZ":50.04,"IN001:N_DCEFFC":97.93,"IN001:N_TMPCAB":40.60,"IN0..._RIS":3.00,"IN001:N_DVSTAT":512.00,"IN001:N_FLTCODE":0.00,"IN001:N_ACWH":455.50,"IN001:N_GRDCODE":20.00,"IN001:N_MODEL":349.00,"IN001:N_SERNM1":1213608497.00,"IN001:N_SERNM2":1093677108.00,"IN001:N_SERNM3":876163633.00,"IN001:N_SERNM4":0.00,"IN001:N_SERNM5":0.00,"IN001:N_APCTL1":0.00,"IN001:N_APCTL2":100.00,"IN001:N_START":0.00,"IN001:N_STOP":0.00,"IN001:N_TIME":1693492979.00,"IN001:N_GMT":480.00,"IN001:N_ACWHDA":2.25,"IN001:N_NUMSTR":2.00,"IN001:N_NUMMPPT":2.00,"IN001:N_PN":2.00,"IN001:N_PMAX":2.20,"IN001:N_SMAX":2.20,"IN001:N_QMAX_D":1.32,"IN001:N_QMAX_C":0.00,"IN001:N_STATE3":0.00},"IN003":{"IN003:DEVICE_ERROR":-32764.00},"IN004":{"IN004:DEVICE_ERROR":-32764.00},"IN005":{"IN005:DEVICE_ERROR":-32764.00},"WS001":{"WS001:DEVICE_ERROR":-32639.00},"TEST-DEV":{"MQTT_EDGE365_CONNECTED":3.00,"MQTT_EOS_CONNECTED":3.00,"ECU_SERNUM":8406880.00,"POSTAL_CODE":658962.00,"BLOCK":962.00,"BLOCK_ID":3.00,"SIM_CARD_ID":27224.00,"SYS_UPTIME":51398.17,"SYS_CURRENT_TIME":1693462798.00,"MOBILE_IP":248293568.00,"MOBILE_SIGNAL_QUALITY":83.00,"MOBILE_CID":33630723.00,"MOBILE_IMEI":866308063279871.00,"MOBILE_IMSI":525033600196298.00}},"ts":"2023-08-31T06:20:00Z"}
2023-08-31 06:20:00.251 AzureIothub msg_cnt: received 1 messages since last log time, Average=0/Second, TotalReceived=5293, TotalAcked=10, UnAcked=1, UnAckedCntInMap=1
2023-08-31 06:20:00.261 RedisFlushingExecutor_2(2).run: FlushedCount=46, syncTimes=2, data count remain in dataQueue: 91 RtData
2023-08-31 06:20:00.878 AzureIothub devMon: Message from deviceId=ALL, msgType=conn, msg={"ts":"2023-08-31T06:20:00Z","d":{"Hbt":1}}
2023-08-31 06:20:04.157 DBThread-All: flushed data count = 0
2023-08-31 06:20:04.231 RedisFlushingExecutor_1(1)(false, false, false)
2023-08-31 06:20:04.231 RedisFlushingExecutor_1(1) active log, FlushedCount=49, syncTimes=2
2023-08-31 06:20:04.426 MongoDB.ChkDBThread...
2023-08-31 06:20:07.887 iothub msg_cnt: received 1 messages from iot-hub since last log time, Average=0/Second
2023-08-31 06:20:14.158 DBThread-All: flushed data count = 0
2023-08-31 06:20:14.436 MongoDB.ChkDBThread...
2023-08-31 06:20:17.895 iothub msg_cnt: received 1 messages from iot-hub since last log time, Average=0/Second
2023-08-31 06:20:19.942 TimerThread active log:Ver=2.00.24.01.20230831.1405, MaxMem=3289M, TotalMem=166M, FreeMem=123M, devCntInMem=75, activeCnt=1, tagval_cnt:3/s [0, 0]
    RabbitMQConnStatus=Connected, AzureIotConnStatus=Connected, tagCountInMem=5598, RedisConnCount=0, UnAckMqttMsgCount1=0, UnAckMqttMsgCount2=0
2023-08-31 06:20:24.162 DBThread-All: flushed data count = 0
2023-08-31 06:20:24.446 MongoDB.ChkDBThread...
2023-08-31 06:20:27.903 iothub msg_cnt: received 1 messages from iot-hub since last log time, Average=0/Second
2023-08-31 06:20:30.307 AzureIothub devMon: Message from deviceId=ALL, msgType=data, msg={"d":{"IP001":{"IP001:DEVICE_ERROR":-32639.00},"IN001":{"IN001:DEVICE_ERROR":-32639.00,"IN001:N_STATE1":6.00,"IN001:N_STATE2":7.00,"IN001:N_ALARM1":0.00,"IN001:N_ALARM2":0.00,"IN001:N_ALARM3":0.00,"IN001:N_INDCV1":203.40,"IN001:N_INDA01":8.35,"IN001:N_INDCV2":0.00,"IN001:N_INDA02":0.00,"IN001:N_INDCV3":0.00,"IN001:N_INDA03":0.00,"IN001:N_INDCV4":0.00,"IN001:N_INDA04":0.00,"IN001:N_INDCV5":0.00,"IN001:N_INDA05":0.00,"IN001:N_INDCV6":0.00,"IN001:N_INDA06":0.00,"IN001:N_INDCV7":0.00,"IN001:N_INDA07":0.00,"IN001:N_INDCV8":0.00,"IN001:N_INDA08":0.00,"IN001:N_INDCV9":0.00,"IN001:N_INDA09":0.00,"IN001:N_INDCV10":0.00,"IN001:N_INDA10":0.00,"IN001:N_INDCV11":0.00,"IN001:N_INDA11":0.00,"IN001:N_INDCV12":0.00,"IN001:N_INDA12":0.00,"IN001:N_DCW":1.70,"IN001:N_PHVAB":242.30,"IN001:N_PHVBC":0.00,"IN001:N_PHVCA":0.00,"IN001:N_PHVPHA":121.30,"IN001:N_PHVPHB":0.20,"IN001:N_PHVPHC":0.00,"IN001:N_APHA":6.90,"IN001:N_APHB":0.00,"IN001:N_APHC":0.00,"IN001:N_TPKW":2.02,"IN001:N_ACW":1.66,"IN001:N_ACVAR":0.00,"IN001:N_PF":1.00,"IN001:N_ACHZ":50.04,"IN001:N_DCEFFC":97.87,"IN001:N_TMPCAB":40.70,"IN0...RIS":3.00,"IN001:N_DVSTAT":512.00,"IN001:N_FLTCODE":0.00,"IN001:N_ACWH":455.52,"IN001:N_GRDCODE":20.00,"IN001:N_MODEL":349.00,"IN001:N_SERNM1":1213608497.00,"IN001:N_SERNM2":1093677108.00,"IN001:N_SERNM3":876163633.00,"IN001:N_SERNM4":0.00,"IN001:N_SERNM5":0.00,"IN001:N_APCTL1":0.00,"IN001:N_APCTL2":100.00,"IN001:N_START":0.00,"IN001:N_STOP":0.00,"IN001:N_TIME":1693493009.00,"IN001:N_GMT":480.00,"IN001:N_ACWHDA":2.27,"IN001:N_NUMSTR":2.00,"IN001:N_NUMMPPT":2.00,"IN001:N_PN":2.00,"IN001:N_PMAX":2.20,"IN001:N_SMAX":2.20,"IN001:N_QMAX_D":1.32,"IN001:N_QMAX_C":0.00,"IN001:N_STATE3":0.00},"IN003":{"IN003:DEVICE_ERROR":-32639.00},"IN004":{"IN004:DEVICE_ERROR":-32639.00},"IN005":{"IN005:DEVICE_ERROR":-32639.00},"WS001":{"WS001:DEVICE_ERROR":-32639.00},"TEST-DEV":{"MQTT_EDGE365_CONNECTED":3.00,"MQTT_EOS_CONNECTED":3.00,"ECU_SERNUM":8406880.00,"POSTAL_CODE":658962.00,"BLOCK":962.00,"BLOCK_ID":3.00,"SIM_CARD_ID":27224.00,"SYS_UPTIME":51428.18,"SYS_CURRENT_TIME":1693462828.00,"MOBILE_IP":248293568.00,"MOBILE_SIGNAL_QUALITY":83.00,"MOBILE_CID":33630723.00,"MOBILE_IMEI":866308063279871.00,"MOBILE_IMSI":525033600196298.00}},"ts":"2023-08-31T06:20:30Z"}
2023-08-31 06:20:30.307 AzureIothub msg_cnt: received 2 messages since last log time, Average=0/Second, TotalReceived=5295, TotalAcked=12, UnAcked=1, UnAckedCntInMap=1
2023-08-31 06:20:30.314 RedisFlushingExecutor_2(2).run: FlushedCount=93, syncTimes=1, data count remain in dataQueue: 91 RtData
2023-08-31 06:20:32.489 RedisFlushingExecutor_2(2) active log, no hashdata to write, no rtdata to write, no PreOp to retry
2023-08-31 06:20:32.497 RedisFlushingExecutor_1(1) active log, no hashdata to write, no rtdata to write, no PreOp to retry
2023-08-31 06:20:34.166 DBThread-All: flushed data count = 0
2023-08-31 06:20:34.259 RedisFlushingExecutor_1(1)(false, false, false)
2023-08-31 06:20:34.259 RedisFlushingExecutor_1(1) active log, FlushedCount=1, syncTimes=1
2023-08-31 06:20:34.456 MongoDB.ChkDBThread...
2023-08-31 06:20:37.909 iothub msg_cnt: received 1 messages from iot-hub since last log time, Average=0/Second
2023-08-31 06:20:44.166 --------Start fill data thread
2023-08-31 06:20:44.169 DBThread-All: flushed data count = 0
2023-08-31 06:20:44.175 --------End fill data thread, filled 31 tags
2023-08-31 06:20:44.271 DBThreadForFutureData active log, dataEntry=null
2023-08-31 06:20:44.272 DBThreadForTmpdata active log, list count in queue = 1, tmpdataCount = 31
2023-08-31 06:20:44.366 TimerThread: AzureIothub last active time: 2023-08-31 06:20:30.307, total message received=5295
2023-08-31 06:20:44.467 MongoDB.ChkDBThread...
2023-08-31 06:20:47.918 iothub msg_cnt: received 1 messages from iot-hub since last log time, Average=0/Second
2023-08-31 06:20:49.972 TimerThread active log:Ver=2.00.24.01.20230831.1405, MaxMem=3289M, TotalMem=166M, FreeMem=119M, devCntInMem=75, activeCnt=1, tagval_cnt:3/s [0, 0]
    RabbitMQConnStatus=Connected, AzureIotConnStatus=Connected, tagCountInMem=5598, RedisConnCount=0, UnAckMqttMsgCount1=0, UnAckMqttMsgCount2=0
2023-08-31 06:20:54.171 DBThread-All: flushed data count = 0
2023-08-31 06:20:54.476 MongoDB.ChkDBThread...
2023-08-31 06:20:57.925 iothub msg_cnt: received 1 messages from iot-hub since last log time, Average=0/Second
2023-08-31 06:21:00.343 AzureIothub devMon: Message from deviceId=ALL, msgType=data, msg={"d":{"IP001":{"IP001:DEVICE_ERROR":-32639.00},"IN001":{"IN001:DEVICE_ERROR":-32639.00,"IN001:N_STATE1":6.00,"IN001:N_STATE2":7.00,"IN001:N_ALARM1":0.00,"IN001:N_ALARM2":0.00,"IN001:N_ALARM3":0.00,"IN001:N_INDCV1":206.20,"IN001:N_INDA01":7.01,"IN001:N_INDCV2":0.00,"IN001:N_INDA02":0.00,"IN001:N_INDCV3":0.00,"IN001:N_INDA03":0.00,"IN001:N_INDCV4":0.00,"IN001:N_INDA04":0.00,"IN001:N_INDCV5":0.00,"IN001:N_INDA05":0.00,"IN001:N_INDCV6":0.00,"IN001:N_INDA06":0.00,"IN001:N_INDCV7":0.00,"IN001:N_INDA07":0.00,"IN001:N_INDCV8":0.00,"IN001:N_INDA08":0.00,"IN001:N_INDCV9":0.00,"IN001:N_INDA09":0.00,"IN001:N_INDCV10":0.00,"IN001:N_INDA10":0.00,"IN001:N_INDCV11":0.00,"IN001:N_INDA11":0.00,"IN001:N_INDCV12":0.00,"IN001:N_INDA12":0.00,"IN001:N_DCW":1.44,"IN001:N_PHVAB":242.10,"IN001:N_PHVBC":0.00,"IN001:N_PHVCA":0.00,"IN001:N_PHVPHA":121.20,"IN001:N_PHVPHB":0.20,"IN001:N_PHVPHC":0.00,"IN001:N_APHA":5.89,"IN001:N_APHB":0.00,"IN001:N_APHC":0.00,"IN001:N_TPKW":2.02,"IN001:N_ACW":1.42,"IN001:N_ACVAR":-0.00,"IN001:N_PF":1.00,"IN001:N_ACHZ":50.02,"IN001:N_DCEFFC":97.97,"IN001:N_TMPCAB":40.70,"IN0..._RIS":3.00,"IN001:N_DVSTAT":512.00,"IN001:N_FLTCODE":0.00,"IN001:N_ACWH":455.53,"IN001:N_GRDCODE":20.00,"IN001:N_MODEL":349.00,"IN001:N_SERNM1":1213608497.00,"IN001:N_SERNM2":1093677108.00,"IN001:N_SERNM3":876163633.00,"IN001:N_SERNM4":0.00,"IN001:N_SERNM5":0.00,"IN001:N_APCTL1":0.00,"IN001:N_APCTL2":100.00,"IN001:N_START":0.00,"IN001:N_STOP":0.00,"IN001:N_TIME":1693493040.00,"IN001:N_GMT":480.00,"IN001:N_ACWHDA":2.28,"IN001:N_NUMSTR":2.00,"IN001:N_NUMMPPT":2.00,"IN001:N_PN":2.00,"IN001:N_PMAX":2.20,"IN001:N_SMAX":2.20,"IN001:N_QMAX_D":1.32,"IN001:N_QMAX_C":0.00,"IN001:N_STATE3":0.00},"IN003":{"IN003:DEVICE_ERROR":-32639.00},"IN004":{"IN004:DEVICE_ERROR":-32639.00},"IN005":{"IN005:DEVICE_ERROR":-32639.00},"WS001":{"WS001:DEVICE_ERROR":-32764.00},"TEST-DEV":{"MQTT_EDGE365_CONNECTED":3.00,"MQTT_EOS_CONNECTED":3.00,"ECU_SERNUM":8406880.00,"POSTAL_CODE":658962.00,"BLOCK":962.00,"BLOCK_ID":3.00,"SIM_CARD_ID":27224.00,"SYS_UPTIME":51458.20,"SYS_CURRENT_TIME":1693462858.00,"MOBILE_IP":248293568.00,"MOBILE_SIGNAL_QUALITY":77.00,"MOBILE_CID":33630723.00,"MOBILE_IMEI":866308063279871.00,"MOBILE_IMSI":525033600196298.00}},"ts":"2023-08-31T06:21:00Z"}
2023-08-31 06:21:00.343 AzureIothub msg_cnt: received 1 messages since last log time, Average=0/Second, TotalReceived=5296, TotalAcked=13, UnAcked=1, UnAckedCntInMap=1
2023-08-31 06:21:00.357 RedisFlushingExecutor_2(2).run: FlushedCount=93, syncTimes=1, data count remain in dataQueue: 91 RtData
2023-08-31 06:21:04.177 DBThread-All: flushed data count = 0
2023-08-31 06:21:04.282 RedisFlushingExecutor_1(1)(false, false, false)
2023-08-31 06:21:04.282 RedisFlushingExecutor_1(1) active log, FlushedCount=1, syncTimes=1
2023-08-31 06:21:04.487 MongoDB.ChkDBThread...
2023-08-31 06:21:07.933 iothub msg_cnt: received 1 messages from iot-hub since last log time, Average=0/Second
2023-08-31 06:21:14.182 DBThread-All: flushed data count = 0
2023-08-31 06:21:14.497 MongoDB.ChkDBThread...
2023-08-31 06:21:17.941 iothub msg_cnt: received 1 messages from iot-hub since last log time, Average=0/Second
2023-08-31 06:21:20.002 TimerThread active log:Ver=2.00.24.01.20230831.1405, MaxMem=3289M, TotalMem=166M, FreeMem=117M, devCntInMem=75, activeCnt=1, tagval_cnt:3/s [0, 0]
    RabbitMQConnStatus=Connected, AzureIotConnStatus=Connected, tagCountInMem=5598, RedisConnCount=0, UnAckMqttMsgCount1=0, UnAckMqttMsgCount2=0
2023-08-31 06:21:24.184 DBThread-All: flushed data count = 0
2023-08-31 06:21:24.507 MongoDB.ChkDBThread...
2023-08-31 06:21:27.948 iothub msg_cnt: received 1 messages from iot-hub since last log time, Average=0/Second
2023-08-31 06:21:30.203 AzureIothub devMon: Message from deviceId=ALL, msgType=data, msg={"d":{"IP001":{"IP001:DEVICE_ERROR":-32764.00},"IN001":{"IN001:DEVICE_ERROR":-32764.00,"IN001:N_STATE1":6.00,"IN001:N_STATE2":7.00,"IN001:N_ALARM1":0.00,"IN001:N_ALARM2":0.00,"IN001:N_ALARM3":0.00,"IN001:N_INDCV1":209.20,"IN001:N_INDA01":8.04,"IN001:N_INDCV2":0.00,"IN001:N_INDA02":0.00,"IN001:N_INDCV3":0.00,"IN001:N_INDA03":0.00,"IN001:N_INDCV4":0.00,"IN001:N_INDA04":0.00,"IN001:N_INDCV5":0.00,"IN001:N_INDA05":0.00,"IN001:N_INDCV6":0.00,"IN001:N_INDA06":0.00,"IN001:N_INDCV7":0.00,"IN001:N_INDA07":0.00,"IN001:N_INDCV8":0.00,"IN001:N_INDA08":0.00,"IN001:N_INDCV9":0.00,"IN001:N_INDA09":0.00,"IN001:N_INDCV10":0.00,"IN001:N_INDA10":0.00,"IN001:N_INDCV11":0.00,"IN001:N_INDA11":0.00,"IN001:N_INDCV12":0.00,"IN001:N_INDA12":0.00,"IN001:N_DCW":1.68,"IN001:N_PHVAB":242.50,"IN001:N_PHVBC":0.00,"IN001:N_PHVCA":0.00,"IN001:N_PHVPHA":121.40,"IN001:N_PHVPHB":0.20,"IN001:N_PHVPHC":0.00,"IN001:N_APHA":6.84,"IN001:N_APHB":0.00,"IN001:N_APHC":0.00,"IN001:N_TPKW":2.02,"IN001:N_ACW":1.65,"IN001:N_ACVAR":-0.00,"IN001:N_PF":1.00,"IN001:N_ACHZ":50.04,"IN001:N_DCEFFC":97.91,"IN001:N_TMPCAB":40.80,"IN0..._RIS":3.00,"IN001:N_DVSTAT":512.00,"IN001:N_FLTCODE":0.00,"IN001:N_ACWH":455.54,"IN001:N_GRDCODE":20.00,"IN001:N_MODEL":349.00,"IN001:N_SERNM1":1213608497.00,"IN001:N_SERNM2":1093677108.00,"IN001:N_SERNM3":876163633.00,"IN001:N_SERNM4":0.00,"IN001:N_SERNM5":0.00,"IN001:N_APCTL1":0.00,"IN001:N_APCTL2":100.00,"IN001:N_START":0.00,"IN001:N_STOP":0.00,"IN001:N_TIME":1693493071.00,"IN001:N_GMT":480.00,"IN001:N_ACWHDA":2.29,"IN001:N_NUMSTR":2.00,"IN001:N_NUMMPPT":2.00,"IN001:N_PN":2.00,"IN001:N_PMAX":2.20,"IN001:N_SMAX":2.20,"IN001:N_QMAX_D":1.32,"IN001:N_QMAX_C":0.00,"IN001:N_STATE3":0.00},"IN003":{"IN003:DEVICE_ERROR":-32764.00},"IN004":{"IN004:DEVICE_ERROR":-32764.00},"IN005":{"IN005:DEVICE_ERROR":-32764.00},"WS001":{"WS001:DEVICE_ERROR":-32639.00},"TEST-DEV":{"MQTT_EDGE365_CONNECTED":3.00,"MQTT_EOS_CONNECTED":3.00,"ECU_SERNUM":8406880.00,"POSTAL_CODE":658962.00,"BLOCK":962.00,"BLOCK_ID":3.00,"SIM_CARD_ID":27224.00,"SYS_UPTIME":51488.22,"SYS_CURRENT_TIME":1693462888.00,"MOBILE_IP":248293568.00,"MOBILE_SIGNAL_QUALITY":74.00,"MOBILE_CID":33630723.00,"MOBILE_IMEI":866308063279871.00,"MOBILE_IMSI":525033600196298.00}},"ts":"2023-08-31T06:21:30Z"}
2023-08-31 06:21:30.203 AzureIothub msg_cnt: received 1 messages since last log time, Average=0/Second, TotalReceived=5297, TotalAcked=14, UnAcked=1, UnAckedCntInMap=1
2023-08-31 06:21:30.214 RedisFlushingExecutor_1(1).run: FlushedCount=0, syncTimes=0, data count remain in dataQueue: 91 RtData
2023-08-31 06:21:32.493 RedisFlushingExecutor_2(2) active log, no hashdata to write, no rtdata to write, no PreOp to retry
2023-08-31 06:21:32.500 RedisFlushingExecutor_1(1) active log, no hashdata to write, no rtdata to write, no PreOp to retry
2023-08-31 06:21:34.186 DBThread-All: flushed data count = 0
2023-08-31 06:21:34.294 RedisFlushingExecutor_2(2)(false, false, false)
2023-08-31 06:21:34.294 RedisFlushingExecutor_2(2) active log, FlushedCount=94, syncTimes=2
2023-08-31 06:21:34.517 MongoDB.ChkDBThread...
2023-08-31 06:21:37.959 iothub msg_cnt: received 1 messages from iot-hub since last log time, Average=0/Second
2023-08-31 06:21:44.188 DBThread-All: flushed data count = 0
2023-08-31 06:21:44.310 DBThreadForFutureData active log, dataEntry=null
2023-08-31 06:21:44.314 DBThreadForTmpdata active log, list count in queue = 0, tmpdataCount = 0
2023-08-31 06:21:44.426 TimerThread: AzureIothub last active time: 2023-08-31 06:21:30.203, total message received=5297
2023-08-31 06:21:44.526 MongoDB.ChkDBThread...
2023-08-31 06:21:47.966 iothub msg_cnt: received 1 messages from iot-hub since last log time, Average=0/Second
2023-08-31 06:21:50.633 TimerThread active log:Ver=2.00.24.01.20230831.1405, MaxMem=3289M, TotalMem=166M, FreeMem=112M, devCntInMem=75, activeCnt=1, tagval_cnt:3/s [0, 0]
    RabbitMQConnStatus=Connected, AzureIotConnStatus=Connected, tagCountInMem=5598, RedisConnCount=0, UnAckMqttMsgCount1=0, UnAckMqttMsgCount2=0
2023-08-31 06:21:54.195 DBThread-All: flushed data count = 0
2023-08-31 06:21:54.536 MongoDB.ChkDBThread...
2023-08-31 06:21:57.974 iothub msg_cnt: received 1 messages from iot-hub since last log time, Average=0/Second
2023-08-31 06:22:00.260 AzureIothub devMon: Message from deviceId=ALL, msgType=data, msg={"d":{"IP001":{"IP001:DEVICE_ERROR":-32639.00},"IN001":{"IN001:DEVICE_ERROR":-32639.00,"IN001:N_STATE1":6.00,"IN001:N_STATE2":7.00,"IN001:N_ALARM1":0.00,"IN001:N_ALARM2":0.00,"IN001:N_ALARM3":0.00,"IN001:N_INDCV1":200.30,"IN001:N_INDA01":8.23,"IN001:N_INDCV2":0.00,"IN001:N_INDA02":0.00,"IN001:N_INDCV3":0.00,"IN001:N_INDA03":0.00,"IN001:N_INDCV4":0.00,"IN001:N_INDA04":0.00,"IN001:N_INDCV5":0.00,"IN001:N_INDA05":0.00,"IN001:N_INDCV6":0.00,"IN001:N_INDA06":0.00,"IN001:N_INDCV7":0.00,"IN001:N_INDA07":0.00,"IN001:N_INDCV8":0.00,"IN001:N_INDA08":0.00,"IN001:N_INDCV9":0.00,"IN001:N_INDA09":0.00,"IN001:N_INDCV10":0.00,"IN001:N_INDA10":0.00,"IN001:N_INDCV11":0.00,"IN001:N_INDA11":0.00,"IN001:N_INDCV12":0.00,"IN001:N_INDA12":0.00,"IN001:N_DCW":1.66,"IN001:N_PHVAB":242.40,"IN001:N_PHVBC":0.00,"IN001:N_PHVCA":0.00,"IN001:N_PHVPHA":121.40,"IN001:N_PHVPHB":0.20,"IN001:N_PHVPHC":0.00,"IN001:N_APHA":6.77,"IN001:N_APHB":0.00,"IN001:N_APHC":0.00,"IN001:N_TPKW":2.02,"IN001:N_ACW":1.63,"IN001:N_ACVAR":0.00,"IN001:N_PF":1.00,"IN001:N_ACHZ":50.01,"IN001:N_DCEFFC":97.94,"IN001:N_TMPCAB":40.80,"IN0...RIS":3.00,"IN001:N_DVSTAT":512.00,"IN001:N_FLTCODE":0.00,"IN001:N_ACWH":455.56,"IN001:N_GRDCODE":20.00,"IN001:N_MODEL":349.00,"IN001:N_SERNM1":1213608497.00,"IN001:N_SERNM2":1093677108.00,"IN001:N_SERNM3":876163633.00,"IN001:N_SERNM4":0.00,"IN001:N_SERNM5":0.00,"IN001:N_APCTL1":0.00,"IN001:N_APCTL2":100.00,"IN001:N_START":0.00,"IN001:N_STOP":0.00,"IN001:N_TIME":1693493102.00,"IN001:N_GMT":480.00,"IN001:N_ACWHDA":2.31,"IN001:N_NUMSTR":2.00,"IN001:N_NUMMPPT":2.00,"IN001:N_PN":2.00,"IN001:N_PMAX":2.20,"IN001:N_SMAX":2.20,"IN001:N_QMAX_D":1.32,"IN001:N_QMAX_C":0.00,"IN001:N_STATE3":0.00},"IN003":{"IN003:DEVICE_ERROR":-32639.00},"IN004":{"IN004:DEVICE_ERROR":-32639.00},"IN005":{"IN005:DEVICE_ERROR":-32639.00},"WS001":{"WS001:DEVICE_ERROR":-32639.00},"TEST-DEV":{"MQTT_EDGE365_CONNECTED":3.00,"MQTT_EOS_CONNECTED":3.00,"ECU_SERNUM":8406880.00,"POSTAL_CODE":658962.00,"BLOCK":962.00,"BLOCK_ID":3.00,"SIM_CARD_ID":27224.00,"SYS_UPTIME":51518.24,"SYS_CURRENT_TIME":1693462918.00,"MOBILE_IP":248293568.00,"MOBILE_SIGNAL_QUALITY":74.00,"MOBILE_CID":33630723.00,"MOBILE_IMEI":866308063279871.00,"MOBILE_IMSI":525033600196298.00}},"ts":"2023-08-31T06:22:00Z"}
2023-08-31 06:22:00.260 AzureIothub msg_cnt: received 1 messages since last log time, Average=0/Second, TotalReceived=5298, TotalAcked=15, UnAcked=1, UnAckedCntInMap=1
2023-08-31 06:22:00.274 RedisFlushingExecutor_1(1).run: FlushedCount=93, syncTimes=1, data count remain in dataQueue: 90 RtData
2023-08-31 06:22:00.900 AzureIothub devMon: Message from deviceId=ALL, msgType=conn, msg={"ts":"2023-08-31T06:22:00Z","d":{"Hbt":1}}
2023-08-31 06:22:04.196 DBThread-All: flushed data count = 0
2023-08-31 06:22:04.546 MongoDB.ChkDBThread...
2023-08-31 06:22:05.288 RedisFlushingExecutor_2(2) active log, FlushedCount=0, syncTimes=0
2023-08-31 06:22:07.981 iothub msg_cnt: received 1 messages from iot-hub since last log time, Average=0/Second
2023-08-31 06:22:14.198 DBThread-All: flushed data count = 0
2023-08-31 06:22:14.556 MongoDB.ChkDBThread...
2023-08-31 06:22:17.990 iothub msg_cnt: received 1 messages from iot-hub since last log time, Average=0/Second
2023-08-31 06:22:21.063 TimerThread active log:Ver=2.00.24.01.20230831.1405, MaxMem=3289M, TotalMem=166M, FreeMem=108M, devCntInMem=75, activeCnt=1, tagval_cnt:3/s [0, 0]
    RabbitMQConnStatus=Connected, AzureIotConnStatus=Connected, tagCountInMem=5598, RedisConnCount=0, UnAckMqttMsgCount1=0, UnAckMqttMsgCount2=0
2023-08-31 06:22:24.200 DBThread-All: flushed data count = 0
