[2023-08-03T00:05:00.020] [INFO] worker - RotationTask current time:  2023-08-03T00:05:00.020Z
[2023-08-03T00:05:00.021] [INFO] www - Message from worker: RotationTask current time: Thu Aug 03 2023 00:05:00 GMT+0000 (Coordinated Universal Time)
[2023-08-03T00:05:00.034] [INFO] rotationCert - The expiration time for the root and intermediate cert has not been reached yet
[2023-08-03T00:05:00.037] [INFO] rotationCert - The expiration time for the intermediate cert has not been reached yet
[2023-08-03T00:05:00.039] [INFO] rotationCert - The expiration time for the device cert has not been reached yet
[2023-08-03T00:30:00.013] [INFO] www - Message from worker: ExpiredTask current time: Thu Aug 03 2023 00:30:00 GMT+0000 (Coordinated Universal Time)
[2023-08-03T00:30:00.012] [INFO] worker - ExpiredTask current time:  2023-08-03T00:30:00.012Z
[2023-08-03T00:30:00.028] [INFO] expiredCert - Getting the retired for the root cert has not been reached yet
[2023-08-03T00:30:00.028] [INFO] expiredCert - Getting the retired for the intermediate cert has not been reached yet
[2023-08-03T00:30:00.028] [INFO] expiredCert - Getting the retired for the device cert has not been reached yet
[2023-08-03T00:30:00.028] [INFO] expiredCert - Getting the retired for the server cert has not been reached yet
[2023-08-03T00:30:00.028] [INFO] expiredCert - expired: certInfo map size  0
[2023-08-03T00:30:00.028] [INFO] expiredCert - expired: certInfo map info  [Map Iterator] {  }
[2023-08-03T01:05:00.018] [INFO] worker - RotationTask current time:  2023-08-03T01:05:00.018Z
[2023-08-03T01:05:00.019] [INFO] www - Message from worker: RotationTask current time: Thu Aug 03 2023 01:05:00 GMT+0000 (Coordinated Universal Time)
[2023-08-03T01:05:00.033] [INFO] rotationCert - The expiration time for the root and intermediate cert has not been reached yet
[2023-08-03T01:05:00.035] [INFO] rotationCert - The expiration time for the intermediate cert has not been reached yet
[2023-08-03T01:05:00.038] [INFO] rotationCert - The expiration time for the device cert has not been reached yet
[2023-08-03T01:30:00.017] [INFO] worker - ExpiredTask current time:  2023-08-03T01:30:00.017Z
[2023-08-03T01:30:00.020] [INFO] www - Message from worker: ExpiredTask current time: Thu Aug 03 2023 01:30:00 GMT+0000 (Coordinated Universal Time)
[2023-08-03T01:30:00.035] [INFO] expiredCert - Getting the retired for the root cert has not been reached yet
[2023-08-03T01:30:00.035] [INFO] expiredCert - Getting the retired for the intermediate cert has not been reached yet
[2023-08-03T01:30:00.035] [INFO] expiredCert - Getting the retired for the device cert has not been reached yet
[2023-08-03T01:30:00.035] [INFO] expiredCert - Getting the retired for the server cert has not been reached yet
[2023-08-03T01:30:00.035] [INFO] expiredCert - expired: certInfo map size  0
[2023-08-03T01:30:00.035] [INFO] expiredCert - expired: certInfo map info  [Map Iterator] {  }
[2023-08-03T02:05:00.004] [INFO] worker - RotationTask current time:  2023-08-03T02:05:00.004Z
[2023-08-03T02:05:00.005] [INFO] www - Message from worker: RotationTask current time: Thu Aug 03 2023 02:05:00 GMT+0000 (Coordinated Universal Time)
[2023-08-03T02:05:00.018] [INFO] rotationCert - The expiration time for the root and intermediate cert has not been reached yet
[2023-08-03T02:05:00.020] [INFO] rotationCert - The expiration time for the intermediate cert has not been reached yet
[2023-08-03T02:05:00.022] [INFO] rotationCert - The expiration time for the device cert has not been reached yet
[2023-08-03T02:30:00.003] [INFO] worker - ExpiredTask current time:  2023-08-03T02:30:00.002Z
[2023-08-03T02:30:00.004] [INFO] www - Message from worker: ExpiredTask current time: Thu Aug 03 2023 02:30:00 GMT+0000 (Coordinated Universal Time)
[2023-08-03T02:30:00.018] [INFO] expiredCert - Getting the retired for the root cert has not been reached yet
[2023-08-03T02:30:00.018] [INFO] expiredCert - Getting the retired for the intermediate cert has not been reached yet
[2023-08-03T02:30:00.018] [INFO] expiredCert - Getting the retired for the device cert has not been reached yet
[2023-08-03T02:30:00.018] [INFO] expiredCert - Getting the retired for the server cert has not been reached yet
[2023-08-03T02:30:00.018] [INFO] expiredCert - expired: certInfo map size  0
[2023-08-03T02:30:00.019] [INFO] expiredCert - expired: certInfo map info  [Map Iterator] {  }
[2023-08-03T03:05:00.015] [INFO] worker - RotationTask current time:  2023-08-03T03:05:00.015Z
[2023-08-03T03:05:00.016] [INFO] www - Message from worker: RotationTask current time: Thu Aug 03 2023 03:05:00 GMT+0000 (Coordinated Universal Time)
[2023-08-03T03:05:00.031] [INFO] rotationCert - The expiration time for the root and intermediate cert has not been reached yet
[2023-08-03T03:05:00.034] [INFO] rotationCert - The expiration time for the intermediate cert has not been reached yet
[2023-08-03T03:05:00.036] [INFO] rotationCert - The expiration time for the device cert has not been reached yet
[2023-08-03T03:30:00.015] [INFO] worker - ExpiredTask current time:  2023-08-03T03:30:00.015Z
[2023-08-03T03:30:00.016] [INFO] www - Message from worker: ExpiredTask current time: Thu Aug 03 2023 03:30:00 GMT+0000 (Coordinated Universal Time)
[2023-08-03T03:30:00.032] [INFO] expiredCert - Getting the retired for the root cert has not been reached yet
[2023-08-03T03:30:00.032] [INFO] expiredCert - Getting the retired for the intermediate cert has not been reached yet
[2023-08-03T03:30:00.032] [INFO] expiredCert - Getting the retired for the device cert has not been reached yet
[2023-08-03T03:30:00.032] [INFO] expiredCert - Getting the retired for the server cert has not been reached yet
[2023-08-03T03:30:00.032] [INFO] expiredCert - expired: certInfo map size  0
[2023-08-03T03:30:00.032] [INFO] expiredCert - expired: certInfo map info  [Map Iterator] {  }
[2023-08-03T04:05:00.004] [INFO] worker - RotationTask current time:  2023-08-03T04:05:00.004Z
[2023-08-03T04:05:00.005] [INFO] www - Message from worker: RotationTask current time: Thu Aug 03 2023 04:05:00 GMT+0000 (Coordinated Universal Time)
[2023-08-03T04:05:00.017] [INFO] rotationCert - The expiration time for the root and intermediate cert has not been reached yet
[2023-08-03T04:05:00.019] [INFO] rotationCert - The expiration time for the intermediate cert has not been reached yet
[2023-08-03T04:05:00.022] [INFO] rotationCert - The expiration time for the device cert has not been reached yet
[2023-08-03T04:30:00.008] [INFO] worker - ExpiredTask current time:  2023-08-03T04:30:00.008Z
[2023-08-03T04:30:00.009] [INFO] www - Message from worker: ExpiredTask current time: Thu Aug 03 2023 04:30:00 GMT+0000 (Coordinated Universal Time)
[2023-08-03T04:30:00.037] [INFO] expiredCert - Getting the retired for the root cert has not been reached yet
[2023-08-03T04:30:00.038] [INFO] expiredCert - Getting the retired for the intermediate cert has not been reached yet
[2023-08-03T04:30:00.038] [INFO] expiredCert - Getting the retired for the device cert has not been reached yet
[2023-08-03T04:30:00.038] [INFO] expiredCert - Getting the retired for the server cert has not been reached yet
[2023-08-03T04:30:00.038] [INFO] expiredCert - expired: certInfo map size  0
[2023-08-03T04:30:00.038] [INFO] expiredCert - expired: certInfo map info  [Map Iterator] {  }
[2023-08-03T05:05:00.003] [INFO] worker - RotationTask current time:  2023-08-03T05:05:00.002Z
[2023-08-03T05:05:00.003] [INFO] www - Message from worker: RotationTask current time: Thu Aug 03 2023 05:05:00 GMT+0000 (Coordinated Universal Time)
[2023-08-03T05:05:00.018] [INFO] rotationCert - The expiration time for the root and intermediate cert has not been reached yet
[2023-08-03T05:05:00.021] [INFO] rotationCert - The expiration time for the intermediate cert has not been reached yet
[2023-08-03T05:05:00.023] [INFO] rotationCert - The expiration time for the device cert has not been reached yet
[2023-08-03T05:30:00.011] [INFO] worker - ExpiredTask current time:  2023-08-03T05:30:00.011Z
[2023-08-03T05:30:00.012] [INFO] www - Message from worker: ExpiredTask current time: Thu Aug 03 2023 05:30:00 GMT+0000 (Coordinated Universal Time)
[2023-08-03T05:30:00.027] [INFO] expiredCert - Getting the retired for the root cert has not been reached yet
[2023-08-03T05:30:00.027] [INFO] expiredCert - Getting the retired for the intermediate cert has not been reached yet
[2023-08-03T05:30:00.027] [INFO] expiredCert - Getting the retired for the device cert has not been reached yet
[2023-08-03T05:30:00.027] [INFO] expiredCert - Getting the retired for the server cert has not been reached yet
[2023-08-03T05:30:00.027] [INFO] expiredCert - expired: certInfo map size  0
[2023-08-03T05:30:00.027] [INFO] expiredCert - expired: certInfo map info  [Map Iterator] {  }
[2023-08-03T06:05:00.007] [INFO] worker - RotationTask current time:  2023-08-03T06:05:00.007Z
[2023-08-03T06:05:00.008] [INFO] www - Message from worker: RotationTask current time: Thu Aug 03 2023 06:05:00 GMT+0000 (Coordinated Universal Time)
[2023-08-03T06:05:00.029] [INFO] rotationCert - The expiration time for the root and intermediate cert has not been reached yet
[2023-08-03T06:05:00.032] [INFO] rotationCert - The expiration time for the intermediate cert has not been reached yet
[2023-08-03T06:05:00.034] [INFO] rotationCert - The expiration time for the device cert has not been reached yet
[2023-08-03T06:30:00.003] [INFO] worker - ExpiredTask current time:  2023-08-03T06:30:00.003Z
[2023-08-03T06:30:00.004] [INFO] www - Message from worker: ExpiredTask current time: Thu Aug 03 2023 06:30:00 GMT+0000 (Coordinated Universal Time)
[2023-08-03T06:30:00.019] [INFO] expiredCert - Getting the retired for the root cert has not been reached yet
[2023-08-03T06:30:00.020] [INFO] expiredCert - Getting the retired for the intermediate cert has not been reached yet
[2023-08-03T06:30:00.020] [INFO] expiredCert - Getting the retired for the device cert has not been reached yet
[2023-08-03T06:30:00.020] [INFO] expiredCert - Getting the retired for the server cert has not been reached yet
[2023-08-03T06:30:00.020] [INFO] expiredCert - expired: certInfo map size  0
[2023-08-03T06:30:00.020] [INFO] expiredCert - expired: certInfo map info  [Map Iterator] {  }
[2023-08-03T07:05:00.006] [INFO] worker - RotationTask current time:  2023-08-03T07:05:00.006Z
[2023-08-03T07:05:00.007] [INFO] www - Message from worker: RotationTask current time: Thu Aug 03 2023 07:05:00 GMT+0000 (Coordinated Universal Time)
[2023-08-03T07:05:00.021] [INFO] rotationCert - The expiration time for the root and intermediate cert has not been reached yet
[2023-08-03T07:05:00.024] [INFO] rotationCert - The expiration time for the intermediate cert has not been reached yet
[2023-08-03T07:05:00.026] [INFO] rotationCert - The expiration time for the device cert has not been reached yet
[2023-08-03T07:30:00.004] [INFO] worker - ExpiredTask current time:  2023-08-03T07:30:00.004Z
[2023-08-03T07:30:00.005] [INFO] www - Message from worker: ExpiredTask current time: Thu Aug 03 2023 07:30:00 GMT+0000 (Coordinated Universal Time)
[2023-08-03T07:30:00.021] [INFO] expiredCert - Getting the retired for the root cert has not been reached yet
[2023-08-03T07:30:00.022] [INFO] expiredCert - Getting the retired for the intermediate cert has not been reached yet
[2023-08-03T07:30:00.022] [INFO] expiredCert - Getting the retired for the device cert has not been reached yet
[2023-08-03T07:30:00.022] [INFO] expiredCert - Getting the retired for the server cert has not been reached yet
[2023-08-03T07:30:00.022] [INFO] expiredCert - expired: certInfo map size  0
[2023-08-03T07:30:00.022] [INFO] expiredCert - expired: certInfo map info  [Map Iterator] {  }
[2023-08-03T08:05:00.005] [INFO] worker - RotationTask current time:  2023-08-03T08:05:00.005Z
[2023-08-03T08:05:00.006] [INFO] www - Message from worker: RotationTask current time: Thu Aug 03 2023 08:05:00 GMT+0000 (Coordinated Universal Time)
[2023-08-03T08:05:00.018] [INFO] rotationCert - The expiration time for the root and intermediate cert has not been reached yet
[2023-08-03T08:05:00.020] [INFO] rotationCert - The expiration time for the intermediate cert has not been reached yet
[2023-08-03T08:05:00.022] [INFO] rotationCert - The expiration time for the device cert has not been reached yet
[2023-08-03T08:30:00.007] [INFO] worker - ExpiredTask current time:  2023-08-03T08:30:00.007Z
[2023-08-03T08:30:00.008] [INFO] www - Message from worker: ExpiredTask current time: Thu Aug 03 2023 08:30:00 GMT+0000 (Coordinated Universal Time)
[2023-08-03T08:30:00.023] [INFO] expiredCert - Getting the retired for the root cert has not been reached yet
[2023-08-03T08:30:00.023] [INFO] expiredCert - Getting the retired for the intermediate cert has not been reached yet
[2023-08-03T08:30:00.023] [INFO] expiredCert - Getting the retired for the device cert has not been reached yet
[2023-08-03T08:30:00.023] [INFO] expiredCert - Getting the retired for the server cert has not been reached yet
[2023-08-03T08:30:00.023] [INFO] expiredCert - expired: certInfo map size  0
[2023-08-03T08:30:00.023] [INFO] expiredCert - expired: certInfo map info  [Map Iterator] {  }
[2023-08-03T09:05:00.002] [INFO] worker - RotationTask current time:  2023-08-03T09:05:00.002Z
[2023-08-03T09:05:00.003] [INFO] www - Message from worker: RotationTask current time: Thu Aug 03 2023 09:05:00 GMT+0000 (Coordinated Universal Time)
[2023-08-03T09:05:00.016] [INFO] rotationCert - The expiration time for the root and intermediate cert has not been reached yet
[2023-08-03T09:05:00.018] [INFO] rotationCert - The expiration time for the intermediate cert has not been reached yet
[2023-08-03T09:05:00.021] [INFO] rotationCert - The expiration time for the device cert has not been reached yet
[2023-08-03T09:30:00.004] [INFO] worker - ExpiredTask current time:  2023-08-03T09:30:00.004Z
[2023-08-03T09:30:00.005] [INFO] www - Message from worker: ExpiredTask current time: Thu Aug 03 2023 09:30:00 GMT+0000 (Coordinated Universal Time)
[2023-08-03T09:30:00.021] [INFO] expiredCert - Getting the retired for the root cert has not been reached yet
[2023-08-03T09:30:00.022] [INFO] expiredCert - Getting the retired for the intermediate cert has not been reached yet
[2023-08-03T09:30:00.022] [INFO] expiredCert - Getting the retired for the device cert has not been reached yet
[2023-08-03T09:30:00.022] [INFO] expiredCert - Getting the retired for the server cert has not been reached yet
[2023-08-03T09:30:00.022] [INFO] expiredCert - expired: certInfo map size  0
[2023-08-03T09:30:00.022] [INFO] expiredCert - expired: certInfo map info  [Map Iterator] {  }
[2023-08-03T10:05:00.055] [INFO] worker - RotationTask current time:  2023-08-03T10:05:00.055Z
[2023-08-03T10:05:00.056] [INFO] www - Message from worker: RotationTask current time: Thu Aug 03 2023 10:05:00 GMT+0000 (Coordinated Universal Time)
[2023-08-03T10:05:00.068] [INFO] rotationCert - The expiration time for the root and intermediate cert has not been reached yet
[2023-08-03T10:05:00.070] [INFO] rotationCert - The expiration time for the intermediate cert has not been reached yet
[2023-08-03T10:05:00.072] [INFO] rotationCert - The expiration time for the device cert has not been reached yet
[2023-08-03T10:30:00.002] [INFO] worker - ExpiredTask current time:  2023-08-03T10:30:00.002Z
[2023-08-03T10:30:00.004] [INFO] www - Message from worker: ExpiredTask current time: Thu Aug 03 2023 10:30:00 GMT+0000 (Coordinated Universal Time)
[2023-08-03T10:30:00.022] [INFO] expiredCert - Getting the retired for the root cert has not been reached yet
[2023-08-03T10:30:00.023] [INFO] expiredCert - Getting the retired for the intermediate cert has not been reached yet
[2023-08-03T10:30:00.023] [INFO] expiredCert - Getting the retired for the device cert has not been reached yet
[2023-08-03T10:30:00.023] [INFO] expiredCert - Getting the retired for the server cert has not been reached yet
[2023-08-03T10:30:00.023] [INFO] expiredCert - expired: certInfo map size  0
[2023-08-03T10:30:00.023] [INFO] expiredCert - expired: certInfo map info  [Map Iterator] {  }
[2023-08-03T11:05:00.039] [INFO] worker - RotationTask current time:  2023-08-03T11:05:00.039Z
[2023-08-03T11:05:00.040] [INFO] www - Message from worker: RotationTask current time: Thu Aug 03 2023 11:05:00 GMT+0000 (Coordinated Universal Time)
[2023-08-03T11:05:00.056] [INFO] rotationCert - The expiration time for the root and intermediate cert has not been reached yet
[2023-08-03T11:05:00.058] [INFO] rotationCert - The expiration time for the intermediate cert has not been reached yet
[2023-08-03T11:05:00.060] [INFO] rotationCert - The expiration time for the device cert has not been reached yet
[2023-08-03T11:30:00.040] [INFO] worker - ExpiredTask current time:  2023-08-03T11:30:00.040Z
[2023-08-03T11:30:00.042] [INFO] www - Message from worker: ExpiredTask current time: Thu Aug 03 2023 11:30:00 GMT+0000 (Coordinated Universal Time)
[2023-08-03T11:30:00.060] [INFO] expiredCert - Getting the retired for the root cert has not been reached yet
[2023-08-03T11:30:00.060] [INFO] expiredCert - Getting the retired for the intermediate cert has not been reached yet
[2023-08-03T11:30:00.060] [INFO] expiredCert - Getting the retired for the device cert has not been reached yet
[2023-08-03T11:30:00.060] [INFO] expiredCert - Getting the retired for the server cert has not been reached yet
[2023-08-03T11:30:00.060] [INFO] expiredCert - expired: certInfo map size  0
[2023-08-03T11:30:00.060] [INFO] expiredCert - expired: certInfo map info  [Map Iterator] {  }
[2023-08-03T12:05:00.048] [INFO] worker - RotationTask current time:  2023-08-03T12:05:00.048Z
[2023-08-03T12:05:00.049] [INFO] www - Message from worker: RotationTask current time: Thu Aug 03 2023 12:05:00 GMT+0000 (Coordinated Universal Time)
[2023-08-03T12:05:00.062] [INFO] rotationCert - The expiration time for the root and intermediate cert has not been reached yet
[2023-08-03T12:05:00.063] [INFO] rotationCert - The expiration time for the intermediate cert has not been reached yet
[2023-08-03T12:05:00.065] [INFO] rotationCert - The expiration time for the device cert has not been reached yet
[2023-08-03T12:30:00.060] [INFO] worker - ExpiredTask current time:  2023-08-03T12:30:00.059Z
[2023-08-03T12:30:00.061] [INFO] www - Message from worker: ExpiredTask current time: Thu Aug 03 2023 12:30:00 GMT+0000 (Coordinated Universal Time)
[2023-08-03T12:30:00.078] [INFO] expiredCert - Getting the retired for the root cert has not been reached yet
[2023-08-03T12:30:00.078] [INFO] expiredCert - Getting the retired for the intermediate cert has not been reached yet
[2023-08-03T12:30:00.078] [INFO] expiredCert - Getting the retired for the device cert has not been reached yet
[2023-08-03T12:30:00.078] [INFO] expiredCert - Getting the retired for the server cert has not been reached yet
[2023-08-03T12:30:00.078] [INFO] expiredCert - expired: certInfo map size  0
[2023-08-03T12:30:00.078] [INFO] expiredCert - expired: certInfo map info  [Map Iterator] {  }
[2023-08-03T13:05:00.045] [INFO] worker - RotationTask current time:  2023-08-03T13:05:00.045Z
[2023-08-03T13:05:00.047] [INFO] www - Message from worker: RotationTask current time: Thu Aug 03 2023 13:05:00 GMT+0000 (Coordinated Universal Time)
[2023-08-03T13:05:00.060] [INFO] rotationCert - The expiration time for the root and intermediate cert has not been reached yet
[2023-08-03T13:05:00.063] [INFO] rotationCert - The expiration time for the intermediate cert has not been reached yet
[2023-08-03T13:05:00.066] [INFO] rotationCert - The expiration time for the device cert has not been reached yet
[2023-08-03T13:30:00.046] [INFO] worker - ExpiredTask current time:  2023-08-03T13:30:00.046Z
[2023-08-03T13:30:00.047] [INFO] www - Message from worker: ExpiredTask current time: Thu Aug 03 2023 13:30:00 GMT+0000 (Coordinated Universal Time)
[2023-08-03T13:30:00.063] [INFO] expiredCert - Getting the retired for the root cert has not been reached yet
[2023-08-03T13:30:00.063] [INFO] expiredCert - Getting the retired for the intermediate cert has not been reached yet
[2023-08-03T13:30:00.063] [INFO] expiredCert - Getting the retired for the device cert has not been reached yet
[2023-08-03T13:30:00.063] [INFO] expiredCert - Getting the retired for the server cert has not been reached yet
[2023-08-03T13:30:00.063] [INFO] expiredCert - expired: certInfo map size  0
[2023-08-03T13:30:00.063] [INFO] expiredCert - expired: certInfo map info  [Map Iterator] {  }
[2023-08-03T14:05:00.006] [INFO] worker - RotationTask current time:  2023-08-03T14:05:00.006Z
[2023-08-03T14:05:00.007] [INFO] www - Message from worker: RotationTask current time: Thu Aug 03 2023 14:05:00 GMT+0000 (Coordinated Universal Time)
[2023-08-03T14:05:00.022] [INFO] rotationCert - The expiration time for the root and intermediate cert has not been reached yet
[2023-08-03T14:05:00.025] [INFO] rotationCert - The expiration time for the intermediate cert has not been reached yet
[2023-08-03T14:05:00.027] [INFO] rotationCert - The expiration time for the device cert has not been reached yet
[2023-08-03T14:30:00.018] [INFO] worker - ExpiredTask current time:  2023-08-03T14:30:00.018Z
[2023-08-03T14:30:00.019] [INFO] www - Message from worker: ExpiredTask current time: Thu Aug 03 2023 14:30:00 GMT+0000 (Coordinated Universal Time)
[2023-08-03T14:30:00.057] [INFO] expiredCert - Getting the retired for the root cert has not been reached yet
[2023-08-03T14:30:00.057] [INFO] expiredCert - Getting the retired for the intermediate cert has not been reached yet
[2023-08-03T14:30:00.057] [INFO] expiredCert - Getting the retired for the device cert has not been reached yet
[2023-08-03T14:30:00.057] [INFO] expiredCert - Getting the retired for the server cert has not been reached yet
[2023-08-03T14:30:00.057] [INFO] expiredCert - expired: certInfo map size  0
[2023-08-03T14:30:00.057] [INFO] expiredCert - expired: certInfo map info  [Map Iterator] {  }
[2023-08-03T15:05:00.027] [INFO] worker - RotationTask current time:  2023-08-03T15:05:00.027Z
[2023-08-03T15:05:00.028] [INFO] www - Message from worker: RotationTask current time: Thu Aug 03 2023 15:05:00 GMT+0000 (Coordinated Universal Time)
[2023-08-03T15:05:00.041] [INFO] rotationCert - The expiration time for the root and intermediate cert has not been reached yet
[2023-08-03T15:05:00.045] [INFO] rotationCert - The expiration time for the intermediate cert has not been reached yet
[2023-08-03T15:05:00.047] [INFO] rotationCert - The expiration time for the device cert has not been reached yet
[2023-08-03T15:30:00.045] [INFO] worker - ExpiredTask current time:  2023-08-03T15:30:00.045Z
[2023-08-03T15:30:00.046] [INFO] www - Message from worker: ExpiredTask current time: Thu Aug 03 2023 15:30:00 GMT+0000 (Coordinated Universal Time)
[2023-08-03T15:30:00.061] [INFO] expiredCert - Getting the retired for the root cert has not been reached yet
[2023-08-03T15:30:00.061] [INFO] expiredCert - Getting the retired for the intermediate cert has not been reached yet
[2023-08-03T15:30:00.061] [INFO] expiredCert - Getting the retired for the device cert has not been reached yet
[2023-08-03T15:30:00.061] [INFO] expiredCert - Getting the retired for the server cert has not been reached yet
[2023-08-03T15:30:00.061] [INFO] expiredCert - expired: certInfo map size  0
[2023-08-03T15:30:00.061] [INFO] expiredCert - expired: certInfo map info  [Map Iterator] {  }
[2023-08-03T16:05:00.051] [INFO] worker - RotationTask current time:  2023-08-03T16:05:00.051Z
[2023-08-03T16:05:00.052] [INFO] www - Message from worker: RotationTask current time: Thu Aug 03 2023 16:05:00 GMT+0000 (Coordinated Universal Time)
[2023-08-03T16:05:00.066] [INFO] rotationCert - The expiration time for the root and intermediate cert has not been reached yet
[2023-08-03T16:05:00.068] [INFO] rotationCert - The expiration time for the intermediate cert has not been reached yet
[2023-08-03T16:05:00.070] [INFO] rotationCert - The expiration time for the device cert has not been reached yet
[2023-08-03T16:30:00.037] [INFO] worker - ExpiredTask current time:  2023-08-03T16:30:00.037Z
[2023-08-03T16:30:00.038] [INFO] www - Message from worker: ExpiredTask current time: Thu Aug 03 2023 16:30:00 GMT+0000 (Coordinated Universal Time)
[2023-08-03T16:30:00.054] [INFO] expiredCert - Getting the retired for the root cert has not been reached yet
[2023-08-03T16:30:00.054] [INFO] expiredCert - Getting the retired for the intermediate cert has not been reached yet
[2023-08-03T16:30:00.054] [INFO] expiredCert - Getting the retired for the device cert has not been reached yet
[2023-08-03T16:30:00.054] [INFO] expiredCert - Getting the retired for the server cert has not been reached yet
[2023-08-03T16:30:00.054] [INFO] expiredCert - expired: certInfo map size  0
[2023-08-03T16:30:00.054] [INFO] expiredCert - expired: certInfo map info  [Map Iterator] {  }
[2023-08-03T17:05:00.008] [INFO] worker - RotationTask current time:  2023-08-03T17:05:00.008Z
[2023-08-03T17:05:00.009] [INFO] www - Message from worker: RotationTask current time: Thu Aug 03 2023 17:05:00 GMT+0000 (Coordinated Universal Time)
[2023-08-03T17:05:00.023] [INFO] rotationCert - The expiration time for the root and intermediate cert has not been reached yet
[2023-08-03T17:05:00.026] [INFO] rotationCert - The expiration time for the intermediate cert has not been reached yet
[2023-08-03T17:05:00.028] [INFO] rotationCert - The expiration time for the device cert has not been reached yet
[2023-08-03T17:30:00.024] [INFO] worker - ExpiredTask current time:  2023-08-03T17:30:00.024Z
[2023-08-03T17:30:00.026] [INFO] www - Message from worker: ExpiredTask current time: Thu Aug 03 2023 17:30:00 GMT+0000 (Coordinated Universal Time)
[2023-08-03T17:30:00.042] [INFO] expiredCert - Getting the retired for the root cert has not been reached yet
[2023-08-03T17:30:00.042] [INFO] expiredCert - Getting the retired for the intermediate cert has not been reached yet
[2023-08-03T17:30:00.042] [INFO] expiredCert - Getting the retired for the device cert has not been reached yet
[2023-08-03T17:30:00.042] [INFO] expiredCert - Getting the retired for the server cert has not been reached yet
[2023-08-03T17:30:00.042] [INFO] expiredCert - expired: certInfo map size  0
[2023-08-03T17:30:00.042] [INFO] expiredCert - expired: certInfo map info  [Map Iterator] {  }
[2023-08-03T18:05:00.047] [INFO] worker - RotationTask current time:  2023-08-03T18:05:00.047Z
[2023-08-03T18:05:00.048] [INFO] www - Message from worker: RotationTask current time: Thu Aug 03 2023 18:05:00 GMT+0000 (Coordinated Universal Time)
[2023-08-03T18:05:00.062] [INFO] rotationCert - The expiration time for the root and intermediate cert has not been reached yet
[2023-08-03T18:05:00.065] [INFO] rotationCert - The expiration time for the intermediate cert has not been reached yet
[2023-08-03T18:05:00.068] [INFO] rotationCert - The expiration time for the device cert has not been reached yet
[2023-08-03T18:30:00.048] [INFO] worker - ExpiredTask current time:  2023-08-03T18:30:00.048Z
[2023-08-03T18:30:00.049] [INFO] www - Message from worker: ExpiredTask current time: Thu Aug 03 2023 18:30:00 GMT+0000 (Coordinated Universal Time)
[2023-08-03T18:30:00.063] [INFO] expiredCert - Getting the retired for the root cert has not been reached yet
[2023-08-03T18:30:00.064] [INFO] expiredCert - Getting the retired for the intermediate cert has not been reached yet
[2023-08-03T18:30:00.064] [INFO] expiredCert - Getting the retired for the device cert has not been reached yet
[2023-08-03T18:30:00.064] [INFO] expiredCert - Getting the retired for the server cert has not been reached yet
[2023-08-03T18:30:00.064] [INFO] expiredCert - expired: certInfo map size  0
[2023-08-03T18:30:00.064] [INFO] expiredCert - expired: certInfo map info  [Map Iterator] {  }
[2023-08-03T19:05:00.042] [INFO] worker - RotationTask current time:  2023-08-03T19:05:00.042Z
[2023-08-03T19:05:00.042] [INFO] www - Message from worker: RotationTask current time: Thu Aug 03 2023 19:05:00 GMT+0000 (Coordinated Universal Time)
[2023-08-03T19:05:00.055] [INFO] rotationCert - The expiration time for the root and intermediate cert has not been reached yet
[2023-08-03T19:05:00.057] [INFO] rotationCert - The expiration time for the intermediate cert has not been reached yet
[2023-08-03T19:05:00.061] [INFO] rotationCert - The expiration time for the device cert has not been reached yet
[2023-08-03T19:30:00.004] [INFO] worker - ExpiredTask current time:  2023-08-03T19:30:00.004Z
[2023-08-03T19:30:00.005] [INFO] www - Message from worker: ExpiredTask current time: Thu Aug 03 2023 19:30:00 GMT+0000 (Coordinated Universal Time)
[2023-08-03T19:30:00.018] [INFO] expiredCert - Getting the retired for the root cert has not been reached yet
[2023-08-03T19:30:00.018] [INFO] expiredCert - Getting the retired for the intermediate cert has not been reached yet
[2023-08-03T19:30:00.018] [INFO] expiredCert - Getting the retired for the device cert has not been reached yet
[2023-08-03T19:30:00.019] [INFO] expiredCert - Getting the retired for the server cert has not been reached yet
[2023-08-03T19:30:00.019] [INFO] expiredCert - expired: certInfo map size  0
[2023-08-03T19:30:00.019] [INFO] expiredCert - expired: certInfo map info  [Map Iterator] {  }
[2023-08-03T20:05:00.036] [INFO] worker - RotationTask current time:  2023-08-03T20:05:00.036Z
[2023-08-03T20:05:00.036] [INFO] www - Message from worker: RotationTask current time: Thu Aug 03 2023 20:05:00 GMT+0000 (Coordinated Universal Time)
[2023-08-03T20:05:00.058] [INFO] rotationCert - The expiration time for the root and intermediate cert has not been reached yet
[2023-08-03T20:05:00.060] [INFO] rotationCert - The expiration time for the intermediate cert has not been reached yet
[2023-08-03T20:05:00.062] [INFO] rotationCert - The expiration time for the device cert has not been reached yet
[2023-08-03T20:30:00.029] [INFO] worker - ExpiredTask current time:  2023-08-03T20:30:00.029Z
[2023-08-03T20:30:00.030] [INFO] www - Message from worker: ExpiredTask current time: Thu Aug 03 2023 20:30:00 GMT+0000 (Coordinated Universal Time)
[2023-08-03T20:30:00.048] [INFO] expiredCert - Getting the retired for the root cert has not been reached yet
[2023-08-03T20:30:00.048] [INFO] expiredCert - Getting the retired for the intermediate cert has not been reached yet
[2023-08-03T20:30:00.048] [INFO] expiredCert - Getting the retired for the device cert has not been reached yet
[2023-08-03T20:30:00.048] [INFO] expiredCert - Getting the retired for the server cert has not been reached yet
[2023-08-03T20:30:00.048] [INFO] expiredCert - expired: certInfo map size  0
[2023-08-03T20:30:00.048] [INFO] expiredCert - expired: certInfo map info  [Map Iterator] {  }
[2023-08-03T21:05:00.013] [INFO] worker - RotationTask current time:  2023-08-03T21:05:00.013Z
[2023-08-03T21:05:00.014] [INFO] www - Message from worker: RotationTask current time: Thu Aug 03 2023 21:05:00 GMT+0000 (Coordinated Universal Time)
[2023-08-03T21:05:00.031] [INFO] rotationCert - The expiration time for the root and intermediate cert has not been reached yet
[2023-08-03T21:05:00.033] [INFO] rotationCert - The expiration time for the intermediate cert has not been reached yet
[2023-08-03T21:05:00.036] [INFO] rotationCert - The expiration time for the device cert has not been reached yet
[2023-08-03T21:30:00.024] [INFO] worker - ExpiredTask current time:  2023-08-03T21:30:00.024Z
[2023-08-03T21:30:00.025] [INFO] www - Message from worker: ExpiredTask current time: Thu Aug 03 2023 21:30:00 GMT+0000 (Coordinated Universal Time)
[2023-08-03T21:30:00.042] [INFO] expiredCert - Getting the retired for the root cert has not been reached yet
[2023-08-03T21:30:00.042] [INFO] expiredCert - Getting the retired for the intermediate cert has not been reached yet
[2023-08-03T21:30:00.042] [INFO] expiredCert - Getting the retired for the device cert has not been reached yet
[2023-08-03T21:30:00.042] [INFO] expiredCert - Getting the retired for the server cert has not been reached yet
[2023-08-03T21:30:00.042] [INFO] expiredCert - expired: certInfo map size  0
[2023-08-03T21:30:00.042] [INFO] expiredCert - expired: certInfo map info  [Map Iterator] {  }
[2023-08-03T22:05:00.028] [INFO] worker - RotationTask current time:  2023-08-03T22:05:00.028Z
[2023-08-03T22:05:00.028] [INFO] www - Message from worker: RotationTask current time: Thu Aug 03 2023 22:05:00 GMT+0000 (Coordinated Universal Time)
[2023-08-03T22:05:00.041] [INFO] rotationCert - The expiration time for the root and intermediate cert has not been reached yet
[2023-08-03T22:05:00.043] [INFO] rotationCert - The expiration time for the intermediate cert has not been reached yet
[2023-08-03T22:05:00.046] [INFO] rotationCert - The expiration time for the device cert has not been reached yet
[2023-08-03T22:30:00.041] [INFO] worker - ExpiredTask current time:  2023-08-03T22:30:00.041Z
[2023-08-03T22:30:00.042] [INFO] www - Message from worker: ExpiredTask current time: Thu Aug 03 2023 22:30:00 GMT+0000 (Coordinated Universal Time)
[2023-08-03T22:30:00.058] [INFO] expiredCert - Getting the retired for the root cert has not been reached yet
[2023-08-03T22:30:00.058] [INFO] expiredCert - Getting the retired for the intermediate cert has not been reached yet
[2023-08-03T22:30:00.058] [INFO] expiredCert - Getting the retired for the device cert has not been reached yet
[2023-08-03T22:30:00.059] [INFO] expiredCert - Getting the retired for the server cert has not been reached yet
[2023-08-03T22:30:00.059] [INFO] expiredCert - expired: certInfo map size  0
[2023-08-03T22:30:00.059] [INFO] expiredCert - expired: certInfo map info  [Map Iterator] {  }
[2023-08-03T23:05:00.019] [INFO] worker - RotationTask current time:  2023-08-03T23:05:00.019Z
[2023-08-03T23:05:00.019] [INFO] www - Message from worker: RotationTask current time: Thu Aug 03 2023 23:05:00 GMT+0000 (Coordinated Universal Time)
[2023-08-03T23:05:00.033] [INFO] rotationCert - The expiration time for the root and intermediate cert has not been reached yet
[2023-08-03T23:05:00.034] [INFO] rotationCert - The expiration time for the intermediate cert has not been reached yet
[2023-08-03T23:05:00.037] [INFO] rotationCert - The expiration time for the device cert has not been reached yet
[2023-08-03T23:30:00.035] [INFO] worker - ExpiredTask current time:  2023-08-03T23:30:00.035Z
[2023-08-03T23:30:00.037] [INFO] www - Message from worker: ExpiredTask current time: Thu Aug 03 2023 23:30:00 GMT+0000 (Coordinated Universal Time)
[2023-08-03T23:30:00.058] [INFO] expiredCert - Getting the retired for the root cert has not been reached yet
[2023-08-03T23:30:00.058] [INFO] expiredCert - Getting the retired for the intermediate cert has not been reached yet
[2023-08-03T23:30:00.058] [INFO] expiredCert - Getting the retired for the device cert has not been reached yet
[2023-08-03T23:30:00.058] [INFO] expiredCert - Getting the retired for the server cert has not been reached yet
[2023-08-03T23:30:00.058] [INFO] expiredCert - expired: certInfo map size  0
[2023-08-03T23:30:00.058] [INFO] expiredCert - expired: certInfo map info  [Map Iterator] {  }
