[2023-08-08T00:05:00.049] [INFO] worker - RotationTask current time:  2023-08-08T00:05:00.049Z
[2023-08-08T00:05:00.050] [INFO] www - Message from worker: RotationTask current time: Tue Aug 08 2023 00:05:00 GMT+0000 (Coordinated Universal Time)
[2023-08-08T00:05:00.065] [INFO] rotationCert - The expiration time for the root and intermediate cert has not been reached yet
[2023-08-08T00:05:00.067] [INFO] rotationCert - The expiration time for the intermediate cert has not been reached yet
[2023-08-08T00:05:00.070] [INFO] rotationCert - The expiration time for the device cert has not been reached yet
[2023-08-08T00:30:00.029] [INFO] www - Message from worker: ExpiredTask current time: Tue Aug 08 2023 00:30:00 GMT+0000 (Coordinated Universal Time)
[2023-08-08T00:30:00.027] [INFO] worker - ExpiredTask current time:  2023-08-08T00:30:00.027Z
[2023-08-08T00:30:00.045] [INFO] expiredCert - Getting the retired for the root cert has not been reached yet
[2023-08-08T00:30:00.045] [INFO] expiredCert - Getting the retired for the intermediate cert has not been reached yet
[2023-08-08T00:30:00.045] [INFO] expiredCert - Getting the retired for the device cert has not been reached yet
[2023-08-08T00:30:00.045] [INFO] expiredCert - Getting the retired for the server cert has not been reached yet
[2023-08-08T00:30:00.045] [INFO] expiredCert - expired: certInfo map size  0
[2023-08-08T00:30:00.045] [INFO] expiredCert - expired: certInfo map info  [Map Iterator] {  }
[2023-08-08T01:05:00.019] [INFO] worker - RotationTask current time:  2023-08-08T01:05:00.019Z
[2023-08-08T01:05:00.020] [INFO] www - Message from worker: RotationTask current time: Tue Aug 08 2023 01:05:00 GMT+0000 (Coordinated Universal Time)
[2023-08-08T01:05:00.033] [INFO] rotationCert - The expiration time for the root and intermediate cert has not been reached yet
[2023-08-08T01:05:00.036] [INFO] rotationCert - The expiration time for the intermediate cert has not been reached yet
[2023-08-08T01:05:00.038] [INFO] rotationCert - The expiration time for the device cert has not been reached yet
[2023-08-08T01:30:00.021] [INFO] worker - ExpiredTask current time:  2023-08-08T01:30:00.021Z
[2023-08-08T01:30:00.022] [INFO] www - Message from worker: ExpiredTask current time: Tue Aug 08 2023 01:30:00 GMT+0000 (Coordinated Universal Time)
[2023-08-08T01:30:00.038] [INFO] expiredCert - Getting the retired for the root cert has not been reached yet
[2023-08-08T01:30:00.038] [INFO] expiredCert - Getting the retired for the intermediate cert has not been reached yet
[2023-08-08T01:30:00.038] [INFO] expiredCert - Getting the retired for the device cert has not been reached yet
[2023-08-08T01:30:00.038] [INFO] expiredCert - Getting the retired for the server cert has not been reached yet
[2023-08-08T01:30:00.038] [INFO] expiredCert - expired: certInfo map size  0
[2023-08-08T01:30:00.039] [INFO] expiredCert - expired: certInfo map info  [Map Iterator] {  }
[2023-08-08T02:05:00.037] [INFO] worker - RotationTask current time:  2023-08-08T02:05:00.037Z
[2023-08-08T02:05:00.039] [INFO] www - Message from worker: RotationTask current time: Tue Aug 08 2023 02:05:00 GMT+0000 (Coordinated Universal Time)
[2023-08-08T02:05:00.062] [INFO] rotationCert - The expiration time for the root and intermediate cert has not been reached yet
[2023-08-08T02:05:00.064] [INFO] rotationCert - The expiration time for the intermediate cert has not been reached yet
[2023-08-08T02:05:00.066] [INFO] rotationCert - The expiration time for the device cert has not been reached yet
[2023-08-08T02:30:00.025] [INFO] worker - ExpiredTask current time:  2023-08-08T02:30:00.025Z
[2023-08-08T02:30:00.026] [INFO] www - Message from worker: ExpiredTask current time: Tue Aug 08 2023 02:30:00 GMT+0000 (Coordinated Universal Time)
[2023-08-08T02:30:00.042] [INFO] expiredCert - Getting the retired for the root cert has not been reached yet
[2023-08-08T02:30:00.042] [INFO] expiredCert - Getting the retired for the intermediate cert has not been reached yet
[2023-08-08T02:30:00.042] [INFO] expiredCert - Getting the retired for the device cert has not been reached yet
[2023-08-08T02:30:00.042] [INFO] expiredCert - Getting the retired for the server cert has not been reached yet
[2023-08-08T02:30:00.042] [INFO] expiredCert - expired: certInfo map size  0
[2023-08-08T02:30:00.042] [INFO] expiredCert - expired: certInfo map info  [Map Iterator] {  }
[2023-08-08T03:05:00.043] [INFO] worker - RotationTask current time:  2023-08-08T03:05:00.043Z
[2023-08-08T03:05:00.045] [INFO] www - Message from worker: RotationTask current time: Tue Aug 08 2023 03:05:00 GMT+0000 (Coordinated Universal Time)
[2023-08-08T03:05:00.058] [INFO] rotationCert - The expiration time for the root and intermediate cert has not been reached yet
[2023-08-08T03:05:00.061] [INFO] rotationCert - The expiration time for the intermediate cert has not been reached yet
[2023-08-08T03:05:00.063] [INFO] rotationCert - The expiration time for the device cert has not been reached yet
[2023-08-08T03:30:00.025] [INFO] worker - ExpiredTask current time:  2023-08-08T03:30:00.025Z
[2023-08-08T03:30:00.027] [INFO] www - Message from worker: ExpiredTask current time: Tue Aug 08 2023 03:30:00 GMT+0000 (Coordinated Universal Time)
[2023-08-08T03:30:00.041] [INFO] expiredCert - Getting the retired for the root cert has not been reached yet
[2023-08-08T03:30:00.042] [INFO] expiredCert - Getting the retired for the intermediate cert has not been reached yet
[2023-08-08T03:30:00.042] [INFO] expiredCert - Getting the retired for the device cert has not been reached yet
[2023-08-08T03:30:00.042] [INFO] expiredCert - Getting the retired for the server cert has not been reached yet
[2023-08-08T03:30:00.042] [INFO] expiredCert - expired: certInfo map size  0
[2023-08-08T03:30:00.042] [INFO] expiredCert - expired: certInfo map info  [Map Iterator] {  }
[2023-08-08T04:05:00.003] [INFO] worker - RotationTask current time:  2023-08-08T04:05:00.003Z
[2023-08-08T04:05:00.003] [INFO] www - Message from worker: RotationTask current time: Tue Aug 08 2023 04:05:00 GMT+0000 (Coordinated Universal Time)
[2023-08-08T04:05:00.018] [INFO] rotationCert - The expiration time for the root and intermediate cert has not been reached yet
[2023-08-08T04:05:00.020] [INFO] rotationCert - The expiration time for the intermediate cert has not been reached yet
[2023-08-08T04:05:00.023] [INFO] rotationCert - The expiration time for the device cert has not been reached yet
[2023-08-08T04:30:00.019] [INFO] worker - ExpiredTask current time:  2023-08-08T04:30:00.019Z
[2023-08-08T04:30:00.021] [INFO] www - Message from worker: ExpiredTask current time: Tue Aug 08 2023 04:30:00 GMT+0000 (Coordinated Universal Time)
[2023-08-08T04:30:00.036] [INFO] expiredCert - Getting the retired for the root cert has not been reached yet
[2023-08-08T04:30:00.036] [INFO] expiredCert - Getting the retired for the intermediate cert has not been reached yet
[2023-08-08T04:30:00.036] [INFO] expiredCert - Getting the retired for the device cert has not been reached yet
[2023-08-08T04:30:00.036] [INFO] expiredCert - Getting the retired for the server cert has not been reached yet
[2023-08-08T04:30:00.036] [INFO] expiredCert - expired: certInfo map size  0
[2023-08-08T04:30:00.036] [INFO] expiredCert - expired: certInfo map info  [Map Iterator] {  }
[2023-08-08T05:05:00.041] [INFO] worker - RotationTask current time:  2023-08-08T05:05:00.041Z
[2023-08-08T05:05:00.042] [INFO] www - Message from worker: RotationTask current time: Tue Aug 08 2023 05:05:00 GMT+0000 (Coordinated Universal Time)
[2023-08-08T05:05:00.054] [INFO] rotationCert - The expiration time for the root and intermediate cert has not been reached yet
[2023-08-08T05:05:00.058] [INFO] rotationCert - The expiration time for the intermediate cert has not been reached yet
[2023-08-08T05:05:00.060] [INFO] rotationCert - The expiration time for the device cert has not been reached yet
[2023-08-08T05:30:00.007] [INFO] worker - ExpiredTask current time:  2023-08-08T05:30:00.007Z
[2023-08-08T05:30:00.008] [INFO] www - Message from worker: ExpiredTask current time: Tue Aug 08 2023 05:30:00 GMT+0000 (Coordinated Universal Time)
[2023-08-08T05:30:00.024] [INFO] expiredCert - Getting the retired for the root cert has not been reached yet
[2023-08-08T05:30:00.024] [INFO] expiredCert - Getting the retired for the intermediate cert has not been reached yet
[2023-08-08T05:30:00.024] [INFO] expiredCert - Getting the retired for the device cert has not been reached yet
[2023-08-08T05:30:00.024] [INFO] expiredCert - Getting the retired for the server cert has not been reached yet
[2023-08-08T05:30:00.024] [INFO] expiredCert - expired: certInfo map size  0
[2023-08-08T05:30:00.024] [INFO] expiredCert - expired: certInfo map info  [Map Iterator] {  }
[2023-08-08T06:05:00.007] [INFO] worker - RotationTask current time:  2023-08-08T06:05:00.007Z
[2023-08-08T06:05:00.007] [INFO] www - Message from worker: RotationTask current time: Tue Aug 08 2023 06:05:00 GMT+0000 (Coordinated Universal Time)
[2023-08-08T06:05:00.023] [INFO] rotationCert - The expiration time for the root and intermediate cert has not been reached yet
[2023-08-08T06:05:00.026] [INFO] rotationCert - The expiration time for the intermediate cert has not been reached yet
[2023-08-08T06:05:00.029] [INFO] rotationCert - The expiration time for the device cert has not been reached yet
[2023-08-08T06:30:00.041] [INFO] worker - ExpiredTask current time:  2023-08-08T06:30:00.041Z
[2023-08-08T06:30:00.042] [INFO] www - Message from worker: ExpiredTask current time: Tue Aug 08 2023 06:30:00 GMT+0000 (Coordinated Universal Time)
[2023-08-08T06:30:00.058] [INFO] expiredCert - Getting the retired for the root cert has not been reached yet
[2023-08-08T06:30:00.059] [INFO] expiredCert - Getting the retired for the intermediate cert has not been reached yet
[2023-08-08T06:30:00.059] [INFO] expiredCert - Getting the retired for the device cert has not been reached yet
[2023-08-08T06:30:00.059] [INFO] expiredCert - Getting the retired for the server cert has not been reached yet
[2023-08-08T06:30:00.059] [INFO] expiredCert - expired: certInfo map size  0
[2023-08-08T06:30:00.059] [INFO] expiredCert - expired: certInfo map info  [Map Iterator] {  }
[2023-08-08T07:05:00.035] [INFO] worker - RotationTask current time:  2023-08-08T07:05:00.035Z
[2023-08-08T07:05:00.035] [INFO] www - Message from worker: RotationTask current time: Tue Aug 08 2023 07:05:00 GMT+0000 (Coordinated Universal Time)
[2023-08-08T07:05:00.050] [INFO] rotationCert - The expiration time for the root and intermediate cert has not been reached yet
[2023-08-08T07:05:00.053] [INFO] rotationCert - The expiration time for the intermediate cert has not been reached yet
[2023-08-08T07:05:00.055] [INFO] rotationCert - The expiration time for the device cert has not been reached yet
[2023-08-08T07:30:00.004] [INFO] worker - ExpiredTask current time:  2023-08-08T07:30:00.004Z
[2023-08-08T07:30:00.005] [INFO] www - Message from worker: ExpiredTask current time: Tue Aug 08 2023 07:30:00 GMT+0000 (Coordinated Universal Time)
[2023-08-08T07:30:00.020] [INFO] expiredCert - Getting the retired for the root cert has not been reached yet
[2023-08-08T07:30:00.021] [INFO] expiredCert - Getting the retired for the intermediate cert has not been reached yet
[2023-08-08T07:30:00.021] [INFO] expiredCert - Getting the retired for the device cert has not been reached yet
[2023-08-08T07:30:00.021] [INFO] expiredCert - Getting the retired for the server cert has not been reached yet
[2023-08-08T07:30:00.021] [INFO] expiredCert - expired: certInfo map size  0
[2023-08-08T07:30:00.021] [INFO] expiredCert - expired: certInfo map info  [Map Iterator] {  }
[2023-08-08T08:05:00.036] [INFO] worker - RotationTask current time:  2023-08-08T08:05:00.036Z
[2023-08-08T08:05:00.037] [INFO] www - Message from worker: RotationTask current time: Tue Aug 08 2023 08:05:00 GMT+0000 (Coordinated Universal Time)
[2023-08-08T08:05:00.058] [INFO] rotationCert - The expiration time for the root and intermediate cert has not been reached yet
[2023-08-08T08:05:00.062] [INFO] rotationCert - The expiration time for the intermediate cert has not been reached yet
[2023-08-08T08:05:00.064] [INFO] rotationCert - The expiration time for the device cert has not been reached yet
[2023-08-08T08:30:00.029] [INFO] worker - ExpiredTask current time:  2023-08-08T08:30:00.029Z
[2023-08-08T08:30:00.030] [INFO] www - Message from worker: ExpiredTask current time: Tue Aug 08 2023 08:30:00 GMT+0000 (Coordinated Universal Time)
[2023-08-08T08:30:00.047] [INFO] expiredCert - Getting the retired for the root cert has not been reached yet
[2023-08-08T08:30:00.047] [INFO] expiredCert - Getting the retired for the intermediate cert has not been reached yet
[2023-08-08T08:30:00.047] [INFO] expiredCert - Getting the retired for the device cert has not been reached yet
[2023-08-08T08:30:00.047] [INFO] expiredCert - Getting the retired for the server cert has not been reached yet
[2023-08-08T08:30:00.047] [INFO] expiredCert - expired: certInfo map size  0
[2023-08-08T08:30:00.047] [INFO] expiredCert - expired: certInfo map info  [Map Iterator] {  }
[2023-08-08T09:05:00.025] [INFO] worker - RotationTask current time:  2023-08-08T09:05:00.025Z
[2023-08-08T09:05:00.025] [INFO] www - Message from worker: RotationTask current time: Tue Aug 08 2023 09:05:00 GMT+0000 (Coordinated Universal Time)
[2023-08-08T09:05:00.039] [INFO] rotationCert - The expiration time for the root and intermediate cert has not been reached yet
[2023-08-08T09:05:00.041] [INFO] rotationCert - The expiration time for the intermediate cert has not been reached yet
[2023-08-08T09:05:00.044] [INFO] rotationCert - The expiration time for the device cert has not been reached yet
[2023-08-08T09:30:00.017] [INFO] worker - ExpiredTask current time:  2023-08-08T09:30:00.017Z
[2023-08-08T09:30:00.018] [INFO] www - Message from worker: ExpiredTask current time: Tue Aug 08 2023 09:30:00 GMT+0000 (Coordinated Universal Time)
[2023-08-08T09:30:00.038] [INFO] expiredCert - Getting the retired for the root cert has not been reached yet
[2023-08-08T09:30:00.038] [INFO] expiredCert - Getting the retired for the intermediate cert has not been reached yet
[2023-08-08T09:30:00.038] [INFO] expiredCert - Getting the retired for the device cert has not been reached yet
[2023-08-08T09:30:00.038] [INFO] expiredCert - Getting the retired for the server cert has not been reached yet
[2023-08-08T09:30:00.038] [INFO] expiredCert - expired: certInfo map size  0
[2023-08-08T09:30:00.038] [INFO] expiredCert - expired: certInfo map info  [Map Iterator] {  }
[2023-08-08T10:05:00.022] [INFO] worker - RotationTask current time:  2023-08-08T10:05:00.022Z
[2023-08-08T10:05:00.022] [INFO] www - Message from worker: RotationTask current time: Tue Aug 08 2023 10:05:00 GMT+0000 (Coordinated Universal Time)
[2023-08-08T10:05:00.036] [INFO] rotationCert - The expiration time for the root and intermediate cert has not been reached yet
[2023-08-08T10:05:00.040] [INFO] rotationCert - The expiration time for the intermediate cert has not been reached yet
[2023-08-08T10:05:00.042] [INFO] rotationCert - The expiration time for the device cert has not been reached yet
[2023-08-08T10:30:00.006] [INFO] worker - ExpiredTask current time:  2023-08-08T10:30:00.005Z
[2023-08-08T10:30:00.007] [INFO] www - Message from worker: ExpiredTask current time: Tue Aug 08 2023 10:30:00 GMT+0000 (Coordinated Universal Time)
[2023-08-08T10:30:00.023] [INFO] expiredCert - Getting the retired for the root cert has not been reached yet
[2023-08-08T10:30:00.024] [INFO] expiredCert - Getting the retired for the intermediate cert has not been reached yet
[2023-08-08T10:30:00.024] [INFO] expiredCert - Getting the retired for the device cert has not been reached yet
[2023-08-08T10:30:00.024] [INFO] expiredCert - Getting the retired for the server cert has not been reached yet
[2023-08-08T10:30:00.024] [INFO] expiredCert - expired: certInfo map size  0
[2023-08-08T10:30:00.024] [INFO] expiredCert - expired: certInfo map info  [Map Iterator] {  }
[2023-08-08T11:05:00.030] [INFO] worker - RotationTask current time:  2023-08-08T11:05:00.030Z
[2023-08-08T11:05:00.031] [INFO] www - Message from worker: RotationTask current time: Tue Aug 08 2023 11:05:00 GMT+0000 (Coordinated Universal Time)
[2023-08-08T11:05:00.046] [INFO] rotationCert - The expiration time for the root and intermediate cert has not been reached yet
[2023-08-08T11:05:00.048] [INFO] rotationCert - The expiration time for the intermediate cert has not been reached yet
[2023-08-08T11:05:00.051] [INFO] rotationCert - The expiration time for the device cert has not been reached yet
[2023-08-08T11:30:00.012] [INFO] worker - ExpiredTask current time:  2023-08-08T11:30:00.011Z
[2023-08-08T11:30:00.013] [INFO] www - Message from worker: ExpiredTask current time: Tue Aug 08 2023 11:30:00 GMT+0000 (Coordinated Universal Time)
[2023-08-08T11:30:00.027] [INFO] expiredCert - Getting the retired for the root cert has not been reached yet
[2023-08-08T11:30:00.027] [INFO] expiredCert - Getting the retired for the intermediate cert has not been reached yet
[2023-08-08T11:30:00.027] [INFO] expiredCert - Getting the retired for the device cert has not been reached yet
[2023-08-08T11:30:00.027] [INFO] expiredCert - Getting the retired for the server cert has not been reached yet
[2023-08-08T11:30:00.027] [INFO] expiredCert - expired: certInfo map size  0
[2023-08-08T11:30:00.027] [INFO] expiredCert - expired: certInfo map info  [Map Iterator] {  }
[2023-08-08T12:05:00.005] [INFO] worker - RotationTask current time:  2023-08-08T12:05:00.005Z
[2023-08-08T12:05:00.006] [INFO] www - Message from worker: RotationTask current time: Tue Aug 08 2023 12:05:00 GMT+0000 (Coordinated Universal Time)
[2023-08-08T12:05:00.019] [INFO] rotationCert - The expiration time for the root and intermediate cert has not been reached yet
[2023-08-08T12:05:00.021] [INFO] rotationCert - The expiration time for the intermediate cert has not been reached yet
[2023-08-08T12:05:00.023] [INFO] rotationCert - The expiration time for the device cert has not been reached yet
[2023-08-08T12:30:00.019] [INFO] worker - ExpiredTask current time:  2023-08-08T12:30:00.019Z
[2023-08-08T12:30:00.020] [INFO] www - Message from worker: ExpiredTask current time: Tue Aug 08 2023 12:30:00 GMT+0000 (Coordinated Universal Time)
[2023-08-08T12:30:00.038] [INFO] expiredCert - Getting the retired for the root cert has not been reached yet
[2023-08-08T12:30:00.038] [INFO] expiredCert - Getting the retired for the intermediate cert has not been reached yet
[2023-08-08T12:30:00.038] [INFO] expiredCert - Getting the retired for the device cert has not been reached yet
[2023-08-08T12:30:00.038] [INFO] expiredCert - Getting the retired for the server cert has not been reached yet
[2023-08-08T12:30:00.038] [INFO] expiredCert - expired: certInfo map size  0
[2023-08-08T12:30:00.038] [INFO] expiredCert - expired: certInfo map info  [Map Iterator] {  }
[2023-08-08T13:05:00.004] [INFO] worker - RotationTask current time:  2023-08-08T13:05:00.004Z
[2023-08-08T13:05:00.005] [INFO] www - Message from worker: RotationTask current time: Tue Aug 08 2023 13:05:00 GMT+0000 (Coordinated Universal Time)
[2023-08-08T13:05:00.019] [INFO] rotationCert - The expiration time for the root and intermediate cert has not been reached yet
[2023-08-08T13:05:00.022] [INFO] rotationCert - The expiration time for the intermediate cert has not been reached yet
[2023-08-08T13:05:00.025] [INFO] rotationCert - The expiration time for the device cert has not been reached yet
[2023-08-08T13:30:00.013] [INFO] worker - ExpiredTask current time:  2023-08-08T13:30:00.013Z
[2023-08-08T13:30:00.014] [INFO] www - Message from worker: ExpiredTask current time: Tue Aug 08 2023 13:30:00 GMT+0000 (Coordinated Universal Time)
[2023-08-08T13:30:00.027] [INFO] expiredCert - Getting the retired for the root cert has not been reached yet
[2023-08-08T13:30:00.027] [INFO] expiredCert - Getting the retired for the intermediate cert has not been reached yet
[2023-08-08T13:30:00.027] [INFO] expiredCert - Getting the retired for the device cert has not been reached yet
[2023-08-08T13:30:00.027] [INFO] expiredCert - Getting the retired for the server cert has not been reached yet
[2023-08-08T13:30:00.027] [INFO] expiredCert - expired: certInfo map size  0
[2023-08-08T13:30:00.027] [INFO] expiredCert - expired: certInfo map info  [Map Iterator] {  }
[2023-08-08T14:05:00.010] [INFO] worker - RotationTask current time:  2023-08-08T14:05:00.010Z
[2023-08-08T14:05:00.011] [INFO] www - Message from worker: RotationTask current time: Tue Aug 08 2023 14:05:00 GMT+0000 (Coordinated Universal Time)
[2023-08-08T14:05:00.026] [INFO] rotationCert - The expiration time for the root and intermediate cert has not been reached yet
[2023-08-08T14:05:00.028] [INFO] rotationCert - The expiration time for the intermediate cert has not been reached yet
[2023-08-08T14:05:00.030] [INFO] rotationCert - The expiration time for the device cert has not been reached yet
[2023-08-08T14:30:00.027] [INFO] worker - ExpiredTask current time:  2023-08-08T14:30:00.027Z
[2023-08-08T14:30:00.028] [INFO] www - Message from worker: ExpiredTask current time: Tue Aug 08 2023 14:30:00 GMT+0000 (Coordinated Universal Time)
[2023-08-08T14:30:00.046] [INFO] expiredCert - Getting the retired for the root cert has not been reached yet
[2023-08-08T14:30:00.046] [INFO] expiredCert - Getting the retired for the intermediate cert has not been reached yet
[2023-08-08T14:30:00.046] [INFO] expiredCert - Getting the retired for the device cert has not been reached yet
[2023-08-08T14:30:00.046] [INFO] expiredCert - Getting the retired for the server cert has not been reached yet
[2023-08-08T14:30:00.046] [INFO] expiredCert - expired: certInfo map size  0
[2023-08-08T14:30:00.046] [INFO] expiredCert - expired: certInfo map info  [Map Iterator] {  }
[2023-08-08T15:05:00.023] [INFO] worker - RotationTask current time:  2023-08-08T15:05:00.023Z
[2023-08-08T15:05:00.024] [INFO] www - Message from worker: RotationTask current time: Tue Aug 08 2023 15:05:00 GMT+0000 (Coordinated Universal Time)
[2023-08-08T15:05:00.038] [INFO] rotationCert - The expiration time for the root and intermediate cert has not been reached yet
[2023-08-08T15:05:00.040] [INFO] rotationCert - The expiration time for the intermediate cert has not been reached yet
[2023-08-08T15:05:00.043] [INFO] rotationCert - The expiration time for the device cert has not been reached yet
[2023-08-08T15:30:00.008] [INFO] worker - ExpiredTask current time:  2023-08-08T15:30:00.008Z
[2023-08-08T15:30:00.009] [INFO] www - Message from worker: ExpiredTask current time: Tue Aug 08 2023 15:30:00 GMT+0000 (Coordinated Universal Time)
[2023-08-08T15:30:00.024] [INFO] expiredCert - Getting the retired for the root cert has not been reached yet
[2023-08-08T15:30:00.024] [INFO] expiredCert - Getting the retired for the intermediate cert has not been reached yet
[2023-08-08T15:30:00.024] [INFO] expiredCert - Getting the retired for the device cert has not been reached yet
[2023-08-08T15:30:00.024] [INFO] expiredCert - Getting the retired for the server cert has not been reached yet
[2023-08-08T15:30:00.024] [INFO] expiredCert - expired: certInfo map size  0
[2023-08-08T15:30:00.024] [INFO] expiredCert - expired: certInfo map info  [Map Iterator] {  }
[2023-08-08T16:05:00.026] [INFO] worker - RotationTask current time:  2023-08-08T16:05:00.026Z
[2023-08-08T16:05:00.027] [INFO] www - Message from worker: RotationTask current time: Tue Aug 08 2023 16:05:00 GMT+0000 (Coordinated Universal Time)
[2023-08-08T16:05:00.040] [INFO] rotationCert - The expiration time for the root and intermediate cert has not been reached yet
[2023-08-08T16:05:00.042] [INFO] rotationCert - The expiration time for the intermediate cert has not been reached yet
[2023-08-08T16:05:00.044] [INFO] rotationCert - The expiration time for the device cert has not been reached yet
[2023-08-08T16:30:00.023] [INFO] worker - ExpiredTask current time:  2023-08-08T16:30:00.023Z
[2023-08-08T16:30:00.024] [INFO] www - Message from worker: ExpiredTask current time: Tue Aug 08 2023 16:30:00 GMT+0000 (Coordinated Universal Time)
[2023-08-08T16:30:00.043] [INFO] expiredCert - Getting the retired for the root cert has not been reached yet
[2023-08-08T16:30:00.043] [INFO] expiredCert - Getting the retired for the intermediate cert has not been reached yet
[2023-08-08T16:30:00.043] [INFO] expiredCert - Getting the retired for the device cert has not been reached yet
[2023-08-08T16:30:00.043] [INFO] expiredCert - Getting the retired for the server cert has not been reached yet
[2023-08-08T16:30:00.043] [INFO] expiredCert - expired: certInfo map size  0
[2023-08-08T16:30:00.043] [INFO] expiredCert - expired: certInfo map info  [Map Iterator] {  }
[2023-08-08T17:05:00.019] [INFO] www - Message from worker: RotationTask current time: Tue Aug 08 2023 17:05:00 GMT+0000 (Coordinated Universal Time)
[2023-08-08T17:05:00.019] [INFO] worker - RotationTask current time:  2023-08-08T17:05:00.019Z
[2023-08-08T17:05:00.034] [INFO] rotationCert - The expiration time for the root and intermediate cert has not been reached yet
[2023-08-08T17:05:00.036] [INFO] rotationCert - The expiration time for the intermediate cert has not been reached yet
[2023-08-08T17:05:00.038] [INFO] rotationCert - The expiration time for the device cert has not been reached yet
[2023-08-08T17:30:00.019] [INFO] worker - ExpiredTask current time:  2023-08-08T17:30:00.019Z
[2023-08-08T17:30:00.020] [INFO] www - Message from worker: ExpiredTask current time: Tue Aug 08 2023 17:30:00 GMT+0000 (Coordinated Universal Time)
[2023-08-08T17:30:00.046] [INFO] expiredCert - Getting the retired for the root cert has not been reached yet
[2023-08-08T17:30:00.046] [INFO] expiredCert - Getting the retired for the intermediate cert has not been reached yet
[2023-08-08T17:30:00.046] [INFO] expiredCert - Getting the retired for the device cert has not been reached yet
[2023-08-08T17:30:00.046] [INFO] expiredCert - Getting the retired for the server cert has not been reached yet
[2023-08-08T17:30:00.046] [INFO] expiredCert - expired: certInfo map size  0
[2023-08-08T17:30:00.046] [INFO] expiredCert - expired: certInfo map info  [Map Iterator] {  }
[2023-08-08T18:05:00.015] [INFO] worker - RotationTask current time:  2023-08-08T18:05:00.015Z
[2023-08-08T18:05:00.015] [INFO] www - Message from worker: RotationTask current time: Tue Aug 08 2023 18:05:00 GMT+0000 (Coordinated Universal Time)
[2023-08-08T18:05:00.031] [INFO] rotationCert - The expiration time for the root and intermediate cert has not been reached yet
[2023-08-08T18:05:00.034] [INFO] rotationCert - The expiration time for the intermediate cert has not been reached yet
[2023-08-08T18:05:00.036] [INFO] rotationCert - The expiration time for the device cert has not been reached yet
[2023-08-08T18:30:00.015] [INFO] worker - ExpiredTask current time:  2023-08-08T18:30:00.015Z
[2023-08-08T18:30:00.016] [INFO] www - Message from worker: ExpiredTask current time: Tue Aug 08 2023 18:30:00 GMT+0000 (Coordinated Universal Time)
[2023-08-08T18:30:00.032] [INFO] expiredCert - Getting the retired for the root cert has not been reached yet
[2023-08-08T18:30:00.032] [INFO] expiredCert - Getting the retired for the intermediate cert has not been reached yet
[2023-08-08T18:30:00.032] [INFO] expiredCert - Getting the retired for the device cert has not been reached yet
[2023-08-08T18:30:00.033] [INFO] expiredCert - Getting the retired for the server cert has not been reached yet
[2023-08-08T18:30:00.033] [INFO] expiredCert - expired: certInfo map size  0
[2023-08-08T18:30:00.033] [INFO] expiredCert - expired: certInfo map info  [Map Iterator] {  }
[2023-08-08T19:05:00.006] [INFO] worker - RotationTask current time:  2023-08-08T19:05:00.006Z
[2023-08-08T19:05:00.007] [INFO] www - Message from worker: RotationTask current time: Tue Aug 08 2023 19:05:00 GMT+0000 (Coordinated Universal Time)
[2023-08-08T19:05:00.020] [INFO] rotationCert - The expiration time for the root and intermediate cert has not been reached yet
[2023-08-08T19:05:00.022] [INFO] rotationCert - The expiration time for the intermediate cert has not been reached yet
[2023-08-08T19:05:00.025] [INFO] rotationCert - The expiration time for the device cert has not been reached yet
[2023-08-08T19:30:00.019] [INFO] worker - ExpiredTask current time:  2023-08-08T19:30:00.019Z
[2023-08-08T19:30:00.020] [INFO] www - Message from worker: ExpiredTask current time: Tue Aug 08 2023 19:30:00 GMT+0000 (Coordinated Universal Time)
[2023-08-08T19:30:00.035] [INFO] expiredCert - Getting the retired for the root cert has not been reached yet
[2023-08-08T19:30:00.035] [INFO] expiredCert - Getting the retired for the intermediate cert has not been reached yet
[2023-08-08T19:30:00.035] [INFO] expiredCert - Getting the retired for the device cert has not been reached yet
[2023-08-08T19:30:00.035] [INFO] expiredCert - Getting the retired for the server cert has not been reached yet
[2023-08-08T19:30:00.035] [INFO] expiredCert - expired: certInfo map size  0
[2023-08-08T19:30:00.035] [INFO] expiredCert - expired: certInfo map info  [Map Iterator] {  }
[2023-08-08T20:05:00.014] [INFO] worker - RotationTask current time:  2023-08-08T20:05:00.014Z
[2023-08-08T20:05:00.014] [INFO] www - Message from worker: RotationTask current time: Tue Aug 08 2023 20:05:00 GMT+0000 (Coordinated Universal Time)
[2023-08-08T20:05:00.028] [INFO] rotationCert - The expiration time for the root and intermediate cert has not been reached yet
[2023-08-08T20:05:00.030] [INFO] rotationCert - The expiration time for the intermediate cert has not been reached yet
[2023-08-08T20:05:00.033] [INFO] rotationCert - The expiration time for the device cert has not been reached yet
[2023-08-08T20:30:00.017] [INFO] worker - ExpiredTask current time:  2023-08-08T20:30:00.017Z
[2023-08-08T20:30:00.018] [INFO] www - Message from worker: ExpiredTask current time: Tue Aug 08 2023 20:30:00 GMT+0000 (Coordinated Universal Time)
[2023-08-08T20:30:00.033] [INFO] expiredCert - Getting the retired for the root cert has not been reached yet
[2023-08-08T20:30:00.033] [INFO] expiredCert - Getting the retired for the intermediate cert has not been reached yet
[2023-08-08T20:30:00.033] [INFO] expiredCert - Getting the retired for the device cert has not been reached yet
[2023-08-08T20:30:00.033] [INFO] expiredCert - Getting the retired for the server cert has not been reached yet
[2023-08-08T20:30:00.033] [INFO] expiredCert - expired: certInfo map size  0
[2023-08-08T20:30:00.033] [INFO] expiredCert - expired: certInfo map info  [Map Iterator] {  }
[2023-08-08T21:05:00.006] [INFO] worker - RotationTask current time:  2023-08-08T21:05:00.006Z
[2023-08-08T21:05:00.006] [INFO] www - Message from worker: RotationTask current time: Tue Aug 08 2023 21:05:00 GMT+0000 (Coordinated Universal Time)
[2023-08-08T21:05:00.023] [INFO] rotationCert - The expiration time for the root and intermediate cert has not been reached yet
[2023-08-08T21:05:00.025] [INFO] rotationCert - The expiration time for the intermediate cert has not been reached yet
[2023-08-08T21:05:00.027] [INFO] rotationCert - The expiration time for the device cert has not been reached yet
[2023-08-08T21:30:00.016] [INFO] worker - ExpiredTask current time:  2023-08-08T21:30:00.016Z
[2023-08-08T21:30:00.017] [INFO] www - Message from worker: ExpiredTask current time: Tue Aug 08 2023 21:30:00 GMT+0000 (Coordinated Universal Time)
[2023-08-08T21:30:00.036] [INFO] expiredCert - Getting the retired for the root cert has not been reached yet
[2023-08-08T21:30:00.036] [INFO] expiredCert - Getting the retired for the intermediate cert has not been reached yet
[2023-08-08T21:30:00.036] [INFO] expiredCert - Getting the retired for the device cert has not been reached yet
[2023-08-08T21:30:00.036] [INFO] expiredCert - Getting the retired for the server cert has not been reached yet
[2023-08-08T21:30:00.036] [INFO] expiredCert - expired: certInfo map size  0
[2023-08-08T21:30:00.036] [INFO] expiredCert - expired: certInfo map info  [Map Iterator] {  }
[2023-08-08T22:05:00.010] [INFO] worker - RotationTask current time:  2023-08-08T22:05:00.010Z
[2023-08-08T22:05:00.011] [INFO] www - Message from worker: RotationTask current time: Tue Aug 08 2023 22:05:00 GMT+0000 (Coordinated Universal Time)
[2023-08-08T22:05:00.026] [INFO] rotationCert - The expiration time for the root and intermediate cert has not been reached yet
[2023-08-08T22:05:00.029] [INFO] rotationCert - The expiration time for the intermediate cert has not been reached yet
[2023-08-08T22:05:00.032] [INFO] rotationCert - The expiration time for the device cert has not been reached yet
[2023-08-08T22:30:00.003] [INFO] worker - ExpiredTask current time:  2023-08-08T22:30:00.003Z
[2023-08-08T22:30:00.004] [INFO] www - Message from worker: ExpiredTask current time: Tue Aug 08 2023 22:30:00 GMT+0000 (Coordinated Universal Time)
[2023-08-08T22:30:00.019] [INFO] expiredCert - Getting the retired for the root cert has not been reached yet
[2023-08-08T22:30:00.019] [INFO] expiredCert - Getting the retired for the intermediate cert has not been reached yet
[2023-08-08T22:30:00.019] [INFO] expiredCert - Getting the retired for the device cert has not been reached yet
[2023-08-08T22:30:00.020] [INFO] expiredCert - Getting the retired for the server cert has not been reached yet
[2023-08-08T22:30:00.020] [INFO] expiredCert - expired: certInfo map size  0
[2023-08-08T22:30:00.020] [INFO] expiredCert - expired: certInfo map info  [Map Iterator] {  }
[2023-08-08T23:05:00.002] [INFO] worker - RotationTask current time:  2023-08-08T23:05:00.002Z
[2023-08-08T23:05:00.003] [INFO] www - Message from worker: RotationTask current time: Tue Aug 08 2023 23:05:00 GMT+0000 (Coordinated Universal Time)
[2023-08-08T23:05:00.018] [INFO] rotationCert - The expiration time for the root and intermediate cert has not been reached yet
[2023-08-08T23:05:00.020] [INFO] rotationCert - The expiration time for the intermediate cert has not been reached yet
[2023-08-08T23:05:00.022] [INFO] rotationCert - The expiration time for the device cert has not been reached yet
[2023-08-08T23:30:00.009] [INFO] worker - ExpiredTask current time:  2023-08-08T23:30:00.009Z
[2023-08-08T23:30:00.010] [INFO] www - Message from worker: ExpiredTask current time: Tue Aug 08 2023 23:30:00 GMT+0000 (Coordinated Universal Time)
[2023-08-08T23:30:00.026] [INFO] expiredCert - Getting the retired for the root cert has not been reached yet
[2023-08-08T23:30:00.026] [INFO] expiredCert - Getting the retired for the intermediate cert has not been reached yet
[2023-08-08T23:30:00.026] [INFO] expiredCert - Getting the retired for the device cert has not been reached yet
[2023-08-08T23:30:00.026] [INFO] expiredCert - Getting the retired for the server cert has not been reached yet
[2023-08-08T23:30:00.026] [INFO] expiredCert - expired: certInfo map size  0
[2023-08-08T23:30:00.026] [INFO] expiredCert - expired: certInfo map info  [Map Iterator] {  }
