[2023-08-09T00:05:00.007] [INFO] worker - RotationTask current time:  2023-08-09T00:05:00.007Z
[2023-08-09T00:05:00.008] [INFO] www - Message from worker: RotationTask current time: Wed Aug 09 2023 00:05:00 GMT+0000 (Coordinated Universal Time)
[2023-08-09T00:05:00.023] [INFO] rotationCert - The expiration time for the root and intermediate cert has not been reached yet
[2023-08-09T00:05:00.025] [INFO] rotationCert - The expiration time for the intermediate cert has not been reached yet
[2023-08-09T00:05:00.027] [INFO] rotationCert - The expiration time for the device cert has not been reached yet
[2023-08-09T00:30:00.009] [INFO] www - Message from worker: ExpiredTask current time: Wed Aug 09 2023 00:30:00 GMT+0000 (Coordinated Universal Time)
[2023-08-09T00:30:00.008] [INFO] worker - ExpiredTask current time:  2023-08-09T00:30:00.008Z
[2023-08-09T00:30:00.030] [INFO] expiredCert - Getting the retired for the root cert has not been reached yet
[2023-08-09T00:30:00.030] [INFO] expiredCert - Getting the retired for the intermediate cert has not been reached yet
[2023-08-09T00:30:00.030] [INFO] expiredCert - Getting the retired for the device cert has not been reached yet
[2023-08-09T00:30:00.030] [INFO] expiredCert - Getting the retired for the server cert has not been reached yet
[2023-08-09T00:30:00.030] [INFO] expiredCert - expired: certInfo map size  0
[2023-08-09T00:30:00.031] [INFO] expiredCert - expired: certInfo map info  [Map Iterator] {  }
[2023-08-09T01:05:00.006] [INFO] www - Message from worker: RotationTask current time: Wed Aug 09 2023 01:05:00 GMT+0000 (Coordinated Universal Time)
[2023-08-09T01:05:00.005] [INFO] worker - RotationTask current time:  2023-08-09T01:05:00.005Z
[2023-08-09T01:05:00.025] [INFO] rotationCert - The expiration time for the root and intermediate cert has not been reached yet
[2023-08-09T01:05:00.030] [INFO] rotationCert - The expiration time for the intermediate cert has not been reached yet
[2023-08-09T01:05:00.037] [INFO] rotationCert - The expiration time for the device cert has not been reached yet
[2023-08-09T01:30:00.008] [INFO] worker - ExpiredTask current time:  2023-08-09T01:30:00.008Z
[2023-08-09T01:30:00.009] [INFO] www - Message from worker: ExpiredTask current time: Wed Aug 09 2023 01:30:00 GMT+0000 (Coordinated Universal Time)
[2023-08-09T01:30:00.027] [INFO] expiredCert - Getting the retired for the root cert has not been reached yet
[2023-08-09T01:30:00.027] [INFO] expiredCert - Getting the retired for the intermediate cert has not been reached yet
[2023-08-09T01:30:00.027] [INFO] expiredCert - Getting the retired for the device cert has not been reached yet
[2023-08-09T01:30:00.027] [INFO] expiredCert - Getting the retired for the server cert has not been reached yet
[2023-08-09T01:30:00.027] [INFO] expiredCert - expired: certInfo map size  0
[2023-08-09T01:30:00.027] [INFO] expiredCert - expired: certInfo map info  [Map Iterator] {  }
[2023-08-09T02:05:00.003] [INFO] worker - RotationTask current time:  2023-08-09T02:05:00.003Z
[2023-08-09T02:05:00.004] [INFO] www - Message from worker: RotationTask current time: Wed Aug 09 2023 02:05:00 GMT+0000 (Coordinated Universal Time)
[2023-08-09T02:05:00.026] [INFO] rotationCert - The expiration time for the root and intermediate cert has not been reached yet
[2023-08-09T02:05:00.028] [INFO] rotationCert - The expiration time for the intermediate cert has not been reached yet
[2023-08-09T02:05:00.031] [INFO] rotationCert - The expiration time for the device cert has not been reached yet
[2023-08-09T02:30:00.002] [INFO] worker - ExpiredTask current time:  2023-08-09T02:30:00.002Z
[2023-08-09T02:30:00.003] [INFO] www - Message from worker: ExpiredTask current time: Wed Aug 09 2023 02:30:00 GMT+0000 (Coordinated Universal Time)
[2023-08-09T02:30:00.023] [INFO] expiredCert - Getting the retired for the root cert has not been reached yet
[2023-08-09T02:30:00.023] [INFO] expiredCert - Getting the retired for the intermediate cert has not been reached yet
[2023-08-09T02:30:00.023] [INFO] expiredCert - Getting the retired for the device cert has not been reached yet
[2023-08-09T02:30:00.023] [INFO] expiredCert - Getting the retired for the server cert has not been reached yet
[2023-08-09T02:30:00.023] [INFO] expiredCert - expired: certInfo map size  0
[2023-08-09T02:30:00.023] [INFO] expiredCert - expired: certInfo map info  [Map Iterator] {  }
[2023-08-09T03:05:00.022] [INFO] worker - RotationTask current time:  2023-08-09T03:05:00.022Z
[2023-08-09T03:05:00.023] [INFO] www - Message from worker: RotationTask current time: Wed Aug 09 2023 03:05:00 GMT+0000 (Coordinated Universal Time)
[2023-08-09T03:05:00.037] [INFO] rotationCert - The expiration time for the root and intermediate cert has not been reached yet
[2023-08-09T03:05:00.040] [INFO] rotationCert - The expiration time for the intermediate cert has not been reached yet
[2023-08-09T03:05:00.041] [INFO] rotationCert - The expiration time for the device cert has not been reached yet
[2023-08-09T03:30:00.003] [INFO] worker - ExpiredTask current time:  2023-08-09T03:30:00.003Z
[2023-08-09T03:30:00.004] [INFO] www - Message from worker: ExpiredTask current time: Wed Aug 09 2023 03:30:00 GMT+0000 (Coordinated Universal Time)
[2023-08-09T03:30:00.021] [INFO] expiredCert - Getting the retired for the root cert has not been reached yet
[2023-08-09T03:30:00.021] [INFO] expiredCert - Getting the retired for the intermediate cert has not been reached yet
[2023-08-09T03:30:00.021] [INFO] expiredCert - Getting the retired for the device cert has not been reached yet
[2023-08-09T03:30:00.021] [INFO] expiredCert - Getting the retired for the server cert has not been reached yet
[2023-08-09T03:30:00.021] [INFO] expiredCert - expired: certInfo map size  0
[2023-08-09T03:30:00.021] [INFO] expiredCert - expired: certInfo map info  [Map Iterator] {  }
[2023-08-09T04:05:00.051] [INFO] worker - RotationTask current time:  2023-08-09T04:05:00.051Z
[2023-08-09T04:05:00.052] [INFO] www - Message from worker: RotationTask current time: Wed Aug 09 2023 04:05:00 GMT+0000 (Coordinated Universal Time)
[2023-08-09T04:05:00.066] [INFO] rotationCert - The expiration time for the root and intermediate cert has not been reached yet
[2023-08-09T04:05:00.067] [INFO] rotationCert - The expiration time for the intermediate cert has not been reached yet
[2023-08-09T04:05:00.069] [INFO] rotationCert - The expiration time for the device cert has not been reached yet
[2023-08-09T04:30:00.021] [INFO] worker - ExpiredTask current time:  2023-08-09T04:30:00.021Z
[2023-08-09T04:30:00.022] [INFO] www - Message from worker: ExpiredTask current time: Wed Aug 09 2023 04:30:00 GMT+0000 (Coordinated Universal Time)
[2023-08-09T04:30:00.038] [INFO] expiredCert - Getting the retired for the root cert has not been reached yet
[2023-08-09T04:30:00.038] [INFO] expiredCert - Getting the retired for the intermediate cert has not been reached yet
[2023-08-09T04:30:00.038] [INFO] expiredCert - Getting the retired for the device cert has not been reached yet
[2023-08-09T04:30:00.038] [INFO] expiredCert - Getting the retired for the server cert has not been reached yet
[2023-08-09T04:30:00.038] [INFO] expiredCert - expired: certInfo map size  0
[2023-08-09T04:30:00.038] [INFO] expiredCert - expired: certInfo map info  [Map Iterator] {  }
[2023-08-09T05:05:00.019] [INFO] worker - RotationTask current time:  2023-08-09T05:05:00.019Z
[2023-08-09T05:05:00.020] [INFO] www - Message from worker: RotationTask current time: Wed Aug 09 2023 05:05:00 GMT+0000 (Coordinated Universal Time)
[2023-08-09T05:05:00.033] [INFO] rotationCert - The expiration time for the root and intermediate cert has not been reached yet
[2023-08-09T05:05:00.035] [INFO] rotationCert - The expiration time for the intermediate cert has not been reached yet
[2023-08-09T05:05:00.037] [INFO] rotationCert - The expiration time for the device cert has not been reached yet
[2023-08-09T05:30:00.011] [INFO] worker - ExpiredTask current time:  2023-08-09T05:30:00.011Z
[2023-08-09T05:30:00.012] [INFO] www - Message from worker: ExpiredTask current time: Wed Aug 09 2023 05:30:00 GMT+0000 (Coordinated Universal Time)
[2023-08-09T05:30:00.033] [INFO] expiredCert - Getting the retired for the root cert has not been reached yet
[2023-08-09T05:30:00.033] [INFO] expiredCert - Getting the retired for the intermediate cert has not been reached yet
[2023-08-09T05:30:00.033] [INFO] expiredCert - Getting the retired for the device cert has not been reached yet
[2023-08-09T05:30:00.033] [INFO] expiredCert - Getting the retired for the server cert has not been reached yet
[2023-08-09T05:30:00.033] [INFO] expiredCert - expired: certInfo map size  0
[2023-08-09T05:30:00.033] [INFO] expiredCert - expired: certInfo map info  [Map Iterator] {  }
[2023-08-09T06:05:00.008] [INFO] worker - RotationTask current time:  2023-08-09T06:05:00.008Z
[2023-08-09T06:05:00.008] [INFO] www - Message from worker: RotationTask current time: Wed Aug 09 2023 06:05:00 GMT+0000 (Coordinated Universal Time)
[2023-08-09T06:05:00.022] [INFO] rotationCert - The expiration time for the root and intermediate cert has not been reached yet
[2023-08-09T06:05:00.025] [INFO] rotationCert - The expiration time for the intermediate cert has not been reached yet
[2023-08-09T06:05:00.027] [INFO] rotationCert - The expiration time for the device cert has not been reached yet
[2023-08-09T06:30:00.026] [INFO] worker - ExpiredTask current time:  2023-08-09T06:30:00.026Z
[2023-08-09T06:30:00.027] [INFO] www - Message from worker: ExpiredTask current time: Wed Aug 09 2023 06:30:00 GMT+0000 (Coordinated Universal Time)
[2023-08-09T06:30:00.043] [INFO] expiredCert - Getting the retired for the root cert has not been reached yet
[2023-08-09T06:30:00.044] [INFO] expiredCert - Getting the retired for the intermediate cert has not been reached yet
[2023-08-09T06:30:00.044] [INFO] expiredCert - Getting the retired for the device cert has not been reached yet
[2023-08-09T06:30:00.044] [INFO] expiredCert - Getting the retired for the server cert has not been reached yet
[2023-08-09T06:30:00.044] [INFO] expiredCert - expired: certInfo map size  0
[2023-08-09T06:30:00.044] [INFO] expiredCert - expired: certInfo map info  [Map Iterator] {  }
[2023-08-09T07:05:00.039] [INFO] worker - RotationTask current time:  2023-08-09T07:05:00.039Z
[2023-08-09T07:05:00.040] [INFO] www - Message from worker: RotationTask current time: Wed Aug 09 2023 07:05:00 GMT+0000 (Coordinated Universal Time)
[2023-08-09T07:05:00.054] [INFO] rotationCert - The expiration time for the root and intermediate cert has not been reached yet
[2023-08-09T07:05:00.057] [INFO] rotationCert - The expiration time for the intermediate cert has not been reached yet
[2023-08-09T07:05:00.060] [INFO] rotationCert - The expiration time for the device cert has not been reached yet
[2023-08-09T07:30:00.037] [INFO] worker - ExpiredTask current time:  2023-08-09T07:30:00.037Z
[2023-08-09T07:30:00.038] [INFO] www - Message from worker: ExpiredTask current time: Wed Aug 09 2023 07:30:00 GMT+0000 (Coordinated Universal Time)
[2023-08-09T07:30:00.055] [INFO] expiredCert - Getting the retired for the root cert has not been reached yet
[2023-08-09T07:30:00.055] [INFO] expiredCert - Getting the retired for the intermediate cert has not been reached yet
[2023-08-09T07:30:00.055] [INFO] expiredCert - Getting the retired for the device cert has not been reached yet
[2023-08-09T07:30:00.055] [INFO] expiredCert - Getting the retired for the server cert has not been reached yet
[2023-08-09T07:30:00.055] [INFO] expiredCert - expired: certInfo map size  0
[2023-08-09T07:30:00.055] [INFO] expiredCert - expired: certInfo map info  [Map Iterator] {  }
[2023-08-09T08:05:00.003] [INFO] worker - RotationTask current time:  2023-08-09T08:05:00.003Z
[2023-08-09T08:05:00.004] [INFO] www - Message from worker: RotationTask current time: Wed Aug 09 2023 08:05:00 GMT+0000 (Coordinated Universal Time)
[2023-08-09T08:05:00.018] [INFO] rotationCert - The expiration time for the root and intermediate cert has not been reached yet
[2023-08-09T08:05:00.021] [INFO] rotationCert - The expiration time for the intermediate cert has not been reached yet
[2023-08-09T08:05:00.023] [INFO] rotationCert - The expiration time for the device cert has not been reached yet
[2023-08-09T08:30:00.045] [INFO] worker - ExpiredTask current time:  2023-08-09T08:30:00.045Z
[2023-08-09T08:30:00.046] [INFO] www - Message from worker: ExpiredTask current time: Wed Aug 09 2023 08:30:00 GMT+0000 (Coordinated Universal Time)
[2023-08-09T08:30:00.066] [INFO] expiredCert - Getting the retired for the root cert has not been reached yet
[2023-08-09T08:30:00.066] [INFO] expiredCert - Getting the retired for the intermediate cert has not been reached yet
[2023-08-09T08:30:00.067] [INFO] expiredCert - Getting the retired for the device cert has not been reached yet
[2023-08-09T08:30:00.067] [INFO] expiredCert - Getting the retired for the server cert has not been reached yet
[2023-08-09T08:30:00.067] [INFO] expiredCert - expired: certInfo map size  0
[2023-08-09T08:30:00.067] [INFO] expiredCert - expired: certInfo map info  [Map Iterator] {  }
[2023-08-09T09:05:00.011] [INFO] worker - RotationTask current time:  2023-08-09T09:05:00.011Z
[2023-08-09T09:05:00.011] [INFO] www - Message from worker: RotationTask current time: Wed Aug 09 2023 09:05:00 GMT+0000 (Coordinated Universal Time)
[2023-08-09T09:05:00.031] [INFO] rotationCert - The expiration time for the root and intermediate cert has not been reached yet
[2023-08-09T09:05:00.033] [INFO] rotationCert - The expiration time for the intermediate cert has not been reached yet
[2023-08-09T09:05:00.035] [INFO] rotationCert - The expiration time for the device cert has not been reached yet
[2023-08-09T09:30:00.052] [INFO] worker - ExpiredTask current time:  2023-08-09T09:30:00.052Z
[2023-08-09T09:30:00.053] [INFO] www - Message from worker: ExpiredTask current time: Wed Aug 09 2023 09:30:00 GMT+0000 (Coordinated Universal Time)
[2023-08-09T09:30:00.072] [INFO] expiredCert - Getting the retired for the root cert has not been reached yet
[2023-08-09T09:30:00.072] [INFO] expiredCert - Getting the retired for the intermediate cert has not been reached yet
[2023-08-09T09:30:00.072] [INFO] expiredCert - Getting the retired for the device cert has not been reached yet
[2023-08-09T09:30:00.072] [INFO] expiredCert - Getting the retired for the server cert has not been reached yet
[2023-08-09T09:30:00.072] [INFO] expiredCert - expired: certInfo map size  0
[2023-08-09T09:30:00.072] [INFO] expiredCert - expired: certInfo map info  [Map Iterator] {  }
[2023-08-09T10:05:00.010] [INFO] worker - RotationTask current time:  2023-08-09T10:05:00.010Z
[2023-08-09T10:05:00.012] [INFO] www - Message from worker: RotationTask current time: Wed Aug 09 2023 10:05:00 GMT+0000 (Coordinated Universal Time)
[2023-08-09T10:05:00.039] [INFO] rotationCert - The expiration time for the root and intermediate cert has not been reached yet
[2023-08-09T10:05:00.043] [INFO] rotationCert - The expiration time for the intermediate cert has not been reached yet
[2023-08-09T10:05:00.047] [INFO] rotationCert - The expiration time for the device cert has not been reached yet
[2023-08-09T10:30:00.050] [INFO] worker - ExpiredTask current time:  2023-08-09T10:30:00.050Z
[2023-08-09T10:30:00.051] [INFO] www - Message from worker: ExpiredTask current time: Wed Aug 09 2023 10:30:00 GMT+0000 (Coordinated Universal Time)
[2023-08-09T10:30:00.068] [INFO] expiredCert - Getting the retired for the root cert has not been reached yet
[2023-08-09T10:30:00.068] [INFO] expiredCert - Getting the retired for the intermediate cert has not been reached yet
[2023-08-09T10:30:00.068] [INFO] expiredCert - Getting the retired for the device cert has not been reached yet
[2023-08-09T10:30:00.068] [INFO] expiredCert - Getting the retired for the server cert has not been reached yet
[2023-08-09T10:30:00.068] [INFO] expiredCert - expired: certInfo map size  0
[2023-08-09T10:30:00.068] [INFO] expiredCert - expired: certInfo map info  [Map Iterator] {  }
[2023-08-09T11:05:00.003] [INFO] worker - RotationTask current time:  2023-08-09T11:05:00.003Z
[2023-08-09T11:05:00.004] [INFO] www - Message from worker: RotationTask current time: Wed Aug 09 2023 11:05:00 GMT+0000 (Coordinated Universal Time)
[2023-08-09T11:05:00.022] [INFO] rotationCert - The expiration time for the root and intermediate cert has not been reached yet
[2023-08-09T11:05:00.024] [INFO] rotationCert - The expiration time for the intermediate cert has not been reached yet
[2023-08-09T11:05:00.026] [INFO] rotationCert - The expiration time for the device cert has not been reached yet
[2023-08-09T11:30:00.007] [INFO] worker - ExpiredTask current time:  2023-08-09T11:30:00.007Z
[2023-08-09T11:30:00.008] [INFO] www - Message from worker: ExpiredTask current time: Wed Aug 09 2023 11:30:00 GMT+0000 (Coordinated Universal Time)
[2023-08-09T11:30:00.024] [INFO] expiredCert - Getting the retired for the root cert has not been reached yet
[2023-08-09T11:30:00.025] [INFO] expiredCert - Getting the retired for the intermediate cert has not been reached yet
[2023-08-09T11:30:00.025] [INFO] expiredCert - Getting the retired for the device cert has not been reached yet
[2023-08-09T11:30:00.025] [INFO] expiredCert - Getting the retired for the server cert has not been reached yet
[2023-08-09T11:30:00.025] [INFO] expiredCert - expired: certInfo map size  0
[2023-08-09T11:30:00.025] [INFO] expiredCert - expired: certInfo map info  [Map Iterator] {  }
[2023-08-09T12:05:00.010] [INFO] worker - RotationTask current time:  2023-08-09T12:05:00.010Z
[2023-08-09T12:05:00.010] [INFO] www - Message from worker: RotationTask current time: Wed Aug 09 2023 12:05:00 GMT+0000 (Coordinated Universal Time)
[2023-08-09T12:05:00.027] [INFO] rotationCert - The expiration time for the root and intermediate cert has not been reached yet
[2023-08-09T12:05:00.029] [INFO] rotationCert - The expiration time for the intermediate cert has not been reached yet
[2023-08-09T12:05:00.031] [INFO] rotationCert - The expiration time for the device cert has not been reached yet
[2023-08-09T12:30:00.027] [INFO] worker - ExpiredTask current time:  2023-08-09T12:30:00.027Z
[2023-08-09T12:30:00.029] [INFO] www - Message from worker: ExpiredTask current time: Wed Aug 09 2023 12:30:00 GMT+0000 (Coordinated Universal Time)
[2023-08-09T12:30:00.044] [INFO] expiredCert - Getting the retired for the root cert has not been reached yet
[2023-08-09T12:30:00.044] [INFO] expiredCert - Getting the retired for the intermediate cert has not been reached yet
[2023-08-09T12:30:00.044] [INFO] expiredCert - Getting the retired for the device cert has not been reached yet
[2023-08-09T12:30:00.045] [INFO] expiredCert - Getting the retired for the server cert has not been reached yet
[2023-08-09T12:30:00.045] [INFO] expiredCert - expired: certInfo map size  0
[2023-08-09T12:30:00.045] [INFO] expiredCert - expired: certInfo map info  [Map Iterator] {  }
[2023-08-09T13:05:00.013] [INFO] www - Message from worker: RotationTask current time: Wed Aug 09 2023 13:05:00 GMT+0000 (Coordinated Universal Time)
[2023-08-09T13:05:00.012] [INFO] worker - RotationTask current time:  2023-08-09T13:05:00.012Z
[2023-08-09T13:05:00.026] [INFO] rotationCert - The expiration time for the root and intermediate cert has not been reached yet
[2023-08-09T13:05:00.028] [INFO] rotationCert - The expiration time for the intermediate cert has not been reached yet
[2023-08-09T13:05:00.030] [INFO] rotationCert - The expiration time for the device cert has not been reached yet
[2023-08-09T13:30:00.029] [INFO] worker - ExpiredTask current time:  2023-08-09T13:30:00.029Z
[2023-08-09T13:30:00.030] [INFO] www - Message from worker: ExpiredTask current time: Wed Aug 09 2023 13:30:00 GMT+0000 (Coordinated Universal Time)
[2023-08-09T13:30:00.046] [INFO] expiredCert - Getting the retired for the root cert has not been reached yet
[2023-08-09T13:30:00.047] [INFO] expiredCert - Getting the retired for the intermediate cert has not been reached yet
[2023-08-09T13:30:00.047] [INFO] expiredCert - Getting the retired for the device cert has not been reached yet
[2023-08-09T13:30:00.047] [INFO] expiredCert - Getting the retired for the server cert has not been reached yet
[2023-08-09T13:30:00.047] [INFO] expiredCert - expired: certInfo map size  0
[2023-08-09T13:30:00.047] [INFO] expiredCert - expired: certInfo map info  [Map Iterator] {  }
[2023-08-09T14:05:00.004] [INFO] worker - RotationTask current time:  2023-08-09T14:05:00.004Z
[2023-08-09T14:05:00.004] [INFO] www - Message from worker: RotationTask current time: Wed Aug 09 2023 14:05:00 GMT+0000 (Coordinated Universal Time)
[2023-08-09T14:05:00.019] [INFO] rotationCert - The expiration time for the root and intermediate cert has not been reached yet
[2023-08-09T14:05:00.021] [INFO] rotationCert - The expiration time for the intermediate cert has not been reached yet
[2023-08-09T14:05:00.024] [INFO] rotationCert - The expiration time for the device cert has not been reached yet
[2023-08-09T14:30:00.006] [INFO] worker - ExpiredTask current time:  2023-08-09T14:30:00.006Z
[2023-08-09T14:30:00.007] [INFO] www - Message from worker: ExpiredTask current time: Wed Aug 09 2023 14:30:00 GMT+0000 (Coordinated Universal Time)
[2023-08-09T14:30:00.024] [INFO] expiredCert - Getting the retired for the root cert has not been reached yet
[2023-08-09T14:30:00.025] [INFO] expiredCert - Getting the retired for the intermediate cert has not been reached yet
[2023-08-09T14:30:00.025] [INFO] expiredCert - Getting the retired for the device cert has not been reached yet
[2023-08-09T14:30:00.025] [INFO] expiredCert - Getting the retired for the server cert has not been reached yet
[2023-08-09T14:30:00.025] [INFO] expiredCert - expired: certInfo map size  0
[2023-08-09T14:30:00.025] [INFO] expiredCert - expired: certInfo map info  [Map Iterator] {  }
[2023-08-09T15:05:00.019] [INFO] worker - RotationTask current time:  2023-08-09T15:05:00.019Z
[2023-08-09T15:05:00.019] [INFO] www - Message from worker: RotationTask current time: Wed Aug 09 2023 15:05:00 GMT+0000 (Coordinated Universal Time)
[2023-08-09T15:05:00.033] [INFO] rotationCert - The expiration time for the root and intermediate cert has not been reached yet
[2023-08-09T15:05:00.035] [INFO] rotationCert - The expiration time for the intermediate cert has not been reached yet
[2023-08-09T15:05:00.038] [INFO] rotationCert - The expiration time for the device cert has not been reached yet
[2023-08-09T15:30:00.019] [INFO] worker - ExpiredTask current time:  2023-08-09T15:30:00.019Z
[2023-08-09T15:30:00.020] [INFO] www - Message from worker: ExpiredTask current time: Wed Aug 09 2023 15:30:00 GMT+0000 (Coordinated Universal Time)
[2023-08-09T15:30:00.037] [INFO] expiredCert - Getting the retired for the root cert has not been reached yet
[2023-08-09T15:30:00.037] [INFO] expiredCert - Getting the retired for the intermediate cert has not been reached yet
[2023-08-09T15:30:00.037] [INFO] expiredCert - Getting the retired for the device cert has not been reached yet
[2023-08-09T15:30:00.037] [INFO] expiredCert - Getting the retired for the server cert has not been reached yet
[2023-08-09T15:30:00.037] [INFO] expiredCert - expired: certInfo map size  0
[2023-08-09T15:30:00.037] [INFO] expiredCert - expired: certInfo map info  [Map Iterator] {  }
[2023-08-09T16:05:00.003] [INFO] worker - RotationTask current time:  2023-08-09T16:05:00.003Z
[2023-08-09T16:05:00.004] [INFO] www - Message from worker: RotationTask current time: Wed Aug 09 2023 16:05:00 GMT+0000 (Coordinated Universal Time)
[2023-08-09T16:05:00.020] [INFO] rotationCert - The expiration time for the root and intermediate cert has not been reached yet
[2023-08-09T16:05:00.022] [INFO] rotationCert - The expiration time for the intermediate cert has not been reached yet
[2023-08-09T16:05:00.025] [INFO] rotationCert - The expiration time for the device cert has not been reached yet
[2023-08-09T16:30:00.040] [INFO] worker - ExpiredTask current time:  2023-08-09T16:30:00.039Z
[2023-08-09T16:30:00.041] [INFO] www - Message from worker: ExpiredTask current time: Wed Aug 09 2023 16:30:00 GMT+0000 (Coordinated Universal Time)
[2023-08-09T16:30:00.056] [INFO] expiredCert - Getting the retired for the root cert has not been reached yet
[2023-08-09T16:30:00.056] [INFO] expiredCert - Getting the retired for the intermediate cert has not been reached yet
[2023-08-09T16:30:00.056] [INFO] expiredCert - Getting the retired for the device cert has not been reached yet
[2023-08-09T16:30:00.056] [INFO] expiredCert - Getting the retired for the server cert has not been reached yet
[2023-08-09T16:30:00.056] [INFO] expiredCert - expired: certInfo map size  0
[2023-08-09T16:30:00.056] [INFO] expiredCert - expired: certInfo map info  [Map Iterator] {  }
[2023-08-09T17:05:00.004] [INFO] worker - RotationTask current time:  2023-08-09T17:05:00.004Z
[2023-08-09T17:05:00.004] [INFO] www - Message from worker: RotationTask current time: Wed Aug 09 2023 17:05:00 GMT+0000 (Coordinated Universal Time)
[2023-08-09T17:05:00.028] [INFO] rotationCert - The expiration time for the root and intermediate cert has not been reached yet
[2023-08-09T17:05:00.030] [INFO] rotationCert - The expiration time for the intermediate cert has not been reached yet
[2023-08-09T17:05:00.033] [INFO] rotationCert - The expiration time for the device cert has not been reached yet
[2023-08-09T17:30:00.028] [INFO] worker - ExpiredTask current time:  2023-08-09T17:30:00.028Z
[2023-08-09T17:30:00.029] [INFO] www - Message from worker: ExpiredTask current time: Wed Aug 09 2023 17:30:00 GMT+0000 (Coordinated Universal Time)
[2023-08-09T17:30:00.043] [INFO] expiredCert - Getting the retired for the root cert has not been reached yet
[2023-08-09T17:30:00.043] [INFO] expiredCert - Getting the retired for the intermediate cert has not been reached yet
[2023-08-09T17:30:00.043] [INFO] expiredCert - Getting the retired for the device cert has not been reached yet
[2023-08-09T17:30:00.043] [INFO] expiredCert - Getting the retired for the server cert has not been reached yet
[2023-08-09T17:30:00.043] [INFO] expiredCert - expired: certInfo map size  0
[2023-08-09T17:30:00.043] [INFO] expiredCert - expired: certInfo map info  [Map Iterator] {  }
[2023-08-09T18:05:00.034] [INFO] worker - RotationTask current time:  2023-08-09T18:05:00.034Z
[2023-08-09T18:05:00.035] [INFO] www - Message from worker: RotationTask current time: Wed Aug 09 2023 18:05:00 GMT+0000 (Coordinated Universal Time)
[2023-08-09T18:05:00.049] [INFO] rotationCert - The expiration time for the root and intermediate cert has not been reached yet
[2023-08-09T18:05:00.051] [INFO] rotationCert - The expiration time for the intermediate cert has not been reached yet
[2023-08-09T18:05:00.053] [INFO] rotationCert - The expiration time for the device cert has not been reached yet
[2023-08-09T18:30:00.037] [INFO] worker - ExpiredTask current time:  2023-08-09T18:30:00.037Z
[2023-08-09T18:30:00.038] [INFO] www - Message from worker: ExpiredTask current time: Wed Aug 09 2023 18:30:00 GMT+0000 (Coordinated Universal Time)
[2023-08-09T18:30:00.053] [INFO] expiredCert - Getting the retired for the root cert has not been reached yet
[2023-08-09T18:30:00.053] [INFO] expiredCert - Getting the retired for the intermediate cert has not been reached yet
[2023-08-09T18:30:00.053] [INFO] expiredCert - Getting the retired for the device cert has not been reached yet
[2023-08-09T18:30:00.053] [INFO] expiredCert - Getting the retired for the server cert has not been reached yet
[2023-08-09T18:30:00.053] [INFO] expiredCert - expired: certInfo map size  0
[2023-08-09T18:30:00.053] [INFO] expiredCert - expired: certInfo map info  [Map Iterator] {  }
[2023-08-09T19:05:00.022] [INFO] worker - RotationTask current time:  2023-08-09T19:05:00.022Z
[2023-08-09T19:05:00.022] [INFO] www - Message from worker: RotationTask current time: Wed Aug 09 2023 19:05:00 GMT+0000 (Coordinated Universal Time)
[2023-08-09T19:05:00.035] [INFO] rotationCert - The expiration time for the root and intermediate cert has not been reached yet
[2023-08-09T19:05:00.037] [INFO] rotationCert - The expiration time for the intermediate cert has not been reached yet
[2023-08-09T19:05:00.039] [INFO] rotationCert - The expiration time for the device cert has not been reached yet
[2023-08-09T19:30:00.007] [INFO] worker - ExpiredTask current time:  2023-08-09T19:30:00.007Z
[2023-08-09T19:30:00.010] [INFO] www - Message from worker: ExpiredTask current time: Wed Aug 09 2023 19:30:00 GMT+0000 (Coordinated Universal Time)
[2023-08-09T19:30:00.024] [INFO] expiredCert - Getting the retired for the root cert has not been reached yet
[2023-08-09T19:30:00.024] [INFO] expiredCert - Getting the retired for the intermediate cert has not been reached yet
[2023-08-09T19:30:00.024] [INFO] expiredCert - Getting the retired for the device cert has not been reached yet
[2023-08-09T19:30:00.024] [INFO] expiredCert - Getting the retired for the server cert has not been reached yet
[2023-08-09T19:30:00.024] [INFO] expiredCert - expired: certInfo map size  0
[2023-08-09T19:30:00.024] [INFO] expiredCert - expired: certInfo map info  [Map Iterator] {  }
[2023-08-09T20:05:00.011] [INFO] worker - RotationTask current time:  2023-08-09T20:05:00.011Z
[2023-08-09T20:05:00.012] [INFO] www - Message from worker: RotationTask current time: Wed Aug 09 2023 20:05:00 GMT+0000 (Coordinated Universal Time)
[2023-08-09T20:05:00.022] [INFO] rotationCert - The expiration time for the root and intermediate cert has not been reached yet
[2023-08-09T20:05:00.024] [INFO] rotationCert - The expiration time for the intermediate cert has not been reached yet
[2023-08-09T20:05:00.028] [INFO] rotationCert - The expiration time for the device cert has not been reached yet
[2023-08-09T20:30:00.017] [INFO] worker - ExpiredTask current time:  2023-08-09T20:30:00.017Z
[2023-08-09T20:30:00.018] [INFO] www - Message from worker: ExpiredTask current time: Wed Aug 09 2023 20:30:00 GMT+0000 (Coordinated Universal Time)
[2023-08-09T20:30:00.032] [INFO] expiredCert - Getting the retired for the root cert has not been reached yet
[2023-08-09T20:30:00.033] [INFO] expiredCert - Getting the retired for the intermediate cert has not been reached yet
[2023-08-09T20:30:00.033] [INFO] expiredCert - Getting the retired for the device cert has not been reached yet
[2023-08-09T20:30:00.033] [INFO] expiredCert - Getting the retired for the server cert has not been reached yet
[2023-08-09T20:30:00.033] [INFO] expiredCert - expired: certInfo map size  0
[2023-08-09T20:30:00.033] [INFO] expiredCert - expired: certInfo map info  [Map Iterator] {  }
[2023-08-09T21:05:00.005] [INFO] worker - RotationTask current time:  2023-08-09T21:05:00.004Z
[2023-08-09T21:05:00.005] [INFO] www - Message from worker: RotationTask current time: Wed Aug 09 2023 21:05:00 GMT+0000 (Coordinated Universal Time)
[2023-08-09T21:05:00.021] [INFO] rotationCert - The expiration time for the root and intermediate cert has not been reached yet
[2023-08-09T21:05:00.023] [INFO] rotationCert - The expiration time for the intermediate cert has not been reached yet
[2023-08-09T21:05:00.025] [INFO] rotationCert - The expiration time for the device cert has not been reached yet
[2023-08-09T21:30:00.011] [INFO] worker - ExpiredTask current time:  2023-08-09T21:30:00.011Z
[2023-08-09T21:30:00.012] [INFO] www - Message from worker: ExpiredTask current time: Wed Aug 09 2023 21:30:00 GMT+0000 (Coordinated Universal Time)
[2023-08-09T21:30:00.026] [INFO] expiredCert - Getting the retired for the root cert has not been reached yet
[2023-08-09T21:30:00.027] [INFO] expiredCert - Getting the retired for the intermediate cert has not been reached yet
[2023-08-09T21:30:00.027] [INFO] expiredCert - Getting the retired for the device cert has not been reached yet
[2023-08-09T21:30:00.027] [INFO] expiredCert - Getting the retired for the server cert has not been reached yet
[2023-08-09T21:30:00.027] [INFO] expiredCert - expired: certInfo map size  0
[2023-08-09T21:30:00.027] [INFO] expiredCert - expired: certInfo map info  [Map Iterator] {  }
[2023-08-09T22:05:00.009] [INFO] worker - RotationTask current time:  2023-08-09T22:05:00.009Z
[2023-08-09T22:05:00.010] [INFO] www - Message from worker: RotationTask current time: Wed Aug 09 2023 22:05:00 GMT+0000 (Coordinated Universal Time)
[2023-08-09T22:05:00.025] [INFO] rotationCert - The expiration time for the root and intermediate cert has not been reached yet
[2023-08-09T22:05:00.027] [INFO] rotationCert - The expiration time for the intermediate cert has not been reached yet
[2023-08-09T22:05:00.029] [INFO] rotationCert - The expiration time for the device cert has not been reached yet
[2023-08-09T22:30:00.010] [INFO] worker - ExpiredTask current time:  2023-08-09T22:30:00.010Z
[2023-08-09T22:30:00.010] [INFO] www - Message from worker: ExpiredTask current time: Wed Aug 09 2023 22:30:00 GMT+0000 (Coordinated Universal Time)
[2023-08-09T22:30:00.026] [INFO] expiredCert - Getting the retired for the root cert has not been reached yet
[2023-08-09T22:30:00.026] [INFO] expiredCert - Getting the retired for the intermediate cert has not been reached yet
[2023-08-09T22:30:00.026] [INFO] expiredCert - Getting the retired for the device cert has not been reached yet
[2023-08-09T22:30:00.026] [INFO] expiredCert - Getting the retired for the server cert has not been reached yet
[2023-08-09T22:30:00.026] [INFO] expiredCert - expired: certInfo map size  0
[2023-08-09T22:30:00.026] [INFO] expiredCert - expired: certInfo map info  [Map Iterator] {  }
[2023-08-09T23:05:00.006] [INFO] worker - RotationTask current time:  2023-08-09T23:05:00.006Z
[2023-08-09T23:05:00.007] [INFO] www - Message from worker: RotationTask current time: Wed Aug 09 2023 23:05:00 GMT+0000 (Coordinated Universal Time)
[2023-08-09T23:05:00.021] [INFO] rotationCert - The expiration time for the root and intermediate cert has not been reached yet
[2023-08-09T23:05:00.023] [INFO] rotationCert - The expiration time for the intermediate cert has not been reached yet
[2023-08-09T23:05:00.025] [INFO] rotationCert - The expiration time for the device cert has not been reached yet
[2023-08-09T23:30:00.010] [INFO] worker - ExpiredTask current time:  2023-08-09T23:30:00.010Z
[2023-08-09T23:30:00.011] [INFO] www - Message from worker: ExpiredTask current time: Wed Aug 09 2023 23:30:00 GMT+0000 (Coordinated Universal Time)
[2023-08-09T23:30:00.025] [INFO] expiredCert - Getting the retired for the root cert has not been reached yet
[2023-08-09T23:30:00.026] [INFO] expiredCert - Getting the retired for the intermediate cert has not been reached yet
[2023-08-09T23:30:00.026] [INFO] expiredCert - Getting the retired for the device cert has not been reached yet
[2023-08-09T23:30:00.026] [INFO] expiredCert - Getting the retired for the server cert has not been reached yet
[2023-08-09T23:30:00.026] [INFO] expiredCert - expired: certInfo map size  0
[2023-08-09T23:30:00.026] [INFO] expiredCert - expired: certInfo map info  [Map Iterator] {  }
