[2023-08-13T00:05:00.010] [INFO] www - Message from worker: RotationTask current time: Sun Aug 13 2023 00:05:00 GMT+0000 (Coordinated Universal Time)
[2023-08-13T00:05:00.009] [INFO] worker - RotationTask current time:  2023-08-13T00:05:00.009Z
[2023-08-13T00:05:00.029] [INFO] rotationCert - The expiration time for the root and intermediate cert has not been reached yet
[2023-08-13T00:05:00.032] [INFO] rotationCert - The expiration time for the intermediate cert has not been reached yet
[2023-08-13T00:05:00.034] [INFO] rotationCert - The expiration time for the device cert has not been reached yet
[2023-08-13T00:30:00.033] [INFO] www - Message from worker: ExpiredTask current time: Sun Aug 13 2023 00:30:00 GMT+0000 (Coordinated Universal Time)
[2023-08-13T00:30:00.031] [INFO] worker - ExpiredTask current time:  2023-08-13T00:30:00.031Z
[2023-08-13T00:30:00.055] [INFO] expiredCert - Getting the retired for the root cert has not been reached yet
[2023-08-13T00:30:00.055] [INFO] expiredCert - Getting the retired for the intermediate cert has not been reached yet
[2023-08-13T00:30:00.055] [INFO] expiredCert - Getting the retired for the device cert has not been reached yet
[2023-08-13T00:30:00.055] [INFO] expiredCert - Getting the retired for the server cert has not been reached yet
[2023-08-13T00:30:00.055] [INFO] expiredCert - expired: certInfo map size  0
[2023-08-13T00:30:00.055] [INFO] expiredCert - expired: certInfo map info  [Map Iterator] {  }
[2023-08-13T01:05:00.006] [INFO] worker - RotationTask current time:  2023-08-13T01:05:00.006Z
[2023-08-13T01:05:00.007] [INFO] www - Message from worker: RotationTask current time: Sun Aug 13 2023 01:05:00 GMT+0000 (Coordinated Universal Time)
[2023-08-13T01:05:00.028] [INFO] rotationCert - The expiration time for the root and intermediate cert has not been reached yet
[2023-08-13T01:05:00.030] [INFO] rotationCert - The expiration time for the intermediate cert has not been reached yet
[2023-08-13T01:05:00.032] [INFO] rotationCert - The expiration time for the device cert has not been reached yet
[2023-08-13T01:30:00.003] [INFO] worker - ExpiredTask current time:  2023-08-13T01:30:00.003Z
[2023-08-13T01:30:00.005] [INFO] www - Message from worker: ExpiredTask current time: Sun Aug 13 2023 01:30:00 GMT+0000 (Coordinated Universal Time)
[2023-08-13T01:30:00.031] [INFO] expiredCert - Getting the retired for the root cert has not been reached yet
[2023-08-13T01:30:00.031] [INFO] expiredCert - Getting the retired for the intermediate cert has not been reached yet
[2023-08-13T01:30:00.031] [INFO] expiredCert - Getting the retired for the device cert has not been reached yet
[2023-08-13T01:30:00.031] [INFO] expiredCert - Getting the retired for the server cert has not been reached yet
[2023-08-13T01:30:00.031] [INFO] expiredCert - expired: certInfo map size  0
[2023-08-13T01:30:00.031] [INFO] expiredCert - expired: certInfo map info  [Map Iterator] {  }
[2023-08-13T02:05:00.023] [INFO] worker - RotationTask current time:  2023-08-13T02:05:00.023Z
[2023-08-13T02:05:00.024] [INFO] www - Message from worker: RotationTask current time: Sun Aug 13 2023 02:05:00 GMT+0000 (Coordinated Universal Time)
[2023-08-13T02:05:00.042] [INFO] rotationCert - The expiration time for the root and intermediate cert has not been reached yet
[2023-08-13T02:05:00.044] [INFO] rotationCert - The expiration time for the intermediate cert has not been reached yet
[2023-08-13T02:05:00.047] [INFO] rotationCert - The expiration time for the device cert has not been reached yet
[2023-08-13T02:30:00.003] [INFO] worker - ExpiredTask current time:  2023-08-13T02:30:00.003Z
[2023-08-13T02:30:00.004] [INFO] www - Message from worker: ExpiredTask current time: Sun Aug 13 2023 02:30:00 GMT+0000 (Coordinated Universal Time)
[2023-08-13T02:30:00.027] [INFO] expiredCert - Getting the retired for the root cert has not been reached yet
[2023-08-13T02:30:00.027] [INFO] expiredCert - Getting the retired for the intermediate cert has not been reached yet
[2023-08-13T02:30:00.027] [INFO] expiredCert - Getting the retired for the device cert has not been reached yet
[2023-08-13T02:30:00.027] [INFO] expiredCert - Getting the retired for the server cert has not been reached yet
[2023-08-13T02:30:00.027] [INFO] expiredCert - expired: certInfo map size  0
[2023-08-13T02:30:00.027] [INFO] expiredCert - expired: certInfo map info  [Map Iterator] {  }
[2023-08-13T03:05:00.018] [INFO] worker - RotationTask current time:  2023-08-13T03:05:00.018Z
[2023-08-13T03:05:00.019] [INFO] www - Message from worker: RotationTask current time: Sun Aug 13 2023 03:05:00 GMT+0000 (Coordinated Universal Time)
[2023-08-13T03:05:00.038] [INFO] rotationCert - The expiration time for the root and intermediate cert has not been reached yet
[2023-08-13T03:05:00.040] [INFO] rotationCert - The expiration time for the intermediate cert has not been reached yet
[2023-08-13T03:05:00.042] [INFO] rotationCert - The expiration time for the device cert has not been reached yet
[2023-08-13T03:30:00.027] [INFO] worker - ExpiredTask current time:  2023-08-13T03:30:00.027Z
[2023-08-13T03:30:00.028] [INFO] www - Message from worker: ExpiredTask current time: Sun Aug 13 2023 03:30:00 GMT+0000 (Coordinated Universal Time)
[2023-08-13T03:30:00.059] [INFO] expiredCert - Getting the retired for the root cert has not been reached yet
[2023-08-13T03:30:00.059] [INFO] expiredCert - Getting the retired for the intermediate cert has not been reached yet
[2023-08-13T03:30:00.059] [INFO] expiredCert - Getting the retired for the device cert has not been reached yet
[2023-08-13T03:30:00.059] [INFO] expiredCert - Getting the retired for the server cert has not been reached yet
[2023-08-13T03:30:00.059] [INFO] expiredCert - expired: certInfo map size  0
[2023-08-13T03:30:00.059] [INFO] expiredCert - expired: certInfo map info  [Map Iterator] {  }
[2023-08-13T04:05:00.007] [INFO] worker - RotationTask current time:  2023-08-13T04:05:00.007Z
[2023-08-13T04:05:00.008] [INFO] www - Message from worker: RotationTask current time: Sun Aug 13 2023 04:05:00 GMT+0000 (Coordinated Universal Time)
[2023-08-13T04:05:00.027] [INFO] rotationCert - The expiration time for the root and intermediate cert has not been reached yet
[2023-08-13T04:05:00.029] [INFO] rotationCert - The expiration time for the intermediate cert has not been reached yet
[2023-08-13T04:05:00.031] [INFO] rotationCert - The expiration time for the device cert has not been reached yet
[2023-08-13T04:30:00.009] [INFO] worker - ExpiredTask current time:  2023-08-13T04:30:00.009Z
[2023-08-13T04:30:00.010] [INFO] www - Message from worker: ExpiredTask current time: Sun Aug 13 2023 04:30:00 GMT+0000 (Coordinated Universal Time)
[2023-08-13T04:30:00.036] [INFO] expiredCert - Getting the retired for the root cert has not been reached yet
[2023-08-13T04:30:00.036] [INFO] expiredCert - Getting the retired for the intermediate cert has not been reached yet
[2023-08-13T04:30:00.036] [INFO] expiredCert - Getting the retired for the device cert has not been reached yet
[2023-08-13T04:30:00.036] [INFO] expiredCert - Getting the retired for the server cert has not been reached yet
[2023-08-13T04:30:00.037] [INFO] expiredCert - expired: certInfo map size  0
[2023-08-13T04:30:00.037] [INFO] expiredCert - expired: certInfo map info  [Map Iterator] {  }
[2023-08-13T05:05:00.019] [INFO] worker - RotationTask current time:  2023-08-13T05:05:00.019Z
[2023-08-13T05:05:00.020] [INFO] www - Message from worker: RotationTask current time: Sun Aug 13 2023 05:05:00 GMT+0000 (Coordinated Universal Time)
[2023-08-13T05:05:00.041] [INFO] rotationCert - The expiration time for the root and intermediate cert has not been reached yet
[2023-08-13T05:05:00.043] [INFO] rotationCert - The expiration time for the intermediate cert has not been reached yet
[2023-08-13T05:05:00.045] [INFO] rotationCert - The expiration time for the device cert has not been reached yet
[2023-08-13T05:30:00.011] [INFO] worker - ExpiredTask current time:  2023-08-13T05:30:00.011Z
[2023-08-13T05:30:00.013] [INFO] www - Message from worker: ExpiredTask current time: Sun Aug 13 2023 05:30:00 GMT+0000 (Coordinated Universal Time)
[2023-08-13T05:30:00.034] [INFO] expiredCert - Getting the retired for the root cert has not been reached yet
[2023-08-13T05:30:00.034] [INFO] expiredCert - Getting the retired for the intermediate cert has not been reached yet
[2023-08-13T05:30:00.034] [INFO] expiredCert - Getting the retired for the device cert has not been reached yet
[2023-08-13T05:30:00.034] [INFO] expiredCert - Getting the retired for the server cert has not been reached yet
[2023-08-13T05:30:00.034] [INFO] expiredCert - expired: certInfo map size  0
[2023-08-13T05:30:00.035] [INFO] expiredCert - expired: certInfo map info  [Map Iterator] {  }
[2023-08-13T06:05:00.011] [INFO] worker - RotationTask current time:  2023-08-13T06:05:00.011Z
[2023-08-13T06:05:00.012] [INFO] www - Message from worker: RotationTask current time: Sun Aug 13 2023 06:05:00 GMT+0000 (Coordinated Universal Time)
[2023-08-13T06:05:00.029] [INFO] rotationCert - The expiration time for the root and intermediate cert has not been reached yet
[2023-08-13T06:05:00.031] [INFO] rotationCert - The expiration time for the intermediate cert has not been reached yet
[2023-08-13T06:05:00.034] [INFO] rotationCert - The expiration time for the device cert has not been reached yet
[2023-08-13T06:30:00.033] [INFO] worker - ExpiredTask current time:  2023-08-13T06:30:00.033Z
[2023-08-13T06:30:00.034] [INFO] www - Message from worker: ExpiredTask current time: Sun Aug 13 2023 06:30:00 GMT+0000 (Coordinated Universal Time)
[2023-08-13T06:30:00.057] [INFO] expiredCert - Getting the retired for the root cert has not been reached yet
[2023-08-13T06:30:00.057] [INFO] expiredCert - Getting the retired for the intermediate cert has not been reached yet
[2023-08-13T06:30:00.057] [INFO] expiredCert - Getting the retired for the device cert has not been reached yet
[2023-08-13T06:30:00.057] [INFO] expiredCert - Getting the retired for the server cert has not been reached yet
[2023-08-13T06:30:00.057] [INFO] expiredCert - expired: certInfo map size  0
[2023-08-13T06:30:00.057] [INFO] expiredCert - expired: certInfo map info  [Map Iterator] {  }
[2023-08-13T07:05:00.019] [INFO] worker - RotationTask current time:  2023-08-13T07:05:00.019Z
[2023-08-13T07:05:00.019] [INFO] www - Message from worker: RotationTask current time: Sun Aug 13 2023 07:05:00 GMT+0000 (Coordinated Universal Time)
[2023-08-13T07:05:00.040] [INFO] rotationCert - The expiration time for the root and intermediate cert has not been reached yet
[2023-08-13T07:05:00.042] [INFO] rotationCert - The expiration time for the intermediate cert has not been reached yet
[2023-08-13T07:05:00.044] [INFO] rotationCert - The expiration time for the device cert has not been reached yet
[2023-08-13T07:30:00.003] [INFO] worker - ExpiredTask current time:  2023-08-13T07:30:00.003Z
[2023-08-13T07:30:00.005] [INFO] www - Message from worker: ExpiredTask current time: Sun Aug 13 2023 07:30:00 GMT+0000 (Coordinated Universal Time)
[2023-08-13T07:30:00.030] [INFO] expiredCert - Getting the retired for the root cert has not been reached yet
[2023-08-13T07:30:00.030] [INFO] expiredCert - Getting the retired for the intermediate cert has not been reached yet
[2023-08-13T07:30:00.030] [INFO] expiredCert - Getting the retired for the device cert has not been reached yet
[2023-08-13T07:30:00.030] [INFO] expiredCert - Getting the retired for the server cert has not been reached yet
[2023-08-13T07:30:00.030] [INFO] expiredCert - expired: certInfo map size  0
[2023-08-13T07:30:00.030] [INFO] expiredCert - expired: certInfo map info  [Map Iterator] {  }
[2023-08-13T08:05:00.013] [INFO] worker - RotationTask current time:  2023-08-13T08:05:00.013Z
[2023-08-13T08:05:00.014] [INFO] www - Message from worker: RotationTask current time: Sun Aug 13 2023 08:05:00 GMT+0000 (Coordinated Universal Time)
[2023-08-13T08:05:00.031] [INFO] rotationCert - The expiration time for the root and intermediate cert has not been reached yet
[2023-08-13T08:05:00.033] [INFO] rotationCert - The expiration time for the intermediate cert has not been reached yet
[2023-08-13T08:05:00.038] [INFO] rotationCert - The expiration time for the device cert has not been reached yet
[2023-08-13T08:30:00.023] [INFO] worker - ExpiredTask current time:  2023-08-13T08:30:00.023Z
[2023-08-13T08:30:00.024] [INFO] www - Message from worker: ExpiredTask current time: Sun Aug 13 2023 08:30:00 GMT+0000 (Coordinated Universal Time)
[2023-08-13T08:30:00.049] [INFO] expiredCert - Getting the retired for the root cert has not been reached yet
[2023-08-13T08:30:00.049] [INFO] expiredCert - Getting the retired for the intermediate cert has not been reached yet
[2023-08-13T08:30:00.049] [INFO] expiredCert - Getting the retired for the device cert has not been reached yet
[2023-08-13T08:30:00.049] [INFO] expiredCert - Getting the retired for the server cert has not been reached yet
[2023-08-13T08:30:00.049] [INFO] expiredCert - expired: certInfo map size  0
[2023-08-13T08:30:00.049] [INFO] expiredCert - expired: certInfo map info  [Map Iterator] {  }
[2023-08-13T09:05:00.012] [INFO] worker - RotationTask current time:  2023-08-13T09:05:00.012Z
[2023-08-13T09:05:00.016] [INFO] www - Message from worker: RotationTask current time: Sun Aug 13 2023 09:05:00 GMT+0000 (Coordinated Universal Time)
[2023-08-13T09:05:00.038] [INFO] rotationCert - The expiration time for the root and intermediate cert has not been reached yet
[2023-08-13T09:05:00.040] [INFO] rotationCert - The expiration time for the intermediate cert has not been reached yet
[2023-08-13T09:05:00.042] [INFO] rotationCert - The expiration time for the device cert has not been reached yet
[2023-08-13T09:30:00.003] [INFO] worker - ExpiredTask current time:  2023-08-13T09:30:00.003Z
[2023-08-13T09:30:00.005] [INFO] www - Message from worker: ExpiredTask current time: Sun Aug 13 2023 09:30:00 GMT+0000 (Coordinated Universal Time)
[2023-08-13T09:30:00.028] [INFO] expiredCert - Getting the retired for the root cert has not been reached yet
[2023-08-13T09:30:00.029] [INFO] expiredCert - Getting the retired for the intermediate cert has not been reached yet
[2023-08-13T09:30:00.029] [INFO] expiredCert - Getting the retired for the device cert has not been reached yet
[2023-08-13T09:30:00.029] [INFO] expiredCert - Getting the retired for the server cert has not been reached yet
[2023-08-13T09:30:00.029] [INFO] expiredCert - expired: certInfo map size  0
[2023-08-13T09:30:00.029] [INFO] expiredCert - expired: certInfo map info  [Map Iterator] {  }
[2023-08-13T10:05:00.003] [INFO] worker - RotationTask current time:  2023-08-13T10:05:00.003Z
[2023-08-13T10:05:00.004] [INFO] www - Message from worker: RotationTask current time: Sun Aug 13 2023 10:05:00 GMT+0000 (Coordinated Universal Time)
[2023-08-13T10:05:00.021] [INFO] rotationCert - The expiration time for the root and intermediate cert has not been reached yet
[2023-08-13T10:05:00.024] [INFO] rotationCert - The expiration time for the intermediate cert has not been reached yet
[2023-08-13T10:05:00.025] [INFO] rotationCert - The expiration time for the device cert has not been reached yet
[2023-08-13T10:30:00.007] [INFO] worker - ExpiredTask current time:  2023-08-13T10:30:00.007Z
[2023-08-13T10:30:00.009] [INFO] www - Message from worker: ExpiredTask current time: Sun Aug 13 2023 10:30:00 GMT+0000 (Coordinated Universal Time)
[2023-08-13T10:30:00.035] [INFO] expiredCert - Getting the retired for the root cert has not been reached yet
[2023-08-13T10:30:00.035] [INFO] expiredCert - Getting the retired for the intermediate cert has not been reached yet
[2023-08-13T10:30:00.035] [INFO] expiredCert - Getting the retired for the device cert has not been reached yet
[2023-08-13T10:30:00.035] [INFO] expiredCert - Getting the retired for the server cert has not been reached yet
[2023-08-13T10:30:00.035] [INFO] expiredCert - expired: certInfo map size  0
[2023-08-13T10:30:00.035] [INFO] expiredCert - expired: certInfo map info  [Map Iterator] {  }
[2023-08-13T11:05:00.011] [INFO] worker - RotationTask current time:  2023-08-13T11:05:00.011Z
[2023-08-13T11:05:00.013] [INFO] www - Message from worker: RotationTask current time: Sun Aug 13 2023 11:05:00 GMT+0000 (Coordinated Universal Time)
[2023-08-13T11:05:00.034] [INFO] rotationCert - The expiration time for the root and intermediate cert has not been reached yet
[2023-08-13T11:05:00.036] [INFO] rotationCert - The expiration time for the intermediate cert has not been reached yet
[2023-08-13T11:05:00.038] [INFO] rotationCert - The expiration time for the device cert has not been reached yet
[2023-08-13T11:30:00.002] [INFO] worker - ExpiredTask current time:  2023-08-13T11:30:00.002Z
[2023-08-13T11:30:00.004] [INFO] www - Message from worker: ExpiredTask current time: Sun Aug 13 2023 11:30:00 GMT+0000 (Coordinated Universal Time)
[2023-08-13T11:30:00.028] [INFO] expiredCert - Getting the retired for the root cert has not been reached yet
[2023-08-13T11:30:00.028] [INFO] expiredCert - Getting the retired for the intermediate cert has not been reached yet
[2023-08-13T11:30:00.028] [INFO] expiredCert - Getting the retired for the device cert has not been reached yet
[2023-08-13T11:30:00.028] [INFO] expiredCert - Getting the retired for the server cert has not been reached yet
[2023-08-13T11:30:00.028] [INFO] expiredCert - expired: certInfo map size  0
[2023-08-13T11:30:00.028] [INFO] expiredCert - expired: certInfo map info  [Map Iterator] {  }
[2023-08-13T12:05:00.016] [INFO] worker - RotationTask current time:  2023-08-13T12:05:00.016Z
[2023-08-13T12:05:00.017] [INFO] www - Message from worker: RotationTask current time: Sun Aug 13 2023 12:05:00 GMT+0000 (Coordinated Universal Time)
[2023-08-13T12:05:00.036] [INFO] rotationCert - The expiration time for the root and intermediate cert has not been reached yet
[2023-08-13T12:05:00.038] [INFO] rotationCert - The expiration time for the intermediate cert has not been reached yet
[2023-08-13T12:05:00.040] [INFO] rotationCert - The expiration time for the device cert has not been reached yet
[2023-08-13T12:30:00.004] [INFO] worker - ExpiredTask current time:  2023-08-13T12:30:00.004Z
[2023-08-13T12:30:00.006] [INFO] www - Message from worker: ExpiredTask current time: Sun Aug 13 2023 12:30:00 GMT+0000 (Coordinated Universal Time)
[2023-08-13T12:30:00.030] [INFO] expiredCert - Getting the retired for the root cert has not been reached yet
[2023-08-13T12:30:00.031] [INFO] expiredCert - Getting the retired for the intermediate cert has not been reached yet
[2023-08-13T12:30:00.031] [INFO] expiredCert - Getting the retired for the device cert has not been reached yet
[2023-08-13T12:30:00.031] [INFO] expiredCert - Getting the retired for the server cert has not been reached yet
[2023-08-13T12:30:00.031] [INFO] expiredCert - expired: certInfo map size  0
[2023-08-13T12:30:00.031] [INFO] expiredCert - expired: certInfo map info  [Map Iterator] {  }
[2023-08-13T13:05:00.022] [INFO] worker - RotationTask current time:  2023-08-13T13:05:00.022Z
[2023-08-13T13:05:00.023] [INFO] www - Message from worker: RotationTask current time: Sun Aug 13 2023 13:05:00 GMT+0000 (Coordinated Universal Time)
[2023-08-13T13:05:00.039] [INFO] rotationCert - The expiration time for the root and intermediate cert has not been reached yet
[2023-08-13T13:05:00.041] [INFO] rotationCert - The expiration time for the intermediate cert has not been reached yet
[2023-08-13T13:05:00.044] [INFO] rotationCert - The expiration time for the device cert has not been reached yet
[2023-08-13T13:30:00.004] [INFO] worker - ExpiredTask current time:  2023-08-13T13:30:00.004Z
[2023-08-13T13:30:00.005] [INFO] www - Message from worker: ExpiredTask current time: Sun Aug 13 2023 13:30:00 GMT+0000 (Coordinated Universal Time)
[2023-08-13T13:30:00.028] [INFO] expiredCert - Getting the retired for the root cert has not been reached yet
[2023-08-13T13:30:00.028] [INFO] expiredCert - Getting the retired for the intermediate cert has not been reached yet
[2023-08-13T13:30:00.028] [INFO] expiredCert - Getting the retired for the device cert has not been reached yet
[2023-08-13T13:30:00.028] [INFO] expiredCert - Getting the retired for the server cert has not been reached yet
[2023-08-13T13:30:00.028] [INFO] expiredCert - expired: certInfo map size  0
[2023-08-13T13:30:00.028] [INFO] expiredCert - expired: certInfo map info  [Map Iterator] {  }
[2023-08-13T14:05:00.011] [INFO] worker - RotationTask current time:  2023-08-13T14:05:00.011Z
[2023-08-13T14:05:00.012] [INFO] www - Message from worker: RotationTask current time: Sun Aug 13 2023 14:05:00 GMT+0000 (Coordinated Universal Time)
[2023-08-13T14:05:00.031] [INFO] rotationCert - The expiration time for the root and intermediate cert has not been reached yet
[2023-08-13T14:05:00.033] [INFO] rotationCert - The expiration time for the intermediate cert has not been reached yet
[2023-08-13T14:05:00.036] [INFO] rotationCert - The expiration time for the device cert has not been reached yet
[2023-08-13T14:30:00.013] [INFO] worker - ExpiredTask current time:  2023-08-13T14:30:00.013Z
[2023-08-13T14:30:00.014] [INFO] www - Message from worker: ExpiredTask current time: Sun Aug 13 2023 14:30:00 GMT+0000 (Coordinated Universal Time)
[2023-08-13T14:30:00.039] [INFO] expiredCert - Getting the retired for the root cert has not been reached yet
[2023-08-13T14:30:00.039] [INFO] expiredCert - Getting the retired for the intermediate cert has not been reached yet
[2023-08-13T14:30:00.039] [INFO] expiredCert - Getting the retired for the device cert has not been reached yet
[2023-08-13T14:30:00.039] [INFO] expiredCert - Getting the retired for the server cert has not been reached yet
[2023-08-13T14:30:00.039] [INFO] expiredCert - expired: certInfo map size  0
[2023-08-13T14:30:00.039] [INFO] expiredCert - expired: certInfo map info  [Map Iterator] {  }
[2023-08-13T15:05:00.007] [INFO] worker - RotationTask current time:  2023-08-13T15:05:00.007Z
[2023-08-13T15:05:00.008] [INFO] www - Message from worker: RotationTask current time: Sun Aug 13 2023 15:05:00 GMT+0000 (Coordinated Universal Time)
[2023-08-13T15:05:00.023] [INFO] rotationCert - The expiration time for the root and intermediate cert has not been reached yet
[2023-08-13T15:05:00.025] [INFO] rotationCert - The expiration time for the intermediate cert has not been reached yet
[2023-08-13T15:05:00.027] [INFO] rotationCert - The expiration time for the device cert has not been reached yet
[2023-08-13T15:30:00.009] [INFO] worker - ExpiredTask current time:  2023-08-13T15:30:00.009Z
[2023-08-13T15:30:00.011] [INFO] www - Message from worker: ExpiredTask current time: Sun Aug 13 2023 15:30:00 GMT+0000 (Coordinated Universal Time)
[2023-08-13T15:30:00.032] [INFO] expiredCert - Getting the retired for the root cert has not been reached yet
[2023-08-13T15:30:00.033] [INFO] expiredCert - Getting the retired for the intermediate cert has not been reached yet
[2023-08-13T15:30:00.033] [INFO] expiredCert - Getting the retired for the device cert has not been reached yet
[2023-08-13T15:30:00.033] [INFO] expiredCert - Getting the retired for the server cert has not been reached yet
[2023-08-13T15:30:00.033] [INFO] expiredCert - expired: certInfo map size  0
[2023-08-13T15:30:00.033] [INFO] expiredCert - expired: certInfo map info  [Map Iterator] {  }
[2023-08-13T16:05:00.012] [INFO] worker - RotationTask current time:  2023-08-13T16:05:00.012Z
[2023-08-13T16:05:00.014] [INFO] www - Message from worker: RotationTask current time: Sun Aug 13 2023 16:05:00 GMT+0000 (Coordinated Universal Time)
[2023-08-13T16:05:00.034] [INFO] rotationCert - The expiration time for the root and intermediate cert has not been reached yet
[2023-08-13T16:05:00.036] [INFO] rotationCert - The expiration time for the intermediate cert has not been reached yet
[2023-08-13T16:05:00.038] [INFO] rotationCert - The expiration time for the device cert has not been reached yet
[2023-08-13T16:30:00.014] [INFO] worker - ExpiredTask current time:  2023-08-13T16:30:00.014Z
[2023-08-13T16:30:00.016] [INFO] www - Message from worker: ExpiredTask current time: Sun Aug 13 2023 16:30:00 GMT+0000 (Coordinated Universal Time)
[2023-08-13T16:30:00.039] [INFO] expiredCert - Getting the retired for the root cert has not been reached yet
[2023-08-13T16:30:00.039] [INFO] expiredCert - Getting the retired for the intermediate cert has not been reached yet
[2023-08-13T16:30:00.039] [INFO] expiredCert - Getting the retired for the device cert has not been reached yet
[2023-08-13T16:30:00.039] [INFO] expiredCert - Getting the retired for the server cert has not been reached yet
[2023-08-13T16:30:00.039] [INFO] expiredCert - expired: certInfo map size  0
[2023-08-13T16:30:00.039] [INFO] expiredCert - expired: certInfo map info  [Map Iterator] {  }
[2023-08-13T17:05:00.015] [INFO] worker - RotationTask current time:  2023-08-13T17:05:00.015Z
[2023-08-13T17:05:00.016] [INFO] www - Message from worker: RotationTask current time: Sun Aug 13 2023 17:05:00 GMT+0000 (Coordinated Universal Time)
[2023-08-13T17:05:00.035] [INFO] rotationCert - The expiration time for the root and intermediate cert has not been reached yet
[2023-08-13T17:05:00.037] [INFO] rotationCert - The expiration time for the intermediate cert has not been reached yet
[2023-08-13T17:05:00.039] [INFO] rotationCert - The expiration time for the device cert has not been reached yet
[2023-08-13T17:30:00.013] [INFO] worker - ExpiredTask current time:  2023-08-13T17:30:00.013Z
[2023-08-13T17:30:00.014] [INFO] www - Message from worker: ExpiredTask current time: Sun Aug 13 2023 17:30:00 GMT+0000 (Coordinated Universal Time)
[2023-08-13T17:30:00.040] [INFO] expiredCert - Getting the retired for the root cert has not been reached yet
[2023-08-13T17:30:00.040] [INFO] expiredCert - Getting the retired for the intermediate cert has not been reached yet
[2023-08-13T17:30:00.040] [INFO] expiredCert - Getting the retired for the device cert has not been reached yet
[2023-08-13T17:30:00.040] [INFO] expiredCert - Getting the retired for the server cert has not been reached yet
[2023-08-13T17:30:00.040] [INFO] expiredCert - expired: certInfo map size  0
[2023-08-13T17:30:00.040] [INFO] expiredCert - expired: certInfo map info  [Map Iterator] {  }
[2023-08-13T18:05:00.013] [INFO] worker - RotationTask current time:  2023-08-13T18:05:00.013Z
[2023-08-13T18:05:00.014] [INFO] www - Message from worker: RotationTask current time: Sun Aug 13 2023 18:05:00 GMT+0000 (Coordinated Universal Time)
[2023-08-13T18:05:00.034] [INFO] rotationCert - The expiration time for the root and intermediate cert has not been reached yet
[2023-08-13T18:05:00.037] [INFO] rotationCert - The expiration time for the intermediate cert has not been reached yet
[2023-08-13T18:05:00.040] [INFO] rotationCert - The expiration time for the device cert has not been reached yet
[2023-08-13T18:30:00.008] [INFO] worker - ExpiredTask current time:  2023-08-13T18:30:00.008Z
[2023-08-13T18:30:00.009] [INFO] www - Message from worker: ExpiredTask current time: Sun Aug 13 2023 18:30:00 GMT+0000 (Coordinated Universal Time)
[2023-08-13T18:30:00.031] [INFO] expiredCert - Getting the retired for the root cert has not been reached yet
[2023-08-13T18:30:00.031] [INFO] expiredCert - Getting the retired for the intermediate cert has not been reached yet
[2023-08-13T18:30:00.031] [INFO] expiredCert - Getting the retired for the device cert has not been reached yet
[2023-08-13T18:30:00.031] [INFO] expiredCert - Getting the retired for the server cert has not been reached yet
[2023-08-13T18:30:00.031] [INFO] expiredCert - expired: certInfo map size  0
[2023-08-13T18:30:00.031] [INFO] expiredCert - expired: certInfo map info  [Map Iterator] {  }
[2023-08-13T19:05:00.003] [INFO] worker - RotationTask current time:  2023-08-13T19:05:00.003Z
[2023-08-13T19:05:00.004] [INFO] www - Message from worker: RotationTask current time: Sun Aug 13 2023 19:05:00 GMT+0000 (Coordinated Universal Time)
[2023-08-13T19:05:00.057] [INFO] rotationCert - The expiration time for the root and intermediate cert has not been reached yet
[2023-08-13T19:05:00.059] [INFO] rotationCert - The expiration time for the intermediate cert has not been reached yet
[2023-08-13T19:05:00.062] [INFO] rotationCert - The expiration time for the device cert has not been reached yet
[2023-08-13T19:30:00.010] [INFO] worker - ExpiredTask current time:  2023-08-13T19:30:00.009Z
[2023-08-13T19:30:00.011] [INFO] www - Message from worker: ExpiredTask current time: Sun Aug 13 2023 19:30:00 GMT+0000 (Coordinated Universal Time)
[2023-08-13T19:30:00.040] [INFO] expiredCert - Getting the retired for the root cert has not been reached yet
[2023-08-13T19:30:00.040] [INFO] expiredCert - Getting the retired for the intermediate cert has not been reached yet
[2023-08-13T19:30:00.040] [INFO] expiredCert - Getting the retired for the device cert has not been reached yet
[2023-08-13T19:30:00.040] [INFO] expiredCert - Getting the retired for the server cert has not been reached yet
[2023-08-13T19:30:00.040] [INFO] expiredCert - expired: certInfo map size  0
[2023-08-13T19:30:00.040] [INFO] expiredCert - expired: certInfo map info  [Map Iterator] {  }
[2023-08-13T20:05:00.010] [INFO] worker - RotationTask current time:  2023-08-13T20:05:00.010Z
[2023-08-13T20:05:00.010] [INFO] www - Message from worker: RotationTask current time: Sun Aug 13 2023 20:05:00 GMT+0000 (Coordinated Universal Time)
[2023-08-13T20:05:00.032] [INFO] rotationCert - The expiration time for the root and intermediate cert has not been reached yet
[2023-08-13T20:05:00.034] [INFO] rotationCert - The expiration time for the intermediate cert has not been reached yet
[2023-08-13T20:05:00.036] [INFO] rotationCert - The expiration time for the device cert has not been reached yet
[2023-08-13T20:30:00.008] [INFO] worker - ExpiredTask current time:  2023-08-13T20:30:00.008Z
[2023-08-13T20:30:00.010] [INFO] www - Message from worker: ExpiredTask current time: Sun Aug 13 2023 20:30:00 GMT+0000 (Coordinated Universal Time)
[2023-08-13T20:30:00.033] [INFO] expiredCert - Getting the retired for the root cert has not been reached yet
[2023-08-13T20:30:00.033] [INFO] expiredCert - Getting the retired for the intermediate cert has not been reached yet
[2023-08-13T20:30:00.033] [INFO] expiredCert - Getting the retired for the device cert has not been reached yet
[2023-08-13T20:30:00.033] [INFO] expiredCert - Getting the retired for the server cert has not been reached yet
[2023-08-13T20:30:00.034] [INFO] expiredCert - expired: certInfo map size  0
[2023-08-13T20:30:00.034] [INFO] expiredCert - expired: certInfo map info  [Map Iterator] {  }
[2023-08-13T21:05:00.006] [INFO] worker - RotationTask current time:  2023-08-13T21:05:00.006Z
[2023-08-13T21:05:00.007] [INFO] www - Message from worker: RotationTask current time: Sun Aug 13 2023 21:05:00 GMT+0000 (Coordinated Universal Time)
[2023-08-13T21:05:00.023] [INFO] rotationCert - The expiration time for the root and intermediate cert has not been reached yet
[2023-08-13T21:05:00.026] [INFO] rotationCert - The expiration time for the intermediate cert has not been reached yet
[2023-08-13T21:05:00.028] [INFO] rotationCert - The expiration time for the device cert has not been reached yet
[2023-08-13T21:30:00.004] [INFO] worker - ExpiredTask current time:  2023-08-13T21:30:00.004Z
[2023-08-13T21:30:00.006] [INFO] www - Message from worker: ExpiredTask current time: Sun Aug 13 2023 21:30:00 GMT+0000 (Coordinated Universal Time)
[2023-08-13T21:30:00.025] [INFO] expiredCert - Getting the retired for the root cert has not been reached yet
[2023-08-13T21:30:00.025] [INFO] expiredCert - Getting the retired for the intermediate cert has not been reached yet
[2023-08-13T21:30:00.025] [INFO] expiredCert - Getting the retired for the device cert has not been reached yet
[2023-08-13T21:30:00.025] [INFO] expiredCert - Getting the retired for the server cert has not been reached yet
[2023-08-13T21:30:00.025] [INFO] expiredCert - expired: certInfo map size  0
[2023-08-13T21:30:00.025] [INFO] expiredCert - expired: certInfo map info  [Map Iterator] {  }
[2023-08-13T22:05:00.006] [INFO] worker - RotationTask current time:  2023-08-13T22:05:00.006Z
[2023-08-13T22:05:00.007] [INFO] www - Message from worker: RotationTask current time: Sun Aug 13 2023 22:05:00 GMT+0000 (Coordinated Universal Time)
[2023-08-13T22:05:00.027] [INFO] rotationCert - The expiration time for the root and intermediate cert has not been reached yet
[2023-08-13T22:05:00.028] [INFO] rotationCert - The expiration time for the intermediate cert has not been reached yet
[2023-08-13T22:05:00.030] [INFO] rotationCert - The expiration time for the device cert has not been reached yet
[2023-08-13T22:30:00.005] [INFO] worker - ExpiredTask current time:  2023-08-13T22:30:00.005Z
[2023-08-13T22:30:00.007] [INFO] www - Message from worker: ExpiredTask current time: Sun Aug 13 2023 22:30:00 GMT+0000 (Coordinated Universal Time)
[2023-08-13T22:30:00.026] [INFO] expiredCert - Getting the retired for the root cert has not been reached yet
[2023-08-13T22:30:00.026] [INFO] expiredCert - Getting the retired for the intermediate cert has not been reached yet
[2023-08-13T22:30:00.026] [INFO] expiredCert - Getting the retired for the device cert has not been reached yet
[2023-08-13T22:30:00.026] [INFO] expiredCert - Getting the retired for the server cert has not been reached yet
[2023-08-13T22:30:00.026] [INFO] expiredCert - expired: certInfo map size  0
[2023-08-13T22:30:00.026] [INFO] expiredCert - expired: certInfo map info  [Map Iterator] {  }
[2023-08-13T23:05:00.005] [INFO] worker - RotationTask current time:  2023-08-13T23:05:00.005Z
[2023-08-13T23:05:00.005] [INFO] www - Message from worker: RotationTask current time: Sun Aug 13 2023 23:05:00 GMT+0000 (Coordinated Universal Time)
[2023-08-13T23:05:00.024] [INFO] rotationCert - The expiration time for the root and intermediate cert has not been reached yet
[2023-08-13T23:05:00.026] [INFO] rotationCert - The expiration time for the intermediate cert has not been reached yet
[2023-08-13T23:05:00.028] [INFO] rotationCert - The expiration time for the device cert has not been reached yet
[2023-08-13T23:30:00.003] [INFO] worker - ExpiredTask current time:  2023-08-13T23:30:00.003Z
[2023-08-13T23:30:00.004] [INFO] www - Message from worker: ExpiredTask current time: Sun Aug 13 2023 23:30:00 GMT+0000 (Coordinated Universal Time)
[2023-08-13T23:30:00.025] [INFO] expiredCert - Getting the retired for the root cert has not been reached yet
[2023-08-13T23:30:00.025] [INFO] expiredCert - Getting the retired for the intermediate cert has not been reached yet
[2023-08-13T23:30:00.025] [INFO] expiredCert - Getting the retired for the device cert has not been reached yet
[2023-08-13T23:30:00.025] [INFO] expiredCert - Getting the retired for the server cert has not been reached yet
[2023-08-13T23:30:00.025] [INFO] expiredCert - expired: certInfo map size  0
[2023-08-13T23:30:00.025] [INFO] expiredCert - expired: certInfo map info  [Map Iterator] {  }
